464.732
116.985
117.538
115.79
118.822
114.99
114.668
112.564
113.633
110.229
117.071
113.345
110.616
115.515
117.223
122.391
115.279
116.852
121.015
112.247
113.568
113.547
112.407
116.075
111.382
112.934
111.99
116.27
112.742
112.776
121.723
113.429
115.638
115.658
116.63
120.5
113.383
117.661
115.358
113.39
114.261
112.968
113.242
116.144
113.277
111.659
111.887
118.38
123.025
111.46
114.95
114.021
117.352
111.747
114.669
113.171
112.421
113.563
113.748
112.556
113.14
112.848
114.974
113.773
113.599
113.345
111.249
123.093
113.238
113.542
115.963
113.682
121.886
113.765
120.174
112.685
113.073
124.321
113.193
113.383
113.531
113.27
115.382
114.708
112.822
112.771
113.285
115.841
112.312
112.657
115.389
112.28
112.89
115.732
111.707
114.225
114.065
112.939
116.943
114.138
