155.544
154.353
154.204
154.114
153.882
154.072
153.938
154.032
163.476
153.986
154.117
154.112
153.967
153.997
154.041
154.047
154.182
154.117
154.111
154.033
153.906
154.05
154.207
154.132
154.019
154.131
154.122
153.991
153.994
153.739
153.945
154.59
154.127
154.086
154.118
154.135
154.031
154.163
153.965
154.04
153.95
154.181
154.075
154.172
153.997
154.044
154.26
153.965
154.011
154.047
154.05
154.132
153.949
154.07
154.135
153.946
154.202
154.114
154.078
154.06
154.229
154.963
154.151
154.131
154.103
154.044
154.046
156.712
153.814
153.944
154.102
154.135
153.888
153.884
153.917
154.053
153.953
154.121
154.043
154.014
154.183
154.031
154.067
154.058
154.121
154.375
153.99
154.012
153.702
154.065
153.933
153.939
153.989
154.01
153.953
154.032
154.141
154.035
153.925
153.95
