3719.39
2113
2036.58
2116.2
2086.42
2082.18
2120.57
2038.01
1545.14
1488.3
1495.25
1488.6
1494.52
1509.73
1529.97
1517.87
1499.4
1502.44
1496.51
1495.93
1507.53
1518.23
1498.25
1493.19
1490.93
1508.66
1494.34
1491.54
1490.76
1499.72
1477.56
1498.23
1491.99
1481.05
1503.34
1507.39
1515.49
1484.12
1493.89
1476.89
1479.84
1488.17
1505.17
1593.78
1530.94
1491.94
1501.3
1513.68
1505.17
1482.6
1512.21
1519.85
1557.72
1521.91
1487.63
1522.17
1490.79
1494.18
1492.74
1510.53
1554.17
1494.26
1515.25
1514.88
1501.91
1501.18
1482.85
1496.94
1498.44
1487.76
1496.57
1525.07
1523.87
1492.13
1497.83
1500.21
1497.36
1515.85
1505.03
1515.44
1647.69
1495.87
1491.92
1490.48
1515.05
1506.79
1543.34
1510.89
1509.11
1502.61
1492.4
1494.94
1498.08
1555.91
1503.93
1503.46
1502.52
1505.01
1511.12
1493.22
