407.165
309.539
383.508
165.771
164.693
163.591
163.596
165.431
164.635
159.624
147.891
139.859
138.077
140.606
137.591
137.605
137.363
136.948
137.415
137.612
137.193
137.323
137.404
137.847
137.306
138.301
137.505
137.584
137.721
138.752
137.475
137.704
137.878
282.124
136.73
138.672
137.666
137.769
137.512
137.576
277.32
140.991
137.602
137.299
139.158
137.381
139.521
138.897
137.794
138.112
137.271
137.599
137.523
137.753
137.38
137.057
137.558
137.45
141.278
137.872
137.705
137.74
137.94
138.004
283.688
137.208
137.583
137.345
137.555
137.366
137.496
137.447
137.532
138.376
138.11
139.119
137.621
138.102
137.172
138.541
137.47
137.801
138.741
281.007
137.072
137.716
138.687
137.369
137.257
137.433
137.491
137.337
137.53
137.768
137.799
137.699
139.256
139.245
280.283
137.371
