212.969
99.6126
95.5619
95.0182
94.2692
93.9074
91.8307
104.712
95.3886
94.5229
88.1699
94.6295
96.3285
93.7329
95.4904
106.215
96.7925
102.465
88.4414
83.6244
87.7672
112.804
104.467
95.5579
89.9381
85.6548
92.6234
96.8865
97.7898
89.9475
90.8637
86.3919
106.261
89.3706
86.8986
111.081
86.3684
86.5265
84.3707
88.0772
123.284
83.8565
83.4136
88.5735
83.6302
80.165
85.5291
85.3831
81.2768
94.4171
95.5981
84.6635
97.8636
90.6937
93.3399
86.8998
88.8161
91.055
88.5319
88.6397
107.564
104.305
90.03
89.4756
88.0622
89.3472
89.3779
81.0066
83.319
83.103
97.1037
93.8149
91.2065
98.3133
98.5044
92.3481
90.0905
86.9489
80.5003
97.9353
82.8648
82.4101
89.9523
87.8918
81.7697
81.7205
85.3702
84.2279
80.775
89.3306
95.2715
84.2447
95.1157
85.082
91.8325
91.2353
90.2078
93.3621
90.7913
86.5055
