135.17
118.508
118.54
117.227
117.561
118.125
117.175
117.125
116.999
117.044
117.31
116.83
117.08
116.987
117.708
117.18
116.919
117.001
118.374
117.132
117.457
116.825
116.941
117.223
118.127
118.731
117.612
117.365
117.245
117.72
118.527
117.189
117.877
117.459
117.319
118.07
115.211
115.4
114.339
114.552
114.508
114.362
115.232
114.698
114.941
114.939
117.047
116.173
114.954
114.794
114.359
115.338
115.024
114.506
114.109
114.648
114.135
115.123
114.685
114.695
116.407
115.784
115.991
114.732
114.629
114.826
115.982
114.705
114.325
114.313
114.076
115.417
114.462
115.35
116.015
114.621
114.919
116.142
115.218
114.648
116.061
114.78
114.419
115.447
115.123
114.384
114.405
115.87
115.064
115.097
115.208
115.297
114.927
114.614
114.622
115.666
114.701
114.734
114.962
114.424
