7.6775
7.34649
7.36036
7.38122
7.36258
7.32662
7.31834
7.36016
7.3042
7.35855
7.31271
7.31553
7.35971
7.3191
7.31767
7.30986
7.35095
7.31723
7.29734
7.31971
7.31116
7.28769
7.30021
7.32415
7.30191
7.29871
7.30565
7.3126
7.30581
7.31165
7.31757
7.32593
9.39166
7.29076
7.29094
7.32288
7.31804
7.28044
7.29023
7.29306
7.30621
7.30822
7.30238
7.30811
7.29431
7.32062
7.29706
7.31657
7.34345
7.31484
7.29727
7.30034
7.32625
7.31058
7.27258
7.28862
7.30516
7.30405
7.29577
7.33194
7.33195
7.32116
7.34206
7.33865
7.32102
7.3551
7.31337
7.301
7.3072
7.31558
7.32567
7.31075
7.30094
7.33423
7.31183
7.30757
7.29481
7.28881
7.3211
7.28817
7.28926
7.30987
7.26546
7.3022
7.29658
7.30188
7.30279
7.30039
7.30825
7.28683
7.31065
7.30706
7.28282
7.31797
7.30229
7.32432
7.28655
7.2957
7.31432
7.29757
