267.812
407.071
403.335
395.447
391.503
394.48
389.885
391.611
390.951
391.334
398.114
396.641
384.048
386.331
386.768
386.713
384.037
386.61
384.865
386.014
385.732
401.821
399.678
397.446
398.022
401.775
400.07
387.198
385.679
396.678
397.89
386.601
385.192
384.661
385.628
386.29
386.074
397.416
384.227
385.665
383.947
384.921
386.02
385.181
386.039
396.918
383.944
385.617
398.919
386.072
397.194
396.973
386.715
291.441
255.889
248.234
250.335
247.525
236.994
235.934
235.408
239.849
234.341
235.581
234.622
234.846
235.349
234.229
237.746
246.545
245.78
248.361
245.526
236.577
236.114
234.624
234.997
236.853
234.755
235.506
235.683
236.416
235.372
234.806
234.079
238.015
236.415
235.806
237.318
236.579
236.149
234.105
234.961
234.994
236.17
234.908
234.776
234.586
234.339
235.448
