88.0143
69.6374
69.9832
69.0223
87.2777
68.4209
80.627
95.3466
69.6621
69.1278
68.3879
86.3131
69.6033
72.4559
103.085
66.9571
68.5389
72.2077
72.0321
75.8315
67.7516
72.5014
70.7836
68.9817
68.3679
68.2715
108.053
75.7187
74.5917
69.0839
67.9305
68.9276
67.6484
68.3714
94.5722
68.1037
68.0741
68.3739
67.5136
69.7406
67.9506
91.1794
68.492
68.1414
68.3441
67.435
68.3808
69.7346
69.3025
85.7689
71.5297
70.4352
67.8947
69.3446
78.7648
75.5828
67.377
85.518
71.4141
67.7119
70.3578
68.5426
68.6996
67.3396
70.6813
72.0252
69.3344
96.2419
67.6588
68.2285
68.0782
67.4123
105.188
72.7762
88.035
67.6666
70.9261
68.3017
73.3094
70.8295
75.5181
77.8873
74.2587
67.4106
68.6357
70.7388
81.0756
75.1731
70.7341
93.1822
68.7411
68.2476
67.5154
70.7656
67.7927
70.0029
69.8706
69.3859
68.466
68.3022
