72.2561
51.7261
9.69446
9.88526
9.98786
7.36703
7.1128
10.7446
10.3134
10.8931
10.0385
9.61091
7.37616
11.3946
6.95443
10.2622
10.6138
6.78109
10.4361
7.47337
7.97561
9.84171
10.0293
7.91004
10.9044
11.2653
10.0222
6.75518
6.83429
7.68126
7.37038
10.5527
11.3538
6.82322
8.06957
7.06069
7.43405
7.14678
10.0789
10.7375
10.2948
6.77141
6.99937
10.7732
7.36464
10.9701
10.9591
11.0535
10.9227
6.79894
7.45821
10.7878
9.91217
7.07759
7.0713
6.84591
8.04956
11.3331
9.50751
7.75216
6.88797
11.0106
7.91606
7.41433
11.1967
11.1024
11.0668
10.2511
10.8505
10.8377
10.2346
6.98159
7.08367
8.24005
10.8072
7.31603
8.25133
7.99333
10.7944
9.9541
7.40172
10.4281
10.5213
11.2363
7.15762
10.0744
10.1836
7.1906
12.1862
10.3842
8.98457
8.09707
8.92849
6.82143
11.228
6.92954
7.04184
7.39248
9.27744
6.9741
