56.6525
73.5661
7.27394
7.255
8.31333
7.20209
144.532
7.23128
7.24151
7.26713
7.36125
7.37744
7.38723
7.817
7.11999
7.28792
7.26265
7.20074
7.33485
7.26578
7.37207
7.27805
7.20637
7.18919
7.21515
7.26845
7.24415
7.25723
7.38197
7.28202
7.24363
7.23729
7.21001
7.26341
7.24132
7.29096
7.24823
7.26807
7.26203
7.23536
7.20868
7.29176
7.23232
7.19927
7.25842
7.38432
7.28313
7.2888
7.24847
7.25664
7.3132
7.19848
7.30056
7.29806
7.33748
7.33579
7.28647
7.29981
7.19126
7.31087
7.30851
7.26983
7.38508
7.4214
7.23905
7.28652
7.24703
7.33442
7.3517
7.3125
7.26755
7.31182
7.2532
7.40119
7.29828
7.1274
7.40321
7.42919
7.29154
7.38523
7.31668
7.15136
7.24985
7.17442
7.29035
7.33054
7.317
7.30919
7.28596
7.29872
7.3172
7.40072
7.33941
7.36226
7.3907
7.43418
7.30358
7.13949
7.32711
7.30929
