375.961
377.391
375.819
374.158
376.239
377.246
376.26
375.298
375.402
377.06
375.231
374.355
376.545
376.911
375.161
374.579
376.274
377.269
375.176
376.237
374.418
375.484
376.645
376.145
375.871
371.366
377.364
376.284
375.659
316.464
315.272
376.768
378.834
374.974
317.319
315.231
374.308
376.957
375.203
375.827
374.597
378.16
376.985
376.637
375.974
378.128
375.605
374.895
378.018
378.929
377.078
376.194
376.61
376.039
376.257
377.382
376.453
378.019
374.888
377.135
377.005
376.659
376.718
376.139
315.401
312.984
312.864
315.025
314.314
376.537
376.221
378.586
374.688
376.305
376.956
376.831
375.554
376.636
377.356
376.933
376.5
375.907
375.606
376.783
378.031
376.903
377.863
376.354
377.22
376.957
376.756
375.507
373.301
374.652
376.597
374.29
377.688
376.262
375.564
377.97
