486.429
177.01
181.942
185.435
185.428
176.435
177.891
177.628
178.125
176.327
179.204
175.078
176.15
163.572
166.202
156.84
157.629
158.741
162.632
155.567
152.086
151.772
151.897
151.852
151.4
150.082
151.636
151.726
156.927
151.216
151.33
151.086
150.084
151.338
151.288
151.232
150.945
151.236
154.956
159.214
150.906
153.992
155.947
160.315
150.825
158.344
154.832
150.032
154.386
151.226
152.982
150.759
154.099
151.122
151.172
150.394
167.531
151.808
151.917
150.532
150.723
153.576
164.06
150.476
152.506
155.315
155.377
161.75
153.845
159.146
154.523
150.354
150.32
151.204
152.422
151.547
150.523
150.311
156.109
154.974
152.47
150.864
150.255
150.373
150.735
150.617
150.382
151.835
151.345
153.396
150.717
149.386
150.555
150.521
149.416
150.353
152.796
154.209
153.551
153.038
