579.228
238.254
204.064
201.142
202.851
204.002
202.22
203.942
203.47
202.209
203.695
201.357
198.591
200.658
201.225
200.433
199.984
199.068
200.214
197.894
197.986
199.639
197.692
198.045
197.897
198.018
197.886
198.409
198.219
197.837
200.509
198.603
203.072
201.154
198.31
198.93
197.965
198.091
198.901
200.621
198.434
198.087
197.736
199.311
197.832
259.739
198.122
198.229
198.187
197.999
207.976
202.177
198.859
197.832
197.985
200.988
200.039
197.981
197.902
198.072
199.205
198.14
199.151
201.512
199.81
198.108
197.895
198.194
203.047
206.348
218.203
214.416
210.753
206.334
205.044
198.056
197.602
197.895
198.301
197.881
197.98
197.828
197.992
198.224
199.156
197.923
203.806
203.122
201.92
197.948
197.731
198.524
199.248
197.934
198.359
198.696
197.878
197.806
197.925
197.88
