13.245
13.0765
13.0519
13.0403
13.0403
13.1055
13.0392
13.0638
13.0396
13.0467
13.0367
13.1008
13.0189
13.0246
13.0213
13.1118
13.0258
13.0388
13.117
13.0349
13.0531
13.0285
13.029
13.0795
13.0389
13.0401
13.0213
13.0728
13.0369
13.0079
13.0656
13.0742
13.0465
13.0332
13.0665
13.0418
13.0626
13.0647
13.0429
13.059
13.043
13.0457
13.0754
13.0509
13.0538
13.0389
13.0414
13.1075
13.0676
13.0435
13.0659
13.1194
13.0495
13.0493
13.1074
13.1167
13.062
13.1148
13.0643
13.0735
13.0254
13.0745
13.0758
13.0949
13.2217
13.033
13.0705
13.0647
13.0455
13.0776
13.0164
13.0529
13.0588
13.0603
13.0292
13.0687
13.077
13.0486
13.0654
13.0702
13.0804
13.0664
13.0434
13.0398
13.5199
13.0628
13.06
13.1084
13.0485
13.0461
13.0351
13.025
13.0301
13.1486
13.0685
13.088
13.0547
13.0996
13.0614
13.0464
