261.819
141.881
147.25
143.151
150.502
146.407
155.671
149.759
152.014
145.328
142.812
149.771
143.872
143.845
143.166
143.203
148.474
145.697
141.417
141.159
145.013
137.105
140.228
137.941
138.253
138.128
139.234
155.487
139.679
139.854
137.713
139.332
140.31
137.003
137.06
137.499
139.33
140.759
141.739
139.118
136.496
138.812
138.231
137.342
136.904
140.104
136.727
137.41
148.316
138.472
158.39
137.063
148.957
140.381
144.038
137.894
143.005
137.933
150.633
139.395
149.444
139.07
145.292
139.753
145.914
139.212
148.905
140.81
158.586
142.18
140.262
138.673
138.305
135.927
138.706
141.296
141.616
139.328
137.716
138.698
144.917
137.66
137.821
137.255
137.908
138.35
136.891
136.529
137.208
138.672
139.072
144.144
138.246
154.114
138.23
142.5
136.769
136.375
141.306
138.156
