495.091
183.692
172.869
178.753
206.389
203.298
171.817
172.713
176.049
178.221
174.116
174.071
171.661
189.651
192.731
198.003
193.621
196.847
198.167
184.123
218.39
206.779
194.741
215.851
187.65
201.839
172.804
175.222
215.891
205.377
175.595
191.546
200.14
184.304
179.992
181.668
216.977
210.132
196.576
181.563
185.108
187.99
208.971
212.098
211.239
211.005
205.663
214.323
191.728
187.402
201.724
171.763
200.761
173.814
179.591
172.478
185.973
199.181
204.39
219.945
215.303
184.153
177.098
197.294
176.365
205.909
175.213
220.981
188.345
208
187.903
214.456
213.838
222.184
183.749
214.706
214.293
193.436
174.128
205.442
198.417
181.255
208.209
184.409
200.443
211.469
183.64
189.851
197.229
175.22
212.451
213.428
201.045
175.699
197.165
198.987
208.71
214.637
183.71
174.798
