2187.54
1207.99
1270.78
1768.67
2047.78
2481.4
2623
3033.65
3143.01
3155.03
3165.63
2777.65
2731.27
2743.04
2745.94
2853.88
2772.55
2923.26
3120.79
2932.64
2877.67
2881.88
2907.38
2909.21
2711.61
2703.74
2384.39
2325.05
1459.16
1648.35
1605.73
1416.44
1599.53
1630.34
1417.62
1498.31
1227.03
1467.07
1654.78
1638.97
1421.57
1452.31
1412.34
1387.5
1636.07
1646.28
1619.63
1637.26
1438.8
1649.08
1648.97
1457.32
1638.71
1638.77
1421.02
1429.59
1647.64
1653.33
1670.16
1691.59
1633.99
1645.73
1606.33
1647.82
1634.9
1667.91
1659.91
1419.3
1655.82
1638.11
1636.96
1654.43
1651.42
1434.85
1528.48
1645.95
1660.73
1491.21
1677.86
1645.25
1646.96
1687.56
1689.57
1460.18
1423.56
1420.79
1421.6
1480.76
1658.51
1707.35
1718.78
1699.76
1678.14
1468.38
1669.3
1492.91
1442.23
1603.62
1737.89
1738.03
