54.9013
49.8802
48.9675
49.227
49.4579
49.4033
111.246
49.2495
49.3625
109.224
49.7927
108.242
49.581
4.4057
107.953
4.38919
107.909
49.6221
49.6059
49.5476
4.39452
4.4016
49.9156
49.9221
108.507
49.6788
4.3949
50.0887
4.39072
108.051
4.40189
4.38799
49.9957
4.39237
4.39676
4.3924
4.38731
4.39242
4.42599
4.41682
4.41605
4.41278
4.4082
4.41392
4.39826
4.41748
4.42577
4.42312
4.41517
4.41305
110.09
107.164
4.39144
4.38746
106.738
49.9098
49.7354
49.7499
49.7167
4.40027
49.8132
107.777
4.3947
49.6201
4.39737
4.39788
4.38889
4.39165
4.41011
4.39518
4.38665
4.38903
4.39956
4.38671
4.38564
4.38669
4.38819
108.552
4.39602
4.39809
4.39962
4.39504
4.34185
4.42472
4.38925
50.3082
4.38752
50.0957
49.8241
4.40451
108.634
50.5236
4.40623
107.967
50.0322
4.39963
4.39485
107.489
4.39947
4.32832
