118.543
171.124
83.6809
164.009
3.34349
85.0009
3.56141
3.44085
164.682
9.69847
10.2307
8.85528
3.46785
3.52711
7.77765
6.40614
4.40578
5.7151
9.23277
11.7945
34.91
5.17641
4.0714
3.60973
7.19448
4.29272
3.50285
3.83484
10.3619
3.31776
9.22893
3.3771
3.49624
3.61027
3.41146
3.24248
3.68873
3.55396
3.20775
3.2113
6.06744
3.52315
4.28099
3.56148
5.91012
3.93164
4.01987
3.68293
3.55397
3.72216
5.3781
3.56082
3.83932
3.52008
3.72749
5.65172
4.71424
3.58982
3.69482
3.76728
4.46392
3.58402
4.93857
3.57796
3.62251
4.02018
3.5778
3.39159
4.28168
5.35186
4.76872
4.47954
3.87384
3.43789
5.06131
3.83384
3.54675
3.53342
3.71906
3.44705
3.57143
3.89071
3.25431
4.77175
4.81551
3.68258
3.61615
3.79002
3.96949
4.666
5.47075
6.2169
3.66063
4.19923
3.54506
3.75292
6.90933
5.09925
4.07077
4.21499
