8.33332
7.74969
7.75054
7.75578
7.76468
7.74874
8.1777
7.76503
7.76821
7.74058
7.88406
7.75323
7.76253
7.74624
7.86954
7.74239
7.76483
7.74282
7.88396
7.76887
7.76124
7.75344
8.30915
7.75723
7.77891
7.75493
7.76209
7.75178
7.71761
7.74275
7.73705
7.74733
7.74699
7.74205
7.74666
7.74578
7.76572
7.73913
7.75821
7.75199
7.74267
7.74489
7.75763
7.75966
7.7481
7.75046
7.74466
7.76252
7.76312
7.75805
7.76934
7.72406
7.74957
7.75694
7.74162
7.71362
7.75809
7.75169
7.73626
7.74673
7.7653
7.75269
7.75969
7.75836
7.76819
7.74449
7.74473
7.75204
7.75835
7.73043
7.74445
7.76339
7.77108
7.74136
7.7449
7.7465
7.76765
7.74321
7.75161
7.75342
7.76029
7.73786
7.73787
7.75812
7.75422
7.74374
7.76964
7.75944
7.75089
7.7629
7.76687
7.75287
7.74512
7.74327
7.74712
8.07747
7.75659
7.72925
7.74952
7.75133
