6.50806
6.25398
6.13318
6.03466
5.94957
5.90528
5.844
5.79549
5.72554
5.72019
5.70099
5.66141
5.61981
5.61184
5.61376
5.60349
5.61741
5.60397
5.59782
5.6231
5.60678
5.61952
5.62608
5.61536
5.61456
5.62506
5.62486
5.61994
5.63018
5.61875
5.62275
5.61357
5.61645
5.61376
5.61578
5.62387
5.63242
5.6936
5.65568
5.63174
5.62845
5.63856
5.65526
5.64419
5.636
5.62115
5.60906
5.62579
5.61837
5.61891
5.6247
5.63722
5.61936
5.612
5.60134
5.62122
5.63856
5.63117
5.61379
5.63072
5.62032
5.62106
5.62323
5.62746
5.61158
5.67482
5.67958
5.65005
5.62493
5.60774
5.6263
5.61574
5.6231
5.65133
5.62518
5.62384
5.6289
5.62432
5.62013
5.61254
5.68778
5.63389
5.63245
5.62669
5.60742
5.6464
5.62278
5.62426
5.63677
5.62822
5.63184
5.63341
5.62227
5.62218
5.62986
5.61878
5.61984
5.62538
5.68202
5.67824
