13.3824
12.9452
12.0415
13.1371
12.5191
12.4385
12.3999
12.9781
13.0099
13.0347
13.0109
12.3106
12.3985
12.418
12.2989
12.4327
12.8846
12.3415
13.0121
13.2661
13.1954
13
13.0203
12.9847
12.974
12.9776
12.4477
13.0443
13.037
12.2885
12.509
12.437
12.4106
13.1527
12.3862
12.4812
12.5215
12.4
12.5797
12.5721
12.4467
12.6287
12.9067
12.4743
13.2741
12.9786
13.0503
13.0637
12.3356
12.5628
13.1518
13.2995
12.3942
12.4317
12.4676
13.0271
13.0986
13.0182
13.496
12.4322
12.4678
12.4355
12.6073
12.3525
12.4867
12.4385
12.4231
13.8285
12.712
13.1428
12.2897
12.5125
13.0057
12.5229
13.103
13.1147
12.5716
13.1126
12.4187
13.0656
13.0631
13.3678
12.6592
12.4751
12.5627
12.4373
12.4542
13.0705
12.3918
12.4675
13.2439
13.3146
12.4655
12.7027
13.2732
13.132
13.2004
12.9659
13.1547
13.122
