482.733
464.627
463.367
457.403
465.851
463.446
426.688
438.275
424.068
453.235
424.109
462.366
437.131
450.82
428.67
481.143
478.737
466.733
450.154
451.14
458.585
451.029
451.733
451.923
453.085
449.743
453.536
456.387
480.305
482.948
485.372
484.846
482.737
461.156
469.402
466.009
465.2
470.978
458.448
469.549
459.901
480.31
476.656
479.324
451.1
466.111
455.988
478.027
464.011
463.067
467.996
465.784
450.264
470.931
466.513
467.895
468.86
460.812
463.114
457.34
480.668
479.947
458.169
448.596
456.269
481.082
482.005
478.149
479.682
482.236
483.326
489.245
457.629
450.98
482.001
482.017
482.413
478.981
480.916
452.733
467.616
468.965
453.481
454.258
462.274
469.78
463.41
464.154
482.664
466.442
446.817
448.164
477.818
445.905
464.439
466.775
468.958
468.461
469.576
449.381
