51.8838
10.7805
10.7826
48.3192
8.79886
8.80612
10.468
65.3288
8.76495
8.77284
8.74895
48.4043
8.48877
8.59451
8.47946
67.2301
8.75501
8.70898
8.73464
49.1473
8.78223
8.76393
10.4318
63.1918
8.24171
8.1177
8.12176
8.1243
8.82217
23.8944
8.74016
8.8481
22.0457
8.61017
8.55787
8.35904
8.78946
8.82276
8.6362
8.63749
8.88581
8.71604
8.33599
8.84417
8.68395
8.68758
8.75253
8.39937
23.7176
8.87974
8.96453
8.60953
8.44867
8.69981
8.64935
8.68195
8.68013
8.8793
23.2175
8.5653
8.79534
8.89221
23.224
8.44373
23.8249
8.35509
8.36484
23.8571
8.37212
8.37919
8.42023
8.95504
8.85918
8.8589
23.7151
8.37853
8.91932
8.63075
8.69693
8.61268
8.92518
24.0915
8.34258
8.91954
8.66525
25.2353
8.45086
8.63489
8.91098
8.78899
8.662
8.56374
8.84357
22.85
8.24422
23.7485
8.29051
8.82559
22.7501
8.71083
