80.1571
79.2613
79.5747
79.4715
80.3847
79.9606
79.6983
80.381
80.1364
79.6484
79.9279
80.1354
79.8513
80.2711
79.7212
81.0733
81.7765
79.4838
80.4098
79.916
79.9107
79.5892
80.0054
79.9811
79.5002
79.5268
79.6838
79.9534
80.126
80.0845
79.6791
79.7571
79.7512
79.9821
80.7958
80.4904
79.8131
80.5486
80.7714
79.9143
80.032
79.9677
80.2754
80.1649
80.1237
79.8667
79.851
80.1741
80.079
79.8058
79.5704
80.1068
81.6444
81.5078
79.9048
79.9269
79.934
80.2204
79.7633
82.0263
79.9097
80.8594
81.7961
80.6125
79.4953
79.7723
79.8526
79.9214
79.766
79.9847
79.6262
80.0912
80.5943
79.542
80.1111
80.1249
79.9542
79.7116
80.0723
79.887
80.1618
82.5811
80.0317
79.9871
79.6323
79.9421
80.0184
79.5787
80.1836
80.0081
79.792
79.416
79.7645
79.2768
79.8833
80.193
79.5654
80.1796
80.1175
79.9722
