44.4819
491.414
560.904
508.618
534.471
543.848
579.637
580.356
533.679
542.081
559.184
579.882
567.053
611.011
512.445
552.712
531.596
568.443
591.38
558.803
576.82
563.555
549.551
597.405
558.839
586.021
562.047
591.745
550.526
571.576
560.742
633.756
583.726
592.28
587.362
603.442
562.953
611.725
585.913
601.937
580.819
708.677
596.695
608.18
595.613
667.94
594.434
613.339
598.999
621.637
608.159
604.345
608.748
601.223
591.061
610.769
591.356
680.36
578.989
611.022
611.011
682.098
587.631
623.23
593.696
644.082
600.039
612.453
595.927
619.05
609.16
624.805
611.426
622.145
607.942
634.187
667.657
632.713
636.926
782.081
616.744
639.732
636.955
639.359
608.672
623.213
628.572
631.939
652.864
659.237
615.836
638.627
626.337
633.748
623.281
638.124
602.899
642.431
673.639
630.045
