1652.38
975.216
967.86
962.709
955.737
970.611
979.933
964.382
969.336
953.558
966.726
964.817
958.445
958.105
973.813
982.807
962.163
965.741
983.926
982.79
973.823
967.99
964.625
970.247
965.304
971.001
965.328
976.708
963.926
961.487
970.089
959.391
961.946
978.772
968.223
962.35
971.546
972.387
962.557
966.992
967.752
974.336
967.918
971.949
975.398
1007
997.471
1004.95
980.378
986.759
1006.63
995.834
986.259
1029.42
1014.44
1010
1013.92
1024.44
973.354
961.578
983.585
968.503
985.724
955.975
972.865
972.228
962.365
979.742
965.486
960.676
965.076
963.962
966.133
970.247
976.06
963.604
988.584
964.706
973.338
974.643
979.04
968.086
971.354
976.886
962.897
978.82
978.64
974.613
970.775
980.291
977.22
965.224
955.927
974.196
972.786
971.723
962.224
971.298
965.008
977.78
