65.1375
65.1315
65.223
65.2955
65.4495
65.0433
65.2229
65.1884
65.2251
64.958
65.1129
65.391
65.0077
65.2558
65.1886
65.1596
65.2284
65.2338
65.2095
65.2375
65.101
65.1527
65.0079
65.378
65.0066
65.0297
65.0092
65.0949
65.1516
65.0647
65.3271
65.0931
65.0516
64.9156
65.1138
65.1184
65.049
65.0968
64.8991
65.2853
65.2405
65.0786
65.3047
65.0493
65.0383
65.2907
65.1126
65.0233
64.9917
65.2153
65.1633
65.1852
65.3083
65.0467
65.0463
65.0789
64.9936
65.0453
65.0056
65.0287
64.9676
64.991
64.9708
65.2315
64.9716
65.0309
65.4396
65.0384
65.0429
65.2567
65.1712
65.2167
65.3531
65.3107
65.0313
65.1772
65.1322
65.1254
64.952
65.4329
65.0473
65.2761
65.4219
64.9727
64.9782
65.1308
65.0415
65.4523
64.9509
65.0311
65.1173
65.2226
65.0365
65.1611
65.0664
65.0649
65.001
65.0588
65.1718
65.0321
