228.709
188.999
237.179
197.819
228.095
249.094
233.882
5.87226
6.68717
7.64587
22.193
279.969
9.49243
7.86252
7.2658
5.9852
5.94287
6.03743
5.84702
7.35283
6.74125
6.12843
10.2188
9.15935
8.86974
8.05383
9.88264
6.71691
6.03641
8.80242
7.27379
6.12149
5.89347
9.62212
6.21342
23.5084
9.13414
10.3225
7.08781
9.41723
7.11502
10.4576
10.6856
9.10281
7.43009
6.39515
8.80124
10.8834
8.03389
6.46071
8.32193
6.14909
6.36123
7.46103
6.49892
19.2647
6.45307
10.7006
9.87312
11.0891
7.13007
6.23901
6.90054
6.27502
5.91814
5.85236
5.86594
5.87435
5.82086
5.79671
7.02365
5.78873
5.81422
9.0675
10.1984
6.00277
6.33255
7.28569
7.24129
6.16079
6.14372
5.87992
5.86744
6.35413
7.13879
6.05542
5.9748
10.4852
6.18387
6.38978
7.92911
7.71046
6.01923
5.87554
5.85714
5.93985
11.8367
8.19055
12.2773
6.22316
