552.337
127.056
126.021
125.761
126.866
127.154
125.805
126.03
127.077
138.078
127.133
128.045
126.245
126.469
134.376
125.81
125.624
125.789
127.041
125.822
128.821
125.511
126.417
125.848
125.999
125.619
129.39
127.135
125.78
127.952
126.994
129.599
125.748
125.461
126.053
128.619
130.937
125.988
125.775
126.311
125.886
126.466
127.315
127.75
126.202
125.921
126.19
125.73
128.684
126.748
125.879
126.219
125.611
126.074
127.311
131.349
125.738
126.506
126.139
125.852
128.212
126.589
125.778
127.738
127.692
126.106
126.32
126.536
126.333
126.374
128.075
132.67
126.628
125.787
125.55
128.667
125.51
125.367
127.308
125.47
128.447
125.365
126.356
125.306
126.048
128.497
125.675
126.516
126.62
128.471
125.498
127.556
125.927
125.388
125.913
125.45
127.546
125.544
125.778
126.239
