606.876
265.507
205.35
206.509
207.949
206.051
205.085
202.904
201.711
201.444
202.002
201.588
201.309
201.582
203.476
209.726
209.784
205.5
201.262
201.409
202.299
204.689
203.943
205.88
204.092
201.437
202.846
201.566
201.89
203.39
202.658
201.84
201.782
201.93
201.497
202.097
201.746
201.737
207.87
201.592
203.689
206.897
203.975
203.019
202.56
201.398
201.592
201.413
203.869
201.359
201.47
201.598
201.26
201.614
201.64
202.334
201.523
202.498
203.48
207.861
206.08
203.244
203.25
202.277
201.704
201.852
202.129
201.858
201.647
201.379
201.369
201.292
201.371
202.462
201.189
201.139
201.781
204.989
205.258
202.842
202.434
201.381
202.4
201.516
202.114
203.403
202.756
201.532
202.38
202.297
203.337
201.583
201.445
201.717
201.691
203.892
209.694
205.38
201.451
201.317
