1440.02
957.384
844.249
836.284
839.061
836.264
835.23
832.085
832.941
840.705
846.701
831.378
830.227
830.482
835.529
837.62
849.093
838.244
835.999
840.984
840.625
834.467
832.916
847.311
840.226
829.741
832.914
820.136
825.37
828.162
831.103
824.614
820.636
833.246
820.236
823.889
818.253
828.402
817.678
815.334
818.002
796.32
759.203
761.587
739.99
752.27
752.328
744.266
751.967
747.24
774.066
750.728
749.746
753.267
754.749
749.6
758.4
744.131
744.273
749.392
758.885
747.986
751.405
752.936
749.655
752.296
751.94
752.425
752.017
753.721
750.512
737.573
740.196
750.24
756.429
749.522
739.083
740.957
750.215
753.089
754.16
735.914
750.082
751.145
762.833
756.529
750.555
763.825
759.28
760.032
739.401
758.14
735.919
750.549
737.401
751.949
750.606
750.037
751.626
752.869
