90.5639
3.09628
50.592
50.0849
3.05635
3.43881
50.7068
3.13929
3.14336
50.3358
3.1519
3.11925
2.85103
3.13443
3.12859
3.20728
49.961
3.11275
3.45257
3.10701
3.10009
3.0892
3.0227
3.09244
3.10234
3.09241
3.10265
3.10975
3.1164
3.09348
3.11423
3.10452
3.10369
3.1005
3.10869
3.09898
3.1054
3.10909
3.3679
3.15966
3.12223
3.15192
3.1182
3.10202
3.13566
3.09531
3.11823
3.1106
3.11051
3.11265
3.10613
3.1097
3.42346
3.12323
3.11471
3.11835
3.12102
3.12539
3.12077
3.12609
3.11917
3.13093
3.15019
3.10863
3.12252
3.11803
3.11615
3.11902
3.12822
3.10887
3.11472
3.1081
3.09952
3.10724
3.11228
3.11757
3.12329
3.11645
3.12015
3.10229
3.10603
3.10451
3.10659
3.11469
3.10807
3.11321
3.10797
3.105
3.12127
3.14324
3.11702
3.10129
3.118
3.10841
3.10479
3.10213
3.10966
3.09726
3.11514
3.13477
