213.638
105.406
97.6648
96.9821
90.5245
113.27
105.277
108.455
91.6817
98.5941
98.6023
91.015
91.1763
106.694
94.561
98.3537
93.8049
103.445
97.4323
94.5497
97.7208
93.6708
84.6267
99.0761
100.964
98.5096
93.6358
102.775
101.249
93.7182
97.5761
100.383
102.856
92.6981
100.903
97.4386
101.636
97.0557
86.7883
103.68
99.7697
99.7724
97.742
96.4743
98.2259
95.8519
100.451
95.9245
92.0522
92.2375
92.4432
87.3896
94.3843
90.1696
96.9409
98.2602
95.6695
89.4364
98.0436
97.0974
94.8759
100.659
98.9299
98.7007
93.773
88.9192
98.7316
92.6532
97.4664
101.086
86.7744
84.0808
90.6138
96.6795
97.287
96.1989
99.3964
84.1187
98.8561
99.3515
102.101
99.0643
92.3146
97.3492
93.3656
101.429
102.005
97.5549
95.967
96.0094
85.5882
93.1007
98.6233
92.0536
98.6755
85.3713
94.3244
96.0478
86.3524
111.623
