1433.5
1002.53
898.796
772.773
891.82
889.219
891.587
772.975
893.706
773.494
889.601
895.516
888.668
770.484
888.844
893.138
768.523
890.937
889.117
770.098
890.665
771.395
888.114
885.857
771.453
886.016
891.264
891.311
886.44
887.586
887.601
768.861
773.163
768.123
888.061
765.265
885.551
767.494
768.388
768.001
888.126
885.115
889.403
766.099
901.93
886.198
774.1
889.528
885.04
885.274
766.25
883.115
766.777
884.513
769.606
767.033
767.389
774.655
765.095
765.881
769.808
766.387
886.788
763.869
885.147
887.772
887.703
888.069
763.725
882.27
884.987
765.856
886.269
884.744
885.786
768.707
891.679
767.52
764.371
884.742
765.747
886.552
885.239
763.836
882.741
768.804
888.863
886.883
766.029
885.533
766.783
882.405
888.242
768.628
885.2
766.456
765.155
888.498
764.464
765.358
