724.602
364.355
346.094
346.717
348.557
345.89
343.692
162.588
343.12
160.833
341.478
153.387
150.16
264.595
141.777
262.45
139.534
256.417
255.999
141.189
266.241
141.553
260.473
139.262
259.667
145.683
261.364
139.491
255.751
138.292
254.243
258.128
145.386
259.12
138.087
261.78
139.176
144.894
256.19
259.529
256.244
257.713
297.741
146.201
140.654
258.421
261.173
138.727
138.409
256.163
258.493
138.236
255.242
256.807
255.797
261.894
150.797
263.875
257.5
137.693
256.86
272.573
140.202
257.32
137.728
255.311
264.779
258.211
261.593
138.58
269.136
137.898
259.984
138.077
261.015
139.938
148.183
136.704
264.331
139.171
259.336
137.828
258.033
138.334
261.131
138.322
259.905
139.742
257.602
140.096
145.071
260.749
142.404
258.592
263.935
140.894
141.399
257.854
256.116
140.649
