737.249
323.262
328.947
315.647
334.377
328.723
336.738
320.42
331.326
333.681
321.325
325.398
320.197
318.829
319.16
323.27
345.054
320.426
329.005
319.942
315.841
320.786
324.4
321.323
325.713
325.273
317.793
323.22
322.598
317.185
319.42
319.758
315.709
318.116
313.095
320.557
319.953
368.16
319.555
316.142
316.552
317.778
317.425
324.305
327.41
320.694
316.017
334.796
322.677
315.613
315.99
328.407
323.27
315.599
317.286
318.801
316.875
318.022
319.955
316.531
321.121
320.616
318.991
341.693
319.474
317.004
315.655
313.527
320.567
347.529
355.099
320.809
320.145
348.841
321.377
315.014
325.737
326.965
316.642
321.162
328.546
319.564
315.493
334.974
327.517
322.389
315.179
328.826
320.076
317.912
318.162
317.329
323.53
317.402
320.447
318.312
316.94
324.631
320.654
347.194
