7.07576
6.95688
6.93719
6.94034
6.95535
6.93669
6.96258
6.94552
6.95121
6.95395
6.95265
6.90872
6.91736
6.94329
6.95629
6.96908
6.93931
6.95391
6.94262
6.9346
6.93901
6.93804
6.93715
6.93988
6.94875
6.94416
6.95613
6.94721
6.93416
6.92503
6.94263
6.92799
6.92518
6.93594
6.93949
6.94658
6.95787
6.94116
6.94057
6.95008
6.94674
6.95206
6.958
6.94216
6.94096
6.95107
6.93589
6.94722
6.96821
6.93519
6.94041
6.9628
6.96111
6.95769
6.94267
6.94041
6.93592
6.95343
6.93315
6.94575
6.94974
6.96491
6.96295
6.95232
6.95111
6.943
6.94069
6.95262
6.94005
6.94268
6.93621
6.96788
6.98261
6.95846
6.95359
6.96365
6.95674
6.97835
6.94324
6.96636
6.97073
6.97632
6.94689
6.96977
6.93307
6.96188
6.96665
6.977
6.96508
6.94269
6.94805
6.95749
6.94349
6.93685
6.95449
6.95229
6.95902
6.94938
6.94459
6.95111
