306.834
296.828
297.674
296.723
296.581
292.657
295.384
296.947
295.313
295.952
298.214
297.812
296.45
297.264
297.06
297.226
295.322
296.976
295.741
297.235
297.591
298.082
297.094
298.554
298.1
296.001
297.284
295.637
296.828
297.349
298.314
301.081
298.278
298.381
296.67
298.284
297.026
295.99
298.788
300.039
297.718
296.975
298.577
297.56
296.778
295.459
296.766
296.082
297.861
298.172
298.661
297.437
297.08
297.614
297.252
296.459
295.478
295.344
297.877
297.608
296.382
298.205
297.337
296.837
295.85
296.413
295.931
295.233
295.616
297.46
296.38
296.391
296.613
297.475
298.302
297.486
296.464
297.092
296.459
296.261
297.328
297.467
297.881
298.157
297.078
296.563
296.281
296.02
296.457
298.158
297.253
298.032
297.812
299.039
296.352
296.176
296.552
297.043
297.074
297.633
