34.3404
26.6974
22.6165
21.23
21.1284
22.1173
22.4255
21.466
22.4544
22.3332
21.9454
22.5718
21.9092
21.5712
21.4602
22.2562
22.2989
21.5433
20.9396
20.9012
20.966
22.2735
22.0422
21.3332
21.3392
22.1227
22.3835
22.2501
21.0189
21.0894
22.4284
21.7033
22.1905
22.5433
21.849
22.6101
22.5676
21.2096
22.5697
21.9579
22.5926
22.7106
21.2651
21.965
22.4337
22.1975
20.667
21.2681
22.218
21.1685
20.8565
21.9971
22.1073
22.1377
21.9111
21.0634
21.025
20.8988
21.0511
20.6543
20.5844
21.3099
21.7728
22.3434
21.491
22.2035
21.6524
22.138
20.9353
20.7663
21.4109
22.0353
22.1786
22.0449
21.4293
22.3191
22.3787
21.578
21.0519
22.4059
21.2424
21.5657
21.1592
21.4174
21.3689
21.5457
21.5469
21.4367
21.4535
21.381
21.4633
21.8947
21.4612
21.5088
20.974
21.126
21.22
20.9381
21.0912
21.1026
