12.7705
12.7875
12.686
12.7007
12.6958
12.6779
12.6786
12.6655
12.6614
12.6853
13.0674
12.7014
12.6597
12.6774
12.6775
12.6678
12.6905
12.7959
12.6824
12.6828
12.6808
12.6812
12.6741
12.7038
12.7262
12.7061
12.715
12.675
12.6871
12.6789
12.7048
12.6818
12.6819
12.8126
12.7014
13.1918
12.6776
12.6875
12.6832
12.6973
12.6963
12.695
12.697
12.6871
12.6857
12.6863
12.7001
12.7136
12.6918
14.0701
12.6824
12.6914
12.6925
12.6869
12.7053
12.6904
12.7044
12.7208
12.6933
12.6886
13.169
12.7091
12.7081
12.6921
12.7077
12.8229
12.6829
12.6931
12.6801
12.6785
12.6861
12.6653
12.6735
12.6841
13.2587
12.6738
12.6767
12.6701
12.6733
12.679
12.671
12.7808
12.6815
12.6941
12.6735
12.8302
12.6742
12.6805
13.317
12.7006
12.6748
12.6743
12.6729
12.6641
12.676
12.6837
12.675
12.7976
12.6842
13.1944
