239.487
234.07
234.579
237.392
232.613
235.497
235.697
236.018
235.505
253.663
239.271
256.566
253.914
235.386
233.798
234.063
234.386
233.194
236.705
235.291
236.034
236.177
235.817
237.398
235.28
260.577
245.862
244.653
382.964
379.901
380.202
377.447
363.881
369.138
363.868
368.034
374.534
365.224
365.431
379.781
364.11
367.08
365.111
364.448
376.202
348.666
378.395
381.276
379.515
365.516
366.709
365.512
378.592
395.053
292.322
243.531
278.419
245.553
235.706
233.133
233.3
232.769
233.329
233.403
233.659
233.134
233.611
233.739
233.4
233.652
235.273
232.656
233.091
232.676
232.89
233.163
235.67
233.026
233.971
233.786
237.473
237.137
241.691
234.967
235.149
236.154
236.32
238.61
235.447
244.279
243.727
243.335
232.263
233.351
234.627
235.429
233.645
235.84
234.575
236.622
