69.955
69.4975
69.5097
69.5115
69.5342
69.5094
70.1129
69.5122
69.5288
69.5134
69.7024
69.5167
69.5212
69.5197
69.7209
69.5119
69.5313
69.5115
69.6966
69.5141
69.5565
69.5283
70.0537
69.5088
69.5168
69.5128
69.5128
69.7596
69.5158
69.5124
69.5098
69.517
69.5189
69.4966
69.5081
69.5105
69.5334
69.5298
69.5107
69.5111
69.7587
69.5097
69.5142
69.8432
69.4993
69.511
69.5113
69.5104
69.5099
69.5084
69.5097
69.5359
69.614
69.5164
69.4992
69.5099
69.5133
69.5093
69.5101
69.5145
69.5114
69.5107
69.5111
69.5159
69.4972
69.5086
69.5085
69.5098
69.5132
69.5111
69.5091
69.5126
69.5105
69.5122
69.5195
69.4961
69.5134
69.5105
69.5114
69.5114
69.5104
69.5079
69.5112
69.5116
69.515
69.5189
69.4995
69.5081
69.5117
69.5089
69.5118
69.5121
69.5136
69.5112
69.511
69.5166
69.497
69.5155
69.5088
69.5115
