137.071
25.2911
25.26
25.2076
135.009
128.761
130.454
25.1819
128.675
25.1846
128.412
127.036
128.512
190.292
25.2443
130.01
126.858
25.1866
128.165
127.542
127.758
25.1902
128.77
25.183
128.806
25.2011
25.1837
129.966
25.1889
25.1766
130.098
128.104
127.424
25.1861
25.1831
191.67
187.819
128.979
125.935
25.1883
25.192
25.1666
25.5533
25.5386
25.5258
25.5223
25.2522
25.3251
25.5085
25.5116
131.153
128.212
127.639
128.153
25.184
128.492
25.1883
25.2863
25.1806
25.5567
25.5387
25.5525
25.5627
25.2413
25.5568
25.5327
25.5287
25.834
25.2542
25.5566
25.5495
25.5401
25.5384
25.3335
25.3536
25.5473
25.5689
25.5485
25.5519
25.2613
25.5561
25.544
25.5713
25.5477
25.5963
25.642
25.533
25.5306
25.5073
25.5256
25.281
25.5425
25.5208
25.5402
25.5187
25.5308
25.2395
132.872
126.422
25.182
