14.1729
9.44228
7.43784
13.9715
7.43161
8.51725
18.5511
7.35851
7.90308
19.2888
7.34442
7.94747
19.3894
7.58358
8.05237
8.01792
7.93858
18.5484
7.43377
18.5916
7.42828
7.94914
7.92041
18.2665
7.37955
7.94728
19.227
17.6425
7.40021
17.975
17.0131
7.44915
8.81498
18.9544
7.66588
8.4235
7.99239
7.94287
7.92742
8.33772
18.3522
7.35044
18.2952
7.51982
7.94081
8.09639
8.52557
8.27105
7.9299
7.89625
7.8689
7.84079
7.9152
7.91095
8.37068
7.96225
7.93486
7.94263
8.32048
7.90856
7.85772
8.35448
19.067
17.3288
17.0366
17.4408
7.42392
8.54192
8.0155
8.03383
7.91406
8.39642
7.96316
7.94736
8.0241
8.50565
8.94323
7.93534
8.63236
7.94913
7.95549
7.95272
18.8885
7.37347
7.93627
18.9879
17.2605
18.3613
17.4459
7.47947
7.93288
7.86981
7.90802
7.90273
18.4746
16.9993
7.41013
7.97885
7.99757
7.92995
