865.481
829.733
836.717
687.716
685.238
684.794
686.402
685.035
689.315
689.654
692.397
690.762
692.628
690.753
689.93
692.084
694.416
696.636
691.843
689.039
692.956
688.537
692.808
846.399
695.548
836.009
684.79
690.788
687.599
685.769
827.067
685.868
829.649
687.586
685.3
685.157
669.021
632.538
635.211
633.764
771.502
632.535
633.144
637.053
635.012
633.411
633.417
635.244
633.957
632.649
635.315
635.623
631.868
634.223
633.682
632.766
634.166
637.503
635.455
634.224
637.298
634.702
776.553
638.026
636.499
641.639
637.779
634.551
636.189
637.363
637.465
633.417
633.664
636.729
632.717
633.495
634.715
634.362
667.424
724.132
723.944
726.669
725.081
727.094
724.505
724.991
724.264
725.563
724.875
724.123
726.675
723.892
728.351
725.075
725.11
725.669
724.005
723.727
724.071
723.649
