7.36739
7.32648
7.31883
7.36021
7.92273
7.32653
7.3329
7.32182
7.33648
7.33495
7.30542
7.69659
7.29704
7.56874
7.37308
7.34655
7.34512
7.3496
7.31751
7.34399
7.33309
7.31242
7.32999
7.33959
7.33162
7.32412
7.32416
7.49041
7.33187
7.32197
7.32857
7.30495
7.30546
7.30054
7.3076
7.29648
7.351
7.31312
7.31616
7.35987
7.31838
7.34419
7.95562
7.33722
7.33861
7.2967
7.34451
7.31679
7.28941
7.32325
7.29906
7.3592
7.32781
7.33776
7.32897
7.31425
7.30394
7.29831
7.29301
7.29349
7.29163
7.30614
7.32801
7.35712
7.33028
7.32035
7.37696
7.32413
7.30909
7.32132
7.30846
7.31821
7.34904
7.32768
7.34096
7.31989
7.29646
7.30974
7.33624
7.32914
7.28625
7.29665
7.31422
7.32811
7.32093
7.31175
7.30787
7.31605
7.30262
7.29894
7.31954
7.31983
7.3126
7.30971
7.33125
7.30392
7.31468
7.30131
7.3093
7.29595
