250.271
649.955
720.03
518.972
500.391
536.779
523.552
518.689
518.334
538.855
525.313
524.809
502.696
521.063
518.793
507.884
518.063
492.599
567.965
501.546
490.394
503.314
515.93
520.23
506.056
512.528
509.828
589.804
509.947
530.281
518.561
534.477
531.807
523.319
530.138
544.695
529.795
540.096
530.232
550.774
534.662
550.53
538.864
555.463
537.517
546.737
550.47
615.261
528.312
552.432
532.214
551.036
546.396
564.931
542.988
551.579
564.743
571.186
558.301
563.917
546.609
577.741
561.359
553.141
567.776
574.015
581.517
578.365
569.867
572.695
562.958
578.052
582.42
577.318
588.245
587.411
577.594
589.98
582.421
609.027
603.153
601.653
607.596
597.671
599.621
616.008
597.4
600.631
609.165
642.571
615.251
608.419
612.06
603.649
608.763
595.509
606.703
653.146
609.114
613.523
