60.675
31.3444
31.3462
34.72
31.4596
33.0908
29.8521
29.2301
27.8926
29.0281
29.8011
28.8158
25.8944
26.1079
29.9522
28.4229
29.1238
27.5036
29.6946
26.8572
26.4326
29.6332
24.9611
28.1086
30.4969
26.8627
26.3307
27.8477
25.631
24.4947
33.7501
27.3661
30.8428
26.1555
26.792
26.1243
26.5228
26.5893
34.1026
29.8334
28.734
25.6097
27.4238
27.4547
28.547
31.5579
30.9873
30.9863
29.6553
30.6558
32.3321
32.2811
33.5752
31.9343
34.3713
28.6356
36.9297
24.177
25.9225
23.2996
24.3604
25.7666
26.0087
29.2667
29.9214
30.2691
30.2937
29.4742
33.064
29.3665
30.3926
28.1217
33.7045
23.971
29.798
30.8863
27.886
27.7049
27.3179
24.2679
25.9573
25.5362
26.5656
24.4098
29.2334
32.21
31.7494
31.752
30.7511
32.4294
30.2138
24.5146
30.0428
26.8584
27.3097
25.7808
26.4028
28.0874
29.6135
27.1381
