1054.52
730.429
711.558
699.595
680.713
683.164
678.696
671.705
711.723
729.445
701.456
693.443
722.961
691.421
688.822
707.557
737.28
724.838
731.258
680.557
701.681
691.684
694.596
668.061
722.663
681.189
698.744
697.944
724.556
709.02
699.778
687.303
685.654
693.892
697.775
693.435
692.897
687.476
734.36
703.36
703.979
687.297
691.312
671.382
672.706
693.188
717.137
701.119
696.257
677.97
678.787
682.211
746.666
690.51
709.355
700.15
675.134
691.008
688.631
682.733
678.903
676.916
685.092
678.453
690.578
685.2
714.433
708.876
701.972
676.869
698.643
684.366
681.823
692.377
684.385
667.428
712.509
676.864
692.42
690.671
670.909
682.745
681.158
702.497
717.684
684.096
703.91
673.372
680.368
706.014
702.705
686.315
682.336
729.46
679.313
687.53
711.978
682.287
672.732
700.795
