47.5393
39.5246
34.0574
31.4642
29.7641
29.5456
29.2196
29.0836
30.1436
30.1517
30.2284
30.5752
29.6725
29.1225
30.3467
29.2713
29.0516
29.1785
30.3932
29.1481
30.2602
29.4285
29.5767
29.8812
30.7939
31.2449
30.5621
30.517
29.1684
29.342
29.8858
29.1105
29.0694
29.2283
29.0622
29.1041
29.1298
30.5187
29.1821
30.2038
29.0937
29.0047
29.1209
29.3533
29.4336
29.0586
30.362
29.5169
29.2571
30.2349
30.7671
30.298
30.7238
29.5142
29.9985
29.3314
30.8333
29.8084
30.5033
29.3303
29.6027
29.5141
29.2539
29.2749
29.8949
29.4442
29.5175
29.4462
29.2427
29.2786
29.1335
29.3842
29.1089
29.657
29.2766
29.6772
29.8605
29.1227
29.1857
29.2425
29.3178
29.2992
29.3887
29.3154
29.2424
29.4081
29.209
29.5278
29.6418
29.0887
29.9095
29.2876
29.1632
29.9769
29.3234
30.0054
29.4592
29.0891
29.2249
29.213
