140.287
133.649
135.353
15.8794
204.452
15.8188
15.8228
16.0306
164.258
15.8624
205.892
16.1212
15.9387
15.9568
15.9139
16.0271
16.1613
16.2032
15.9222
16.0568
15.9543
16.0724
15.9002
15.8583
16.0883
204.612
15.8707
16.0137
16.0478
16.0444
15.8301
15.8613
15.8922
15.9913
16.0161
16.1427
16.0042
15.9607
205.817
15.9303
203.442
15.9929
16.0016
15.9545
15.9626
16.0989
16.0488
15.8385
16.0515
15.9185
16.0225
202.724
15.8463
16.0194
16.0734
16.0496
16.0009
16.0036
15.9436
16.0195
15.9758
15.968
15.9691
16.1155
15.9215
15.9152
16.234
15.9612
15.976
15.9612
16.1698
16.1375
15.8985
15.9344
16.0746
15.9799
15.9842
16.1158
16.1405
16.1882
16.1038
16.0301
16.125
15.9664
16.0544
16.0416
16.1087
16.0925
15.9363
15.9317
15.9092
15.9021
15.8847
16.0714
15.9032
16.0513
15.8629
16.0711
15.9034
16.2803
