2601.81
2241.32
2266.03
2210.25
2231.54
2190.33
2224.46
2197.64
2217.81
2190.26
2186.01
2209.24
2192.27
2417.07
2313.55
2339.64
2587.17
2453.13
2470.5
2219.63
2194
2211.85
2202.43
2209.59
2226.29
2204.04
2248.89
2253.42
2246.98
2238.38
2253.24
2243.59
2246.19
2250.07
2249.71
2426.23
2303.93
2334.32
2436.66
2413.95
2416.26
2243.42
2224.68
2262.27
2234.47
2239.6
2253.24
2265.33
2227
2234.16
2237.81
2232.27
2222.73
2247.86
2227.1
2217.58
2217.46
2219.77
2282.43
2327.25
2315.78
2271.59
2266.02
2226.83
2343.67
2327.14
2300.81
2320.77
2313.86
2251.11
2225.65
2219.99
2231.31
2225.39
2218.49
2227.02
2226.06
2223.58
2230.03
2232.7
2250.64
2236.28
2250.35
2246.59
2248.99
2253.42
2277.42
2264.44
2268.35
2262.67
2272.24
2260.51
2261.92
2266.09
2258.62
2269.29
2263.59
2273.53
2254.99
2262.61
