1803.2
1288
1280.73
1220.26
1271.18
1273.8
1249.8
1202.5
1243.04
1310.2
1202.73
1260.22
1321.36
1214.37
1320.51
1280.69
1203.34
1316.43
1314.35
1278.1
1203.17
1241.33
1220.58
1200.88
3779.84
1274.6
1210.52
1285.57
1202.54
1272.55
1220.97
1202.89
1295.73
1217.82
1231.73
1279.71
1218.37
1242.5
1204.11
1236.1
1274.7
1335.51
1270.97
1216.5
1213.73
1232.95
1263.5
1263.36
1202.57
1309.6
1280.17
1198.54
1221.6
1283.81
1224.74
1261.17
1260.08
1309.59
1201.12
1257.17
1283.15
1304.73
1296.05
1283.13
1230.62
1266.71
1208.95
1217.95
1278.8
1215.66
1283.73
1203.99
1262.9
1220.5
1299.07
1202.83
1751.08
1201.32
1201.78
1204.55
1218.41
1220.71
1200.09
1219.59
1218.79
1201.07
1211.34
1204.36
1209.05
1209.44
1200.02
1207.9
1216.75
1207.78
1253.71
1200.95
1203.25
1216.38
1200.24
1272.6
