163.796
90.2065
87.3287
84.8228
83.2402
83.6449
83.1953
84.2675
84.3794
84.1769
83.8506
84.6427
82.5112
82.9258
83.6187
83.7469
83.834
82.8137
84.8501
84.7345
84.7634
84.919
85.263
84.777
84.8872
85.6098
84.3686
82.952
84.0754
83.5926
84.4244
84.3152
83.9586
82.9476
83.0702
85.6647
84.6622
84.1829
85.395
85.4468
84.6276
83.9105
84.5855
84.8557
83.6042
84.5677
84.78
85.0585
85.0592
85.4338
84.0508
137.34
82.9013
82.5804
82.6285
82.59
83.0762
82.819
83.8497
83.8885
85.195
83.8745
84.3909
84.1012
84.0522
85.0081
84.2705
83.9274
83.6825
84.7461
83.7593
84.8993
85.2104
85.7977
84.9022
84.7107
84.3424
140.801
83.8861
82.8202
82.4456
82.7021
82.2926
83.2335
82.6979
82.4043
82.5109
83.8807
83.7574
84.8953
83.3854
83.8015
84.0572
83.8926
84.4878
83.7661
83.8699
83.9055
83.6306
84.552
