60.7188
69.6592
3.22123
3.36705
3.34762
3.23455
3.29144
87.864
3.2498
3.27538
3.24589
3.27206
3.29604
3.22132
3.25405
3.23937
3.15022
3.27672
194.159
3.26607
3.39391
3.34946
3.32033
3.28175
3.24515
3.22624
171.188
3.19636
3.21082
133.847
3.30001
3.38186
3.27966
3.20419
3.24041
3.16025
3.25119
3.28398
4.10632
3.38133
4.08387
3.35188
3.38766
3.31289
3.34706
3.31959
3.33283
3.29023
3.2922
190.542
3.30777
3.25673
3.32992
3.31872
3.3105
3.29607
3.52296
3.36114
3.35974
3.43367
3.42234
3.52693
3.29075
3.32217
3.34412
3.38793
3.39641
3.33154
3.33268
3.31293
190.668
186.806
3.98571
3.22634
3.24968
3.33073
3.27687
3.24514
3.12088
3.38851
194.706
3.30739
3.31107
3.28788
3.30762
3.27732
3.23266
3.29553
3.33993
3.33532
3.32063
3.33883
4.12136
3.24888
3.30047
3.31147
3.22042
3.37029
3.38022
3.42125
