2230.26
1792.9
1816.57
1820.83
1759.43
1691.41
1757.12
1830.56
1791.82
1285.08
1277.76
1281.23
1323.42
1287.71
1281.9
1266.46
1378.86
1306.69
1300.02
1270.47
1239.8
1294.53
1286.27
1370.18
1357.44
1291.33
1237.21
1353.59
1293.05
1302.78
1284.31
1384.57
1290.29
1288.98
1282.39
1304.93
1235.53
1290.05
1290.28
1230.09
1329.82
1274.95
1284.29
1295.17
1297.8
1253.71
1271.18
1270.31
1300.85
1299.38
1319.83
1248.83
1267.85
1291.44
1361.44
1288.19
1321.68
1265.73
1316.39
1291.68
1304.13
1279.31
1315.12
1243.3
1277.1
1393.08
1288.64
1274.12
1327.05
1288.13
1322.31
1358.65
1293.85
1337.61
1322.33
1266.42
1382.67
1270.49
1294.39
1329.44
1274.72
1291.75
1324.11
1268.4
1267.01
1247.84
1278.43
1309.59
1260.21
1259.36
1291.62
1332.67
1325.32
1322.1
1247.71
1299.33
1342.03
1242.88
1291.42
1240.92
