5.64259
5.6448
5.64851
5.61574
5.61581
5.62877
5.62707
5.64464
5.62909
5.62797
5.6391
5.62883
5.63034
5.62669
5.64096
5.62394
5.62813
5.6423
5.63373
5.63514
5.63174
5.6336
5.64528
5.63354
5.62947
5.62592
5.64192
5.62525
5.62742
5.62851
5.63491
5.63683
5.63488
5.62045
5.63085
5.62627
5.62333
5.66083
5.64806
5.63107
5.64477
5.63994
5.62355
5.62848
5.63309
5.62845
5.61846
5.63184
5.6168
5.61926
5.62944
5.62752
5.63139
5.62896
5.62221
5.6105
5.62336
5.60077
5.60502
5.61866
5.65917
5.64189
5.64477
5.65264
5.65114
5.64237
5.6249
5.63309
5.6399
5.62621
5.63462
5.61366
5.60714
5.61331
5.60464
5.59859
5.59987
5.60669
5.60867
5.61856
5.61712
5.62256
5.62762
5.6399
5.6265
5.63882
5.6304
5.63312
5.68253
5.66134
5.65238
5.64429
5.65715
5.65165
5.63226
5.63011
5.63085
5.61914
5.62054
5.64112
