1025.82
711.24
717.689
710.062
712.492
710.833
708.193
705.022
708.175
705.472
707.482
705.265
708.178
726.393
704.593
710.72
705.769
705.2
709.504
707.286
707.138
707.512
709.87
705.158
704.68
715.632
704.81
704.819
710.142
705.987
704.573
709.447
704.92
709.224
707.116
708.392
704.957
704.826
707.24
705.089
705.135
707.803
704.31
704.604
711.964
709.455
704.82
711.013
707.363
705.479
707.275
708.07
708.722
705.398
708.371
718.019
710
708.517
706.306
705.335
710.049
704.171
708.386
711.438
704.801
707.063
708.237
709.357
704.635
707.348
708.881
704.775
708.168
709.071
704.695
703.954
708.787
705.362
704.803
718.682
707.046
704.718
705.621
710.428
703.333
718.877
706.05
705.487
705.074
711.874
717.962
704.857
708.794
707.196
704.937
705.422
710.808
707.488
705.587
708.847
