79.7165
79.434
79.4334
79.4332
79.4626
79.4347
80.0303
79.4349
79.4515
79.4318
79.5925
79.4447
79.443
79.4342
79.6291
79.4342
79.4511
79.4376
79.6142
79.4406
79.4555
79.4353
80.1121
79.4378
79.4494
79.4234
79.436
79.438
79.4379
79.4398
79.436
79.4374
79.4364
79.4313
79.432
79.456
79.4373
79.4401
79.4452
79.4201
79.4335
79.4345
79.4357
79.4392
79.435
79.4359
79.4383
79.4331
79.4345
79.4359
79.4416
79.4704
79.4296
79.435
79.4354
79.4336
79.4374
79.4339
79.4344
79.4398
79.4374
79.4337
79.4352
79.4407
79.4462
79.4192
79.4326
79.4333
79.4355
79.4323
79.6655
79.4329
79.4334
79.4329
79.4339
79.4361
79.4334
79.4373
79.4457
79.4205
79.4321
79.4351
79.4382
79.4369
79.4334
79.432
79.4341
79.4317
79.4384
79.4352
79.4401
79.447
79.4213
79.435
79.4379
79.4386
79.4358
79.4311
79.4328
79.4349
