495.153
182.765
183.431
181.49
177.442
178.912
177.18
176.609
177.17
178.311
175.938
177.986
176.418
180.082
180.239
176.611
177.604
189.293
177.304
177.642
177.701
176.5
176.854
186.357
185.274
178.417
179.075
176.453
176.037
179.003
176.883
177.306
175.925
180.46
187.397
177.252
178.822
176.467
176.898
183.686
180.822
177.046
178.422
179.112
176.3
180.357
177.294
176.674
179.106
179.145
179.813
178.068
178.745
177.922
177.086
178.641
180.204
178.64
181.71
176.708
178.284
177.893
177.801
177.593
178.942
179.004
179.079
178.046
176.533
177.478
178.971
181.052
177.711
179.927
176.733
176.106
177.373
177.905
178.147
187.749
177.957
177.946
178.06
182.06
179.356
177.801
180.301
184.919
177.596
178.404
182.341
178.287
182.31
181.782
176.492
181.944
178.343
179.263
178.166
180.063
