68.678
5.93664
5.4542
6.41713
64.3965
4.41756
5.44366
8.61885
129.988
4.90037
4.95543
5.89275
59.5508
4.35917
4.35848
5.32828
58.5004
5.18116
5.14772
6.12046
59.0322
4.45549
4.72406
7.66795
57.2464
3.39246
3.40979
3.3486
3.40203
3.43707
3.35631
3.42357
3.35316
3.43559
3.35408
3.39631
3.39506
3.40639
3.39698
3.37976
3.43261
3.39296
3.41027
3.44961
3.40998
3.38499
3.41342
3.40819
3.4098
3.40498
3.33971
3.36379
3.38824
3.42201
3.42655
3.39915
3.36
3.43796
3.36929
3.44378
3.26282
20.185
4.72452
4.45638
18.6937
4.41195
20.8871
3.49413
20.1678
4.39994
22.3968
18.2699
4.45026
4.46904
4.46516
18.1908
4.56566
4.41195
4.43252
22.4091
20.4044
4.45228
4.45744
4.4537
4.46692
4.44074
4.44655
4.4933
4.44198
4.45502
20.3341
4.60302
3.50285
19.2174
4.43218
18.7771
4.428
4.44819
4.46549
14.1722
