13.6977
13.6916
13.6418
13.6335
13.6371
13.6223
13.6331
13.6147
13.6094
13.6394
13.993
13.6127
13.6079
13.6241
13.6307
13.6291
13.6248
13.7328
13.6352
13.6287
13.6392
13.6312
13.6316
13.6395
13.6639
13.6573
13.6197
13.6276
13.6293
13.6302
13.6268
13.6199
13.643
13.7581
13.6297
13.99
13.6341
13.6388
13.6598
13.6328
13.6406
13.6507
13.646
13.6337
13.6493
13.6244
13.6334
13.638
13.6482
15.0042
13.639
13.6454
13.6343
13.6327
13.6354
13.6324
13.6374
13.6529
13.6346
13.6488
14.1287
13.6446
13.6362
13.6343
13.6618
13.7732
13.6388
13.6322
13.6265
13.6254
13.633
13.6265
13.6361
13.6419
14.0414
13.6387
13.6422
13.6378
13.6263
13.6286
13.6341
13.7976
13.6615
13.642
13.6256
13.6411
13.6419
13.6289
14.2676
13.655
13.6327
13.6332
13.6434
13.6447
13.6401
13.63
13.6301
13.7839
13.6396
14.1505
