81.9432
82.3859
123.974
80.7443
80.4104
80.5289
80.8853
79.9949
81.2671
81.1105
81.0993
81.4225
81.428
80.8742
80.9581
81.3208
81.0331
81.053
81.5673
81.0442
81.4849
81.2389
82.8034
81.5067
80.9982
132.844
80.4895
81.2765
80.9789
80.2416
80.0364
81.1796
80.3453
81.721
81.806
81.1902
81.1573
81.1492
81.0364
80.9872
81.6969
81.3141
81.2762
81.3464
81.6469
81.1604
81.6371
81.2908
133.768
80.8775
80.1142
79.953
79.8282
80.0636
81.2774
80.2906
80.8941
82.314
80.9528
82.1249
81.0964
80.9188
81.0548
81.1268
82.8129
81.2761
82.929
82.3029
81.3098
80.9615
81.2014
83.944
79.86
80.1801
79.918
79.849
80.5586
80.5157
82.4966
81.4121
81.8674
81.8471
81.913
81.273
81.0657
81.647
82.3375
80.7172
81.1972
81.1967
81.0749
82.3816
82.2578
81.5868
81.5838
162.092
80.7731
79.5668
79.5198
79.9931
