102.853
102.789
103.726
102.618
102.294
102.316
102.3
103.163
102.492
102.296
102.225
102.145
102.563
102.307
102.354
102.282
102.381
102.573
102.421
103.904
102.261
101.985
102.414
102.283
102.409
102.332
102.357
102.588
102.347
102.696
102.539
102.401
102.492
102.304
102.256
102.532
103.509
103.238
102.494
102.408
102.321
102.479
102.334
102.526
102.255
102.304
102.605
102.281
102.458
102.354
102.324
102.161
103.569
102.847
102.422
102.225
102.53
102.302
102.801
102.517
102.354
102.364
102.313
102.235
102.723
102.508
102.698
102.473
102.898
102.426
104.833
113.2
102.529
102.302
102.952
102.341
102.545
102.525
102.291
102.247
102.306
102.694
102.695
102.361
102.334
102.198
103.018
103.14
102.369
102.475
103.046
102.426
102.372
102.503
102.474
102.302
102.501
102.677
102.502
102.496
