571.746
170.599
171.967
167.766
166.666
178.678
164.709
166.212
166.657
163.447
164.025
175.397
163.55
161.583
169.903
173.673
171.026
165.029
161.325
165.333
166.102
163.093
160.563
160.379
161.162
161.29
165.312
159.534
162.131
182.646
160.657
160.327
161.883
160.119
163.281
164.386
163.585
159.64
167.768
158.353
162.597
163.63
175.333
159.759
168.447
157.437
157.47
172.374
157.351
157.886
166.885
158.116
162.217
176.283
158.082
157.953
173.064
159.85
159.52
182.62
160.664
156.68
160.486
165.468
156.813
158.014
156.768
158.216
157.115
160.229
158.277
157.91
159.425
159.855
167.456
159.579
159.93
157.432
157.974
161.179
161.532
158.76
157.123
156.586
162.282
166.841
156.838
168.6
164.778
163.888
177.409
156.741
159.487
159.887
154.476
155.122
158.32
153.917
154.988
155.089
