171.661
170.185
170.323
170.102
170.086
170.048
170.129
170.222
170.362
170.316
170.155
170.255
170.064
170.218
170.215
170.524
170.331
169.979
170.189
170.127
170.033
170.489
170.742
170.472
170.069
170.284
170.205
170.183
170.327
170.181
170.444
170.262
170.462
170.131
172.008
169.999
170.486
170.399
170.126
170.174
170.211
169.944
170.42
170.247
170.345
170.265
170.432
170.22
170.082
170.296
170.148
170.244
170.2
170.266
170.237
170.351
170.32
170.43
170.319
172.835
170.166
170.252
170.503
170.422
170.324
170.354
170.267
170.504
170.177
170.623
170.277
170.486
170.312
170.224
170.721
170.2
170.475
170.263
170.146
170.325
170.229
170.205
170.464
170.252
170.131
170.182
170.213
170.311
169.854
170.008
170.377
169.717
170.108
170.252
170.402
170.178
170.307
170.247
171.137
170.116
