1921.67
317.676
308.463
309.874
308.028
308.434
310.491
309.202
322.104
313.949
317.151
309.343
311.447
345.511
311.986
309.565
307.826
309.257
329.967
312.339
305.834
307.765
322.131
309.53
314.839
317.015
333.009
308.788
317.901
317.119
323.439
322.175
340.211
342.751
324.445
438.683
323.7
343.822
368.802
319.485
330.17
334.77
335.337
325.725
324.466
309.181
324.169
348.922
359.517
322.953
324.809
337.631
319.442
307.797
309.419
314.515
356.28
308.107
308.526
307.13
320.501
309.65
308.69
305.541
313.607
322.762
318.787
316.247
308.365
308.702
305.44
308.824
324.437
310.646
321.634
318.857
309.42
309.664
314.318
308.651
311.706
309.38
310.976
308.39
306.693
310.674
306.642
307.49
307.952
305.893
304.957
305.41
310.308
306.248
305
306.056
318.021
309.99
308.604
318.71
