493.87
164.172
145.907
146.9
147.349
145.723
149.84
145.972
150.235
149.779
145.99
145.812
145.967
146.149
149.244
149.183
148.219
145.963
146.573
146.294
149.4
146.13
145.988
145.834
145.808
145.884
145.839
147.169
145.993
145.859
146.229
149.962
150.444
148.833
148.174
145.829
145.953
145.821
146.762
145.784
145.482
145.815
145.73
145.897
145.876
145.766
146.111
147.178
145.891
146.237
148.682
146.727
147.988
145.915
145.942
147.967
150.165
146.612
148.913
149.631
145.962
145.922
145.953
145.94
145.938
146.854
145.853
145.817
145.576
147.842
146
146.047
149.104
146.327
146.061
146.545
145.93
145.753
145.855
145.992
150.662
157.377
145.942
145.984
150.809
146.834
145.977
146.1
146.717
145.841
145.774
145.859
145.731
145.628
145.718
146.078
145.801
146.354
145.943
147.029
