194.356
85.8615
159.513
100.008
91.6324
89.3708
93.3928
96.7007
93.3209
98.9527
97.8969
96.3448
98.3314
97.0949
98.2045
115.791
98.8424
104.522
101.168
98.5715
102.528
103.511
96.859
93.3612
92.9926
99.1493
93.8302
100.654
103.067
109.326
98.6565
94.7939
96.5939
141.876
99.8086
102.789
99.8182
100.641
98.7665
94.7805
94.8082
88.2414
95.7784
97.474
103.295
97.4736
98.2518
88.7193
91.8388
92.6489
101.25
99.5362
94.4839
100.681
100.128
88.7926
98.4174
99.8309
94.4717
98.9874
94.1687
94.3363
105.314
97.9311
99.185
94.4431
94.4902
95.4229
94.3691
94.8921
98.7872
87.1766
98.6225
104.869
99.8175
95.9796
92.8251
91.9719
91.7747
96.8577
89.213
100.47
101.07
89.5809
98.1608
94.3558
87.6936
95.039
99.706
102.725
98.6754
96.2328
95.994
109.3
92.7673
90.3185
89.3773
98.9934
98.4963
105.328
