331.684
323.841
324.786
325.706
326.469
319.332
325.513
327.069
323.405
326.2
324.493
323.549
324.199
324.742
324.623
323.716
325.69
326.092
323.645
324.915
324.7
324.495
325.622
325.461
326.715
326.847
326.844
326.915
325.603
326.546
324.611
325.139
327.094
325.702
326.414
327.197
328.469
326.394
326.818
324.141
325.743
325.629
328.961
327.275
325.327
326.559
326.228
326.352
325.765
324.001
324.123
324.166
325.846
325.468
325.725
324.715
325.232
324.989
326.664
324.808
324.272
323.768
326.127
326.222
323.766
326.606
325.337
324.559
325.952
324.32
325.316
325.281
326.44
326.907
324.433
324.326
326.904
324.134
326.638
325.404
324.72
323.042
326.628
325.849
324.823
326.195
325.796
323.105
324.079
322.681
323.736
323.931
324.984
325.763
324.77
325.497
326.334
324.516
325.613
325.567
