1006.29
586.072
602.183
606.215
582.288
585.44
582.787
581.971
586.662
578.917
579.05
614.98
594.413
591.136
622.465
629.9
580.169
581.552
578.62
592.404
580.406
584.029
582.821
2273.57
578.338
583.696
576.487
601.392
583.784
584.67
582.017
592.067
579.84
577.754
580.803
621.888
581.545
589.845
601.001
580.979
579.824
583.017
576.96
621.183
708.587
589.127
588.591
580.105
576.813
581.719
575.675
576.706
590.735
582.928
585.905
579.942
618.701
580.381
585.732
576.734
578.702
577.359
586.251
611.996
580.21
602.508
579.583
623.625
582.614
576.911
581.439
634.174
591.334
591.201
578.672
601.022
581.282
590.337
583.625
576.982
574.762
575.216
579.151
575.794
574.62
580.376
582.67
579.249
576.868
577.444
578.847
577.898
577.125
575.587
587.866
628.991
589.122
575.276
574.9
591.461
