408.052
97.3847
87.0798
87.8304
87.2726
94.4603
85.148
84.8236
84.5042
84.393
84.4565
84.5316
84.5936
89.0861
86.8896
84.5499
84.5639
85.3411
85.3832
84.6961
87.0089
85.4008
84.3025
85.5379
84.3288
84.4213
85.254
84.1924
83.5639
92.6769
85.3394
84.5422
85.7484
84.4743
84.4231
84.1946
84.3947
84.1011
85.2529
84.4085
83.5901
84.3775
84.8652
84.1619
84.8374
84.146
83.6257
84.9255
85.8094
85.8368
84.1783
87.117
83.8966
85.0448
91.544
84.5359
85.6934
88.0643
85.1861
86.5158
84.1732
84.8044
85.2601
84.2342
84.1428
86.0624
84.9306
85.0605
85.1136
84.4622
84.4265
85.1864
84.9392
84.8227
84.4614
85.0611
83.7357
84.1955
84.9219
85.121
83.8922
84.7482
83.2863
84.6129
84.8816
86.2959
85.5636
84.8479
84.6278
84.8406
84.5588
95.5112
88.0518
84.6927
84.5913
86.1188
84.9208
84.6749
86.0387
88.1462
