149.157
143.519
142.657
139.964
139.632
140.09
213.285
140.952
142.513
140.86
25.0725
140.629
25.084
192.824
25.0856
141.045
25.0776
25.0752
25.4264
25.4163
25.1226
140.866
25.0621
25.0907
25.3992
140.442
25.0662
25.0899
25.0775
25.4192
25.4095
25.4296
25.4716
25.1293
25.5278
140.437
25.1084
25.0635
140.711
138.252
25.0731
25.0724
25.1065
25.4167
25.425
25.7138
25.6546
25.2205
25.2192
25.4044
25.4573
142.5
25.1063
25.0865
25.0889
25.4569
25.434
25.4695
25.4265
25.429
25.1292
25.4304
25.4637
25.4475
25.446
25.4411
25.5009
25.4517
144.283
25.1191
25.0655
25.4599
25.154
25.4477
25.6775
25.4714
25.4668
25.1627
25.4207
141.082
25.1127
140.512
25.0952
25.0982
25.4417
25.1383
25.4429
25.7087
25.701
25.4353
144.293
25.1454
25.1381
25.1221
141.175
25.1178
25.1007
25.5034
25.1419
25.4549
