226.847
225.071
223.134
223.041
248.948
227.417
257.748
223.406
222.653
222.777
223.905
225.898
222.928
223.009
222.383
222.373
223.466
221.401
224.606
223.718
223.024
221.366
222.071
221.36
222.408
221.019
222.559
222.874
222.984
220.188
227.394
221.682
222.639
226.51
236.315
224.999
222.648
222.472
232.883
227.788
223.48
224.963
221.921
233.325
223.454
230.367
247.174
264.362
227.323
244.6
223.906
223.209
223.124
223.065
222.52
222.634
223.738
223.58
223.491
223.238
221.928
222.147
221.789
222.185
223.866
221.307
221.821
224.299
221.113
221.54
239.042
222.336
221.904
223.003
221.512
221.626
221.764
222.454
223.534
222.897
222.953
222.543
225.221
225.196
223.178
223.056
221.442
222.55
221.694
222.204
221.553
224.419
222.827
224.724
221.425
224.355
223.739
222.835
222.973
230.087
