777.681
230.921
231.474
158.599
243.573
27.1775
227.406
25.6488
27.1488
230.056
227.63
29.5873
30.9629
166.869
26.5393
23.6161
228.409
31.7531
223.559
225.848
223.566
227.588
24.4038
225.466
225.979
229.007
230.453
26.2634
155.442
26.6879
23.4474
164.622
155.276
227.179
25.9347
229.342
26.3705
22.9149
229.766
226.751
158.281
229.788
229.761
158.542
154.017
167.414
23.106
22.3575
23.4984
24.851
25.2859
22.8947
24.5045
223.616
155.185
154.762
23.1317
154.637
155.989
153.387
25.7753
22.8686
227.884
228.679
24.2853
233.859
222.751
25.7838
158.393
24.0813
154.334
155.175
155.267
25.9591
157.468
229.96
26.3308
227.918
236.595
24.2053
26.1945
24.3295
24.3052
152.883
226.993
25.7585
23.9586
23.4578
23.5269
25.3415
25.8137
192.182
158.899
23.494
224.672
229.243
25.8278
24.5646
23.7782
23.4244
