246.028
155.912
162.746
158.802
163.687
158.253
169.129
162.11
160.426
159.838
168.378
156.435
162.311
158.131
168.849
163.852
166.54
158.038
167.951
158.6
160.349
162.306
162.738
163.761
159.873
161.375
178.574
161.131
160.105
160.697
154.638
160.376
152.93
152.99
154.378
163.56
153.158
161.135
152.713
151.937
151.761
165.434
156.961
160.472
159.222
160.923
151.782
158.5
152.106
164.113
156.313
158.531
151.34
159.833
156.723
159.813
154.396
156.874
158.835
161.516
154.853
168.24
158.455
164.962
150.751
174.52
149.97
155.659
153.007
156.352
157.871
165.164
157.412
163.187
160.213
155.275
152.223
148.446
156.161
147.463
153.988
145.677
156.198
155.794
151.394
144.411
150.217
144.881
148.986
144.066
147.519
144.082
142.678
153.783
141.409
150.409
153.025
159.331
140.146
156.29
