1490.42
496.461
479.097
476.79
474.116
479.288
472.736
466.081
476.223
464.196
470.015
469.381
474.074
472.829
478.613
465.737
514.402
465.171
491.478
479.353
476.155
472.615
477.643
465.237
469.499
464.206
471.627
482.178
471.99
480.303
470.409
464.73
467.389
466.462
465.193
473.095
474.133
480.306
479.681
472.261
481.031
501.706
525.423
511.15
509.86
487.795
467.131
468.784
467.614
462.468
472.393
487.091
505.229
521.695
493.801
494.296
481.956
503.536
489.771
500.701
465.055
467.479
466.553
454.947
452.089
455.116
446.659
451.814
458.488
454.516
456.598
459.562
457.95
462.288
452.638
448.031
450.929
454.451
453.142
456.25
453.808
466.113
471.236
458.332
448.904
449.299
458.559
458.902
454.599
986.936
450.522
452.551
452.191
463.611
461.233
464.84
460.736
462.821
448.238
454.759
