75.155
74.9699
75.0412
75.1682
75.5351
74.8915
74.9397
75.0683
74.9814
75.052
74.9061
75.1388
75.1204
75.6816
74.9616
75.0518
75.0308
75.0684
75.0004
74.8602
75.1159
75.0009
74.8895
75.0248
75.036
74.9915
75.0398
75.2845
75.0436
74.9009
74.94
74.8575
75.0305
74.8163
74.9733
75.205
74.8535
74.9126
74.9594
74.9784
74.9386
75.3133
74.8826
75.3453
74.7579
74.9703
75.6079
75.4269
74.939
74.9769
75.4226
74.8904
75.0363
75.0715
75.0398
75.0036
74.9658
75.1798
75.0509
74.9183
74.8902
74.9571
75.0826
74.9183
74.9793
74.952
75.0811
75.1593
74.8603
75.1438
74.8462
75.0467
74.9768
75.1054
75.7137
74.9741
74.8393
75.12
74.7704
75.1127
75.1757
74.9885
74.9544
74.9091
74.9682
75.0016
75.0259
74.9546
74.899
75.2769
74.9657
75.0529
74.9715
78.1155
75.2046
75.0929
75.1548
74.9592
74.9534
74.8129
