236.601
222.846
68.2277
67.7223
66.9434
70.9402
67.0781
70.7011
68.8992
67.3628
68.0732
228.17
68.099
66.9994
67.2374
69.1458
66.1534
66.5019
67.9044
67.8792
66.7687
66.5355
66.1699
66.0464
67.0886
67.9999
69.105
69.3772
226.903
66.9106
66.2107
66.4315
66.0973
66.1841
66.447
66.1145
66.0915
67.6245
69.9857
227.922
66.5622
66.4783
66.2314
67.0375
65.9977
65.713
67.6835
68.8407
67.3494
70.2045
70.8819
69.8403
68.5858
67.8705
70.4625
67.3918
68.2583
68.077
68.1739
68.0369
68.2663
68.2263
68.431
68.1214
67.9531
68.0616
68.0858
68.6058
69.5226
69.5557
68.3119
67.0676
68.0549
68.5925
68.1552
68.2863
68.4046
68.3662
68.9227
67.7078
67.4783
68.2655
231.174
65.7907
66.4039
66.6623
72.7094
66.2179
66.4156
66.0836
69.2926
67.5204
69.8013
69.6128
69.8002
72.2401
69.2149
68.8981
67.867
68.1712
