588.309
98.9023
97.7932
98.8875
99.1053
98.0776
99.9378
98.2399
98.5086
98.1114
98.6579
99.7091
98.4838
99.5924
99.6009
98.3334
97.8541
98.9684
98.6619
100.908
98.3511
106.385
98.0585
98.7827
97.7837
97.9595
97.7919
99.5086
97.9304
101.828
98.873
97.8572
98.135
99.0157
97.7836
99.7023
97.871
97.5702
98.1756
98.0222
97.8471
97.7798
98.0147
98.6903
98.4164
98.1911
97.7891
98.0865
98.4982
98.1686
98.3851
101.047
97.6346
98.2861
97.9904
98.8434
98.4278
97.758
97.889
100.697
101.704
98.3648
99.3648
101.06
98.7646
97.7923
97.7924
100.73
98.8145
97.8721
97.9634
97.7367
97.8156
99.6397
98.2001
98.1213
97.8146
97.8151
97.6351
99.2633
97.9409
99.7108
99.0647
97.8921
104.046
97.6325
98.4736
99.0425
98.3077
101.674
97.8184
97.4156
98.0386
98.9992
97.8142
98.7275
99.5588
97.6134
97.8474
97.6291
