7.80573
7.48111
7.47195
7.53348
7.46598
7.47918
7.45806
7.5226
7.46249
7.48712
7.42467
7.48012
7.48528
7.48161
7.50276
7.48573
7.4553
7.48627
7.48742
7.48673
7.47389
7.4977
7.47492
7.49625
7.48491
7.45622
7.47477
7.48738
7.45911
7.49366
7.49523
7.5008
7.46779
7.48465
7.45155
7.47557
7.48466
7.47736
7.47902
7.47883
7.47763
7.50389
7.46904
7.4713
7.45707
7.5133
7.48735
7.49625
7.48859
7.47731
7.47861
7.48554
7.42792
7.4891
7.4577
7.48245
7.4603
7.46267
7.47031
7.48513
7.47371
7.47414
7.46604
7.50171
7.49012
7.4947
7.46414
7.49554
7.46299
7.48586
7.46009
7.47598
7.44934
7.47944
7.46576
7.47504
7.46583
7.4904
7.43405
7.48802
7.43736
7.49008
7.4832
7.49326
7.46389
7.47626
7.46484
7.48606
7.47169
7.45949
7.45359
7.47839
7.45753
7.44444
7.46834
7.49231
7.48121
7.49908
7.46204
7.52575
