59.1003
53.4901
121.522
53.5867
52.6027
118.578
53.7144
53.3815
53.4428
3.55549
54.0155
53.8153
54.4044
3.61838
3.57735
3.52531
3.57973
3.53743
3.57628
53.9499
3.58548
3.54169
3.5446
3.50324
3.58171
3.58944
3.60074
53.8097
3.5374
3.49555
120.365
3.53206
3.50668
3.53052
3.59863
3.63885
3.47907
3.58997
3.62594
3.58702
3.6643
3.52844
3.54663
119.504
3.54154
3.57592
3.51055
3.53947
54.1854
3.54897
3.55835
3.55977
3.54247
3.54335
3.60445
122.277
3.56692
3.59895
54.1356
3.55189
3.57182
3.52442
3.53781
3.54331
119.474
3.55164
3.59572
54.1445
3.61555
3.61985
3.51773
3.65587
3.67119
3.58356
3.66724
3.6127
3.57199
3.589
3.59954
3.56088
3.64824
3.57624
120.202
53.9565
3.55643
3.52151
119.184
118.365
117.522
118.787
3.49492
3.56692
3.50416
3.57333
3.54261
3.52392
3.53834
120.593
3.59582
118.531
