474.223
458.004
462.409
457.815
421.248
440.388
449.211
447.345
420.147
420.499
437.711
419
448.215
443.164
444.298
471.589
472.096
454.323
456.44
472.75
466.329
452.599
456.877
447.78
441.908
438.62
449.883
446.28
449.27
443.84
440.797
453.471
439.82
456.739
470.342
468.33
469.333
442.196
439.654
471.598
468.001
443.095
443.778
440.167
469.582
439.284
449.022
445.579
457.485
454.721
469.83
459.924
453.332
464.263
467.439
440.268
470.309
469.073
449.436
442.229
453.485
451.472
459.627
447.063
448.514
465.62
466.297
449.676
455.419
446.341
444.232
442.786
458.353
434.218
450.449
419.67
422.536
423.156
421.466
421.977
421.648
419.691
421.321
419.463
419.465
420.859
418.481
419.642
445.269
419.164
419.093
453.165
417.533
418.452
418.225
419.207
420.344
420.397
420.185
442.643
