451.12
67.9759
58.7297
52.5218
56.8693
56.4128
57.3847
52.7876
53.7208
56.5628
54.9586
60.2114
50.8935
47.6963
49.0547
48.3136
48.1478
49.91
49.1339
49.3814
51.7543
48.9096
48.5489
47.7656
51.8657
49.3828
49.6938
48.664
50.8019
55.3503
49.3646
56.0997
49.9736
49.631
48.0782
48.4641
48.9778
50.1362
48.1129
48.5569
65.6642
49.4806
50.0757
50.9147
49.5321
49.7847
51.2861
50.5712
50.6113
54.0282
53.5259
56.89
53.6286
49.3305
48.2794
49.6515
51.1945
48.5258
48.9205
49.3111
57.075
51.4857
50.0021
50.84
48.7067
48.1636
48.5554
47.8562
47.6304
49.7738
54.0402
53.0014
48.9018
49.7347
47.9716
48.1792
49.9886
49.6571
59.7624
48.7372
49.87
48.6331
47.5645
48.0026
54.9838
48.7235
50.2849
48.057
47.899
48.6675
62.7393
60.9991
50.6922
48.3757
51.4629
49.9986
49.5234
48.2575
48.7488
66.5684
