190.384
184.588
29.7988
23.0035
265.384
23.4298
20.8143
18.5339
18.436
18.8564
17.8813
260.605
18.0676
21.0896
20.2565
25.9821
182.421
19.3311
19.2823
18.0339
17.6951
17.8807
18.2586
247.68
20.3128
19.653
18.0769
17.806
18.1745
18.3636
18.5111
19.7965
17.9267
18.1708
18.1316
17.914
171.291
17.8558
18.436
18.1955
17.8133
17.8345
18.9363
17.8811
18.8126
18.4495
18.5763
17.859
17.9758
17.7692
17.8483
18.1787
18.2555
17.856
20.1407
18.1912
18.449
17.7843
19.7077
18.2089
18.208
17.8459
17.9989
18.1006
18.0865
17.8614
18.0248
175.636
18.6451
18.8834
20.359
19.821
18.2985
18.0204
17.8482
18.0682
17.7927
18.1123
18.4045
17.7971
17.9586
18.0664
18.0697
17.7847
17.8737
20.2319
17.8675
18.1918
17.8193
18.0468
18.191
18.0535
18.2454
17.9641
18.1359
17.7528
19.3771
18.3549
18.3965
18.0738
