3386.38
2414.05
2567.97
2472.88
3217.57
3317.18
3413.35
3694.6
3722.26
3725.25
3710.05
3840.56
3730.03
3679.11
3810.46
3329.79
3003.49
2986.38
3456.89
3416.13
3546.93
3208.7
2830.99
3201.97
2846.16
2990.73
2650.57
3007.44
2992.87
3034.29
2833.7
2842.16
2653.07
2850.99
2093.75
2768.18
1895.63
2652.2
1933.2
1883.61
1947.48
1909.31
1863.74
1836.16
2206.25
2129.29
1928.33
1821.77
1901.65
1917.67
1903.09
1957.7
1864.02
1912.62
1906.21
1938.14
1942.73
1919.45
1848.26
1868.57
1949.89
2099.52
2132.33
2094.43
2083.52
2095.84
1868.87
1837.06
1823.21
2114.85
2102.19
2103.16
2102.61
2093.53
2154.82
1954.91
1877.24
1841.55
2136.07
2101.25
2113.73
2105.87
2090.52
2131.22
1973.64
1634.25
1947.72
2126.44
2090.85
2093.23
2093.96
2192.74
2106.84
2133.87
2140.34
1834.79
1827.14
1804.9
2080.89
2122.64
