153.923
209.224
16.4342
16.4492
16.6541
16.4949
16.7832
16.7649
223.722
16.4542
16.513
16.6184
16.6182
16.5613
16.5597
16.7023
16.7422
16.8795
16.9533
16.9606
16.9715
16.879
17.0418
223.067
16.5536
16.4956
16.5139
16.8561
16.81
16.7702
16.7796
16.7984
16.8395
16.8137
16.8495
16.9966
17.0227
17.1019
17.1397
17.4485
16.9388
16.8994
16.9118
16.9491
18.0711
17.0289
17.0986
16.9734
17.1801
17.5035
16.9303
16.975
16.9703
17.1169
17.0027
17.0326
17.0984
17.0559
16.9677
17.0103
16.9792
17.0445
17.0921
17.1323
17.1978
17.2748
17.1803
16.969
17.1017
16.9909
16.9588
17.0293
17.0756
17.1988
19.6297
17.0355
17.0317
17.1326
17.0973
17.0714
16.9784
17.1403
17.1564
17.3871
17.0635
17.0222
17.0946
17.2309
16.9584
16.9244
17.1571
17.1579
17.2443
17.0403
17.0459
17.0136
17.2967
17.052
17.8764
17.0408
