349.175
90.1505
72.6572
91.7552
74.2511
80.4607
74.7893
77.8236
75.0606
71.5245
72.9282
71.4155
71.4238
71.6838
80.3661
72.6704
72.0251
71.3443
71.7832
71.0342
75.0967
74.9747
73.0987
77.4746
82.3738
71.3191
71.407
73.9103
76.354
77.1269
74.4918
72.3281
71.2034
73.1326
75.9659
96.8285
71.6348
77.8309
72.0343
73.4149
72.3636
77.1167
73.6197
72.1128
73.5298
72.8234
71.6217
74.9879
71.7673
72.136
72.8359
71.0416
76.9748
78.8058
70.8359
99.0554
74.7543
70.9652
73.139
96.1398
76.1424
71.43
70.6065
71.7814
71.5158
74.9917
76.5914
75.6925
94.1816
71.3415
71.2593
71.1904
70.1427
70.9389
76.4668
75.5169
71.0729
73.0478
70.9348
75.2315
71.3764
71.4947
81.9361
74.8789
72.1996
71.873
100.301
78.4861
71.7518
70.8021
95.6067
76.3619
74.4668
72.3711
72.9658
71.0838
71.8814
88.5568
72.8943
77.9141
