7.64586
7.37144
7.36285
7.38649
7.39857
7.37209
7.80618
7.38214
7.39809
7.37489
7.50864
7.36414
7.40129
7.37732
7.49528
7.36751
7.37742
7.37402
7.51041
7.37888
7.39765
7.40538
7.9295
7.37795
7.38524
7.37987
7.37358
7.37764
7.38345
7.38099
7.36512
7.36701
7.37297
7.37677
7.37343
7.3578
7.37744
7.369
7.37911
7.37977
7.37247
7.37187
7.37298
7.36793
7.37408
7.37367
7.37745
7.37416
7.36785
7.37594
7.37615
7.37624
7.37153
7.37364
7.37082
7.37417
7.3707
7.36889
7.36056
7.36683
7.37656
7.37005
7.35864
7.3731
7.39147
7.37287
7.37622
7.37876
7.68781
7.3776
7.36721
7.37641
7.37376
7.36388
7.37462
7.3757
7.3819
7.37577
7.37758
7.36953
7.35399
7.37735
7.37188
7.37065
7.37314
7.37964
7.37844
7.37518
7.3754
7.37839
7.37788
7.37088
7.40282
7.38
7.37219
7.37861
7.37819
7.37987
7.36773
7.37492
