275.315
666.923
654.431
474.331
462.773
487.355
469.579
527.327
473.67
486.237
502.626
518.207
494.446
485.377
485.541
503.819
493.398
595.006
504.024
525.44
505.718
492.57
496.804
522.642
606.106
536.849
520.191
515.731
491.838
511.62
525.152
522.853
498.371
552.574
513.976
520.77
519.78
515.561
524.955
542.777
514.669
609.694
529.576
516.371
519.673
549.243
541.197
558.434
544.869
542.289
514.064
551.783
534.26
544.141
553.923
552.727
537.374
570.972
546.022
550.898
569.335
563.102
562.071
579.489
566.148
577.38
563.466
579.558
562.938
605.14
566.889
589.774
578.946
590.008
595.252
574.521
587.746
580.096
591.255
583.975
574.955
603.245
591.37
575.227
584.216
591.645
585.664
618.044
606.462
608.553
583.144
612.048
589.255
643.656
600.169
611.004
603.871
599.671
605.525
618.251
