69.8161
11.529
11.2134
94.4629
9.64844
8.8042
12.0469
74.4148
9.62066
10.0209
9.52311
86.2385
9.00507
9.18856
9.06773
67.6976
9.01818
9.01497
9.11127
66.4144
9.2544
9.2857
12.1673
54.4736
8.45307
8.65975
8.37364
8.75907
8.58532
9.04532
21.5914
8.4888
9.00744
9.11541
8.53258
9.06781
9.09081
8.93304
8.53083
9.00569
9.04199
24.0527
8.57275
9.02323
9.06546
24.1383
8.62714
24.3693
8.8794
8.91321
9.14564
22.1536
9.30931
8.67147
8.89377
8.5398
9.04237
9.08636
22.4651
8.56981
24.0594
8.71416
28.1408
8.53874
8.80465
8.55484
9.11445
22.4259
8.68751
9.03104
21.651
8.55333
8.87099
8.83994
8.81641
9.11242
8.61518
8.84932
25.0164
9.05902
8.87719
9.08751
24.4416
9.2046
8.90485
24.1887
9.04691
8.87331
9.1549
8.90501
24.0018
9.08243
8.85463
8.9016
25.1193
8.68732
8.86776
9.15279
22.0981
9.2357
