73.1423
56.3676
6.43336
5.86942
11.2924
11.3115
5.88677
6.99326
11.484
9.37338
10.2653
11.9158
11.6088
5.76757
7.15106
5.83589
6.44422
10.1713
11.3799
5.84285
7.29151
11.1802
10.3653
7.54315
10.2327
10.6167
8.10249
6.38891
10.3713
5.87291
6.08732
7.3056
6.01111
8.48877
7.77537
6.04021
11.1348
6.77973
6.47417
11.3757
5.95736
6.43211
5.92997
5.87605
6.7013
5.85528
11.0401
6.63135
11.0225
6.07502
8.98903
5.96443
11.6116
5.87924
5.9543
5.9389
5.89273
5.90902
5.91855
5.99779
5.87439
6.01531
5.90286
5.98637
5.95133
5.88985
5.85479
5.92109
5.92059
5.89237
5.9618
8.75033
5.80971
5.97371
11.1821
6.03156
5.98996
8.54119
5.99033
10.3394
6.13014
10.9627
10.2457
10.7205
11.8566
7.12158
11.6833
10.5733
10.245
11.3487
5.8997
7.24596
11.4264
5.88203
10.5161
11.7455
8.909
5.97166
6.84807
5.9861
