515.587
36.1006
30.4442
34.3788
31.9801
39.3043
34.4821
36.3676
34.8084
55.38
37.9523
29.6225
34.8948
29.218
33.1989
35.3447
34.211
41.4382
29.6516
29.2235
33.9272
29.3029
30.7546
60.483
29.7885
31.6961
31.2054
37.573
32.4106
32.5097
29.362
29.2444
38.755
36.2276
32.8014
28.9858
29.3488
36.8846
28.8386
30.2569
33.0985
29.2551
29.4157
28.7155
28.2354
28.6396
28.7223
28.8176
28.9346
28.625
30.4447
28.7618
29.0964
39.881
28.2404
29.0826
28.3768
28.6079
28.6186
28.3494
28.3352
28.5913
28.7109
28.7906
28.5285
33.547
39.68
37.9732
28.7179
37.3277
29.2637
28.4386
28.3034
28.406
28.4618
28.9802
28.8432
28.288
28.7133
28.99
28.6008
28.414
28.3692
28.5353
48.0191
30.9828
28.4691
28.2516
28.5166
28.3309
28.7417
31.1567
28.3138
33.985
28.4174
28.449
28.192
28.5026
28.2019
28.993
