69.4716
62.7205
138.39
3.39634
61.5797
3.40326
3.48607
3.52954
3.52711
3.4968
3.60325
3.4704
3.41126
3.55371
3.59795
3.57033
3.51381
3.46143
212.073
208.713
4.02735
3.54772
3.40587
3.46186
3.44645
3.51731
3.55252
3.41578
3.37926
3.53857
3.50018
3.56532
3.38857
3.43839
3.54055
3.49457
3.5824
3.56776
3.67167
3.51316
3.86994
211.106
3.39156
3.95991
3.40868
3.42086
3.35906
3.40144
3.45097
3.59356
3.3673
3.37359
3.53007
3.3872
3.45856
3.41058
3.53486
3.46908
3.53599
3.56129
3.51882
3.43994
3.47925
3.42132
3.44764
3.39823
3.62557
3.52756
3.52144
3.5215
3.51932
3.53328
3.58198
3.5617
3.50165
3.8805
3.52443
3.51441
3.41871
3.56555
3.47541
3.48745
3.62023
3.50244
3.52387
3.45744
3.5138
3.58009
3.57733
3.58013
3.49813
3.46233
3.65603
208.456
3.43526
3.58835
3.44396
3.66876
3.50299
3.54466
