22.5736
8.78672
7.70407
8.2055
8.29749
8.22815
19.9619
7.67328
8.28994
20.0911
7.74683
8.31253
19.4866
18.3343
18.5152
7.63747
8.20695
8.27519
12.9034
7.72285
8.1671
8.5831
8.27337
8.24873
8.24169
18.0232
8.24169
8.23736
8.30572
8.26612
8.30873
8.35012
8.26154
8.32179
8.24555
8.21231
8.28441
8.29325
8.3565
8.21089
8.1635
19.8061
17.9906
7.66947
8.14933
20.9161
7.6991
8.17061
8.26403
8.31192
8.20805
8.3363
8.34573
20.9158
18.6584
17.369
7.71842
8.33161
8.48
8.2012
17.3941
7.71108
8.22393
8.22067
8.27018
8.23596
8.27209
20.055
7.76318
8.57487
8.46601
8.28603
8.23683
8.53826
8.25242
8.3539
8.56503
8.27906
8.30946
8.2999
8.28816
8.26858
8.28728
8.27323
8.28124
8.6598
8.19287
8.28991
8.25934
8.33218
8.42964
8.27108
8.29207
8.29808
8.26257
8.25367
8.91535
18.3762
7.6236
8.11862
