22.7672
22.762
22.8829
23.9829
22.4578
22.5993
22.9015
23.862
22.6527
22.668
22.7001
24.6373
24.0549
23.9726
22.7188
22.8657
22.6477
22.829
22.8241
22.8162
22.8108
24.0036
24.2193
22.7293
23.3364
22.842
24.0117
23.6112
22.7886
24.6775
23.8216
22.9003
25.4409
24.0215
23.96
23.6412
24.1746
23.9612
23.5092
22.9603
23.1017
24.2067
24.0634
22.8862
22.8592
24.4372
23.9371
24.2725
23.8954
24.0803
23.1976
23.183
23.6318
23.5206
23.012
23.7487
22.7078
23.2029
23.2628
23.6789
23.254
23.5857
23.8539
22.928
23.2321
23.4052
23.3578
23.8809
23.638
23.6568
23.3126
23.1987
23.5805
24.0583
24.8964
22.7727
22.8681
23.5157
23.0533
22.8528
22.9965
23.6081
23.9045
23.4701
23.4822
24.0228
25.2034
24.165
22.6909
23.6772
24.8383
22.7181
23.2561
23.3948
23.1842
23.7334
24.5141
22.9007
22.9554
23.8145
