210.236
125.994
92.5707
89.6746
81.3304
84.015
81.6454
92.118
78.6191
94.0797
85.7272
81.3219
83.5849
80.4466
99.8886
79.7811
88.7483
84.3783
91.8656
88.8404
83.3064
83.6929
85.6311
97.7854
86.9642
78.3902
81.4548
80.0239
87.6923
77.1279
81.8992
77.2935
83.2578
76.8874
88.2122
80.5986
87.3254
89.5157
80.1391
83.2199
89.4444
89.2506
89.0613
89.7023
81.6479
87.5112
80.657
84.6339
82.4329
82.2183
81.9864
79.5848
79.2742
87.7767
81.3004
82.6905
85.5755
79.9922
77.5701
78.2871
85.7348
89.576
92.5514
75.9574
91.6018
78.4891
75.9861
90.0351
87.2123
101.682
84.0764
76.8758
80.8975
78.9941
87.1399
76.4426
84.858
80.625
79.9393
87.6343
82.3143
83.1734
85.5749
79.4255
90.597
79.1113
78.2587
82.3665
79.8507
81.2758
83.9396
88.8621
82.6134
86.2251
87.31
81.2354
87.1504
87.9285
79.8725
83.0585
