384.195
374.044
373.487
383.448
384.514
372.434
369.671
369.774
369.807
369.134
384.403
384.828
390.848
383.74
384.035
382.597
385.343
370.931
370.238
382.435
382.226
370.993
382.224
372.976
370.383
382.071
381.771
386.115
370.997
371.294
383.649
371.202
369.354
369.176
370.088
370.382
369.967
372.5
371.714
381.18
382.348
379.877
366.7
368.548
369.761
382.502
380.633
379.9
380.408
380.988
382.566
378.864
367.364
380.576
367.953
368.682
380.973
382.017
381.039
382.727
385.024
367.778
367.806
370.194
369.367
384.296
369.627
372.796
370.314
370.927
372.971
369.53
370.308
380.756
380.637
384.544
383.705
383.248
375.509
370.625
369.889
378.512
382.84
370.998
371.177
369.968
369.818
369.566
380.564
372.944
383.004
372.327
380.873
380.347
384.853
384.256
370.058
369.967
369.929
380.769
