14.8675
13.055
12.9487
13.0666
12.9057
12.8581
12.8397
12.9445
12.8938
12.8362
12.8916
12.8298
12.9233
12.873
12.8472
12.7906
12.8277
12.9026
12.853
12.8589
12.846
12.831
12.8698
12.8024
13.0329
12.6693
12.7925
12.7938
12.7975
12.8205
12.8583
12.7114
12.8408
12.8372
12.8761
12.8635
12.8061
12.8147
12.8541
12.8519
12.9172
12.8664
12.8384
12.9525
12.8654
12.8554
12.8598
12.8417
12.8347
12.8337
12.8971
12.8701
12.8555
12.8286
12.6845
12.8394
12.7514
12.846
12.8455
12.8635
12.8864
12.8471
12.8276
12.8845
12.8881
12.8978
12.9178
12.856
12.9005
12.8686
12.7322
12.8843
12.7969
12.7746
12.8001
12.8297
12.9767
12.8652
12.8475
12.8515
13.0474
12.8105
12.8061
12.8561
12.8677
12.8944
12.7983
12.8758
12.7372
12.9551
12.7989
12.9468
12.8807
12.893
12.9519
12.8692
12.8906
12.9041
12.8663
12.8572
