41.5102
520.438
487.581
534.948
513.679
523.661
536.227
523.278
511.038
621.175
529.661
535.383
538.201
535.177
592.356
541.224
518.519
535.651
513.68
556.444
547.657
558.912
614.496
554.372
524.741
580.936
529.749
527.21
536.054
528.248
529.304
548.028
545.59
566.386
576.363
575.113
574.473
584.641
573.317
571.33
567.024
643.068
648.164
564.408
564.996
573.815
563.857
584.888
604.701
578.833
643.761
592.816
582.453
666.392
592.839
568.994
574.034
596.31
604.754
591.228
579.099
653.359
571.77
580.112
580.557
599.423
589.582
593.731
598.426
677.652
591.396
581.076
644.466
619.552
685.393
705.72
612.898
659.392
624.225
590.466
664.431
648.123
613.696
675.406
614.745
615.823
699.182
690.387
622.719
625.869
630.61
708.617
635.855
636.425
625.976
640.79
637.991
657.677
634.874
624.301
