211.425
196.765
3.16237
202.351
3.05688
5.01522
3.38567
3.0556
3.23943
3.15138
3.28539
3.16403
3.1303
260.211
3.0558
3.12871
5.10289
3.24532
3.13835
225.53
3.27267
3.23252
3.2376
3.06925
3.20385
3.31196
3.33837
3.28537
3.30114
3.05419
3.40709
3.39446
3.10473
2.99582
3.23223
3.12021
3.20466
3.02309
3.17727
3.36307
3.21091
3.12274
3.21835
3.26871
3.23304
3.08262
3.29534
3.08634
4.46767
3.30542
2.97358
2.99262
254.36
3.01292
3.01081
3.0172
3.36961
4.28233
3.07159
3.03228
3.12037
3.04468
3.09467
3.1034
3.31937
3.18903
3.3825
3.11406
3.09421
3.19152
3.14783
3.01223
3.07603
3.27897
3.17938
3.02642
3.01846
3.33316
3.26309
3.07434
3.28338
3.15229
3.29654
3.24177
3.23179
3.29603
3.21053
3.17594
3.19561
3.07622
2.99431
3.31403
3.32424
3.26946
3.33717
3.00328
3.31435
3.30839
3.10487
3.50174
