7.23937
7.13096
7.10549
7.11626
7.13682
7.13968
7.15503
7.13568
7.13502
7.14135
7.14105
7.14011
7.13561
7.13003
7.13116
7.13756
7.12979
7.12925
7.13341
7.12683
7.13726
7.13796
7.12917
7.14673
7.12277
7.12191
7.1469
7.13063
7.13989
7.14675
7.13094
7.14582
7.14108
7.15163
7.19059
7.14232
7.13378
7.13542
7.14141
7.1401
7.1373
7.14818
7.13748
7.1295
7.12423
7.12683
7.14693
7.14021
7.1182
7.1375
7.15646
7.13567
7.12855
7.14471
7.14316
7.12381
7.13329
7.13447
7.15394
7.13796
7.15182
7.121
7.14956
7.1521
7.14406
7.14291
7.13852
7.12656
7.14035
7.13821
7.14278
7.14096
7.15485
7.13857
7.12522
7.13065
7.10394
7.13352
7.12424
7.13344
7.12857
7.14265
7.1315
7.13411
7.13937
7.13407
7.13713
7.12871
7.14689
7.14188
7.13252
7.11533
7.13819
7.14268
7.13671
7.15061
7.13085
7.15748
7.1369
7.14256
