67.7713
27.7686
24.9095
28.3898
28.2136
27.7753
32.5758
31.4721
33.3301
24.4404
31.1576
35.1079
26.9095
29.4687
26.5829
28.1718
28.2584
33.5713
32.3801
36.8066
34.5449
33.6018
31.3745
26.301
30.6611
32.5933
30.5701
38.4218
31.2964
31.9904
26.7409
24.0662
28.4655
26.6428
28.9374
30.2326
26.9719
33.8775
26.3587
35.4021
30.4107
32.0258
27.6706
26.7187
26.3951
26.0766
27.894
30.5931
28.1157
30.9161
28.593
33.3806
24.9291
27.7213
27.3574
22.3955
25.0703
30.4234
24.2127
30.9478
29.7914
27.5155
35.4134
33.9279
30.355
29.8308
28.652
23.3934
24.4782
34.2718
28.1598
32.7633
27.5535
34.3832
28.5744
28.6727
25.6773
27.1754
24.712
25.8915
25.9811
28.392
32.8
27.0462
26.8281
27.893
25.2537
29.2832
29.9237
27.9651
25.3755
28.7639
25.0219
25.4325
23.6376
26.7654
26.1609
25.1457
23.5524
29.797
