88.6908
88.5458
87.9587
88.0793
88.1658
89.0402
88.6117
88.345
88.4289
88.1654
88.594
88.4061
88.4612
88.1695
89.625
88.4842
88.2718
88.5351
88.7303
88.8906
88.6794
89.2526
89.2086
89.0188
88.9537
88.8568
88.9529
89.3859
88.9286
88.289
89.9604
90.1839
89.1845
89.9343
89.3654
89.645
89.955
90.1418
89.1765
90.4222
90.4747
90.586
90.2553
89.2353
89.279
89.5453
89.6353
89.386
90.6547
90.505
89.5626
90.3107
90.683
89.0395
89.4752
89.1961
89.7295
89.9429
90.2551
90.4984
90.3511
89.5582
89.782
89.2312
89.6616
88.9134
89.2008
89.736
89.7063
90.1429
90.6544
89.211
89.0776
89.3766
89.3055
89.4728
89.6876
90.5874
90.083
89.938
90.2234
90.4617
90.3976
90.2598
90.5075
90.6383
90.6127
90.4558
90.2628
90.8817
90.7419
90.5901
90.5334
90.5592
90.2586
90.4346
90.7604
90.6785
90.6268
90.3636
