85.0851
132.967
65.5675
8.57447
10.6572
8.47989
8.61231
8.54281
8.425
8.63087
8.45811
8.59942
8.60685
9.37409
8.55944
8.52987
8.42396
8.41643
8.54101
8.53087
8.48288
8.51732
8.50014
8.47056
8.30663
8.55234
8.68036
8.31366
8.4685
8.29744
8.39493
8.66334
8.52496
8.39957
8.3979
8.41504
8.3943
8.39535
8.50282
8.41585
8.4236
8.60587
8.54188
8.48555
8.32755
8.38471
8.33884
8.62087
8.50412
8.37487
8.5818
8.41901
8.38667
8.3912
8.39801
8.39207
8.52669
8.52014
8.39335
8.49526
8.59549
8.53886
8.5217
8.62078
8.50806
8.50163
8.60746
8.35753
8.39879
8.41825
8.39878
8.41598
8.49991
8.41501
8.47634
8.47771
8.60468
8.57953
8.40077
8.39061
8.5112
8.58816
8.41669
8.61453
8.48549
8.41864
8.40747
8.41954
8.40995
8.50522
8.50085
8.56287
8.578
8.6104
8.52407
8.58286
8.47658
8.52461
8.55432
8.5155
