225.48
272.634
199.688
215.985
200.139
291.755
9.18809
288.883
292.212
8.99041
7.857
5.80061
5.49294
5.41128
12.961
7.53853
11.2084
7.39942
10.1931
10.8232
17.361
13.8431
6.45563
10.166
11.2227
4.95485
12.6901
10.367
11.363
11.143
8.59509
11.5171
9.30465
11.8711
9.39166
7.86907
11.3615
6.22566
5.12128
10.039
11.2632
8.76104
10.6441
8.29354
19.3204
11.9601
11.2544
10.1692
5.53196
4.96843
8.04517
11.5111
8.93811
7.05046
6.11005
35.9675
6.17903
7.79137
11.2912
4.82926
11.355
11.268
5.72887
11.4666
5.96383
5.1782
12.424
9.93184
5.03345
9.1626
7.71098
5.58346
5.34648
4.89952
5.49662
6.72824
12.1243
5.22054
5.85298
4.92997
4.8676
5.15685
4.94358
11.2339
8.55819
6.82776
10.5185
10.6155
11.5414
19.799
11.9486
9.57118
7.5468
10.8876
11.2967
12.0953
5.21311
5.22697
4.97001
11.2879
