531.773
197.874
197.103
214.958
202.984
197.413
200.969
200.995
213.368
198.106
196.656
212.757
201.032
198.315
199.091
203.028
195.61
203.278
206.5
224.635
205.961
196.492
205.959
204.379
200.686
208.097
202.33
215.417
201.59
197.651
195.992
199.823
211.872
198.853
210.085
198.303
199.717
196.553
204.621
197.928
197.26
198.653
197.596
197.564
197.262
201.346
199.371
199.56
199.131
196.132
207.323
211.879
199.396
205.517
207.342
200.974
199.925
207.203
268.153
196.401
195.902
197.945
204.685
201.988
204.342
198.827
198.784
195.847
197.327
200.476
202.554
194.336
199.525
198.019
198.036
197.105
196.061
194.812
196.987
194.98
200.108
195.304
198.858
195.661
201.232
200.345
198.075
198.358
194.882
194.658
197.573
194.586
195.331
194.698
196.252
195.895
194.938
198.54
194.217
232.47
