499.712
167.094
152.196
151.103
148.949
151.272
148.344
152.394
151.204
149.263
146.63
160.134
159.438
149.01
150.73
149.956
149.321
151.16
154.156
189.617
145.887
146.058
145.88
145.944
146.903
146.236
149.757
145.779
146.442
146.008
146.192
146.194
146.041
145.974
147.491
145.95
146.161
146.2
146.017
147.273
146.01
148.167
151.508
148.833
146.035
150.717
145.961
147.189
146.056
147.954
145.95
159.59
145.859
145.804
145.863
148.75
145.982
146.848
146.836
145.737
145.882
146.044
150.613
146.75
146.012
151.757
147.296
148.004
147.897
146.143
146
146.074
146.085
145.927
146.074
149.287
145.9
147.613
145.996
148.702
146.738
149.262
148.139
147.848
146.005
146.621
145.814
147.023
146.058
145.856
153.208
147.635
148.777
149.742
146.181
151.167
146.961
145.686
146.168
146.607
