569.709
246.409
238.804
240.961
236.592
106.627
236.195
93.1885
220.374
88.1119
219.02
216.187
94.1928
218.57
217.723
218.376
217.11
227.875
87.8323
218.061
87.6649
88.236
216.609
94.1894
88.4694
96.354
224.94
88.7084
218.399
220.218
220.233
88.7963
217.681
88.8483
89.2182
222.884
93.9918
88.4805
231.138
87.9482
88.6376
100.999
96.6607
229.77
217.64
88.2224
87.8522
219.596
217.726
217.475
87.6141
88.2081
225.494
88.0571
88.0652
97.2044
99.0131
223.912
87.8623
216.962
220.493
217.234
216.895
226.713
87.2343
219.444
87.7758
219.927
88.209
219.182
217.961
227.628
216.077
88.0271
88.1353
92.4068
91.451
99.1513
96.3201
96.8836
223.997
222.882
218.094
87.8847
221.296
219.428
91.4472
219.215
217.008
219.29
87.7755
220.396
219.073
87.455
226.629
219.17
87.8572
89.9204
218.993
87.3116
