7.91849
7.77931
7.80394
7.86829
8.48944
7.79106
7.77347
7.82217
7.82363
7.77745
7.79385
8.10431
7.78393
7.96852
7.76577
7.78289
7.76987
7.78346
7.75477
7.77061
7.75403
7.77087
7.80788
7.79126
7.7998
7.7735
7.77029
7.79111
7.77377
7.78362
7.78153
7.76196
7.78012
7.9223
7.76731
7.80358
7.79056
7.79392
7.77122
7.77476
7.79464
7.77713
7.79833
7.78603
7.80208
7.80577
7.79493
7.79143
7.79665
7.79026
7.77668
7.77608
7.76573
7.77419
7.79014
7.77322
7.78189
7.79653
7.74747
7.79235
7.76453
7.77195
7.79641
7.77526
7.77783
7.79655
7.85011
7.77221
7.81447
7.79847
7.77566
7.80293
7.82197
7.8023
7.79955
7.77974
7.75315
7.81989
7.77197
7.80255
7.82706
7.78413
7.79785
7.77306
7.80952
7.79577
7.79468
7.78664
7.78172
7.80474
7.7908
7.78321
7.8251
7.79651
7.78241
7.83974
7.78702
7.7993
7.78132
7.80196
