481.466
481.648
480.983
450.722
420.769
480.963
481.065
481.617
481.2
481.628
482.04
481.631
481.78
482.257
482.504
482.397
482.485
481.554
482.284
482.809
406.124
463.005
482.798
482.315
406.489
452.902
481.544
482.361
480.631
481.515
481.945
481.097
481.831
481.409
482.74
482.243
481.01
481.726
481.946
481.65
482.659
482.234
482.228
482.303
480.945
481.279
480.596
482.516
482.57
481.595
482.395
409.415
406.584
482.014
482.183
482.379
482.17
481.915
481.654
482.075
482.202
482.681
481.401
481.192
482.281
482.377
481.131
482.351
481.115
481.996
481.298
481.979
482.68
481.434
481.085
481.359
481.423
481.622
408.373
403.987
406.282
404.235
407.308
409.952
481.645
481.408
482.582
481.097
482.337
480.498
481.495
482.009
481.895
481.93
482.129
481.944
482.156
482.464
481.831
482.121
