20.905
21.0325
22.1007
22.2286
21.2729
22.2342
21.5338
22.0813
21.1024
21.9384
21.9884
21.1273
21.5689
21.4214
21.6633
21.842
20.7921
21.0553
21.9859
21.1984
21.1537
21.9114
20.9926
22.1305
21.2507
22.0806
21.9105
21.3718
20.8967
21.2224
21.1149
20.8385
20.9869
21.0703
20.8108
21.6439
20.9581
21.611
21.2143
21.2046
21.8746
21.1152
21.3495
21.1253
20.9616
21.0326
21.2058
20.8455
22.2805
22.0545
21.9212
21.3381
22.194
20.8982
21.0637
20.9834
20.9138
20.858
21.2304
21.1185
21.0122
20.9201
21.0882
20.8467
21.197
21.8245
22.2276
22.2644
21.2546
21.0968
21.0362
20.9224
21.0612
21.0347
21.3007
22.5536
22.3384
22.4045
22.0231
22.174
21.1137
21.8746
21.2287
21.9897
22.132
22.3094
21.3118
22.0103
22.1626
21.4329
21.2664
21.3561
21.4181
20.882
22.4624
20.9952
21.2436
21.325
21.4031
21.2435
