705.966
294.282
278.779
286.77
1559.63
293.226
272.915
282.559
281.196
295.652
284.955
464.953
280.609
270.894
281.585
264.456
275.006
260.01
556.362
289.061
275.168
266.069
272.961
260.241
269.398
265.396
260.84
266.129
272.305
271.99
294.245
279.109
685.181
270.99
262.861
277.945
272.916
271.123
271.663
276.858
274.886
276.268
285.943
274.289
280.029
278.761
279.956
275.153
271.377
274.54
279.282
274.418
267.915
276.718
260.484
267.196
275.325
278.944
284.937
279.066
271.846
284.211
269.964
276.575
280.223
275.017
272.154
270.588
283.516
276.49
277.696
264.661
260.081
276.136
279.608
250.668
272.261
286.998
273.043
275.843
264.635
285.525
290.426
272.59
271.924
296.665
271.513
274.961
275.389
1088.12
278.099
271.59
281.353
261.687
428.379
278.447
265.583
255.25
298.863
256.001
