745.8
230.969
207.538
208.803
206.741
206.639
204.285
207.267
207.789
210.186
208.702
231.309
205.657
205.451
206.629
207.841
205.523
218.053
206.922
219.523
227.902
207.222
207.898
232.563
208.793
215.742
210.155
224.455
227.421
208.931
210.43
214.572
207.299
208.524
208.73
227.744
207.559
213.612
207.182
208.638
216.357
208.497
212.806
206.173
227.606
215.84
208.304
208.557
208.779
206.469
209.123
207.825
207.595
213.859
212.035
214.571
208.536
229.568
207.211
206.353
211.648
209.642
228.604
213.097
209.773
207.531
215.417
210.556
216.859
227.077
227.571
235.206
208.716
208.421
208.002
205.458
208.623
207.116
225.967
226.158
208.992
205.877
208.483
207.5
209.293
210.32
208.406
213.656
212.194
206.186
208.733
207.491
206.717
222.922
233.497
210.679
208.451
207.374
210.203
208.048
