7.23438
7.09863
7.11062
7.09529
7.11311
7.09444
7.07993
7.11546
7.10382
7.12336
7.0997
7.08975
7.10796
7.1022
7.10404
7.10169
7.08113
7.09842
7.09409
7.10034
7.11423
7.11146
7.11161
7.10294
7.10513
7.09832
7.09132
7.10743
7.09722
7.10105
7.09198
7.1074
7.09661
7.10952
7.11394
7.11773
7.11927
7.12661
7.11444
7.11585
7.11963
7.10776
7.12766
7.11623
7.10373
7.10088
7.09798
7.10358
7.09997
7.10045
7.11217
7.10732
7.10229
7.0924
7.10058
7.10145
7.10622
7.10323
7.10099
7.10594
7.12078
7.11388
7.11274
7.12387
7.10715
7.0972
7.10394
7.1144
7.11687
7.10454
7.09229
7.11201
7.10609
7.1081
7.11565
7.10012
7.1064
7.10009
7.10448
7.11231
7.10198
7.11266
7.09551
7.10593
7.19628
7.10481
7.11292
7.09468
7.10756
7.11607
7.10879
7.10707
7.10347
7.10314
7.11368
7.1083
7.10446
7.10646
7.10127
7.11498
