24.8201
23.6647
22.0462
22.465
22.4651
22.2583
22.8559
22.7415
23.4126
22.8206
23.6771
24.6726
24.108
24.0155
23.6177
22.398
23.73
24.0259
23.8153
24.0943
22.5833
23.1972
22.8013
23.2447
23.4141
22.4879
22.9282
23.2155
23.0168
23.3964
23.1908
23.869
24.0533
22.9238
23.4361
23.3291
23.972
22.8298
23.5507
23.592
22.8246
23.7375
22.7405
24.1508
23.7302
24.1331
23.6176
24.774
24.0104
23.1435
24.0742
22.7429
24.1624
23.0744
23.9228
23.7396
24.1973
23.1105
23.5052
23.1014
22.9884
23.451
22.7682
23.9951
23.9303
22.8317
23.8012
22.9304
23.1921
23.54
22.8808
23.0625
23.162
23.427
22.9684
22.862
24.6445
23.4229
24.263
22.7911
23.1612
23.0235
22.91
23.3314
23.7476
24.2126
23.0884
23.1493
22.821
23.1317
22.8499
23.4872
22.9791
23.2183
23.3472
24.0375
22.8393
23.298
24.1867
23.7422
