179.852
118.076
85.8206
87.7116
100.258
93.9695
92.0862
96.3235
89.8003
95.841
104.469
108.702
109.886
93.9983
95.3635
94.0215
99.6272
92.0093
93.6662
96.1292
96.921
103.974
98.1201
95.3164
97.7809
111.53
105.161
112.612
95.4253
97.6073
96.9194
95.5037
99.3678
90.7998
85.0556
100.555
97.1993
96.77
99.827
102.903
98.8627
94.9541
97.0137
90.1783
94.8491
101.203
114.988
99.2681
110.134
99.7116
96.6415
88.9563
96.3554
96.1383
98.9723
99.6321
97.3719
95.8973
101.143
97.9712
93.382
100.847
98.2957
104.475
97.659
90.4967
86.7329
92.9587
96.2321
98.5138
96.9261
95.541
97.1933
102.994
95.5725
96.4937
96.6722
104.545
94.8925
104.365
102.698
108.347
107.182
101.182
103.192
103.586
96.9691
96.0659
99.2835
99.6067
95.6631
88.8092
96.4805
97.866
107.07
98.9421
92.5034
100.701
98.3251
92.579
