251.033
126.369
135.161
124.906
123.168
123.616
126.91
125.986
127.278
124.71
119.446
122.951
120.603
136.202
129.324
122.116
124.424
123.513
120.903
123.746
120.973
120.276
120.231
122.194
120.51
134.669
125.903
119.407
116.834
116.451
118.745
116.591
116.638
116.104
119.731
123.016
118.407
117.781
122.712
124.704
121.468
121.775
118.456
115.694
117.652
118.057
115.954
117.249
116.99
121.294
122.229
117.793
124.52
121.608
128.861
132.415
116.935
132.73
120.183
118.453
118.372
116.58
127.101
117.786
117.176
116.525
116.288
124.556
118.863
115.877
116.195
117.22
119.224
118.049
123.485
123.614
129.217
115.486
117.689
117.749
116.814
115.676
116.464
116.69
116.919
116.307
119.676
121.823
118.231
123.317
115.932
117.289
115.788
116.921
115.213
115.12
115.536
118.88
115.914
121.693
