171.189
169.645
170.066
169.467
169.765
169.687
169.435
169.734
169.702
169.745
169.468
169.678
169.436
169.635
169.651
169.843
169.761
169.731
169.847
169.911
169.589
169.794
170.146
169.834
169.748
169.672
169.649
169.81
169.633
169.621
169.537
170.667
169.649
169.712
169.663
169.817
169.72
169.745
169.706
169.887
169.39
176.864
169.705
169.626
169.706
169.633
169.628
169.711
169.395
169.516
169.602
169.594
169.678
169.497
169.596
170.88
169.746
169.546
169.698
169.47
169.601
169.959
169.98
169.797
169.566
169.765
169.749
169.596
169.477
169.593
169.752
169.696
169.543
169.541
169.741
169.453
169.668
169.618
169.662
169.465
170.65
169.684
169.696
169.622
169.688
169.649
169.564
169.69
169.606
170.07
169.898
169.659
169.671
169.699
169.447
169.64
169.735
169.655
169.843
169.64
