147.11
82.2719
87.4737
83.377
82.2155
124.447
100.305
78.8142
90.5022
75.9242
82.317
81.654
78.1988
98.2948
84.9603
78.9197
103.545
84.4377
83.0939
78.7094
108.423
101.742
93.5836
83.6125
94.6476
92.1473
98.719
81.3821
89.9144
81.5205
83.8557
94.3965
86.6224
97.1617
93.7003
79.6495
78.0378
80.373
80.5356
120.978
97.8706
87.3687
81.6758
92.9682
104.585
84.144
122.887
100.099
95.6646
121.838
94.233
97.4545
94.5192
86.7907
114.919
93.5737
78.0895
82.7303
130.973
100.923
82.6069
79.917
100.714
90.1834
97.0373
109.398
85.0572
110.944
94.4862
81.2385
82.4915
106.998
82.0768
77.7086
85.9915
95.9444
80.6226
111.777
79.9487
96.3369
80.9917
83.1715
81.5906
92.4257
82.5211
81.898
135.09
80.3491
81.6299
97.3571
79.8473
85.1007
96.7007
80.2653
83.8384
93.9319
129.521
86.2436
86.885
90.4186
