556.203
99.1927
98.1507
99.295
97.9418
98.0608
97.3869
100.26
97.4596
98.2462
97.5108
101.238
97.243
97.4375
100.917
98.6048
97.2387
97.2898
97.6039
97.3236
98.0015
99.2522
97.5506
97.9139
97.505
97.3043
97.2516
99.7031
109.667
97.4537
97.3649
99.7744
98.9739
97.3818
97.0259
99.9637
97.1542
106.216
97.951
97.7002
97.0527
97.0026
98.669
98.5636
97.3355
97.042
111.374
98.3476
97.2948
98.7018
99.653
96.8489
97.1435
97.1837
97.6904
97.7027
97.3397
100.961
97.5216
98.1713
104.316
97.1526
97.0442
96.9532
97.8722
96.9584
98.2456
97.8712
97.3155
98.9677
97.1799
96.8369
97.7014
97.4245
97.7955
97.0618
99.7486
97.366
97.0821
97.1658
96.8822
97.2463
97.5143
97.7109
97.2745
97.4367
97.3036
98.3459
97.6856
96.9129
97.3325
100.392
99.0565
97.6061
98.5463
97.1059
97.4625
98.8721
98.4296
97.1969
