5.62208
5.61546
5.61546
5.60714
5.61254
5.60134
5.61562
5.63005
5.61763
5.6111
5.6241
5.63162
5.61933
5.62483
5.61667
5.61974
5.62058
5.62384
5.6281
5.66842
5.60941
5.60563
5.6105
5.60826
5.60442
5.60778
5.6097
5.58896
5.62986
5.61498
5.61363
5.62605
5.61744
5.61942
5.63114
5.61693
5.62064
5.62314
5.62442
5.61094
5.61878
5.61485
5.60154
5.60227
5.60957
5.59469
5.60115
5.59597
5.59702
5.59882
5.58694
5.58915
5.59334
5.60499
5.60371
5.60992
5.61888
5.59315
5.60029
5.61866
5.61715
5.61283
5.62163
5.60886
5.62886
5.60899
5.60362
5.60304
5.60624
5.61827
5.62614
5.62035
5.60666
5.61258
5.62893
5.6079
5.60355
5.60893
5.59357
5.61312
5.60861
5.61933
5.61331
5.59776
5.59165
5.59738
5.6015
5.58624
5.61568
5.60957
5.60992
5.62022
5.61066
5.61523
5.61075
5.61398
5.62454
5.62227
5.6207
5.60989
