78.2943
74.2311
16.4021
16.5114
286.552
16.643
16.63
266.016
16.509
16.5435
16.5489
16.529
16.6566
16.5719
16.6125
16.5674
16.901
16.6054
16.5619
16.6081
16.6102
17.0503
17.0412
17.2189
17.0746
17.1065
17.2199
17.1181
17.9931
17.6491
17.0852
17.1359
17.2628
16.9787
17.245
17.2436
17.2884
17.3077
17.0967
17.2689
17.1603
17.0282
17.1292
17.2591
17.2085
17.2825
17.2208
22.4873
17.2814
17.1864
17.0886
17.3724
17.1549
17.3891
17.2325
17.1469
17.1624
17.1972
17.1852
17.0583
17.2106
17.1813
17.292
17.1831
17.3271
17.3443
17.3077
21.7143
17.2776
17.3438
17.2023
17.3597
17.144
17.1789
17.3175
17.4436
17.4686
17.0745
17.3482
17.2265
17.2821
17.2962
17.3381
17.2485
17.2767
17.2014
17.3149
17.3996
17.1725
17.1657
17.186
17.24
17.2225
17.2488
17.2099
17.1782
17.2015
17.2273
17.2317
17.229
