232.555
221.308
70.9997
72.2499
68.2015
68.9765
69.2691
225.008
70.8881
67.0602
67.7412
66.6275
72.6305
66.1794
67.0016
219.228
68.2922
66.7616
66.3744
66.0266
69.9181
67.6767
67.7856
66.956
66.4232
68.8101
66.811
65.9214
66.3776
66.3154
69.5387
69.3889
69.406
68.3032
67.6482
67.3701
67.5556
67.7277
68.0938
68.1382
69.2967
67.6559
67.554
67.7986
67.9753
67.6776
68.0898
67.6803
67.9854
67.8112
67.829
67.4915
67.7952
67.7343
68.1578
67.8882
68.1115
67.5575
67.942
67.687
68.1147
68.1726
67.9156
68.254
67.7823
81.3203
68.5391
67.0718
67.7372
68.1961
70.0827
68.0858
68.1813
67.9942
67.7614
72.1401
67.9593
67.8637
68.4244
70.3717
68.109
68.183
67.5961
71.4176
68.4602
67.8818
68.0806
67.8077
68.4901
69.9818
69.6117
77.1055
69.2911
69.4945
69.6987
68.8648
69.8222
68.7332
67.404
67.7961
