548.57
213.69
216.467
284.875
212.597
213.989
83.8829
201.266
200.401
75.2858
199.948
200.492
75.0051
199.971
199.411
72.1016
198.911
202.04
207.722
76.5103
201.17
69.3097
69.5306
236.936
205.682
69.8221
70.198
73.5969
209.73
200.556
200.487
202.435
203.63
72.4023
198.71
200.928
69.8417
203.532
71.2787
72.9773
219.016
201.098
69.2704
199.783
70.6692
75.0912
76.1873
73.5943
206.139
206.289
199.405
72.3257
198.711
202.976
70.7814
198.71
198.426
204.489
69.2016
199.13
68.9016
204.145
71.0812
202.098
200.621
69.1192
69.0709
73.1437
207.021
198.06
69.4223
200.236
70.539
229.466
69.2833
202.592
201.553
69.1789
72.0737
204.154
69.1406
207.233
69.3506
69.3118
79.7014
74.3336
81.8442
207.627
197.897
198.184
72.0963
197.959
69.0651
201.669
69.2989
200.479
199.523
212.239
69.2517
200.566
