14.1166
13.9508
13.9696
13.911
13.9819
13.9687
13.9368
13.9589
14.0058
13.9367
13.9173
13.9252
13.9386
13.9286
13.9639
13.9599
13.9536
13.9189
13.9433
13.9251
13.969
13.9363
13.9633
13.9755
13.9671
13.943
13.948
14.0058
13.9546
13.9424
13.9629
13.9887
14.0388
13.9633
13.9722
13.9306
13.9778
13.9738
13.9431
13.9534
13.9647
13.9731
13.9681
13.9449
13.9613
13.9425
13.9613
14.0031
13.9391
14.0608
13.9654
14.3683
13.9665
13.9735
13.9546
13.9624
14.0042
14.0132
13.9522
13.9592
13.9501
13.9912
13.9754
13.9764
13.9573
13.9692
13.9502
13.9673
13.9602
13.931
13.9597
13.9795
13.9433
13.9375
13.9931
13.9444
13.9547
14.0071
13.9522
13.9886
13.946
13.9701
13.9424
13.944
14.4472
13.9566
13.9641
13.9956
13.9939
13.9434
13.9673
13.9705
14.0067
13.9622
13.9758
14.4664
13.9911
13.9904
13.9396
13.9769
13.9497
13.958
13.9616
14.0357
13.9862
14.0065
13.9837
13.9732
14.6117
13.9622
14.0199
14.0185
14.0542
13.9753
13.9905
13.9276
13.993
14.0033
14.0155
13.986
14.0084
13.9422
14.002
13.9632
13.9808
13.9629
13.9926
14.0334
13.9631
13.9629
13.974
13.9441
14.476
13.9602
13.9747
13.997
13.9807
13.9728
13.9645
14.929
13.9579
13.9736
13.9694
13.9801
13.9572
13.9685
13.9585
13.9943
13.9634
13.972
13.9847
13.9866
13.9969
13.9675
13.965
14.1043
13.9718
13.9742
14.0878
13.9765
13.9881
13.9866
13.9595
13.9231
13.9873
13.9744
13.9853
14.0226
13.9617
13.9573
13.9746
13.9547
13.9627
13.9532
13.9745
13.9829
13.9664
14.0032
13.979
13.9643
13.9481
13.9301
13.975
13.9803
15.3459
13.9578
13.9522
13.9983
13.9925
13.9975
13.9756
13.9684
13.9775
13.9623
13.9879
13.9737
13.9907
13.9921
13.982
14.0275
