702.356
449.339
445.99
446.829
449.731
450.266
444.828
444.325
452.066
446.121
454.099
445.605
444.898
446.549
446.847
453.622
444.396
449.853
444.174
450.297
449.932
444.19
445.928
449.299
445.826
465.132
452.001
447.929
444.239
446.638
452.036
445.489
444.907
445.977
447.24
458.966
450.754
446.775
444.209
444.66
454.111
445.077
444.102
446.241
445.959
444.55
446.884
445.123
444.314
457.289
446.564
454.797
444.163
444.342
448.65
444.518
452.718
446.433
447.462
444.253
444.191
461.311
448.707
452.434
446.24
445.77
447.001
452.842
450.842
451.445
452.638
459.411
448.923
444.52
444.11
449.54
444.913
454.844
445.021
448.175
446.8
444.299
458.427
445.087
444.36
446.511
448.268
450.526
447.184
457.551
444.745
452.374
447.908
446.853
444.214
444.232
448.501
445.781
444.159
444.932
