7.87714
7.79753
7.76961
7.81418
8.34436
7.76484
7.76861
7.77923
7.80009
7.83759
7.75334
8.18324
7.74624
8.11415
7.74847
7.7703
7.75611
7.79004
7.7461
7.75967
7.80753
7.74262
7.73819
7.74478
7.7234
7.75235
7.7495
7.7226
7.74768
7.75439
7.76104
7.75627
7.75989
7.74008
7.76502
7.7352
7.7342
7.75365
7.74415
7.73774
7.77187
7.743
7.76173
7.75655
7.74503
7.74904
7.73206
7.73744
7.73626
7.76775
7.77183
7.78252
7.74369
7.76982
7.75507
7.75762
7.77212
7.78773
7.79952
7.76296
7.7798
7.82254
7.79277
7.72866
7.74
7.75229
7.74268
7.76071
7.74632
7.75244
7.77926
7.75483
7.78587
7.75239
7.79531
7.76257
7.78591
7.77407
7.78268
7.77032
7.7551
7.82095
7.75025
7.7563
7.75145
7.77881
7.76338
7.78259
7.75644
7.7514
7.77102
7.75896
7.75241
7.74679
7.74674
7.74233
7.76042
7.77801
7.76675
7.73779
