79.4212
72.842
58.5749
60.3228
130.799
3.74724
57.9618
6.58347
4.85873
3.86596
4.03827
7.43673
7.28553
7.0824
5.39453
3.74697
4.8739
3.82965
7.48075
6.30944
7.54394
7.86104
7.58984
5.55999
7.53815
4.19241
3.85899
3.8519
3.88221
4.37197
3.84145
7.4915
7.11871
4.87907
6.85472
4.54325
3.84903
7.33027
7.19372
7.07441
7.28979
3.90736
3.85544
7.2703
4.74375
7.28762
7.26181
7.28116
7.25854
3.76152
3.92946
3.89084
3.86389
7.46
6.42424
7.27524
7.57099
3.83889
5.50768
5.68093
7.27272
7.25757
7.30742
7.3265
7.43104
3.88904
3.91221
7.12398
7.74827
7.11767
7.50619
3.76848
6.6164
7.26389
7.3244
6.55769
3.88072
3.74967
3.87824
7.32965
5.48244
7.27776
7.33635
6.90538
7.30713
7.32872
7.00171
7.24228
7.28195
11.4064
4.53903
7.8399
3.8964
7.33933
6.46469
3.85583
3.8625
3.82089
3.87774
3.87603
