89.8901
89.8926
90.3528
91.3651
89.9524
90.1598
90.2363
90.5526
86.3683
86.2208
86.3025
87.7274
86.6836
86.5484
87.2301
86.9663
86.6828
86.736
86.9508
87.2116
86.8454
86.8668
86.5957
86.9867
87.4958
86.6844
90.2704
90.5366
90.4493
90.6474
90.355
90.3257
90.8736
90.2886
90.3061
90.5014
90.4154
91.455
90.3789
90.4768
90.417
90.5349
90.312
90.2807
90.3972
90.1587
90.4171
90.9491
90.42
90.4508
91.6431
90.5895
90.5421
90.4009
90.423
90.4314
90.7237
90.5619
91.7575
90.4336
90.541
90.9703
90.7262
90.5408
90.1939
90.6472
90.4274
90.4809
90.3773
90.3786
90.6237
90.4902
90.6471
90.2935
90.7156
90.4144
90.426
90.5233
90.2956
90.639
90.5277
91.1133
91.1106
90.5242
90.5556
91.9359
91.7765
90.8362
90.5431
90.4236
90.5765
90.3243
90.5248
90.5255
91.7843
90.4569
90.7489
90.7466
90.8862
90.7342
