81.573
80.8676
2.94814
2.95472
3.43077
4.69307
2.99469
3.26854
206.274
2.9666
2.93972
3.36297
209.91
3.58413
287.373
290.834
3.08512
3.06513
3.04984
3.03082
3.00849
2.9905
3.36853
3.24662
3.24391
2.98094
3.22883
2.98742
2.98732
223.018
2.9451
3.10691
2.96873
4.1967
3.30477
3.06617
3.35617
3.23598
3.00058
2.99098
5.69969
4.68473
4.40286
3.27359
3.22893
219.727
3.28084
3.01833
3.26393
3.0378
3.07653
3.19706
3.21193
3.19228
3.13149
3.27694
3.1718
270.626
3.21611
3.33555
3.22349
3.23334
3.28891
3.72359
3.28775
3.21678
3.38102
3.00578
3.25113
3.06361
3.10482
2.98072
2.97553
3.01069
274.535
3.01832
3.03301
2.99788
2.98165
2.97789
3.00782
3.09247
3.04625
3.04652
3.0382
3.31502
3.11933
3.24262
2.99175
3.38174
3.24205
3.09606
3.08397
3.28504
3.28348
3.27128
2.98396
3.32463
2.96721
2.94485
