70.5569
30.6334
31.1713
24.5626
25.9191
27.8425
26.2923
28.8538
28.4277
33.9954
29.9483
31.0932
31.2948
31.4261
29.1236
29.8112
30.4418
25.203
32.1438
32.2713
26.5479
28.501
30.9633
30.4825
24.9787
27.5681
30.7357
31.0516
36.2958
28.51
33.851
34.6781
28.8734
26.7324
29.5815
31.0954
24.5719
24.5099
29.345
29.0948
24.7945
29.3091
30.2178
34.0937
28.4117
27.4953
30.8778
28.5741
28.3499
25.2089
29.3334
28.8156
24.5359
25.0975
25.9885
23.63
28.2705
28.6587
28.7052
29.2805
32.638
26.9889
29.5721
35.9855
35.3461
32.2991
31.8073
36.5974
24.0959
24.9615
31.1243
26.5754
28.8092
33.5775
30.6794
31.8648
34.026
30.6891
25.8156
28.5131
34.586
33.9486
24.9326
22.6727
26.9412
21.8931
26.2094
24.2889
22.3986
26.8224
23.6926
28.5029
23.0246
24.5581
25.3178
27.3098
24.6049
27.223
24.5102
23.6854
