383.097
396.591
373.156
370.786
371.23
371.86
383.109
369.875
368.149
380.417
369.694
370.519
370.423
368.016
381.458
381.58
369.757
370.216
386.292
382.72
251.543
379.963
379.018
367.262
379.655
379.686
379.658
382.723
367.552
367.859
369.084
380.288
367.075
381.58
367.375
368.212
369.634
368.969
367.642
368.539
368.278
379.239
370.934
370.105
370.714
380.317
370.071
380.803
238.854
236.224
382.33
383.399
268.841
228.945
229.173
384.912
383.693
370.197
370.625
380.387
367.663
369.611
380.694
369.798
368.967
368.566
368.95
369.778
382.007
369.408
370.317
379.55
366.633
385.146
381.852
370.229
371.544
368.577
370.264
379.454
380.865
379.034
370.54
370.687
372.322
381.391
381.468
380.463
381.366
371.388
367.976
368.832
370.116
382.305
383.083
382.866
369.737
371.947
369.555
368.598
