14.5352
12.842
12.5997
13.2076
12.5581
12.5466
12.5432
12.5448
12.5551
12.4784
12.5645
12.5365
12.5396
12.5283
12.5584
12.5404
12.5198
12.5005
12.5521
12.4875
12.5462
12.363
12.5058
12.4996
12.5035
12.4973
12.5348
12.4934
12.5393
12.514
12.6633
12.4887
12.5209
12.5337
12.5162
12.5046
12.5921
12.5725
12.5462
12.5236
12.3686
12.5499
12.5227
12.3899
12.4769
12.5765
12.5251
12.5618
12.5094
12.5282
12.5097
12.5455
12.5365
12.529
12.5555
12.5127
12.5597
12.559
12.473
12.5939
12.4647
12.617
12.625
12.5328
12.5328
12.517
12.5079
12.5805
12.5501
12.5004
12.5607
12.5382
12.524
12.5377
12.5119
12.5216
12.6137
12.5011
12.6122
12.6344
12.4816
12.5594
12.624
12.5089
12.5593
12.6022
12.6146
12.5125
12.538
12.5216
12.5163
12.4128
12.5522
12.4953
12.4971
12.5901
12.6153
12.555
12.5546
12.6722
