486.623
485.992
485.884
486.25
486.71
486.655
486.049
487.35
486.927
410.486
481.655
487.057
487.091
486.269
486.396
486.405
486.861
486.661
487.876
486.704
487.415
487.215
487.946
485.925
486.593
486.135
486.128
485.937
485.942
485.585
488.096
485.761
486.08
485.858
417.97
486.937
486.943
486.078
486.536
486.308
486.504
486.925
486.743
486.563
486.634
486.035
486.979
486.577
486.522
486.545
485.741
485.885
486.364
476.062
411.304
486.011
486.444
486.229
485.744
486.531
486.583
486.16
486.582
486.368
485.974
485.853
486.599
486.549
486.103
486.277
486.355
486.176
486.325
486.464
486.224
486.713
486.225
488.854
486.056
484.017
410.926
486.077
486.577
486.531
486.796
486.513
486.994
487.467
486.874
487.11
485.98
486.972
486.879
485.272
486.744
411.823
461.629
486.579
486.624
486.787
