267.142
664.757
642.434
488.369
487.75
506.926
486.188
500.931
487.296
515.08
502.467
512.339
489.773
505.745
507.25
530.304
499.403
515.654
501.384
501.887
501.404
517.504
496.779
521.039
496.588
514.55
502.131
506.278
512.636
605.583
504.084
498.077
527.292
543.119
534.289
532.748
539.503
539.683
549.156
546.189
512.934
514.941
535.241
542.06
544.477
567.298
556.3
567.805
544.263
546.443
565.774
601.366
560.99
557.999
567.639
551.908
572.597
570.319
574.804
577.59
632.368
576.907
577.724
581.285
610.544
659.73
574.892
585.792
589.172
572.53
580.852
579.171
665.029
560.027
588.132
588.035
587.781
599.414
669.038
559.533
564.529
591.565
597.414
597.903
609.019
598.46
608.485
594.979
590.124
587.062
618.05
600.652
584.204
616.949
617.128
619.518
629.481
614.33
723.902
612.922
