519.728
53.0747
53.791
47.8019
48.1318
55.1697
55.7056
53.2153
52.9353
47.6442
65.4531
46.1546
47.3315
44.3029
47.0981
46.383
45.3969
62.899
52.1848
50.6465
48.279
45.2872
46.7109
45.3947
45.0681
46.3603
45.8573
45.0359
46.7793
46.5005
46.2907
47.0679
47.2815
46.8582
47.2719
46.8713
45.1005
48.1127
45.7609
49.2345
50.1621
46.1276
45.3897
44.9203
46.3917
46.7611
45.4394
46.0808
44.9674
45.7517
47.2967
46.3061
44.8794
47.9275
46.0303
49.2128
45.7832
53.6285
52.9017
59.1979
47.0274
45.3366
47.3225
46.5734
45.1743
45.8228
47.363
45.8128
46.3939
46.7518
46.9704
47.1732
45.8538
47.3975
47.2853
47.5059
46.1728
46.7156
47.051
45.6278
46.5809
45.1106
46.7518
46.0061
46.3241
46.9815
46.6388
47.5455
67.1727
48.291
50.9993
46.2392
47.0844
45.9382
47.1665
46.3852
47.5176
60.2725
77.8711
48.4134
