503.396
162.507
144.249
143.87
146.646
149.9
145.464
144.114
147.762
144.434
144.146
145.599
144.047
144.116
144.551
144.271
150.549
149.816
149.056
145.837
147.318
144.914
145.668
144.041
147.36
144.077
144.114
146.203
144.062
144.157
143.985
144.218
144.281
145.229
145.385
143.702
144.266
145.162
144.257
143.984
147.373
147.146
145.794
144.135
144.047
144.194
144.269
143.775
144.208
145.132
144.301
145.782
145.265
144.536
143.769
144.093
144.344
144.252
143.943
145.553
143.97
144.149
144.077
145.983
146.958
149.255
146.695
144.529
144.08
146.316
143.896
143.973
144.352
144.395
143.705
144.05
145.327
144.088
144.24
144.014
145.416
144.183
146.461
146.41
144.236
144.2
144.19
143.785
150.051
146.917
145.104
144.064
144.044
144.043
145.183
145.241
144.155
144.249
145.504
144.058
