23.013
8.6488
7.67539
8.32506
8.44648
21.1563
7.72444
21.1994
7.60681
8.5095
20.0894
19.3269
18.5858
7.78865
36.7745
7.73556
8.29767
8.22734
8.49464
8.27943
8.31703
8.33021
8.25865
8.5658
20.4877
8.01529
20.5181
7.58211
8.07365
8.03735
7.99748
7.95828
21.3264
8.15405
16.218
18.5218
18.8965
7.88742
8.32542
8.72498
8.25327
8.39148
8.30801
8.21227
8.15011
20.4758
7.60893
8.24185
21.0457
7.77401
21.1835
18.6782
8.10088
21.1446
7.69082
8.32155
21.1551
19.0358
18.3741
7.58263
8.98193
8.10732
19.7877
15.6882
7.59869
19.6806
18.1037
7.58818
8.03951
8.0507
20.4932
17.8169
18.3407
7.55337
20.9585
7.6857
8.29777
21.2292
7.62362
19.7148
18.1676
18.71
18.3632
7.69798
20.5582
18.8764
18.7437
18.3634
18.5272
10.2494
7.68008
8.29656
8.24574
20.2825
7.58257
20.6526
7.69154
20.9579
18.4037
18.6708
