81.5312
78.1974
78.2711
25.0735
76.2155
76.191
76.3931
76.0976
25.6538
76.6333
146.593
75.4803
141.027
105.515
25.1138
75.2876
143.053
25.1078
144.348
25.1903
25.1727
25.5747
147.168
141.255
25.0769
75.725
25.0817
146.098
25.0863
25.0913
144.339
25.0899
25.0681
25.5799
25.1191
25.4344
25.4911
25.4488
25.4434
25.1118
25.4351
25.4319
25.4379
25.3942
25.4159
25.1417
25.4596
25.4073
25.414
25.4091
25.1465
25.4005
25.4237
25.4117
25.4768
25.3903
25.163
25.4507
25.395
25.4428
25.3668
25.266
25.2575
25.444
25.4075
25.4038
143.777
139.264
75.6972
25.098
25.0838
25.4841
25.4787
143.439
25.0863
25.096
25.1467
25.1843
25.4158
25.4478
25.4532
77.2716
25.082
25.443
25.466
25.4823
25.4766
25.3004
25.2309
25.4765
25.4687
25.4529
25.4588
25.1818
25.4898
25.4673
25.7479
25.7193
25.2685
25.4376
