435.702
85.3966
95.2102
86.5071
83.3666
84.2797
85.7033
85.4575
84.6734
85.2911
85.5407
84.8895
84.9062
85.0457
93.8562
87.8944
84.4671
84.8711
84.6018
90.2304
84.9307
86.5314
84.8808
85.4933
84.5892
83.7362
85.1491
86.165
85.7548
85.7786
84.4393
85.0131
84.7729
84.7738
88.424
84.9444
84.6746
84.5006
84.6283
85.3559
85.3897
89.0298
87.1749
84.6591
89.2743
87.6717
90.4636
84.4984
89.0115
84.523
85.5379
89.5311
85.4725
84.6904
83.2896
84.6985
86.0041
84.6846
85.0242
92.5089
86.3018
84.5704
84.1098
84.1992
85.0835
84.4642
84.6142
84.7617
84.9453
83.3907
84.7077
84.343
83.7437
84.4527
87.3611
84.8418
86.8844
84.789
84.5389
84.4654
85.5134
83.1892
85.2776
87.2026
84.8732
86.0661
93.8132
86.5005
85.0701
85.7461
87.8258
86.5928
86.6604
86.0392
85.4623
84.4058
87.1758
92.3396
86.0455
85.5704
