193.133
90.7506
88.7847
82.5006
80.6359
82.7142
90.9123
101.396
80.7191
79.8792
104.562
85.3705
87.0548
83.899
77.4646
79.611
86.2514
80.8677
85.8249
82.6754
83.7962
87.7879
73.1089
83.3155
92.4447
79.183
73.8775
77.7015
73.8891
73.8389
82.6103
84.3743
88.4442
74.9305
78.9943
86.4923
99.4959
84.2189
74.0957
94.9499
77.5919
75.7953
71.863
69.5742
79.2766
78.4561
82.1331
85.4913
76.3016
86.0004
98.119
83.7059
78.7193
73.4288
71.6723
78.4136
70.7752
70.2369
72.5258
75.0662
81.7448
73.1103
79.3054
69.8162
69.684
71.1784
70.891
79.7035
82.9904
76.9508
82.9595
74.3248
75.7758
77.7
76.602
92.964
73.9603
71.3485
101.839
83.6379
74.8851
68.7451
73.7274
71.2666
78.1424
74.9868
80.3078
80.1725
73.9158
77.8511
80.0158
72.4769
73.896
74.254
72.7663
72.9693
72.3267
77.5448
73.0094
76.8289
