499.007
178.74
179.508
175.683
175.568
176.935
182.186
176.113
178.822
177.872
177.267
176.907
181.578
178.045
178.391
176.853
177.13
180.609
184.672
180.758
176.304
179.77
191.775
177.724
177.751
177.494
178.854
178.705
178.025
197.245
183.454
175.798
178.306
175.853
179.383
176.968
178.191
177.568
177.942
177.197
181.868
175.934
178.578
178.001
176.998
178.135
176.956
175.984
178.257
181.026
177.489
177.967
178.977
178.44
177.785
182.996
178.26
180.289
180.661
178.173
178.424
178.163
176.578
176.943
177.418
177.875
179.618
176.653
177.996
177.949
175.605
178.837
177.888
176.981
179.935
178.86
176.357
176.413
176.261
177.63
175.995
177.836
177.564
181.406
176.929
176.783
176.743
177.88
176.356
176.236
179.63
188.926
177.776
176.933
180.893
177.321
179.018
178.117
181.277
176.293
