21.3653
20.9128
22.1628
21.835
20.8515
21.2668
21.0337
21.1345
21.5292
22.1713
22.3423
21.1686
21.1136
20.8278
20.5014
20.9279
20.9407
20.8379
21.3702
21.4839
21.0415
21.37
21.1837
21.2621
21.872
20.7859
20.8552
20.9076
21.8374
21.4053
22.4087
22.0933
22.0254
21.8205
21.083
21.2101
22.1899
21.927
20.733
21.0937
20.6837
21.0595
21.0973
21.3204
21.27
22.1222
22.1749
22.0574
22.1468
21.3991
22.2256
21.107
20.9282
21.0934
21.5261
22.4493
22.4596
21.6285
21.5539
21.8753
22.1744
21.4131
22.0195
21.109
22.4866
21.8248
22.2549
21.3258
22.3391
22.4482
22.3412
22.5924
21.8007
22.2972
22.602
22.0413
21.8303
22.0501
22.1545
21.9234
21.1251
22.077
21.9868
21.0821
21.2355
21.6687
22.0916
21.0719
20.8537
20.9169
20.8419
21.125
21.154
22.0017
20.9841
21.339
21.1358
20.7853
20.922
21.3401
