50.7829
518.282
502.83
540.47
520.21
519.598
598.738
557.294
528.868
540.378
547.784
623.544
514.795
533.191
515.176
563.56
540.914
529.316
553.082
540.535
517.097
600.039
521.923
564.401
539.678
546.016
534.299
558.232
610.153
553.139
550.163
550.133
542.815
575.161
540.364
671.553
571.043
568.17
548.807
540.257
544.14
557.834
572.402
555.827
550.161
550.063
630.647
563.446
551.002
561.813
548.946
554.531
596.304
555.646
561.965
578.31
582.756
579.055
608.472
594.878
578.886
592.083
561.022
593.671
590.087
589.043
589.041
587.219
624.078
585.175
580.685
683.288
587.899
621.619
615.827
658.833
601.999
622.412
606.981
648.795
602.297
617.216
611.033
613.672
665.649
606.191
572.206
620.492
665.234
609.894
739.156
619.252
614.449
712.152
609.801
672.876
596.811
614.721
605.682
619.803
