373.037
139.344
139.558
128.337
135.915
133.962
131.09
124.699
129.373
140.867
132.946
125.333
122.548
121.743
140.118
125
129.588
127.151
132.681
129.876
124.986
135.001
122.342
121.47
123.469
131.366
122.439
123.562
121.849
123.188
122.725
125.025
123.792
135.753
129.923
124.244
133.22
128.988
121.842
126.458
131.067
122.374
122.201
120.858
128.216
122.184
126.1
125.969
122.888
122.355
123.363
135.541
125.696
126.763
128.622
124.401
122.108
120.973
124.134
122.846
120.961
121.814
135.799
120.516
122.139
122.325
127.059
121.586
122.702
122.068
120.587
122.688
122.732
126.778
122.799
123.941
121.497
131.907
122.419
121.672
122.013
121.02
121.304
122.35
123.44
121.026
121.934
120.95
123.937
122.937
130.675
126.258
127.471
120.545
121.649
129.435
124.493
125.358
134.205
127.152
