1008.57
487.212
452.506
495.309
457.272
460.41
471.317
459.236
465.711
466.285
481.86
480.486
512.901
482.411
487.06
465.449
456.412
439.807
445.234
433.207
450.786
481.461
462.933
477.37
468.781
442.711
479.356
463.18
466.32
492.191
485.03
771.004
436.634
435.071
440.067
440.015
439.893
439.739
449.699
440.046
436.861
441.134
445.176
439.452
446.533
447.262
435.659
437.636
435.165
431.217
435.303
431.616
435.791
434.647
443.961
440.316
465.976
425.613
427.034
420.957
421.029
437.818
421.401
424.7
430.221
423.785
413.233
418.764
411.718
440.431
424.522
420.126
418.941
424.42
424.439
416.005
420.411
414.074
422.801
421.382
422.059
420.3
430.024
421.67
418.062
419.454
418.078
420.626
1575.94
438.093
454.35
449.255
442.326
419.155
429.6
419.731
425.693
533.199
423.337
460.641
