110.772
6.1842
5.80345
6.44389
62.4339
5.44389
5.42811
7.56597
59.0005
4.34427
4.3571
5.39979
60.7969
4.36955
5.37248
5.31679
59.3191
4.45991
4.4313
6.42937
59.4982
4.88932
4.88743
8.09028
57.5454
3.26424
4.34422
3.24586
3.28107
3.24411
3.32814
3.27332
3.37473
3.31403
4.27078
3.30921
4.30296
3.3113
3.28921
3.30699
3.28618
3.25602
3.30068
3.34547
4.26901
3.26595
3.30744
3.29474
3.32036
3.2764
4.13152
3.25363
4.34651
3.28912
4.24617
3.29958
4.33063
3.3266
3.28457
3.30443
3.29984
3.29664
14.8552
20.1029
4.2988
4.30105
4.31424
4.32492
4.31958
4.33985
4.31339
4.34388
4.30431
4.32668
17.0394
4.30546
18.1338
4.32751
4.35309
4.31417
4.36564
4.3725
18.0768
4.30101
4.35661
4.29608
4.31151
18.1066
4.33022
4.3509
4.36267
4.34559
4.30088
4.35988
4.31977
4.34288
4.31406
4.35786
4.38615
4.36175
