58.2768
11.4464
11.4205
56.6417
8.38307
22.205
25.5274
55.8917
8.78976
9.43656
9.80183
72.1882
9.10372
8.97017
8.97584
85.1775
8.74246
8.86095
8.76477
60.4415
9.06278
8.98246
10.5
54.5435
8.33881
8.39005
8.32857
8.68227
30.0547
8.72587
8.77354
8.9342
8.78229
9.05439
24.2669
8.4897
9.13241
9.05573
8.84171
8.93629
8.7662
8.61761
8.42316
8.72603
8.79038
8.89554
23.7429
8.44331
8.77748
9.02745
8.57245
8.75982
8.99728
8.45213
23.9792
8.5321
24.403
8.52335
23.9708
8.40575
23.9544
8.42808
24.6229
8.42751
9.05132
9.13855
8.86726
8.49259
23.9451
8.44243
8.99067
8.88157
24.005
8.43259
8.7618
9.06656
8.92772
8.80659
8.91064
8.50962
23.9329
8.55691
23.9674
8.51275
24.0943
8.43145
23.9192
8.49268
24.2229
8.41372
8.97971
8.45976
9.00059
24.2559
8.42939
8.97178
9.00204
9.03799
24.0199
8.57049
