231.645
222.486
224.655
225.272
221.966
222.321
221.464
223.885
223.873
222
222.954
222.504
223.014
221.528
222.269
222.968
224.919
222.739
228.614
221.876
220.624
221.956
220.746
221.265
221.187
221.323
221.225
223.206
342.071
352.127
352.14
352.331
352.071
355.405
357.043
296.265
231.837
231.292
227.243
228.917
234.026
239.184
220.971
223.503
233.47
220.104
222.034
235.18
222.103
220.531
220.272
221.466
221.142
225.576
219.949
250.778
220.036
221.017
220.11
222.336
222.325
221.008
221.901
222.975
222.631
220.73
221.125
225.545
223.762
224.045
224.971
222.486
223.867
222.314
222.964
221.688
222.233
223.851
222.63
221.904
223.324
224.668
221.197
223.003
221.448
222.409
221.391
222.248
222.075
224.034
224.602
223.014
223.605
222.447
222.153
221.118
222.136
228.526
228.658
229.104
