659.12
287.955
271.426
263.092
289.608
266.363
257.377
291.563
256.073
261.516
278.971
265.884
259.782
260.669
262.069
277.138
296.423
277.836
266.027
281.692
270.849
267.878
265.08
262.531
269.065
272.304
265.187
271.545
267.96
272.722
263.121
261.892
269.338
268.965
260.026
257.125
273.255
267.511
253.634
277.313
285.38
302.395
278.555
261.556
278.832
271.008
295.325
280.081
286.1
293.716
276.275
275.129
289.3
285.541
298.37
276.577
281.339
293.765
288.996
260.242
259.964
252.698
253.735
265.728
278.874
256.232
265.974
273.928
260.796
262.692
264.528
262.064
265.018
267.671
277.259
267.149
262.466
254.444
266.967
265.483
258.96
261.219
261.668
248.065
264.433
264.231
258.866
267.45
263.064
261.673
266.899
265.924
265.705
257.034
250.803
259.942
288.613
278.488
283.752
310.972
