179.096
177.732
26.5494
22.4807
20.2029
256.83
21.2817
20.4287
18.6577
18.7909
18.1818
172.389
19.0768
22.675
18.919
20.4876
18.5721
20.885
18.6048
20.2562
18.1902
262.299
21.3041
20.0122
18.258
18.5487
18.5456
18.4724
19.2163
18.2879
18.9542
18.536
18.2639
18.5312
18.2922
18.4955
19.5537
18.3314
18.8277
18.3915
19.2045
18.1872
18.6335
18.3182
18.2357
21.0867
19.5447
19.7778
20.1246
20.2248
18.6306
18.5172
18.279
18.2677
18.5371
18.3703
18.5981
18.6563
18.5091
18.2629
18.8229
18.1892
18.468
18.5669
18.2492
18.4432
18.5076
18.6037
18.1188
18.6634
18.1295
18.0209
18.2304
18.6524
18.808
18.4187
18.4432
19.1798
18.2925
18.2236
18.5343
18.9334
20.3965
18.7354
19.8911
18.8094
18.7642
18.6261
21.5852
18.3873
18.8748
18.1619
18.1473
18.1347
18.4425
18.0464
18.3178
18.1655
18.2519
18.2102
