508.916
187.837
146.38
149.508
153.534
215.388
151.544
153.753
147.91
147.472
152.293
148.412
154.922
150.119
150.004
148.623
144.077
144.504
145.251
144.843
147.659
144.736
144.187
144.282
144.999
144.272
144.349
145.277
144.803
146.821
150.757
149.84
145.973
145.456
144.356
144.266
144.436
144.086
144.373
144.639
144.369
144.056
144.377
145.281
144.212
144.844
144.284
144.383
143.984
144.367
148.836
145.761
145.116
144.183
149.41
147.548
147.64
148.468
146.943
145.838
144.332
144.13
144.144
144.098
144.299
145.051
144.272
145.23
144.181
144.149
145.106
146.466
144.082
144.341
144.373
144.383
144.248
145.165
145.347
151.279
149.568
143.913
144.361
146.133
148.532
144.314
144.125
144.111
144.329
143.974
144.015
146.63
144.317
144.108
144.466
144.775
144.535
145.431
144.431
144.559
