3876.55
2332.07
2147.99
3226.03
3286.45
3404.47
3440.95
3407.31
3325.14
3351.87
3138.44
3177.28
3164.21
2726.27
2574.28
2612.92
2695.59
3044.72
2992.69
2890.85
2542.63
2434.04
2380.58
2425.96
2737.78
2718.25
2787.03
2746.28
2659.44
2565.76
2286.53
2369.9
2259.71
2250.35
2522.9
2533.01
2438.58
2651.24
2424.57
2200.93
2146.17
2118.63
2394.11
2317.84
2341.69
2376.37
2395.28
1999.09
2000.75
1939.6
2001.19
1936.68
2204.88
2229.04
1920
1846.66
1970.89
1951.86
1854.87
1908.64
1916.81
1808.6
1801.81
1840.04
2124.84
2089.49
2093.66
2120.87
2157.11
2082.93
2091.46
2109.73
2109.83
2102.46
2075.88
1843.98
2146.04
2080.58
2216.04
2094.62
2095.82
1853.53
2103.49
2163.04
2103.38
2092.88
2082.16
2092.39
2129.58
1845.85
1868.45
1825.51
1804.82
2083.07
1962.27
1938.37
2092.52
2123.26
2082.24
2101.49
