75.0159
74.9826
74.8842
75.0683
75.3006
75.0156
74.8095
74.9345
74.7629
74.9633
74.9063
75.2852
74.8478
75.2812
74.8063
74.8096
75.2053
74.9231
75.0563
74.9148
75.0087
74.9624
75.0915
75.0454
75.0766
74.9034
74.8954
74.9825
74.9684
75.299
74.8134
74.9027
74.9015
74.9285
75.8936
74.9621
74.9544
74.9819
75.0409
74.8416
74.9328
75.03
75.1826
74.9846
74.9839
74.8191
75.142
75.0617
75.0281
74.9255
75.0213
74.9685
74.9521
74.8239
75.0883
74.9439
74.9544
74.942
74.9982
75.0412
75.0366
74.8937
75.0546
74.9935
75.0969
74.7963
75.0354
74.8236
75.0106
74.817
74.8937
74.949
75.0584
74.8502
74.9168
74.9066
74.9936
74.9056
74.877
74.968
75.0305
74.8739
74.8009
74.861
74.9299
74.9224
75.2245
74.9179
74.808
74.8367
74.8068
74.9876
75.1479
74.9195
74.8733
74.9542
74.9812
74.9054
74.971
75.0596
