67.7563
64.3639
61.9471
3.5528
3.54596
3.50772
3.58637
3.58372
3.60425
3.63588
3.5738
3.61624
3.50115
3.44585
3.58226
3.65597
226.006
4.15923
3.7306
3.50239
3.60103
3.58243
3.72668
3.59364
4.43764
219.676
3.49752
3.75023
3.4898
3.62886
3.53665
3.72602
3.5948
3.57958
3.5367
3.4329
3.63933
3.48209
3.55135
3.53806
3.47077
3.61019
3.46485
3.49457
3.46576
3.60296
3.59382
3.51384
3.53767
3.49689
3.50075
3.48319
3.57715
3.49979
3.5116
140.342
3.49526
3.46306
3.52604
3.45428
175.395
3.57293
3.50771
3.54432
3.51787
3.53796
3.59779
3.48675
3.47358
3.59783
3.48235
3.47682
3.39678
3.41049
3.65403
3.48857
3.56165
3.51883
3.51133
3.48218
3.51408
3.53864
3.54629
3.50786
3.53081
3.47728
3.56963
3.57571
3.50079
210.127
3.48495
3.45177
3.48604
3.54686
3.48991
3.45076
3.53431
3.45295
3.60047
3.43331
