518.481
184.555
197.878
192.664
193.936
187.122
181.75
181.203
181.487
183.018
185.377
181.542
180.688
185.236
185.107
186.34
181.506
180.861
183.764
179.987
189.375
184.819
181.299
186.606
210.19
196.877
179.526
183.027
186.403
180.237
181.05
181.718
185.387
180.329
180.995
185.247
184.219
183.292
182.379
187.942
182.076
183.252
185.231
185.612
184.413
180.217
188.537
183.189
183.896
183.308
181.098
188.01
183.322
180.769
197.279
188.009
181.69
184.359
179.544
183.876
184
182.744
185.028
198.28
196.095
217.082
181.883
185.601
204.639
190.165
183.726
198.193
183.552
187.228
197.25
187.432
193.003
182.577
185.375
203.023
186.725
185.172
192.006
198.998
184.893
188.563
187.846
183.594
187.965
191.091
195.804
186.193
183.573
209.297
189.552
190.928
192.089
186.525
183.387
183.458
