60.6151
83.9918
3.65382
56.6317
53.5311
3.55026
53.2043
53.4734
3.66662
3.55414
53.5333
53.803
53.7454
3.53839
3.56644
53.9437
3.5788
125.547
53.9029
53.9991
3.5757
3.59227
53.7625
53.8395
53.6441
53.7935
54.0604
3.54101
3.53973
3.49752
54.3757
3.57828
3.60171
3.54981
3.59909
3.56468
3.64544
54.9125
3.51949
3.64722
121.084
3.59621
3.59578
3.54418
3.51999
3.55845
3.5602
3.57717
54.3074
119.823
3.5489
3.52685
3.55663
3.55403
118.912
3.57693
3.58082
3.60664
3.52872
3.57637
3.62012
119.464
3.57667
3.59337
3.58965
3.53899
54.0978
3.53835
3.65605
3.58973
117.509
3.64192
3.5567
3.59542
3.55748
3.56581
54.2696
3.6559
3.5858
3.53923
3.55543
119.26
3.56282
3.59296
3.50753
3.62485
3.57856
3.59699
3.51829
3.61524
3.57399
119.517
3.58633
3.62519
119.211
3.6011
3.56382
54.3381
118.937
54.3788
