1019.84
711.129
704.779
705.004
706.688
703.49
708.626
704.626
704.791
705.778
709.264
707.785
705.057
706.905
711.157
703.45
703.675
704.193
708.336
704.676
707.668
703.897
711.508
710.368
702.934
708.96
702.126
706.729
703.967
706.423
705.615
702.757
709.022
706.503
705.494
708.98
703.661
707.52
703.593
716.115
708.92
705.882
704.76
703.585
709.153
705.39
714.14
706.19
705.267
704.232
702.782
706.724
705.599
707.343
705.931
706.781
717.257
708.504
715.462
703.629
703.823
708.219
709.726
706.047
715.356
705.118
708.477
704.181
703.879
706.606
705.908
706.928
708.196
703.458
705.798
705
703.53
705.564
707.379
705.625
703.409
718.003
705.292
704.531
705.237
703.474
704.107
703.958
708.021
709.886
708.893
714.106
703.927
703.679
703.449
707.489
705.639
708.793
707.595
706.196
