468.827
468.656
453.954
452.455
453.513
453.062
461.408
452.385
472.221
458.844
437.46
455.921
456.157
452.692
472.522
459.426
471.373
469.779
439.756
453.137
442.092
463.376
466.129
438.497
446.699
438.681
470.368
452.331
458.633
454.449
466.002
467.432
458.873
456.389
451.412
454.41
470.906
470.423
466.44
453.06
455.768
439.612
469.038
458.126
455.553
467.228
463.362
465.441
465.901
437.466
438.144
446.896
439.288
444.85
441.717
444.125
453.152
440.254
449.998
469.348
455.21
448.942
459.031
456.836
471.306
469.705
470.432
442.879
446.69
441.362
445.695
448.118
447.021
470.696
444.919
450.633
458.624
452.648
447.931
456.944
456.381
441.494
468.686
475.027
455.086
442.957
453.704
456.022
442.385
470.717
462.524
446.316
438.47
450.359
438.741
470.514
458.214
421.288
445.459
418.861
