332.586
323.85
325.102
323.761
323.813
319.762
325.475
323.986
324.524
325.697
322.551
322.767
321.957
325.083
323.491
324.569
324.994
323.421
323.666
322.71
324.786
322.35
324.477
324.442
323.122
325.859
324.858
327.143
325.236
326.131
326.756
325.156
323.275
325.977
324.719
327.299
325.612
325.091
325.801
323.865
322.717
323.834
323.924
324.409
326.15
325.389
325.156
324.72
325.172
323.685
322.264
326.989
323.54
323.212
323.757
324.703
324.608
325.865
324.359
323.19
321.916
324.489
324.801
324.165
324.997
325.004
323.528
325.342
327.694
322.513
324.753
325.347
324.491
323.806
324.549
324.282
325.199
325.475
325.879
324.265
325.497
322.89
325.418
323.755
324.318
324.966
324.741
323.451
325.145
323.591
322.104
323.898
322.284
322.603
324.743
326.631
324.532
325.067
324.871
324.07
