79.8091
79.4341
79.4358
79.4376
79.4677
79.4194
80.3118
79.4597
79.4493
79.4357
79.6206
79.4375
79.4532
79.4366
79.6159
79.431
79.457
79.4435
79.5562
79.4363
79.4538
79.4366
80.3069
79.4328
79.4382
79.4346
79.4326
79.4364
79.438
79.4327
79.4381
79.4454
79.421
79.4316
79.4297
79.4356
79.4368
79.4303
79.4338
79.4345
79.4296
79.4343
79.4336
79.4383
79.4434
79.4202
79.435
79.4324
79.4337
79.4328
79.4318
79.4366
79.4343
79.4298
79.4375
79.433
79.4377
79.4452
79.4192
79.4339
79.4364
79.4334
79.4349
79.4344
79.4363
79.4327
79.4324
79.4323
79.4355
79.4338
79.4395
79.4415
79.4188
79.4335
79.4342
79.4338
79.4352
79.4343
79.4331
79.4342
79.4335
79.457
79.4298
79.4396
79.4412
79.419
79.4351
79.4333
79.4354
79.4344
79.4347
79.4364
79.4387
79.4326
79.4374
79.4356
79.4427
79.4413
79.4248
79.6567
