506.181
155.144
246.033
240.104
25.8505
234.515
151.206
235.51
152.798
242.897
23.7103
167.25
21.6488
225.97
22.6963
228.264
226.716
223.794
224.602
226.203
24.6856
224.765
231.064
225.651
225.478
23.1015
192.321
154.974
227.65
23.1015
25.6897
224.636
222.181
222.171
223.417
21.8616
24.0241
223.077
222.732
19.948
20.9975
223.391
220.721
229.947
221.903
22.3052
153.678
20.3389
155.278
152.911
22.5186
19.5795
20.8317
223.977
186.377
21.4596
224.213
19.3551
19.7046
20.7701
152.127
20.186
19.4797
148.026
23.5137
21.5728
19.0437
21.7163
210.024
203.774
224.612
23.7855
21.7065
22.2322
23.2689
222.458
222.671
225.047
22.2131
22.2449
22.8707
220.631
19.7112
223.014
223.841
24.0269
19.7087
20.7188
22.3455
22.8981
20.2051
22.2516
19.1116
151.735
222.807
222.912
22.4305
224.592
22.1481
220.243
