66.0544
63.1279
65.8797
8.26988
10.7288
8.4459
8.48195
8.30888
8.50999
8.52107
8.42628
8.42524
8.56381
9.22513
8.41737
8.3137
8.61272
8.55637
8.39612
8.53982
8.39656
8.39991
8.65128
8.40828
8.50144
8.40337
8.55512
8.57075
8.58224
8.40052
8.4082
8.42183
8.53072
8.50094
8.39599
8.55711
8.49594
8.53426
8.28455
8.48255
8.51672
8.48569
8.52748
8.54893
8.40151
8.56322
8.61636
8.39743
8.55613
8.61774
8.56174
8.40268
8.37649
8.62495
8.39324
8.39395
8.40324
8.40416
8.5015
8.39186
8.51365
8.27947
8.39963
8.29014
8.40309
8.47551
8.50591
8.64299
8.419
8.34521
8.6554
8.55982
8.53948
8.46193
8.54244
8.64445
8.48369
8.60662
8.54059
8.57207
8.56536
8.57514
8.56001
8.45056
8.57499
8.47846
8.49934
8.54701
8.63608
8.57978
8.64822
8.617
8.56288
8.54881
8.46471
8.65411
8.6317
8.53847
8.56255
8.56054
