80.1249
80.2689
80.8429
81.2123
81.4143
81.2742
82.1284
82.2128
81.3045
81.3043
80.9401
80.706
80.8892
82.8144
82.8294
82.8908
82.4395
81.4177
81.9191
81.888
79.974
79.6796
79.7879
79.8983
79.582
80.2132
81.1251
80.3455
81.9201
81.2372
80.5963
81.2782
80.9065
81.389
81.0671
81.2528
81.3704
81.3002
81.6205
82.9775
81.401
150.082
79.7765
79.5843
79.4412
79.6386
79.7898
79.5649
79.8917
80.3536
80.7363
82.0039
80.9852
81.1003
81.9507
81.0389
80.7191
81.4684
81.0122
81.3188
82.4465
82.1592
82.006
82.6727
151.075
80.3051
80.6569
79.7612
79.6223
79.9825
80.2525
81.4282
80.9881
81.973
81.2139
82.0811
82.363
81.9903
81.2796
81.1383
82.3945
80.835
82.478
82.4788
82.4209
82.2675
82.3239
152.576
79.8795
79.8653
80.5379
79.9961
79.6092
80.4005
80.6385
81.1153
81.9393
81.6238
82.4957
81.8558
