209.577
177.675
171.267
93.4206
86.2389
90.2679
4.81898
4.85525
4.86757
11.7367
266.582
5.06404
4.85591
4.89527
4.89492
4.82702
4.86215
4.87572
10.9781
8.26979
8.81831
10.9944
11.0809
5.20321
10.5224
7.5518
5.87127
5.45321
6.83128
11.7539
10.9367
10.2914
4.98714
12.0072
11.2983
11.0938
12.6192
7.15129
6.09075
10.8947
12.4907
12.5359
10.3787
12.1308
14.4769
8.16759
5.64269
6.1904
5.45048
5.03312
5.0452
4.89121
4.83921
11.1157
12.2644
9.1847
12.7679
12.2783
30.6556
42.4625
13.289
12.1616
30.9394
4.82741
7.24868
12.2333
11.9462
6.24588
11.5161
11.6856
11.8741
12.9432
11.8391
11.7162
9.19924
11.9961
11.9923
5.5097
5.02532
12.6548
12.0928
11.891
12.4511
12.1526
5.3982
28.289
12.0694
12.9201
5.99268
11.9147
11.7639
11.1107
5.64377
5.79905
11.0811
8.41187
6.00972
11.1471
10.4265
10.2439
