315.329
25.2956
25.293
29.8703
30.0612
27.8906
25.2144
25.3714
25.3305
31.6763
30.6276
29.9057
31.4912
36.1171
28.7098
27.4547
30.4583
34.196
28.8521
29.6506
27.3594
39.6847
28.42
33.4216
30.0908
28.5116
28.2711
29.0854
27.6753
29.8941
30.2302
29.1609
25.7038
31.7846
29.2406
39.78
40.8618
36.3454
38.3084
33.7447
30.5672
25.7447
25.2092
25.2677
25.2414
27.8678
25.0626
25.3
24.6928
24.8469
24.764
24.7705
24.7885
24.4835
25.0382
29.7749
24.1091
24.5609
24.4122
25.1078
24.5723
24.6087
24.7577
25.2504
31.0934
32.0794
33.9585
25.6302
30.8529
26.2198
27.4061
24.9724
24.6463
25.1511
25.003
24.8227
24.927
24.7702
24.7067
25.0677
26.1647
24.9011
38.3732
24.596
24.7265
25.9534
24.8676
24.8898
34.2635
28.62
27.3291
27.6183
24.6808
24.7145
25.3073
24.5401
24.9866
27.8803
29.5656
57.3411
