7.71936
7.37471
7.37446
7.37504
7.3983
7.38033
7.78075
7.36809
7.38775
7.37019
7.50806
7.34888
7.39501
7.39922
7.51713
7.3729
7.38853
7.36674
7.50597
7.3736
7.39464
7.36605
7.892
7.3773
7.38022
7.37324
7.37692
7.37286
7.37519
7.37889
7.37676
7.37987
7.37537
7.37676
7.37292
7.3754
7.37506
7.37617
7.37749
7.36912
7.37042
7.36877
7.37914
7.367
7.39945
7.3808
7.37622
7.38027
7.36608
7.37784
7.38085
7.36282
7.37033
7.37786
7.38531
7.36241
7.3814
7.3776
7.37013
7.34784
7.37566
7.37094
7.37927
7.37524
7.36515
7.36917
7.3764
7.375
7.37497
7.35555
7.3678
7.3727
7.38276
7.37887
7.3676
7.36802
7.37426
7.37545
7.3678
7.37983
7.36806
7.37073
7.37482
7.37254
7.37933
7.37894
7.38172
7.36594
7.36129
7.37883
7.37238
7.3744
7.36545
7.36165
7.37839
7.36951
7.37343
7.37329
7.37647
7.37702
