103.521
103.579
103.601
103.537
105.303
104.039
103.754
103.664
103.163
103.339
103.664
103.884
103.35
103.364
103.631
103.518
103.461
103.378
103.362
103.278
105.449
103.467
103.324
103.439
103.886
103.256
104.131
103.444
103.291
103.759
103.438
104.002
103.057
104.277
103.53
103.416
103.56
105.736
103.254
103.507
103.673
103.437
103.384
103.426
103.339
103.931
103.515
103.384
103.728
103.341
103.713
103.435
103.375
103.621
105.057
104.051
103.778
103.451
103.716
103.401
103.546
103.141
103.839
103.761
103.966
103.332
113.41
103.189
103.442
103.745
104.06
103.775
103.314
103.713
103.508
103.251
103.111
103.391
103.286
103.42
103.384
103.581
103.667
103.355
103.949
103.642
103.376
104.915
102.97
103.318
103.691
103.397
104
103.414
103.73
103.349
103.36
103.671
103.49
104.058
