7.76016
7.46996
7.4582
7.50478
7.5118
7.47376
7.48776
7.46319
7.47156
7.44981
7.48446
7.47137
7.47567
7.46322
7.4539
7.47993
7.46688
7.47475
7.51092
7.49664
7.4958
7.49372
7.4841
7.49188
7.48951
7.48934
7.48504
7.49118
7.49069
7.50039
7.48259
7.47238
7.46912
7.47458
7.50341
7.48273
7.46572
7.47156
7.53409
7.46945
7.4743
7.46472
7.45407
7.46699
7.47993
7.45695
7.45332
7.47642
7.45901
7.79294
7.492
7.47429
7.46687
7.50783
7.46866
7.46136
7.47485
7.46994
7.46387
7.47168
7.46905
7.47962
7.47287
7.48624
7.45812
7.46151
7.4654
7.48642
7.49351
7.46033
7.46627
7.46856
7.48096
7.45953
7.47878
7.49158
7.47607
7.48172
7.51554
7.49025
7.46182
7.49955
7.47216
7.47553
7.46419
7.49815
7.45203
7.47178
7.50032
7.47136
7.47375
7.45531
7.51206
7.46869
7.47962
7.50165
7.46094
7.47244
7.45802
7.45444
