48.9865
50.5126
57.5356
56.9697
57.089
57.5882
62.7219
61.1814
61.4946
61.8971
58.2909
58.7904
58.5269
58.2707
59.2769
59.9942
59.3311
58.8353
59.5608
62.7675
64.9029
60.5803
59.3575
59.1636
60.198
59.0148
58.5827
61.2571
60.8165
61.8217
59.9638
58.978
59.9484
58.6407
59.993
61.234
60.2553
60.9835
60.2012
58.841
58.3053
61.6129
58.6653
59.2133
60.7958
60.1119
61.0764
58.4047
58.8839
57.9282
60.827
58.1485
58.0544
59.3816
58.8047
58.389
59.7742
59.235
58.1625
57.6303
57.8267
59.443
60.4796
59.5405
59.385
61.2338
60.2057
58.8736
59.1315
59.4725
58.5688
58.4481
59.8272
60.359
60.9355
59.0367
59.141
59.4689
58.5608
60.0968
58.9841
58.942
58.7948
58.7077
58.1911
58.6729
59.5866
58.9125
58.2411
60.2155
59.0924
59.8146
60.013
63.1702
59.7765
60.3822
59.1012
59.4545
61.5605
61.6368
