695.385
400.734
423.944
353.616
362.643
329.244
278.421
345.634
362.084
352.015
356.848
342.65
283.799
379.994
342.609
378.919
399.942
350.694
302.142
336.683
346.343
394.263
302.995
357.789
379.199
381.537
323.692
399.074
276.886
382.822
346.208
257.938
365.869
357.544
345.577
379.015
352.194
365.791
332.806
313.994
329.611
364.18
278.415
303.694
320.488
240.48
364.424
437.314
330.291
262.138
284.608
282.049
264.586
326.688
326.045
341.84
369.827
302.973
360.42
338.274
322.484
331.725
337.847
341.609
351.723
325.661
372.038
348.94
355.342
329.523
375.967
339.226
312.26
222.321
316.371
366.685
369.919
300.178
283.804
376.644
348.965
273.908
347.413
348.196
338.109
329.784
409.221
345.752
349.366
332.167
231.415
219.031
294.068
387.127
312.836
359.716
338.747
386.134
247.999
373.504
