267.739
24.7789
24.951
24.5919
25.3953
27.1293
25.1591
24.5971
29.3906
25.4708
26.9759
25.7938
30.846
25.4305
25.5274
25.2386
25.7121
25.4041
25.3916
25.1006
27.1591
35.2067
25.1323
26.9438
25.8675
25.5574
26.9116
26.1063
25.2317
26.0989
26.139
27.0124
25.6728
25.3427
25.5971
25.2605
25.0237
23.6941
26.0748
25.4466
25.8107
35.5858
26.0195
27.6128
26.3416
26.4141
26.2235
26.6735
45.6318
29.8489
25.2133
25.916
24.7435
24.9215
43.1905
25.9207
25.5569
25.5049
27.1308
26.7811
27.2327
25.9706
25.9534
26.1783
26.1219
26.8321
25.6978
24.6295
25.754
25.0009
25.7558
29.4987
39.5616
26.715
25.7781
25.5036
25.6967
31.5668
25.4575
25.4298
26.5927
26.0264
37.7484
25.7223
25.0576
25.9798
24.9511
25.9338
25.1943
26.1519
25.0408
25.5781
25.1042
25.6758
28.1969
24.7261
25.3913
26.4934
27.3859
27.8471
