460.657
50.0576
54.8545
52.7452
49.2834
52.4158
48.9544
59.7293
77.545
53.3129
58.0021
50.4207
49.3073
47.7618
46.1633
46.1731
45.8906
91.4813
61.1328
45.7221
47.4158
50.6808
45.0503
45.3722
46.0595
50.6464
46.3059
61.9524
46.3918
49.5669
60.6467
46.0419
51.2624
46.6068
45.7652
48.8928
61.3348
61.7663
46.502
45.3756
45.9176
46.1154
45.7142
45.1509
49.0688
45.7921
46.6204
53.5828
46.2738
46.5633
47.462
47.9709
45.7781
45.9837
46.5305
63.4969
48.9452
102.293
46.5683
46.5659
45.605
45.8479
45.992
45.3761
46.1097
48.2574
57.9783
47.3269
46.1205
45.9501
48.0869
46.8048
45.3897
45.6179
47.1065
51.6998
50.4004
50.8316
51.8666
46.5994
47.5107
46.5017
46.8431
45.8932
45.4153
58.6431
46.23
45.4379
46.4452
51.0003
45.8233
45.8044
45.496
46.4689
62.3007
47.7278
52.7067
46.8282
46.1098
45.4728
