40.7313
40.3679
40.2008
40.2076
40.798
40.3456
40.1922
40.2106
40.2914
40.3805
40.2159
40.2273
40.3971
40.2207
40.1788
40.1976
40.2178
40.221
40.2117
40.216
40.2407
40.2681
40.1907
40.2661
40.2001
40.2057
40.2104
40.2252
40.1911
40.2079
40.2095
40.203
40.2134
40.1906
40.2457
40.1951
40.2043
40.2065
40.2065
40.2235
40.2143
40.2751
40.2212
40.2105
40.2028
40.2278
40.2069
40.2311
40.2054
40.1705
40.2395
40.217
40.2199
40.2633
40.3528
40.2128
40.2144
40.2192
40.1709
40.1975
40.2124
40.1456
40.2197
40.2013
40.2462
40.1881
40.2167
40.2407
40.2144
40.2025
40.2149
40.2207
40.1724
40.2453
40.2845
40.2324
40.2204
40.2127
40.2078
40.2134
40.2598
40.1892
40.2279
40.1121
40.2094
40.1941
40.2345
40.2427
40.1962
40.2115
40.223
40.2072
40.199
40.2161
40.1826
40.2148
40.2134
40.2118
40.1942
40.2087
