662.837
417.081
392.755
412.071
414.125
424.143
410.137
400.026
403.592
397.134
410.372
399.639
398.136
394.053
392.881
393.044
390.916
390.398
396.715
392.223
395.68
391.674
390.746
399.77
388.624
391.135
397.586
394.671
396.879
427.824
415.608
411.009
404.883
421.494
426.606
448.055
453.337
431.752
439.883
450.126
419.468
1192.05
410.59
408.742
413.348
408.511
396.878
396.714
394.738
394.982
390.064
396.35
400.023
403.792
393.701
395.139
399.426
396.128
392.287
394.589
393.352
398.018
396.617
402.215
396.441
397.01
409.549
396.138
389.845
392.502
383.469
413.759
387.222
379.701
375.41
373.335
372.543
377.757
383.102
380.643
378.523
372.878
374.572
372.952
378.153
383.202
397.202
384.974
377.441
375.527
376.213
381.258
380.588
400.778
400.606
1156.18
380.628
380.708
377.034
382.881
