493.782
40.1288
37.0156
33.4555
31.938
35.4954
30.4006
29.7646
29.3972
34.6527
35.0062
33.3647
31.5801
30.4176
35.281
30.6849
33.217
33.7462
33.2406
32.4192
31.3258
34.4038
31.3318
33.6324
39.4753
31.4899
36.8683
35.3088
37.8823
35.9535
31.582
32.3451
32.0377
28.1618
33.4342
32.7849
36.1832
30.7264
33.0759
32.8299
34.7135
31.302
32.2582
31.2378
30.6048
30.2072
27.6827
31.8354
31.4898
34.1944
31.3991
30.5306
37.9476
43.5451
31.4092
33.5496
34.9761
31.9537
32.3764
33.8589
37.6631
37.5632
38.9783
31.1919
33.5954
40.0309
32.6921
33.6002
29.1813
38.0585
36.0048
39.1566
30.4776
34.9798
29.4514
31.9037
29.8805
31.691
30.8982
31.7238
31.3402
33.5456
32.9545
34.3628
31.2563
32.0962
38.4073
33.6542
32.9342
31.7077
32.1755
30.8073
30.0822
28.4819
43.9382
33.453
30.79
30.2029
28.425
33.7366
