490.774
301.258
170.606
169.705
460.971
172.707
168.276
169.417
166.329
165.239
166.68
165.695
167.971
165.684
166.216
165.094
166.528
164.083
166.639
167.856
161.82
162.223
158.651
161.825
164.888
166.703
161.325
161.229
159.827
160.722
160.411
160.347
159.432
161.105
159.826
159.877
160.089
159.617
159.517
160.907
160.554
160.325
159.206
159.245
158.05
160.304
159.447
160.244
160.309
160.699
159.746
159.041
159.269
159.255
159.404
161.232
159.743
165.15
160.349
161.975
160.926
159.864
162.738
160.059
159.648
161.504
161.207
159.955
161.167
165.149
161.625
163.236
160.76
160.547
160.022
159.306
159.825
162.55
159.842
160.74
159.644
159.582
159.944
163.55
163.864
159.959
163.078
162.86
159.94
160.352
160.151
159.772
159.753
160.284
159.674
161.654
162.674
160.547
161.003
160.075
