491.839
163.611
161.569
170.635
164.491
160.091
158.825
160.794
162.49
162.44
163.285
164.243
159.651
162.319
166.418
161.178
159.321
161.396
163.75
165.975
160.094
169.736
160.736
160.715
164.665
160.561
162.704
163.308
163.629
175.126
160.688
186.835
171.032
168.479
161.872
162.861
166.225
160.906
161.701
158.416
159.364
160.294
161.136
162.808
170.445
161.671
162.196
160.292
161.936
160.112
170.084
161.089
159.582
160.97
164.509
164.15
169.999
159.288
159.525
162.144
158.893
161.129
165.401
158.613
162.682
160.041
158.924
168.065
160.53
158.749
159.067
159.234
163.718
161.292
159.494
162.385
166.418
159.379
167.581
163.246
158.765
159.277
159.09
162.154
158.465
159.28
158.732
159.443
160.423
158.792
163.632
163.211
159.154
160.87
160.683
158.304
160.062
159.164
160.51
159.194
