571.915
566.028
560.094
558.843
560.205
562.002
557.476
559.678
556.121
568.939
570.944
570.534
569.589
570.372
565.675
566.324
571.171
567.083
569.68
567.62
568.082
566.909
567.794
570.519
566.9
566.209
568.994
564.589
569.003
566.429
568.781
569.222
568.924
568.681
568.578
559.297
570.28
567.323
571.498
567.6
565.595
567.609
567.988
569.164
567.579
565.576
570.087
567.611
566.915
566.169
563.892
566.055
555.475
568.555
572.65
567.825
567.839
571.135
567.677
567.568
566.196
567.406
572.28
570.081
567.855
568.874
566.641
569.733
567.32
565.164
564.412
568.146
566.929
565.94
566.105
566.088
566.271
568.324
571.995
572.228
572.768
568.74
568.599
568.526
569.894
569.996
564.797
567.262
572.543
571.013
568.216
568.802
568.28
567.378
569.796
570.731
568.569
567.517
568.619
562.872
