111.011
4.43379
4.41097
4.55581
4.58914
4.59189
4.64601
4.54062
4.48477
4.47611
4.53522
4.51561
4.53217
4.56468
4.45659
4.59065
4.56832
4.57864
4.48857
4.56967
4.47454
4.43941
4.43035
4.64643
4.59108
4.65147
4.54805
4.55062
4.37051
4.49693
4.75132
4.59617
4.55955
4.60757
4.41956
4.43169
4.58249
4.58167
4.54729
4.4277
4.56874
4.62959
4.5941
4.4124
4.41778
4.52443
4.45223
4.56012
4.5757
4.67932
4.5219
4.63915
4.57603
4.58674
4.43335
4.46575
4.51314
4.46131
4.45557
4.46941
4.47009
6.79019
4.51591
4.59858
4.45806
4.48021
4.48723
4.49551
4.5169
4.52821
4.5829
4.44999
4.46095
4.51795
4.42209
4.54783
4.48788
4.50334
4.40146
4.46422
4.57652
4.58619
4.55015
4.5506
4.45399
4.58828
4.43884
4.51172
4.4111
4.59825
4.42104
4.47793
4.42211
4.61723
4.58894
4.49782
4.47999
4.64511
4.63159
4.50205
