455.195
159.228
165.329
161.311
176.85
34.7741
32.6111
34.8352
31.2134
33.4704
37.2203
32.6743
33.8495
31.673
112.232
30.7878
111.672
30.7637
111.034
114.596
35.7736
30.7786
34.4822
120.711
113.93
34.5107
40.6182
30.6328
119.12
31.7502
161.881
33.8027
36.9407
34.0562
31.5327
33.4174
33.8351
34.1009
32.3024
37.7429
31.4499
30.7932
33.6504
33.8556
33.7329
31.6725
113.316
33.2845
35.2542
35.0226
30.5648
33.7298
35.2128
33.3856
35.257
38.5587
36.5838
35.1149
31.2154
35.7533
34.759
30.4378
32.5043
33.3198
32.1836
32.3649
112.477
32.2059
32.7275
32.4713
31.8013
29.703
31.1172
112.073
29.9292
42.0497
31.9866
31.5439
29.6044
30.0676
28.9686
30.5577
32.4456
29.3122
29.5965
29.2172
29.8089
31.4209
29.7943
29.8012
32.7861
30.765
34.5947
32.4832
31.1551
29.2886
31.335
30.0166
30.4141
29.672
