854.122
286.099
260.714
248.669
254.092
303.721
250.728
248.126
259.544
261.669
250.963
248.751
247.396
251.363
250.566
248.506
247.405
248.042
248.536
247.074
248.979
252.295
251.413
247.775
306.261
248.818
248.975
247.861
249.16
249.249
250.448
250.352
247.294
306.226
250.033
251.513
246.677
249.316
251.149
250.824
247.775
246.349
247.849
250.363
247.601
247.446
250.948
252.196
254.966
255.024
250.665
247.664
249.567
252.811
254.983
251.706
249.275
247.575
259.047
251.294
247.378
251.849
259.894
249.764
254.484
252.792
251.78
258.905
254.007
257.951
255.114
258.23
255.194
257.053
258.654
253.817
251.905
249.696
253.617
245.87
249.163
249.653
250.742
248.133
253.331
250.131
251.692
250.152
256.243
253.813
247.137
252.276
246.549
247.307
247.947
249.351
247.306
252.487
251.628
255.248
