390.148
123.915
136.825
130.048
123.894
134.139
125.967
123.678
126.367
129.63
144.441
128.857
131.732
128.678
142.621
130.473
130.961
136.069
137.406
131.617
129.447
141.975
128.433
130.03
130.524
138.271
128.922
129.124
129.351
135.895
133.177
129.457
129.497
129.155
129.263
135.198
142.966
129.072
129.585
131.118
133.093
129.729
130.892
128.851
133.869
129.448
128.561
128.37
129.505
129.457
128.862
134.409
128.343
131.65
128.87
139.326
136.196
139.491
139.241
128.16
128.378
131.051
138.554
127.696
128.642
128.661
132.14
129.826
127.491
128.821
128.898
128.338
127.443
142.425
127.642
127.776
126.617
135.379
126.47
129.353
132.582
127.574
127.19
127.244
133.619
129.136
127.493
127.551
129.684
128.958
128.036
128.141
135.443
132.921
128.149
133.544
126.507
128.905
145.317
134.298
