122.758
82.6622
88.9344
188.967
60.5397
65.9946
11.6251
11.1668
11.6469
66.6512
11.4769
65.2385
11.6008
11.4372
11.3153
11.7598
11.2683
11.2567
11.737
11.7482
11.3947
11.5764
11.7228
11.2111
11.68
11.569
11.144
11.5707
11.6323
11.3088
11.208
11.6167
11.6944
11.7391
11.5829
11.5147
11.5723
11.6552
11.4096
11.1467
11.7296
11.7151
11.6922
11.3458
11.6677
11.225
11.6841
11.5079
11.583
11.7972
11.5778
64.6892
11.4845
11.6407
11.5159
11.5505
11.3268
11.4814
11.5534
11.7166
11.5606
11.6106
11.1943
11.6975
11.2297
11.6202
11.3811
11.1887
11.45
11.5669
11.1879
11.2606
11.6494
11.369
11.7119
11.6749
11.6758
11.5468
11.6433
11.6643
11.5504
11.6268
11.5831
11.2494
11.6529
11.5812
11.6518
11.5716
151.425
11.2631
11.2676
11.2767
157.535
11.2796
11.308
11.211
11.3518
11.2774
11.3374
11.7403
