441.539
67.5192
67.8564
69.5331
63.843
63.2824
61.7658
61.8917
62.1244
65.0289
66.257
66.4207
61.6993
61.8105
65.1449
62.0106
62.4712
61.7748
65.6077
61.3139
61.1472
62.3049
61.8696
61.3539
61.2428
63.2174
68.3331
61.9069
63.796
61.8033
61.5167
61.3001
61.6099
65.4054
66.3844
64.2924
65.2349
68.3963
63.2942
66.5718
62.4545
67.0301
64.6355
67.2191
67.7691
61.4996
62.5171
62.3235
65.1311
62.8553
61.7127
61.5546
61.9725
61.7503
61.7797
67.5233
66.3656
62.6742
61.3724
64.6667
61.7462
61.4878
61.7182
61.4184
70.6856
61.5532
61.5413
61.2838
74.7707
61.7876
61.6675
62.3218
68.4027
69.6931
61.5661
65.7596
61.562
63.1627
61.8469
62.1879
66.2257
64.2345
62.4504
62.0913
61.8377
62.3573
61.103
61.3431
68.5486
63.2171
61.1691
65.0315
61.0112
61.3321
61.9946
62.2936
71.6449
66.0633
62.293
63.628
