529.011
132.206
84.6536
63.8457
63.1525
72.1713
77.2512
62.9814
70.7968
72.8061
66.1896
58.1381
70.3994
76.9824
58.3091
63.3633
57.9345
83.2747
71.5566
76.9728
68.9278
80.0945
70.074
61.72
64.5365
65.6822
69.8148
66.937
56.9453
49.745
77.1025
72.9274
73.0119
69.1948
59.7034
71.2035
71.1066
63.1927
75.3147
62.711
48.6556
60.6409
64.4341
75.184
62.3206
67.1724
64.4521
63.8926
74.9506
53.5531
81.9799
75.1315
72.5914
68.1768
63.8436
67.599
61.5251
52.291
46.9045
60.3235
66.1139
52.8986
62.3278
68.6906
63.7452
59.5689
78.0782
64.9171
66.33
65.3643
65.7625
76.9509
61.5849
78.5702
54.9535
51.9018
52.8412
63.5999
60.9426
55.7824
65.0634
64.2876
64.0406
50.2204
58.2663
63.6385
53.1183
62.7765
53.9105
54.7729
61.7387
76.3096
67.917
78.8711
63.2846
69.2722
79.104
65.3197
63.3149
72.9463
