9342.29
8446.03
9259.44
9987.42
9949.61
9333.94
8618.17
8257.09
7607.91
8129.87
6916.82
6952.47
6945.48
6677.51
6733.78
6670.1
6550.19
6727.73
6742.81
6816.44
6685.24
6860.2
6749.67
6781.93
6600.72
6752.01
14791
8840.58
8673.66
8550.84
8649.28
8400.15
8461.3
7562.16
6916.86
6774.33
6773.52
7710.83
18495
12391.9
6802.86
6742.96
6836.94
6739.88
6921.03
6907.43
6771.61
6844.19
6747.99
6903.84
6742.34
6620.81
6593.19
6683.06
6719.01
6728.22
6761.13
6871.82
6525.43
6812.53
6718.3
6895.24
6891.12
6955.81
6862.55
8073.08
6860.12
6823.84
6869.56
6734.29
6905.45
6866.86
6768.72
6805.52
6798.24
6825.45
7008.8
6733.76
6773.54
6748.29
7035.11
6778.5
6565.76
6615.26
6882.98
6562.71
6753
6716.43
6833.26
6671.33
6643.47
6856.74
6688.77
6571.95
6738.26
7429.02
6709.93
6817.45
6571.81
6676.87
