515.072
248.31
370.343
248.439
9.25949
304.87
10.4379
8.31244
9.34118
307.748
319.843
306.879
7.85642
9.5255
6.65136
6.56731
6.43147
6.46178
9.08998
7.93946
240.502
6.38596
292.671
6.70483
313.37
7.03952
311.762
309.043
7.03646
7.36493
300.496
306.383
298.553
201.791
314.999
287.581
6.91421
6.76161
223.631
6.38426
230.291
300.264
318.972
287.567
7.11337
314.622
8.70289
233.351
219.468
270.619
8.90637
352.349
317.045
7.1518
294.372
260.665
299.775
242.356
6.36676
6.34012
6.45239
6.30373
6.33453
6.30194
306.609
6.36119
307.505
260.072
334.862
7.60165
286.942
199.832
238.731
254.596
7.03013
261.281
6.31954
6.83326
16.5168
6.81508
6.6472
6.76299
234.275
322.425
285.703
264.394
7.12789
289.296
286.829
6.88555
6.66885
214.526
9.56657
247.32
222.311
223.895
224.008
220.853
256.111
280.691
