40.6418
40.0186
40.0152
39.9909
40.0095
39.9788
40.09
39.929
40.7666
39.9659
39.9594
40.3398
39.9747
39.9703
39.9609
39.9823
40.3257
39.9579
39.9647
40.0284
40.007
39.9964
39.9823
40.135
39.9863
39.9903
43.6416
40.0119
39.9933
39.9824
39.9884
39.9978
40.2802
39.9681
40.0066
40.1506
39.9946
39.9894
40.0043
39.9856
39.9873
39.9964
39.972
40.0653
39.9868
39.9929
39.9896
39.9691
39.9991
40.0425
40.2148
39.9914
40.0328
40.018
40.0007
40.0053
40.2596
40.8881
40.0359
39.995
39.9987
40.073
40.0405
40.2566
39.9959
40.0509
40.0528
40.0346
44.9019
40.0557
40.0497
40.0323
40.0346
40.0395
40.0657
40.0842
40.0377
40.0432
39.9923
40.05
40.0351
40.0388
40.0464
40.0725
40.0352
40.0414
40.0035
40.0346
40.2377
40.2802
40.0485
40.0511
40.2297
40.0331
40.245
40.0582
40.0616
40.0563
40.0354
40.1416
