4.37121
4.05082
3.89714
3.91928
4.34368
3.86984
3.90119
3.96019
3.90862
4.09425
3.92257
3.88896
4.07086
3.9063
3.90688
3.90848
3.95899
3.93133
3.99948
3.89302
3.88946
3.89314
3.89909
3.8885
3.89994
3.9141
3.92253
3.887
3.90369
4.01926
3.92486
3.90511
3.92827
3.91065
3.88647
3.91722
3.94317
3.93047
3.91048
3.88433
4.05198
3.92104
3.93411
3.8939
3.88044
3.85371
3.85568
3.84731
3.86415
3.85949
3.88707
3.968
3.86751
3.86754
3.89138
3.87575
3.88887
3.8793
3.87549
3.89865
3.86925
3.88237
3.9392
3.85638
3.88093
3.91415
3.85352
3.8524
3.90301
3.90068
3.90422
3.88526
3.89345
3.94452
3.84859
3.8595
3.84523
3.88848
3.88218
3.87141
3.86924
3.84814
3.83591
3.87182
3.95166
3.89028
3.86528
3.89206
3.87626
3.84727
3.89391
3.83097
3.87162
3.87885
3.9037
3.93959
3.83921
3.84879
3.87996
3.87662
