15.2451
13.5157
13.4887
13.6729
13.6847
13.7601
13.7395
13.4774
13.8269
13.4661
13.7718
13.699
13.5828
13.6102
13.6357
13.5128
13.5107
13.4561
13.7424
13.6249
13.6067
13.7464
13.7136
13.4561
13.7614
13.6225
13.8129
13.5491
13.4854
13.5789
13.472
13.4686
13.582
13.4568
13.4924
13.5632
13.6017
13.4678
13.4934
13.4664
13.5237
13.5603
13.5234
13.6224
13.8075
13.7087
13.7519
13.7946
13.8603
13.9132
13.7539
13.5634
13.8382
13.4607
13.6994
13.8278
13.7576
13.7059
13.6903
13.7214
13.7759
13.7453
13.7094
13.5912
13.5082
13.6388
13.5075
13.5004
13.6292
13.5974
13.5666
13.571
13.6016
13.5939
13.4629
13.8537
13.5889
13.6467
13.4931
13.7236
13.7214
13.7106
13.7257
13.6097
13.7356
13.7507
13.7737
13.6986
13.5512
13.6904
13.6061
13.6611
13.5405
13.7058
13.6991
13.5044
13.5181
13.5022
13.6261
13.483
