140.391
25.6579
27.4633
27.6547
39.0408
29.1942
27.723
25.7078
28.1365
27.2286
26.0518
25.1177
27.1727
26.6546
29.9324
28.3771
24.8672
32.8118
26.2168
27.7045
31.0412
27.2156
27.7027
25.9237
28.2407
26.5299
25.9002
29.145
27.1892
31.3765
29.1635
26.7871
26.4298
29.0823
27.8909
27.2571
34.2695
27.8128
26.1319
27.6209
35.7149
31.2483
25.3946
29.9655
27.6638
30.4116
26.8481
25.9818
26.0388
28.5667
28.4809
26.8902
24.8024
36.0656
25.6567
27.1626
25.9208
27.9178
28.6724
27.5449
42.0098
31.0404
28.5622
28.1665
28.4527
26.421
25.8366
25.5701
25.1392
26.9813
25.7792
44.1785
24.9105
30.293
27.0055
30.9244
32.3145
28.0482
29.7649
34.5521
26.0332
26.1205
26.6891
26.4266
26.3827
28.2022
35.8408
26.3836
26.4554
38.1675
28.5272
29.1209
26.3919
31.8116
27.2868
29.3408
25.7923
25.0769
28.6528
27.7889
