203.274
5.18383
5.33439
5.64136
6.84779
5.08157
8.15012
5.24644
5.09954
5.0994
5.1225
5.08696
6.88354
6.40155
7.02851
5.18272
8.18507
7.74547
6.99809
5.94583
5.41038
7.5788
7.47225
7.00386
5.14149
5.16212
7.36389
5.19255
5.27268
5.28658
6.31925
7.63783
6.99745
5.23747
5.3446
5.41005
5.34461
5.18892
7.35283
7.35711
5.06559
6.55299
21.5585
5.08721
5.10517
5.3906
5.09938
6.03044
6.96681
7.06167
5.20063
5.28463
6.74369
5.05425
8.31088
12.3764
6.81277
5.04134
6.97082
5.14067
6.95774
5.08633
6.74495
5.13824
8.00682
6.44065
6.93945
8.26735
8.524
7.15316
5.93299
5.15339
6.80615
8.49182
5.12286
5.14014
5.24378
8.28577
6.70361
6.8444
5.07401
6.39799
5.12506
6.98701
5.08359
5.04697
5.09577
5.11032
5.33406
5.10701
5.05307
5.11497
5.23553
5.18889
5.10656
5.04155
5.14957
5.10455
5.18093
5.34139
