401.979
395.54
395.414
395.488
395.528
395.708
395.875
395.227
395.614
395.536
395.661
395.303
395.25
395.352
395.787
395.245
395.875
395.029
395.35
395.551
395.449
395.372
395.458
395.48
395.826
395.408
395.228
395.602
395.678
395.108
395.486
395.526
395.582
395.335
395.627
395.638
395.287
395.254
395.33
395.817
395.711
395.086
395.406
395.446
395.219
395.452
395.567
395.401
395.475
395.028
395.624
395.249
395.612
395.857
395.867
395.289
395.512
395.294
395.159
395.22
395.404
395.636
395.437
395.42
395.801
395.378
395.812
396.015
395.654
394.874
395.45
395.828
395.795
395.489
395.399
395.865
395.572
395.499
395.956
395.301
395.728
395.539
389.041
395.605
398.545
395.715
395.359
395.403
395.429
395.778
395.582
394.891
395.346
395.332
395.421
395.518
395.248
395.993
395.511
395.448
