460.556
96.5201
93.1713
79.2885
78.978
80.1907
89.3418
83.3209
84.5901
83.4502
80.5363
82.5782
79.8543
82.1707
81.5273
78.5136
89.9285
95.9922
92.2659
85.9997
105.828
95.4594
80.3654
82.7309
80.8965
85.1465
95.6377
97.9918
91.8942
97.4465
88.0323
117.604
83.3462
94.1719
81.1005
119.342
95.2452
79.3277
79.5002
84.8086
94.1383
78.9525
90.3022
76.7818
82.7117
79.5105
82.3262
82.0218
81.6535
98.4136
106.796
97.9612
103.351
90.7385
82.8127
81.3325
81.593
79.6517
83.9311
78.9402
79.6948
103.874
95.9897
102.646
80.5954
81.917
79.795
130.672
80.4736
81.8741
80.9453
84.9944
117.02
105.951
110.439
82.5549
80.8105
79.2078
80.916
80.7237
79.6409
79.712
80.7393
84.5347
85
81.2015
86.5101
79.2487
84.2616
79.6524
84.1266
80.7877
78.9582
99.7899
91.5313
86.1285
79.2932
84.3934
85.1667
78.9235
