4.46745
3.84545
3.84257
3.85204
3.84463
3.90256
3.89418
3.80511
4.64812
3.82759
3.82944
4.12789
3.94181
3.79267
3.80419
3.82784
3.88692
3.85849
3.8381
3.78145
3.78463
3.80732
3.77038
3.76626
3.77245
3.85585
3.82998
3.80327
3.80272
3.85182
3.79369
3.78633
4.17949
3.79628
3.76891
3.77417
3.82332
3.76127
3.82203
4.05192
3.78971
3.82193
3.84546
3.78504
3.78212
3.83951
3.79862
3.84927
3.77599
3.78726
3.81864
3.84037
3.78963
3.76977
3.81352
3.84953
3.85547
3.81088
3.77182
3.81482
3.86155
3.84676
3.85792
3.7932
3.80052
3.84959
3.82119
3.84677
3.81947
3.82383
3.84604
3.84735
3.92731
3.76135
3.79324
3.83048
3.84603
3.79909
3.78741
3.85308
3.8609
3.8381
3.82509
3.77686
3.81457
3.83728
3.80726
3.79521
3.85713
3.82076
3.82268
3.85623
3.832
3.84803
3.86124
3.85389
3.78183
3.78654
3.87164
3.78845
