146.779
10.9768
12.1622
11.2816
11.2405
11.3193
11.5383
11.3611
11.4029
11.2914
11.7072
10.9853
11.2628
11.3022
11.4357
11.0388
11.321
11.1354
10.8809
11.3692
11.1157
11.3151
11.278
11.3859
10.9254
11.0127
11.251
11.4142
10.9022
11.2162
11.2891
11.4286
12.1812
11.0009
10.9631
11.0772
11.2613
11.2747
11.5462
11.6365
11.0007
10.8955
10.981
10.895
11.1057
10.8851
11.025
11.2833
10.9114
11.4249
11.2448
11.1111
11.3456
11.0331
11.3774
11.0616
11.3363
11.2859
11.2394
11.1143
11.178
11.1112
11.2639
11.2767
11.2675
10.9397
10.9876
11.0057
11.016
11.0079
11.0045
10.9596
11.0504
11.2541
11.2575
11.2526
10.9896
11.0479
10.8681
11.0004
11.2671
11.2851
11.0525
11.2712
11.2729
11.0049
10.9532
11.0109
11.0407
11.2835
11.8921
11.2875
10.8908
10.942
10.8962
10.9692
10.9043
10.9888
10.9802
10.8937
