8.14797
7.40838
7.25411
7.07184
7.04358
6.87165
6.96662
6.90198
6.89638
7.21523
7.20397
7.2464
7.34829
7.3177
7.30675
7.28614
7.21738
7.16394
7.14125
7.1687
6.79869
6.91731
7.26656
7.27706
7.30157
7.22166
7.21405
7.06829
7.13872
6.91344
6.74922
6.6321
6.60067
6.58426
6.53315
6.53738
6.54669
6.50666
6.5016
6.49296
6.50653
6.50954
6.52598
6.54454
6.89085
7.27674
6.8143
7.12406
7.29619
7.29126
7.2921
7.26134
7.3001
7.26643
6.80029
6.70432
6.63114
6.6239
6.59936
6.61293
6.64454
6.58758
6.55718
6.51702
6.5087
6.5119
6.52173
7.05491
7.27014
7.24122
7.25446
7.27037
7.25952
7.28138
7.27222
7.26566
7.2647
7.26051
7.3161
7.28035
7.1759
7.2041
7.1848
7.22006
7.28253
7.27552
7.27818
7.30365
7.31226
7.29626
7.30544
7.28678
7.28016
7.33706
7.30746
7.26512
7.30698
7.31635
7.32397
7.33549
