403.408
148.368
147.921
149.31
157.591
151.306
150.96
151.791
153.777
153.382
149.018
151.81
155.929
151.494
149.894
152.411
151.17
151.572
151.605
152.163
149.799
153.121
154.573
150.179
154.508
152.464
150.371
149.89
149.795
150.387
155.747
151.63
151.299
152.518
155.272
158.341
156.462
150.893
158.205
151.184
151.939
151.502
150.684
152.394
153.14
151.992
150.839
150.921
150.902
151.601
151.788
150.649
151.699
154.787
151.095
151.621
152.242
150.533
151.445
151.446
153.824
150.998
167.688
149.999
151.353
152.542
151.182
150.421
151.824
151.109
150.526
152.453
152.933
163.144
150.616
151.051
151.794
150.877
150.894
152.106
151.103
151.153
156.345
156.65
150.552
154.59
157.327
150.682
151.424
151.496
151.768
151.798
154.403
150.423
154.556
151.303
155.534
156.206
155.344
151.1
