8828
7977
8759
9460
9401
8795
8235
7879
7202
7592
6389
6417
6379
6169
6212
6236
6137
6196
6222
6275
6250
6330
6241
6231
6143
6230
14260
8322
8137
8041
8131
7960
7995
7026
6381
6248
6250
7204
17713
11722
6272
6292
6308
6199
6381
6362
6161
6259
6243
6381
6225
6178
6174
6249
6196
6235
6200
6336
6115
6283
6164
6329
6352
6371
6289
7509
6300
6302
6321
6215
6323
6268
6324
6271
6210
6244
6477
6177
6246
6210
6486
6348
6150
6198
6355
6151
6178
6203
6313
6153
6202
6339
6158
6165
6193
6917
6179
6292
6160
6263