586.706
186.41
200.154
182.873
185.139
188.555
186.484
195.829
182.008
181.332
176.585
190.323
189.029
182.32
190.216
181.829
184.87
191.73
205.562
182.466
190.945
180.139
179.901
182.925
181.098
190.441
184.912
179.319
180.701
181.739
180.784
182.998
187.93
180.471
182.479
179.255
205.504
182.054
181.473
182.336
180.013
183.529
180.468
181.205
191.627
184.761
182.941
181.861
180.475
182.815
183.881
181.199
179.973
183.046
182.126
181.696
183.029
180.954
179.8
192.156
180.134
176.761
186.878
185.215
183.477
181.68
185.367
181.794
183.63
181.106
180.922
180.905
183.508
179.31
180.954
178.768
180.089
188.966
181.704
183.406
182.45
181.449
184.648
180.163
188.776
184.2
182.656
187.115
178.205
186.999
181.071
186.437
182.901
180.774
181.754
183.485
179.061
181.828
184.085
182.781
