423.399
415.432
405.406
405.948
415.128
415.611
414.241
413.238
413.073
415.686
414.913
413.106
413.102
415.014
414.265
413.17
412.734
413.933
412.761
414.132
414.356
413.838
413.099
412.78
424.879
414.483
413.172
414.413
414.076
414.097
412.365
413.029
411.783
419.086
420.445
418.96
420.179
418.845
423.269
424.962
425.398
423.359
414.106
413.318
414.317
413.415
413.695
414.611
416.022
413.25
412.891
414.885
413.02
412.505
414.194
414.405
413.625
412.843
414.452
414.822
412.785
414.468
414.923
415.464
412.445
412.379
413.357
411.255
410.508
410.85
410.145
418.019
418.671
418.631
417.861
426.198
424.666
427.052
426.416
424.223
424.031
423.56
423.237
412.808
412.319
414.407
416.487
413.325
412.947
416.454
413.127
414.36
413.92
412.2
414.402
414.585
414.644
414.072
414.03
412.951
