96.1679
92.6515
89.9621
90.161
90.6144
91.6467
92.2596
92.872
167.209
93.6329
90.572
91.2562
90.3432
90.1388
91.1317
90.6678
92.3626
92.2932
91.8959
91.9568
90.9165
92.1692
92.2895
92.3215
91.8083
90.9206
91.7946
229.475
92.5452
92.1877
90.7947
89.8822
91.1205
90.2563
91.3528
92.0165
91.0907
93.2627
91.3887
91.7228
91.7291
90.5515
92.1254
92.6224
90.5702
90.9933
95.5181
91.3117
91.3693
91.2949
92.2008
93.2472
91.8694
91.3684
91.2371
91.6315
90.8154
90.794
90.7078
91.7427
92.4137
91.1382
91.2244
92.9171
172.135
92.8778
92.2278
91.3677
91.375
90.3847
92.5712
92.5887
90.4758
91.3576
91.0392
91.332
93.2661
91.4673
91.9191
91.5622
92.7266
92.3068
92.1824
179.29
94.3465
91.5598
90.8318
94.0029
93.3284
93.0674
92.4884
91.0843
92.3874
90.566
91.2795
91.0203
91.5303
91.8875
91.9966
91.4901
