182.941
182.824
185.214
183.322
182.889
183.125
182.78
182.868
182.692
183.205
182.477
183.953
183.045
183.223
183.714
183.099
183.838
183.358
182.724
183.477
183.577
186.068
182.467
183.138
184.252
183.271
183.237
184.005
182.943
183.816
184.215
184.411
182.758
184.64
182.924
184.435
183.598
185.9
183.358
183.901
186.671
192.416
182.878
183.832
184.917
183.424
183.389
182.783
186.033
184.508
185.012
184.078
184.291
183.648
183.516
185.009
183.682
183.242
183.778
183.512
184.756
183.142
183.029
184.401
182.991
185.33
184.221
184.267
196.802
188.224
183.594
185.332
183.933
183.715
183.003
183.822
184.551
184.285
186.75
184.03
184.91
186.122
184.649
184.882
184.562
183.329
183.763
187.682
185.946
199.056
183.904
183.656
185.038
183.956
183.262
183.649
185.039
186.256
185.167
183.097
