13.5359
13.2755
12.6081
12.4548
13.7168
13.815
12.3407
12.4506
13.1855
13.5174
14.1423
12.6811
14.2916
16.7781
15.5445
15.5792
15.0556
14.6599
14.8513
14.7847
14.6239
14.4329
14.7778
15.0009
14.835
15.1319
14.7363
14.5788
15.0692
16.6518
16.6932
16.2153
15.8655
15.6043
15.3715
15.4111
16.0721
14.2843
14.8213
14.8989
14.2644
14.6111
14.4488
14.6323
14.5403
14.8262
14.0029
13.9326
14.9002
14.6518
14.7289
13.7468
14.3308
13.7667
14.9833
15.4639
15.4403
14.6454
15.2116
15.4541
16.3818
15.1611
15.5679
15.562
15.2695
14.8483
14.8724
14.6383
14.562
14.6567
14.5868
14.1377
14.2572
14.2127
16.4672
15.394
15.1156
15.0169
14.7306
14.6315
15.2604
14.7612
15.4188
14.7982
17.3756
16.0354
15.5229
14.5787
14.7736
14.4773
14.8567
15.2158
15.2184
14.2176
14.7533
14.8771
14.955
15.2266
13.8404
14.9125
