355.256
43.8932
335.987
45.8378
37.4879
248.222
37.2089
37.8094
36.1573
37.6487
36.9596
34.939
35.6612
35.7677
34.4275
34.3562
36.3371
35.0805
34.919
34.2934
34.9409
34.7597
35.026
34.2321
34.32
34.7277
35.1004
36.4929
34.6329
35.197
35.2036
34.2515
35.5393
36.2192
35.6969
35.0797
37.3678
34.814
35.0525
34.7545
35.6592
35.3219
35.6952
34.7137
37.3672
35.0498
35.8761
35.8862
34.8793
35.8727
34.6377
35.275
34.9908
37.7418
38.4839
38.6586
36.3287
36.809
34.6056
35.4122
36.163
35.5104
35.7767
36.7025
36.0137
33.6243
35.9926
35.3932
37.5535
34.5325
34.2619
34.2803
34.2805
34.9471
34.6937
34.5211
34.7545
35.6595
34.1924
34.9676
34.9832
34.3116
34.9224
34.6317
35.322
33.9227
33.9001
35.4286
34.3074
34.7386
34.0863
34.3565
34.9783
36.7759
37.5366
32.9569
32.6989
32.8273
33.1816
32.2672
