1529.88
1216.96
1237.21
1184.29
1220.11
1173.06
1169.11
1143.99
1202.48
1187.14
1181.51
1171.73
1166.77
1172.5
1168.96
1178.4
1145.54
1169.45
1197.39
1165.29
1186.87
1194
1162.72
1203.24
1165.95
1182.57
1176.13
1167.22
1171.1
1165.95
1179
1170.19
1164.37
1184.05
1172.67
1184.04
1165.45
1164.73
1158.11
1162.98
1198.05
1168.45
1162.07
1141.98
1186.81
1179.12
1177.34
1178.88
1150.94
1174.64
1178.35
1165.53
1167.97
1157.46
1196.46
1180.05
1163.17
1165.93
1163.59
1152.03
1178.4
1163.21
1205.7
1168.12
1167.25
1179.58
1163.85
1193.65
1167.58
1162.33
1180.87
1176.33
1170.48
1152.5
1162.9
1163.94
1164.91
1168.53
1153.76
1164.43
1207.73
1164.24
1161.25
1174.42
1162.34
1185.94
1164.82
1162.4
1177.25
1166.74
1199.98
1166.81
1168
1175.11
1173.49
1178.68
1168.53
1164.86
1177.43
1171.65
