40.6576
3.66534
3.52461
3.89313
3.49637
3.50668
3.58527
3.62873
3.66304
3.53735
36.5633
3.52175
3.93602
3.51754
3.55061
3.49381
3.5024
3.59177
3.58213
3.51517
3.32284
3.51557
3.51496
3.49788
3.4987
3.49436
3.48358
3.4818
3.55902
3.51123
3.49269
3.50441
3.48408
3.53626
3.51021
3.50489
3.68037
3.53366
3.50005
3.49715
3.44993
3.55764
3.541
3.51967
3.51116
3.51583
3.52823
3.50777
3.51971
3.5199
3.64789
3.52531
3.52589
3.5614
3.51998
3.53751
3.52375
3.52156
3.48989
3.53329
3.51035
3.62435
3.51196
3.51733
3.50285
3.68711
3.52088
3.52095
3.57511
3.51873
3.52814
3.50052
3.60555
3.49843
3.54171
3.56859
3.49842
3.52706
3.52292
3.5191
3.5295
3.53178
3.51502
3.57584
3.53133
3.53189
3.51378
3.56596
3.50305
3.50398
3.52192
3.54873
3.5047
3.50531
3.52487
3.64563
3.53042
3.54965
3.50534
3.54738
