1086.52
1080.17
1079.9
1080.03
1079.39
1080.76
1079.15
1078.62
1078.82
939.958
863.98
868.922
868.176
865.089
869.71
867.265
871.528
865.863
872.589
867.11
873.188
867.258
867.532
872.834
867.44
872.306
865.604
865.367
870.583
1080.83
1082.39
1078.19
1075.08
1077.51
1077.43
1078
1076.96
1076.28
1077.26
995.227
1077.54
1076.46
1075.85
1076.16
1075.56
1074.13
1075.7
1074.89
1076.35
1075.46
953.71
1074.92
1077.06
1074.32
1076.1
1080.12
1075.5
1076.68
1075.18
1075.97
1074.72
972.354
1077.15
1077.94
1075.84
1076.67
1076.48
1075.5
1076.05
1076.24
884.469
1076.78
1076.58
1077.18
1075.12
1075.86
1075.97
1074.49
1074.84
1074.94
1075.06
1026.82
991.799
1074.96
1075.1
1073.63
1074.98
1075.54
1075.08
1076.76
1075.63
1075.29
1078.9
946.967
1076.98
1076.96
1078.29
1077.51
1075.9
1076.74
