636.781
219.584
223.335
216.555
218.296
218.649
217.03
224.487
223.397
254.061
230.418
242.638
244.826
215.708
224.001
231.007
222.203
249.972
221.049
228.117
238.889
220.111
233.1
218.574
235.901
224.456
223.276
254.722
222.757
224.462
216.737
229.612
247.078
219.569
218.366
221.729
214.96
221.468
244.229
218.063
213.378
213.486
253.054
220.89
235.924
218.97
214.91
217.205
248.618
221.8
224.952
232.167
215.51
213.624
213.402
216.56
217.066
216.942
228.109
242.552
217.512
214.163
220.985
213.559
213.636
211.823
224.631
221.007
216.815
221.914
229.888
216.87
218.938
212.049
214.126
212.899
228.723
218.325
212.7
219.337
222.584
212.179
232.421
213.489
214.895
214.632
213.337
214.386
230.746
216.377
214.841
235.33
215.476
214.6
224.811
218.208
213.901
215.27
212.791
221.96
