804.245
599.058
598.531
613.135
601.336
596.917
595.98
624.62
600.309
601.586
596.409
597.566
616.267
606.388
597.384
617.913
626.513
595.543
595.67
602.851
600.072
601.081
597.023
597.352
603.006
601.174
597.798
600.256
599.62
595.765
599.052
610.117
602.717
596.806
600.73
598.031
604.631
598.133
601.458
601.038
599.6
596.167
614.47
605.375
601.715
597.673
597.196
596.095
604.876
598.824
602.582
595.496
600.984
598.744
599.079
611.535
625.343
608.652
600.959
596.579
604.009
600.796
599.209
595.749
602.342
596.885
603.11
596.607
601.263
598.845
597.274
601.191
601.606
596.23
595.498
599.277
607.503
596.174
595.678
595.157
614.376
599.554
606.966
595.325
600.778
596.595
596.567
607.469
600.955
604.913
596.051
600.243
624.747
596.792
598.521
599.044
602.895
610.779
602.26
597.331
