328.335
28.5683
24.2585
26.0919
24.0142
23.6605
26.7641
24.5075
24.1263
27.4013
39.6654
30.4479
24.3985
29.0127
25.8295
26.9911
23.9019
31.669
28.0382
25.6862
24.1265
25.7334
23.0833
24.1047
28.7459
27.2021
37.9318
34.3054
24.134
22.9401
22.7626
22.9152
22.9509
23.2933
25.2039
22.9342
22.9895
23.0149
23.1031
22.8791
32.5685
29.1276
24.1664
48.7875
22.9292
23.0596
22.9912
22.5406
22.9292
25.5577
22.0455
22.4871
22.3874
26.9847
24.3316
23.2704
27.2627
23.1089
23.5225
25.7297
30.6623
23.2639
24.6313
25.2406
23.4599
24.0053
25.1081
28.3988
33.1898
24.0177
31.1827
23.9943
23.8595
23.8146
25.0151
27.4909
38.5489
25.8519
24.5385
27.7827
27.8024
23.6874
27.3174
25.5983
26.2373
23.4846
22.6375
22.5894
22.7616
22.6845
22.9214
28.4457
31.4264
29.1895
25.0289
24.5664
24.0177
25.0662
24.2332
24.9866
