5.05403
3.9793
3.95654
3.8847
3.90521
4.48652
4.59676
4.1259
3.92157
4.01382
3.89939
5.18387
3.89372
3.91754
3.94269
3.88913
3.95615
3.92531
3.93478
3.94278
3.93569
3.9438
3.93605
3.97202
3.93767
3.96465
3.89671
3.92827
3.89468
4.38359
3.88601
4.11237
3.95219
3.92982
3.91902
3.92837
4.01699
3.9173
3.99088
3.93834
3.93681
3.9381
3.98462
3.89334
3.93923
3.94368
3.94917
3.93036
3.92844
3.88175
3.87376
4.04658
3.93004
3.96758
3.9405
3.90607
3.98557
3.97975
3.86358
3.8767
3.9537
3.96476
3.96033
3.94345
3.92955
3.94299
3.91422
3.90875
3.98041
3.96844
3.94902
3.96208
3.99414
3.93368
3.94251
3.93009
3.87828
3.94402
3.98094
3.95472
3.98298
3.8759
3.89632
3.91747
3.91013
3.92983
3.94568
3.95821
3.92515
3.96071
3.90223
4.24775
3.92166
3.90899
3.93271
3.97229
3.9762
3.91281
3.93411
3.9638
