353.856
353.582
353.862
353.41
353.617
353.604
353.58
353.577
353.488
353.476
353.861
353.814
353.806
353.335
353.393
353.871
353.42
353.367
353.666
353.533
353.382
353.654
353.4
353.536
353.406
353.451
353.341
353.549
353.524
353.569
353.65
353.604
353.361
353.761
353.411
353.584
353.724
353.633
353.627
353.694
354.002
353.548
353.861
353.511
354.231
353.382
353.643
354.365
353.46
353.39
354.316
353.81
353.361
353.829
353.846
353.789
353.933
353.94
353.481
353.395
353.548
353.577
353.557
353.457
353.432
353.389
353.548
353.699
353.678
353.839
354.137
353.533
353.757
353.669
353.876
353.829
353.721
353.752
353.765
353.822
354.265
353.678
353.636
353.713
353.828
353.842
353.703
353.849
353.752
354.079
353.82
353.732
353.735
353.969
353.76
353.802
353.605
353.863
353.767
353.919
