818.896
754.204
752.022
752.281
751.981
752.402
752.012
752.235
752.213
752.467
752.011
752.097
752.445
752.967
752.626
752.435
752.423
752.965
752.493
751.899
752.992
752.694
752.056
752.433
752.304
752.317
752.72
753.592
752.855
752.155
752.428
752.122
752.778
752.045
754.083
753.139
752.192
751.98
752.601
753.453
753.422
752.868
752.413
752.854
752.178
753.091
752.484
752.587
752.358
752.061
752.572
753.114
752.76
752.132
752.591
752.457
753.162
752.365
752.859
752.767
753.02
753.625
752.259
753.202
752.184
752.324
752.346
752.308
752.074
752.912
752.981
752.41
752.98
752.778
752.985
752.366
752.69
752.702
752.584
752.558
752.772
753.03
752.313
752.751
752.504
752.275
752.321
752.122
753.252
752.338
752.853
753.511
753.021
751.972
752.508
752.77
752.705
752.051
753.009
752.02
