106.365
23.5552
23.3667
23.8671
23.3848
23.3858
23.3862
23.361
23.4286
23.3588
101.953
23.2637
23.6749
23.4087
23.3407
23.4211
23.4366
23.325
23.421
23.3144
23.4118
23.4215
23.445
23.3835
23.3964
23.3449
23.3841
23.376
23.389
23.3735
23.3031
23.3843
23.3831
23.4092
23.4132
23.3508
23.2953
23.4079
23.3886
23.3872
23.3937
23.2985
23.4234
23.3801
23.3984
23.4236
23.3308
23.3145
23.4029
23.3782
23.3944
23.3745
23.2764
23.3798
23.3801
23.3952
23.3845
23.3257
23.3058
23.4074
23.3714
23.3805
23.3734
23.2666
23.3856
23.3917
23.3763
23.439
23.487
23.3081
23.3706
23.4245
23.3712
23.3841
23.2491
23.3832
23.3866
23.3891
23.3716
23.3512
23.3098
23.3935
23.3836
23.3873
23.4619
23.2893
23.3743
23.4155
23.3721
23.3857
23.375
23.3148
23.3655
23.3919
23.3548
23.4179
23.2664
23.3736
23.3578
23.3853
