299.496
4.21358
3.48194
7.23684
7.0133
26.84
6.87008
4.98552
7.41348
7.08825
9.57248
12.9007
7.00349
32.4725
11.2699
6.4042
6.90895
7.7988
7.59168
7.52444
8.05438
8.05288
6.9669
7.7322
3.64632
21.1759
7.43534
8.52132
7.13012
7.66907
7.05105
31.6085
3.63259
8.11949
7.83141
7.15278
7.33809
7.43902
6.80281
7.25565
34.2641
7.64417
7.53341
4.41165
3.52543
30.0625
7.01015
6.98273
7.94623
36.1754
7.98843
26.1323
7.59257
5.62212
7.91836
31.15
4.58865
3.53536
3.56435
7.86179
4.55759
3.64794
3.75796
4.37494
7.70637
6.54115
3.54282
3.59942
4.21711
4.08212
7.60822
4.43357
4.56425
7.26317
3.59049
3.71366
5.45411
3.74358
3.58212
4.96561
3.56928
3.48042
4.15512
3.47044
3.55463
4.64934
15.6838
7.84157
7.57342
7.20884
3.56339
3.57731
3.59514
3.89385
8.05232
7.26347
3.56711
3.56557
3.5767
3.9624
