574.176
229.579
150.651
231.585
245.568
146.377
145.033
140.304
149.072
159.984
152.939
153.061
152.41
153.914
225.668
144.99
162.65
150.182
155.969
229.574
146.196
159.636
150.182
155.753
152.199
152.14
158.083
227.238
141.547
158.353
153.351
228.399
151.536
231.367
220.203
225.85
142.407
159.848
151.387
232.271
220.145
143.477
238.408
142.551
157.175
158.155
153.367
157.79
156.056
154.574
154.338
227.638
220.339
144.688
158.421
151.773
160.107
152.455
230.172
141.838
164.321
150.595
154.833
161.537
154.205
154.646
228.091
144.404
160.711
151.136
157.411
152.495
155.779
162.972
153.723
154.852
228.429
145.093
158.146
153.91
155.476
153.228
153.996
153.096
155.072
156.178
152.844
154.259
153.444
156.531
157.253
155.003
153.618
157.163
152.736
154.465
156.474
154.183
152.93
153.423
