144.406
17.8155
17.9344
17.8729
17.8726
17.9526
18.0605
18.085
18.8123
17.9788
18.0834
18.3991
18.043
18.0674
18.1165
31.3859
38.1774
18.0985
17.9845
40.6971
29.8865
18.0468
18.1018
18.0704
18.3339
18.6826
31.7531
33.1046
60.2883
17.9832
18.5663
45.6929
18.3047
18.0257
18.0813
18.0534
18.2626
18.0777
18.0836
28.9543
65.0962
46.0783
41.9789
17.993
18.1127
17.9382
63.5972
33.1465
63.5181
33.0078
53.5616
43.9015
34.5296
17.9367
18.5401
34.716
18.0934
60.5087
48.3137
18.152
18.0538
18.1068
18.1122
18.0421
18.0759
18.0471
43.2551
43.1784
18.0679
18.1204
42.7059
18.0699
18.0992
18.0584
34.4114
18.0776
17.9949
18.0455
33.1938
34.983
18.1282
38.5828
18.0888
18.0765
58.9804
18.0496
18.1208
54.6487
18.05
18.2682
65.8737
17.938
17.9848
17.9601
17.9732
18.0396
64.2835
18.0937
18.183
18.104
