615.235
283.258
313.935
279.611
298.442
314.845
286.294
278.277
284.365
293.054
304.972
279.763
288.532
289.628
286.229
290.306
283.302
291.955
294.55
290.767
284.745
289.527
291.729
284.516
284.558
277.371
277.301
304.007
285.316
288.394
282.198
306.547
291.419
284.927
283.216
282.643
283.435
289.444
292.677
282.673
277.054
289.449
288.292
277.48
283.549
288.128
282.439
289.98
286.53
289.142
276.651
283.808
283.881
290.999
282.607
280.316
286.102
279.964
279.38
294.311
277.607
287.818
283.062
300.048
278.377
285.833
278.074
289.632
287.618
293.777
283.891
274.437
282.866
295.545
277.741
274.556
284.11
283.559
277.685
278.052
301.902
284.095
283.294
284.131
286.962
283.006
283.915
287.591
277.165
297.267
292.211
284.058
283.54
283.456
294.862
284.562
281.946
288.702
285.38
285.386
