55.3967
35.1082
30.6315
31.1397
30.5492
32.9799
3.52838
30.8308
3.69644
31.0215
31.0621
4.7389
3.6023
3.59359
3.59935
3.60191
4.39149
5.90355
3.61701
3.59678
3.6485
3.5871
5.87279
3.63273
5.74371
3.59493
3.60278
5.2372
3.56191
3.63734
3.64842
3.61869
3.59999
3.78589
4.9093
3.64102
3.6247
4.45042
5.98214
3.61049
3.65284
6.17015
3.62335
3.62898
3.63347
3.62953
5.25848
5.71755
5.72642
3.59185
3.6288
3.6864
3.6036
4.93728
3.95846
5.62274
4.87436
3.6048
5.26235
3.59967
5.29042
3.62179
5.09916
5.71091
6.42881
3.59742
3.60227
4.70944
3.60151
3.60798
3.63121
3.68163
6.09351
3.60659
3.62989
3.6265
5.76911
6.00525
5.2354
3.5998
6.17086
3.63431
3.69733
4.67667
5.30093
3.64136
6.20394
3.55811
3.59501
6.46404
3.63368
3.67037
6.75963
3.58908
3.61743
6.24488
3.6005
3.63845
4.55257
5.99945
