13.6399
12.29
12.3846
12.2929
12.3433
12.3229
13.1391
13.2188
12.3573
12.3267
12.2261
12.3596
13.2097
13.4748
12.3067
12.4145
12.8066
12.311
12.2989
13.2791
13.5947
12.3929
12.331
12.4502
12.5398
13.6712
13.5027
12.2887
12.3662
12.4226
12.2757
12.4422
13.6657
12.4771
12.31
12.3813
12.5158
12.3272
13.6667
13.8364
12.4036
12.3875
12.2967
12.4769
14.0638
13.8236
12.3548
12.3164
12.3081
12.2958
12.3498
13.8867
14.1064
12.2864
12.3663
12.3716
12.3466
13.9133
13.7876
12.4057
12.4477
12.5819
12.6053
12.3276
14.0359
12.4005
12.5178
12.576
12.5225
12.4405
14.0492
14.0397
12.3346
12.3427
12.5479
12.3198
14.3274
14.077
12.436
12.4476
12.4428
12.3477
14.2491
14.4552
14.34
12.3235
12.2147
12.3842
12.4734
14.3414
14.1925
12.3627
12.7179
12.3524
12.3109
12.3248
14.379
12.3333
12.3734
12.3272
