745.694
146.251
142.801
150.524
138.954
136.459
137.4
136.884
131.162
127.761
126.465
133.549
125.18
127.445
130.271
127.428
129.892
126.913
124.834
122.678
122.779
147.764
126.6
124.347
126.753
123.451
121.923
124.12
129.048
123.972
125.01
127.348
124.108
120.205
121.879
120.374
122.877
143.578
148.624
121.237
121.567
122.354
118.358
121.238
120.922
120.637
136.431
119.742
120.882
126.121
123.354
119.031
120.139
125.981
118.66
121.576
120.414
119.997
119.111
120.239
119.374
120.79
120.846
118.641
120.869
120.016
121.472
118.325
119.369
119.544
118.272
118.896
118.107
123.194
118.267
118.213
125.272
118.851
118.572
119.49
133.622
117.957
130.479
118.129
118.816
119.473
119.373
124.2
120.04
119.669
119.04
120.24
119.856
117.819
118.257
123.762
118.689
119.221
120.062
124.382
