13.3615
12.2773
12.2869
12.852
12.9599
12.2127
12.0273
12.1535
12.1373
11.9941
12.0239
12.1179
12.2391
12.01
11.9864
12.1352
12.3347
12.0097
12.1019
12.1511
12.1075
12.0924
12.0434
12.0274
12.2693
12.378
12.197
12.1434
12.3504
12.1158
12.5469
12.5071
13.2479
12.7861
12.4972
13.3626
13.6283
12.0781
12.2018
12.2272
12.204
12.0454
12.0173
12.1122
12.2522
12.0306
12.4575
12.3558
12.186
12.2593
12.3679
12.1142
12.2485
12.0161
11.9921
12.2921
12.2023
12.2795
12.1035
12.1397
12.2626
12.1234
12.163
12.0275
13.7625
12.6363
12.6776
13.9771
13.7698
12.0438
12.0255
12.0347
12.1416
12.0902
12.3031
12.3688
12.1426
11.9981
11.9981
12.2589
12.1117
12.0882
12.0464
12.3881
12.2082
12.0682
12.1017
12.8085
12.1711
12.0604
12.0869
12.1013
12.2544
12.2688
12.0993
12.0781
14.0153
12.473
12.4976
14.0681
