23.6603
22.5089
21.9572
21.6968
21.7968
21.6892
21.9613
21.859
22.6555
21.6485
21.5683
21.4816
21.6377
22.7915
22.3
21.8809
21.9274
21.6392
21.6888
23.162
21.9824
21.9138
21.7464
21.9939
21.8062
21.8378
21.848
22.0621
22.0984
22.0291
22.236
22.1906
21.9589
22.3904
21.7185
21.8206
21.7297
21.8939
21.786
21.8778
21.7506
22.307
22.2617
22.0989
22.9429
23.2519
22.651
22.0388
22.3548
21.6529
22.0778
21.8664
21.7109
21.7072
22.0592
22.8745
23.0334
22.7683
22.814
23.4579
22.8916
23.4551
24.2038
22.8187
22.7358
23.3425
22.9549
24.3935
22.8897
23.5457
23.7482
23.0833
22.5973
22.5866
23.9918
23.0333
24.1615
23.0992
22.7449
22.9113
22.9506
22.9433
22.9105
22.78
24.1994
23.2168
22.9563
23.0079
22.8441
23.082
23.0134
22.5833
23.0329
23.19
24.4172
22.1024
22.2861
21.9025
22.2823
21.7863
