640.693
174.118
170.35
181.042
172.877
169.013
169.298
173.231
169.382
230.799
171.474
172.884
170.601
169.483
170.884
169.276
170.493
178.204
172.097
176.725
170.056
168.65
168.177
172.058
170.431
171.074
168.803
172.709
172.697
172.709
171.144
221.075
176.537
174.297
173.009
171.361
172.081
189.46
177.077
227.965
171.814
170.097
174.645
178.356
173.382
169.735
171.778
168.921
177.094
170.683
171.479
171.207
170.862
175.114
170.768
175.307
174.552
169.916
169.844
172.202
170.38
177.386
170.396
170.709
170.984
173.073
171.07
168.94
171.865
175.79
168.506
168.568
172.632
171.982
220.047
174.229
168.707
169.357
167.503
169.999
170.616
177.229
173.684
169.979
176.026
170.28
169.912
171.857
171.422
170.164
170.554
175.758
170.999
169.528
173.007
176.128
170.834
171.68
169.136
171.762
