128.5
3.8423
3.87817
7.79598
7.50126
8.34884
10.2674
7.53051
8.47618
7.87619
7.85288
10.1297
9.93973
7.69969
7.79416
7.76504
7.69992
3.97503
3.91988
3.88233
4.7277
3.93092
4.16413
3.90064
3.88285
3.89961
3.92205
4.44662
4.32594
3.86053
3.93675
3.88641
4.19229
3.92923
3.83122
3.98728
3.88661
3.87446
3.8947
3.94846
8.01712
9.98421
3.91159
4.49727
3.89423
3.83967
3.84104
3.8511
4.25398
4.23839
3.92862
3.90244
3.98624
3.91642
3.84764
3.91514
3.88506
3.91667
3.87978
3.95861
3.89194
3.83059
4.2123
4.48108
3.81077
4.42481
3.8735
3.85813
4.02448
3.82305
3.86027
3.88727
3.8839
3.84236
3.93422
3.81632
3.82025
3.81504
3.83733
3.93214
3.91814
8.64559
7.64428
8.33968
9.69294
9.64957
7.51788
8.20051
9.92024
7.69923
7.79293
3.93028
8.04651
11.4066
7.8994
7.84747
11.3502
7.91053
7.92897
3.92919
