118.423
8.20025
9.43866
7.72066
7.76374
7.86665
8.03752
8.14612
7.70241
7.91284
8.31051
8.12051
8.09632
8.12985
8.11579
8.17379
7.69554
7.83913
7.81113
7.71002
8.06471
8.15997
8.15092
7.8878
7.71137
7.70675
8.07953
7.76531
8.09065
8.11213
7.80645
7.7029
8.95602
8.08937
8.05532
8.09319
8.09698
8.07868
8.10741
8.16884
7.9917
7.85869
7.83383
7.68055
8.12238
8.16098
7.8734
8.09484
7.86581
8.12595
7.99863
8.08184
8.06313
8.10616
8.11056
7.71805
7.94872
7.78065
8.07243
8.09189
7.97066
8.07719
8.06982
8.07046
8.07243
8.06839
7.81532
7.86191
8.02855
7.78172
7.89741
7.88066
7.86215
7.66825
7.92397
8.05895
7.81622
8.0832
7.66531
7.75021
8.1129
8.20448
7.95975
7.84378
7.75621
8.10251
7.8898
7.83777
7.8925
8.08206
7.82869
7.68964
7.82898
7.78142
8.09497
7.8458
7.82536
7.67415
7.67961
7.89915
