372.163
367.99
368.06
368.612
368.204
368.913
368.231
368.086
367.806
367.686
368.034
367.801
368.098
368.515
368.323
368.754
368.413
368.449
368.875
367.847
368.808
362.941
369.083
371.366
370.155
368.052
368.164
371.985
368.048
368.091
368.413
368.249
369.279
369.512
368.954
367.963
368.81
369.024
368.013
367.946
368.192
367.643
368.455
368.505
368.206
368.516
368.477
368.207
368.493
367.671
368.402
368.749
368.165
368.69
370.924
371.027
371.78
367.489
368.588
368.851
368.909
368.225
368.176
368.316
367.725
367.946
367.713
368.148
368.41
368.621
368.076
367.871
368.532
367.749
368.62
368.731
367.763
368.22
368.702
368.689
367.743
367.744
367.825
367.956
368.393
367.998
368.094
368.283
368.317
368.593
368.783
368.621
368.162
367.614
368.449
368.147
368.403
368.672
368.815
369.09
