643.648
163.102
135.324
31.2742
34.5803
152.688
27.325
28.8553
136.3
27.5307
31.3487
151.701
28.4919
29.8402
150.902
28.2695
27.1326
149.496
27.5387
29.679
27.3615
28.7524
27.1201
28.4261
28.2049
27.5062
118.478
32.4643
31.152
33.0056
156.338
157.799
155.581
30.7078
29.8352
26.9526
29.8401
29.4638
30.1339
153.345
139.563
110.533
29.5753
29.2485
27.2447
151.339
26.9117
32.2692
29.5892
30.4101
27.4361
28.3385
152.751
27.865
29.8899
149.777
151.227
27.367
27.5029
27.41
29.9081
151.577
27.7503
27.3796
28.3494
29.9247
27.4073
26.9358
27.2789
29.3154
29.6268
28.7197
28.4538
30.1613
32.4166
27.0935
27.1762
108.96
28.1301
27.2853
28.7346
27.3054
26.9533
27.2019
29.8646
31.9952
28.5378
26.8101
27.4274
26.2329
26.5195
26.2141
28.6214
28.4845
28.7223
27.7436
27.0394
28.0676
26.4951
28.4954
