87.7299
80.5586
73.2606
11.2335
9.87795
10.2295
10.1006
10.7421
10.4497
10.8232
10.7092
10.6586
9.81673
10.946
10.946
10.0694
9.67344
9.66498
10.6314
10.5851
9.83542
9.80374
9.80546
9.78787
9.67294
9.68305
9.83274
9.95034
10.7598
10.9025
10.5382
10.3144
9.65573
9.78474
9.69747
9.71921
10.0159
9.98586
9.96472
10.1551
10.1085
10.8095
9.98452
10.0499
11.1144
10.9698
9.81491
9.80627
11.0084
9.86125
10.4627
9.69267
10.6659
9.82773
11.6006
10.1013
10.2958
10.518
10.7232
10.0149
10.0737
9.80824
9.83916
10.9498
10.8822
10.2798
10.8576
10.4582
10.9684
10.3302
10.5741
10.2736
10.0807
9.82006
9.69662
9.80581
11.0636
10.9276
9.81387
10.401
10.3063
9.68682
10.9576
9.82018
9.68126
10.9033
9.71256
9.69121
10.8465
10.1992
9.81137
9.81165
10.6615
10.269
10.9571
10.0413
9.93395
9.94881
10.6152
9.97284
