656.208
115.89
106.878
109.519
106.538
104.9
105.548
107.887
107.556
107.561
105.114
105.428
105.886
104.035
105.223
105.056
107.058
103.787
105.311
104.886
104.731
108.272
105.846
104.576
105.296
102.832
107.419
106.635
108.946
105.221
103.798
105.447
104.933
103.413
111.906
106.45
109.479
108.435
106.782
104.539
104.826
106.657
106.8
104.489
105.336
105.904
105.543
103.707
103.671
107.995
102.219
105.169
108.139
103.07
103.304
103.415
105.828
105.098
104.389
104.99
102.886
104.177
102.729
105.163
103.512
102.49
102.827
104.863
103.699
103.082
105.158
103.744
103.043
104.922
103.609
103.971
103.259
124.16
104.645
103.644
104.859
104.113
105.026
103.376
103.084
105.543
103.002
103.724
102.561
104.38
105.803
105.023
104.149
101.608
108.882
103.028
108.669
106.34
102.911
101.993
