477.076
150.665
150.752
153.177
146.402
141.974
145.024
148.472
142.363
144.134
142.438
144.363
143.582
145.491
143.538
147.007
142.445
147.242
146.376
143.591
147.693
141.966
147.056
143.288
146.3
143.913
144.559
145.029
144.906
143.628
147.774
155.835
153.134
157.091
149.009
156.58
149.647
146.894
149.124
150.089
146.968
144.703
147.09
146.589
211.45
149.514
146.407
143.045
142.344
143.104
150.269
142.56
142.632
141.749
144.25
143.494
140.628
143.847
141.71
140.342
141.515
140.185
142.336
141.127
141.172
140.736
140.249
142.056
139.918
142.937
140.879
140.348
143.057
140.689
140.075
140.052
139.857
141.239
144.551
141.988
144.114
147.824
146.393
140.57
141.769
143.548
142.813
139.996
140.115
140.537
140.092
147.342
142.223
142.259
153.767
140.334
153.023
142.659
144.206
150.065
