711.025
239.538
220.004
277.374
216.703
212.824
212.734
217.279
220.762
219.182
218.139
216.161
212.867
213.832
217.674
269.811
212.923
213.494
285.85
215.571
214.196
212.925
213.126
212.588
213.395
217.81
213.13
212.441
214.78
218.773
217.277
214.053
213.749
212.824
213.799
218.23
217.914
214.054
214.099
214.578
216.577
215.4
216.654
212.57
213.173
218.55
218.87
213.747
213.108
213.627
212.954
220.881
216.408
212.728
225.921
217.501
232.456
220.077
215.658
215.138
214.868
214.004
213.957
212.599
214.161
212.994
213.03
217.056
215.088
216.287
213.959
218.438
218.557
215.545
212.901
215.818
212.412
220.016
212.924
219.989
212.966
215.543
213.821
214.689
214.144
217.488
216.627
223.533
215.417
216.305
217.585
213.691
216.489
212.423
223.248
212.444
218.338
214.413
221.22
216.07
