3.80542
3.15695
3.14243
3.1481
3.13159
3.12948
3.13295
3.1249
3.99394
3.14917
3.15479
3.48058
3.15654
3.14746
3.10375
3.09521
3.18965
3.32348
3.16662
3.10801
3.1071
3.0884
3.12435
3.13081
3.13864
3.13483
3.14828
3.13096
3.1403
3.13436
3.13875
3.13499
3.83317
3.13183
3.13063
3.10588
3.0989
3.13871
3.1941
3.32015
3.15858
3.16748
3.14926
3.1577
3.14589
3.16784
3.15934
3.16394
3.12426
3.15682
3.13086
3.27155
3.12607
3.12273
3.15015
3.10316
3.15623
3.14128
3.14621
3.12817
3.11827
3.12864
3.13625
3.15267
3.1566
3.10193
3.13123
3.1542
3.1459
3.13441
3.11844
3.09279
3.10447
3.176
3.13418
3.21336
3.09301
3.27893
3.2207
4.31893
3.24579
3.15749
3.18755
3.16561
3.20383
3.54837
3.27491
3.15603
3.1478
3.23725
3.17817
3.15272
3.21584
3.20836
3.20574
3.18043
3.27701
3.22057
3.20746
3.20232
