335.997
71.5186
62.4405
66.374
62.9058
72.899
60.0038
69.6666
65.774
61.6541
61.2714
59.1869
63.0174
62.5231
58.3634
58.3117
66.2724
58.779
59.4817
63.3825
63.2408
59.4885
74.2037
57.666
59.132
57.8489
67.1962
59.2209
64.1416
59.7848
59.6743
57.4341
59.785
58.2397
60.3616
59.9943
57.3245
57.6322
58.4024
66.0835
60.2613
57.2028
61.1068
58.089
57.0576
58.9056
57.0105
57.1169
57.1139
57.3719
61.9047
57.6316
57.3001
58.3092
57.6125
57.1658
58.6899
59.3634
58.7507
57.2583
58.4279
57.5249
57.0616
58.4603
57.2219
61.1782
58.5165
58.0586
57.7716
61.8066
61.2685
67.7807
66.4077
61.449
71.8229
59.0134
62.4091
58.6424
57.6146
60.0131
57.2513
60.9918
61.919
73.4645
59.5666
62.9761
57.897
58.1315
63.2759
62.4222
58.1921
58.2002
57.4816
57.8972
58.6888
58.1809
60.222
59.3837
61.9088
59.2669
