367.129
165.743
99.5694
133.24
231.502
140.441
6.79672
10.7288
311.146
115.54
171.254
138.482
317.176
269.954
4.38329
333.572
6.42781
245.888
4.29508
294.927
140.505
331.512
5.27223
313.835
6.61618
294.096
6.14901
136.515
325.053
4.91035
159.668
14.1915
11.7414
12.1131
19.9476
16.1412
287.939
245.645
12.7135
369.134
13.4194
140.215
88.1339
7.89042
9.33292
92.316
10.16
10.7793
170.834
5.89291
294.749
156.202
5.85961
4.39294
6.35641
4.28411
4.73247
95.8033
17.5124
228.162
5.90114
295.639
279.236
305.04
87.5232
18.4483
18.0032
172.585
155.887
10.4772
10.1647
21.0565
9.13477
14.0949
18.0086
101.975
12.2506
19.2153
15.7178
5.49252
8.49939
4.5771
4.31932
6.98293
4.37728
19.7236
14.248
4.70181
4.33299
5.43884
4.35964
4.39564
4.37111
4.49365
4.28272
4.78052
4.98828
4.46162
13.1536
4.97275
