375.345
116.246
115.511
117.383
115.239
121.403
124.061
115.951
122.635
124.305
117.157
116.798
120.15
115.652
118.876
118.331
117.03
123.637
117.593
117.82
119.903
116.535
116.323
117.48
116.731
116.76
116.874
117.437
116.714
116.334
116.67
117.25
119.005
121.572
118.374
116.954
116.655
117.224
117.249
115.952
117.022
128.123
117.224
117.093
118.712
117.171
117.362
116.637
116.503
117.991
118.723
129.31
117.423
117.638
126.742
122.365
124.114
116.163
116.42
117.962
116.302
116.083
119.182
115.604
117.011
116.293
116.705
115.855
117.368
116.477
116.139
116.636
115.776
116.173
115.973
116.308
116.079
120.895
116.09
116.533
121.698
118.468
115.975
117.006
117.321
116.843
116.171
115.92
113.991
115.716
120.266
125.796
120.888
114.294
116.02
117.383
116.335
115.619
115.117
124.577
