519.738
513.771
506.052
518.459
514.789
513.279
514.043
513.536
514.584
517.639
512.724
511.149
512.894
516.902
511.562
518.125
515.54
515.992
514.04
511.998
510.504
519.001
509.432
512.83
514.083
520.388
517.123
514.518
518.347
507.867
520.018
515.986
503.651
515.708
511.404
516.284
517.35
518.821
515.731
504.191
514.246
510.575
517.444
519.418
510.477
518.141
515.389
515.295
511.654
518.672
515.487
516.113
520.554
515.855
514.106
519.229
514.353
522.805
513.326
516.89
514.414
514.986
516.152
516.829
515.214
520.904
522.414
516.848
519.909
517.936
513.337
517.82
523.097
512.68
519.933
519.791
518.169
516.57
520.431
520.511
498.1
514.11
515.225
515.649
518.422
521.331
517.702
515.027
517.824
516.581
513.532
521.758
514.964
514.259
516.617
513.049
517.688
499.203
519.925
517.227
