9261.84
7263.62
8205.11
8524.6
9542.44
8604.72
8238.33
7843.71
7558.73
7103.93
7174.99
6814.08
6825.47
6995.74
7117.01
7026.91
7037.71
7127.21
7030.11
6918.48
6843.74
7086.66
6943.32
7079.79
7003.36
7211.99
7025.03
7021.89
6859.64
6860.01
7075.4
7062.53
7043.76
7482.62
7120.84
6961.05
7088.64
6977.83
6770.2
6891.82
7003.39
7043.47
7120.99
6911.69
7240.45
6992.29
7011.2
6922.75
6852.34
7091.63
7109.99
7341.76
7028.55
6901.63
7176.93
7213.27
7029.15
7226.65
6711.6
7165.5
7008.95
6888.56
7545.03
7040.7
6991.3
7118.46
7052.65
7013.07
6829.65
7035.62
7157.23
7034.02
7012.34
6937.93
16369.4
7148.03
7061.86
7044.22
7034.15
7009.56
7016.67
6932.37
6881.88
6908.16
7075.76
7115.6
7004.93
7002.45
7009.8
7145.27
7400.36
6900.79
7009.75
7154.94
7062.43
7047.97
7150.68
6828.86
6912.74
7109.21
