469.49
117.766
108.914
95.672
78.4676
77.9306
78.9662
86.7129
84.1757
89.5712
77.1514
76.2749
79.6651
75.4515
84.6972
93.1819
111.246
86.7972
82.9608
76.6551
75.5339
73.9742
83.1343
77.2351
93.7678
93.9424
88.5226
77.4899
90.1182
75.9344
77.1555
72.9632
83.2355
108.823
117.446
77.2937
121.729
84.4014
78.9928
93.117
76.4712
88.6526
97.5846
94.3927
114.37
126.964
124.293
80.4856
93.417
145.586
84.1733
111.861
79.2648
78.2462
79.6227
91.597
107.856
101.223
75.7656
74.8265
80.2893
75.7108
92.3287
79.1375
93.6672
108.886
85.9549
95.9348
77.4991
85.5514
78.8052
100.083
110.826
85.9882
75.0202
97.2943
81.1329
77.9138
94.1985
87.9317
78.1703
76.2998
75.7642
80.3058
109.39
95.2513
93.4882
126.18
98.3232
126.378
113.16
101.464
95.878
101.426
108.135
91.8652
83.5873
77.0605
100.156
96.8786
