776.475
376.475
347.986
376.917
343.575
352.127
353.843
366.111
365.068
366.691
370.59
371.634
358.961
359.584
373.613
353.529
351.067
351.524
354.09
357.804
355.734
355.431
354.516
363.103
347.077
358.771
349.795
353.003
355.152
363.644
373.915
389.309
369.978
365.8
369.289
387.444
414.179
402.999
404.574
388.729
377.507
363.971
366.389
371.287
372.979
385.873
358.868
354.889
349.469
345.562
357.3
352.56
1096.53
351.913
347.874
346.489
351.436
1271.32
348.181
351.077
348.983
350.279
350.184
353.318
884.828
353.707
351.588
351.202
352.539
361.494
364.276
851.755
354.148
359.552
344.802
349.234
357.037
358.085
832.769
345.932
355.7
347.291
348.453
348.542
346.083
349.255
534.56
341.015
343.687
341.733
352.447
347.263
352.965
911.343
343.516
346.295
346.558
349.783
350.799
354.638
