701.725
208.988
109.709
86.9555
161.961
119.465
93.7106
105.036
94.3536
88.9123
80.0958
85.6041
77.9847
85.7834
83.4079
87.7682
82.2955
83.0589
76.002
82.4195
77.5096
69.2723
76.2883
76.6115
73.4567
73.5286
83.2129
69.7029
84.4407
84.3532
81.0445
82.6549
87.9787
84.6438
80.8836
80.5248
82.4958
82.8611
82.408
85.16
88.0086
93.4392
77.0472
85.2302
80.3523
79.0553
79.073
81.2408
83.6535
82.0394
75.6293
80.9836
87.3563
94.0508
93.9433
84.084
84.5121
93.3361
94.0147
91.6739
91.2922
86.5086
68.4429
84.2128
91.4834
83.1958
82.6026
83.3481
84.7361
108.791
104.06
74.6603
68.4944
70.398
71.0241
83.4564
80.2153
79.1212
87.7923
86.3501
78.2949
84.9331
69.8909
72.5742
72.6551
92.574
68.6638
75.7652
71.5636
83.5034
89.2391
91.4118
86.1891
82.6026
82.9196
84.6642
79.6438
99.6512
83.4439
85.2565
