74.4225
74.6218
73.267
165.015
77.6135
73.189
73.1754
73.1467
73.2211
73.6121
73.9225
73.1037
73.8146
74.2196
73.15
74.3408
74.1669
73.6971
73.9005
73.464
73.8668
72.6291
74.1096
74.4582
74.5079
73.5598
73.1396
186.148
74.8464
74.4446
74.0578
73.5922
72.3114
72.3788
72.9383
73.5582
73.5265
73.5647
73.3533
72.7198
73.1931
72.158
72.8281
72.9096
73.1148
73.9368
74.4236
75.3121
73.6207
72.8509
152.494
76.0498
73.74
72.1393
72.7276
73.2389
72.4081
73.4237
73.314
73.8272
74.6253
74.2045
72.8307
73.3126
72.4797
73.5787
72.2115
72.9134
72.6134
72.8454
73.2581
72.5715
72.6708
73.7214
133.248
74.1376
72.5315
71.8547
72.2652
72.44
72.3581
72.8401
73.8669
73.8424
72.8203
73.7236
73.2899
74.3777
72.4405
73.234
72.4796
71.9562
72.5414
73.9541
74.1574
72.6825
72.9939
72.8265
159.486
81.1759
