1022.45
1019.4
1020.58
1022.13
843.984
1019.19
988.012
888.039
1019.22
1020.59
1018.59
1020.23
1024.66
1024.21
1021.33
1019.98
1020.03
1018.32
891.343
1017.98
1019.71
1018.57
1019.42
1019.35
1018.66
1018.93
1018.35
1018.22
1018.25
1019.91
1022.12
1020.06
1018.93
1018.4
1017.52
1018
1009.47
1012.54
941.548
1018.31
1019.09
1018.57
1020.02
1017.53
1020.54
1021.26
1020.46
1020.31
1019.05
1018.72
1018.39
1019.68
1018.39
1018
1018.09
1017.97
1018.17
988.222
815.339
814.612
815.305
815.019
814.849
814.426
814.746
814.357
814.94
816.069
814.264
820.001
815.835
815.699
858.937
1018
1018.47
1018.14
1018.49
1018.5
1017.39
1019.08
1018.3
1017.33
1016.78
1017.34
1017.29
1016.43
1017.77
1015.43
1019.1
1018.17
1018.12
956.333
945.679
1017.11
1017.96
1017.79
1018.35
1018.4
1018.22
1017.47
