287.238
287.212
287.155
286.985
287.098
287.059
287.183
286.922
286.971
286.936
286.991
287.004
286.946
287.001
287.022
286.905
286.939
287.11
287.152
286.921
287.168
286.994
286.956
286.951
287.06
286.994
287.014
286.933
286.937
286.909
286.947
286.983
286.944
286.922
286.915
286.983
286.907
286.923
286.929
287.019
286.965
286.959
287.121
286.99
287.034
286.972
287.141
286.885
286.912
286.953
286.922
286.915
286.917
287.049
286.927
286.996
287.058
286.946
286.927
287.01
286.965
287.034
286.94
286.925
286.899
287.186
288.09
287.271
286.938
287.022
286.9
286.919
286.987
287.045
286.998
286.94
286.964
286.965
286.949
287
286.916
286.974
287.083
287.085
287.037
286.995
287.045
287.303
287.205
286.937
287.006
286.93
287.175
287.004
286.959
286.995
286.899
287.039
286.897
286.956
