600.948
267.1
263.79
266.002
266.376
265.773
265.709
272.748
285.077
267.474
293.259
265.871
268.373
282.243
269.608
266.596
268.125
266.805
273.046
264.671
267.301
270.668
265.069
265.154
265.395
267.776
258.951
267.332
265.599
271.831
265.592
267.75
266.554
267.966
258.015
265.909
278.532
269.765
268.442
264.578
278.488
264.193
265.042
256.761
259.965
265.707
271.748
265.653
266.029
267.021
266.295
281.899
262.809
257.356
265.738
257.204
276.979
271.708
283.601
266.959
275.275
267.859
272.244
260.803
258.017
266.895
258.401
257.749
258.329
265.65
277.898
258.134
265.294
270.146
257.594
267.102
265.663
273.827
258.914
268.651
267.093
266.806
267.333
274.85
270.857
276.057
265.85
261.286
267.981
266.106
270.727
276.257
273.291
266.006
265.97
265.013
268.926
265.181
266.136
268.431
