602.466
57.1128
51.1321
44.4971
53.8482
53.3151
64.4255
45.5004
47.9528
47.6384
50.9386
44.2177
47.0197
42.7754
43.5946
73.4068
57.5779
46.2634
42.3543
43.4921
42.1715
59.5072
43.6216
48.4194
43.2621
53.5968
42.7094
41.7814
42.2129
44.7295
43.0309
45.5161
45.666
43.4373
62.9945
57.8168
45.8154
46.7744
45.1025
42.8879
43.8873
43.0238
43.1243
43.321
43.9235
62.674
44.3792
43.6898
42.8017
44.3959
43.2208
42.7604
42.6289
42.4632
57.6958
60.5653
59.7646
48.3064
42.7346
46.387
43.2091
44.1261
44.2884
44.3012
45.8932
52.621
47.3582
44.4075
47.605
44.6951
43.6844
43.9196
43.5766
42.4419
46.0979
47.4821
48.5727
45.709
47.2601
47.195
42.1072
43.4217
42.0727
42.6059
43.9465
51.8574
48.28
42.7123
42.4351
57.404
47.8199
42.417
42.2677
42.4136
49.5717
210.791
46.6485
43.0824
42.6688
42.967
