382.769
379.247
380.933
380.593
382.16
380.575
381.076
380.671
380.435
380.055
381.401
379.95
380.395
381.109
380.319
383.684
380.966
381.907
380.533
389.181
389.507
390.81
389.244
388.553
389.793
380.359
380.531
382.51
380.889
380.638
380.02
380.511
380.537
381.155
380.927
382.037
380.543
380.741
381.533
381.787
380.454
380.81
381.164
380.363
381.437
380.049
379.978
380.99
380.624
380.443
380.321
380.297
380.953
380.165
379.994
381.075
380.12
380.297
380.817
380.69
380.657
379.935
380.078
382.051
380.207
380.016
380.618
380.465
381.28
381.226
380.159
380.065
381.033
381.803
380.89
380.542
380.915
379.983
380.983
380.99
380.355
380.232
380.295
380.561
381.016
382.171
380.794
380.45
380.425
380.533
380.794
381.729
380.698
381.436
380.198
380.954
380.405
380.056
380.545
381.371
