40.8167
40.3675
40.1974
40.3025
41.0334
40.223
40.3062
40.3485
40.3939
40.5684
40.242
40.2237
40.3601
40.2831
40.2248
40.1717
40.2016
40.1942
40.2342
40.2216
40.2427
40.2297
40.1889
40.3402
40.1878
40.2213
40.2236
40.2101
40.1811
40.2291
40.2514
40.2287
40.2385
40.2131
40.2441
40.1942
40.2146
40.2641
40.2214
40.3061
40.331
40.3316
40.2188
40.2281
40.2278
40.2147
40.2282
40.1992
40.1903
40.2166
40.2107
40.222
40.2242
40.2453
40.2733
40.2082
40.2291
40.2223
40.4503
40.2501
40.2282
40.1595
40.2226
40.218
40.2394
40.2447
40.2215
40.242
40.2227
40.2251
40.2303
40.2285
40.2751
40.2194
40.2933
40.2297
40.2746
40.2433
40.2483
40.2368
40.2657
40.2041
40.2576
40.2223
40.231
40.2178
40.1959
40.2493
40.2166
40.2201
40.2304
40.2233
40.2157
40.2326
40.1932
40.2129
40.2312
40.1997
40.2151
40.1925
