10.7051
10.5551
10.7018
9.88027
9.87454
10.0715
9.88955
10.8133
9.87928
9.84302
10.8078
10.7142
11.3335
9.95645
9.82129
9.87111
9.97046
9.80807
9.95748
9.8492
11.0816
11.1607
11.0884
10.953
9.83794
9.82141
10.1304
10.7612
9.89984
9.849
9.81352
11.1643
11.2962
11.2428
11.3145
10.5842
9.9606
9.88032
9.96468
9.95035
9.86095
10.0857
11.2341
11.3628
11.3927
9.84287
9.86601
9.93261
9.93297
9.93813
9.96594
10.0326
11.4919
11.3461
11.4727
11.4743
9.94829
9.99589
10.083
10.7145
9.94409
9.96026
9.93688
11.5732
11.5076
11.4579
11.6947
9.92307
9.89142
9.92324
10.0284
9.96138
9.87062
9.85414
11.683
11.6534
11.7349
9.87186
9.95251
10.0059
10.0285
9.84762
10.0108
9.90818
11.7255
11.7259
11.7351
12.4311
9.83155
9.91152
10.7972
10.0613
10.0185
9.86029
9.92275
11.8618
11.8217
11.7934
11.9995
10.1287
9.93947
9.859
9.94694
10.0261
9.89296
9.88104
13.181
11.8694
12.1332
10.0247
9.91712
10.0364
9.97184
10.0284
10.0482
9.91176
12.4534
11.9958
12.1538
12.0866
9.88307
9.91966
9.99138
9.89448
9.94587
9.83429
9.91287
12.129
12.1248
12.0814
12.2519
9.98318
9.96012
9.92731
9.88789
9.96624
9.83561
9.8179
12.1529
12.3849
12.5358
10.0809
9.87327
10.0131
9.97008
9.86432
10.0725
9.90945
12.4356
12.4053
12.3491
12.5106
11.3377
9.91745
10.0598
10.0481
9.99248
9.90409
9.9504
12.6913
12.4669
12.5034
12.8184
9.83929
10.0011
9.93151
10.0713
10.0435
9.8975
10.4879
13.9984
12.7201
12.7416
9.89417
9.97786
9.99789
12.0031
9.88016
9.97757
9.89816
12.7699
12.6378
12.7351
12.8089
9.93427
10.0093
10.1107
10.1593
10.0469
10.7041
9.99306
12.9631
12.8906
12.7974
12.9789
10.1018
10.0689
9.97997
10.0652
10.0476
