53.1737
51.2478
51.5679
51.5037
56.2333
51.9599
49.611
49.6877
50.4709
50.0602
54.5799
53.1932
49.8279
50.2192
50.5678
49.6618
52.1635
53.8651
50.0692
53.3644
52.2382
51.6091
50.626
54.6939
53.9547
51.2791
52.7734
53.4904
52.3261
49.4695
50.5177
50.9215
50.7403
51.7439
50.8456
49.808
52.9044
51.5759
49.9024
49.4836
49.6345
51.9101
49.9179
49.921
49.7169
53.4011
50.597
50.2643
52.2206
49.403
54.398
53.6082
50.8644
49.532
55.4938
53.9201
47.2634
50.8164
49.1431
48.1831
50.6099
53.0079
53.7744
54.2835
50.2791
51.5286
50.5047
49.8977
57.3195
52.8081
55.8825
52.415
57.1803
55.5876
56.9423
54.2801
58.9982
55.8721
58.4718
54.9452
50.6679
51.4086
56.2167
57.8465
54.719
57.1879
53.5333
52.353
51.6445
50.7885
50.2036
49.8013
49.8346
64.0688
53.8289
65.1408
52.6392
52.3251
54.4538
67.2584
