7.27274
7.25264
6.872
6.84067
6.84384
6.84992
6.86531
6.83802
6.81699
6.82813
6.82547
6.84982
7.26346
6.85824
6.84166
6.83158
6.85386
6.85594
6.85053
6.85642
6.86922
6.83469
6.83424
6.85667
6.81386
6.84269
6.83994
6.84374
6.85146
6.84234
6.86214
6.82688
6.83885
6.8153
6.84541
6.85328
6.73334
6.72579
6.72064
6.66474
6.70662
6.68122
6.66432
6.64093
6.56515
6.5344
6.52906
6.54819
6.58912
6.58931
6.99187
6.87459
6.86013
6.8447
6.83744
6.84758
6.85094
6.84765
6.83773
6.82435
6.80371
6.85126
6.82848
6.81347
6.82147
6.84768
6.8344
6.82333
6.83162
6.84832
6.85056
6.82442
6.81478
6.83133
6.83984
6.84928
6.83786
6.85091
6.86298
7.17331
7.29514
6.90854
6.83968
6.80464
6.83434
6.83382
6.84048
6.85674
6.85546
6.83763
6.82435
6.8265
6.83776
6.81837
6.8144
6.82115
6.8456
6.85322
6.81469
6.80362
