12.2895
11.8606
11.8591
12.4111
11.8623
11.9732
11.8966
11.9726
11.7663
11.8672
11.7878
12.068
11.5113
11.6263
12.0579
11.6493
11.6153
11.6412
11.6266
11.6189
12.0438
11.7365
11.6944
11.8735
11.7458
11.8093
11.6552
12.0977
11.6848
11.9663
11.7629
11.8304
11.8729
11.9012
11.9812
11.9478
11.6325
11.6346
11.735
11.5514
11.8469
11.5529
11.729
11.6651
11.8832
11.7355
11.5319
11.9811
11.7241
12.0922
11.6694
11.8712
11.7093
11.6534
11.9271
12.0075
11.6627
11.7482
11.8276
12.0305
11.7651
11.5339
11.9078
11.8214
11.6102
11.7829
11.8464
11.5268
11.7637
11.7292
11.8579
12.1869
11.9338
11.6082
11.6295
11.8106
11.7115
12.0791
11.8973
11.6205
11.9894
11.6848
11.665
11.7412
11.9027
11.7478
11.7633
11.6082
11.7872
12.0974
11.7617
11.6075
11.6877
12.1372
11.7308
11.5623
11.6769
11.6205
11.627
11.7078
