8756
6901
7811
8054
8992
8057
7763
7323
6980
6579
6635
6363
6362
6459
6546
6520
6518
6608
6488
6501
6400
6669
6425
6557
6480
6646
6476
6456
6358
6413
6526
6473
6471
6949
6594
6425
6553
6454
6345
6467
6588
6509
6564
6392
6623
6407
6451
6453
6437
6570
6566
6782
6515
6491
6626
6598
6471
6695
6284
6615
6429
6438
7001
6494
6429
6503
6598
6436
6372
6491
6596
6495
6464
6496
15837
6598
6491
6519
6498
6447
6477
6501
6454
6471
6510
6596
6475
6488
6493
6605
6955
6440
6447
6614
6500
6525
6602
6412
6482
6578