32.8292
10.1533
32.0391
32.283
29.7658
30.2864
9.00343
30.0835
9.25981
29.4294
11.3696
8.22143
9.26638
8.20918
9.26953
8.21404
9.26707
8.20746
9.26342
8.22636
9.27384
8.22333
9.26135
8.2333
9.25592
8.22793
9.2589
8.21087
9.26574
8.21373
9.26425
8.22435
9.26766
8.22011
9.2515
9.27362
9.26533
8.2127
9.27157
9.26953
9.26897
8.2197
9.2681
8.20287
9.26529
8.21766
9.26427
8.22279
9.26946
9.26094
9.26853
9.26908
9.262
8.22986
9.2756
8.22323
9.27614
8.21657
9.26938
8.22448
9.27245
8.22383
9.26926
8.22157
9.26886
8.22321
9.23484
9.26647
8.11439
8.22449
9.27318
8.22044
9.26764
8.22333
9.26558
8.22685
9.2773
8.22604
9.26994
8.23358
9.25404
8.22673
9.27849
8.22244
9.27598
8.22529
9.27156
8.21607
9.28006
8.20882
9.27651
8.23558
9.28347
8.22076
9.27224
8.22916
9.2599
8.24475
9.28637
8.2383
