169.644
23.9426
24.5299
22.2672
25.4578
26.0366
22.8282
25.7726
25.1491
23.1223
24.5916
22.5097
23.9832
23.5437
26.7477
23.4815
24.3153
31.3733
26.0631
23.3054
26.2987
24.008
34.3948
24.9516
26.4062
26.9719
24.6026
24.262
23.1387
23.3016
27.994
23.3582
24.4915
24.7165
23.9253
22.6689
26.2218
26.2205
25.2775
25.7516
22.5771
23.4835
24.7873
23.2864
24.2142
25.4335
22.3188
24.166
37.011
22.5917
24.1974
25.4683
23.6268
23.7838
23.5828
26.0925
26.5625
23.6095
24.5099
25.4498
24.1188
25.9871
29.6454
24.9403
26.261
25.3454
23.2593
25.8803
22.9175
27.6276
25.326
24.5288
24.3764
26.3755
24.2785
22.696
24.8297
23.9166
24.5773
23.4211
40.6105
27.5182
25.5439
23.6884
24.3706
24.6845
24.0534
23.1143
22.74
28.3595
32.6084
24.1279
24.9523
24.4625
24.2884
32.3376
23.0446
24.1065
27.8751
26.8754
