648.456
649.883
650.064
649.632
648.984
647.759
647.715
647.506
647.968
647.662
647.718
647.722
647.711
647.981
647.538
648.474
647.943
647.702
647.515
647.627
647.63
647.585
647.618
648.192
647.865
647.677
647.589
647.644
647.723
647.516
647.73
647.637
647.623
647.676
647.717
647.822
647.577
647.599
647.651
647.693
648.073
647.791
647.76
647.665
647.986
647.583
647.62
647.659
647.709
647.584
647.857
647.702
649.597
647.939
648.136
648.574
648.08
647.597
647.629
647.696
647.877
647.624
647.641
647.632
647.692
647.963
647.936
647.776
647.651
648.399
647.63
647.561
647.576
647.843
647.812
647.867
647.661
647.619
647.74
647.792
647.677
647.836
647.687
647.681
647.803
648.445
647.921
647.41
648.503
648.46
647.544
647.653
647.838
647.503
647.857
647.701
647.83
647.609
647.614
648.686
