10.4346
10.3989
10.498
9.67855
9.63315
9.81391
9.69986
9.66326
9.67928
9.62066
10.5717
10.5414
10.7986
9.79275
10.1303
9.62854
9.72346
9.6301
9.7781
9.65411
9.88864
10.9108
10.8817
10.9144
9.64072
9.64198
9.81308
9.77516
9.6653
9.69472
9.66823
9.6704
11.0195
12.2656
13.5662
9.67693
9.68536
9.64991
9.73626
9.59801
9.65422
9.70679
10.9025
11.1224
11.1154
9.67657
9.73344
9.58919
9.73345
9.6631
9.75512
9.87907
9.61589
11.1281
11.2139
11.1777
9.80096
9.81541
9.87204
10.2377
10.3958
9.80507
9.76766
9.75968
11.2904
11.3374
11.3649
9.73031
9.65734
9.71386
9.80746
9.68021
9.70786
9.69634
11.4725
11.5142
11.3969
9.67259
9.74443
9.64415
9.87936
9.66335
9.7802
9.7108
9.66977
11.4705
11.5086
12.1977
9.69548
9.71633
9.83008
9.82702
9.64833
9.70867
9.75214
9.63694
11.5951
11.6323
11.899
9.85942
