439.127
23.0839
42.242
25.2633
24.2859
23.588
24.9854
24.8709
32.4431
22.1954
37.7665
24.445
26.6123
27.2529
26.9559
22.4583
27.4991
25.5005
23.3422
28.6366
24.0142
24.2918
22.9554
23.0463
24.5708
23.5177
41.1235
44.6106
23.329
20.2355
24.1425
26.2127
22.9194
21.6018
21.9547
22.7681
22.8235
26.8949
30.4367
20.0645
27.4983
47.4218
20.0619
41.9869
20.3993
27.9699
23.9053
23.1298
20.3576
20.2294
23.9608
23.438
22.8218
23.4829
25.2029
26.1008
22.0378
23.5762
24.3126
25.4265
21.4325
25.1259
22.5238
23.7843
20.9156
23.872
23.3924
21.1784
22.8759
22.494
20.9452
21.4218
27.8872
25.3438
20.9609
23.6434
23.2821
34.54
21.4078
21.1764
27.633
26.1045
26.4042
22.9824
23.7057
22.2628
23.1593
21.9266
24.4692
27.8606
27.693
22.8455
27.0604
22.8549
40.5758
23.7125
19.4507
22.6741
32.3956
21.867
