271.065
145.667
21.4485
21.8634
21.4713
21.534
24.3983
22.5505
24.8564
21.8623
26.1807
22.513
23.4982
21.5695
21.6224
22.6599
21.4219
24.0814
24.0556
23.266
22.3309
22.7331
21.8741
22.3868
21.6465
21.9642
22.0115
22.9291
21.7611
24.8743
24.7504
24.0422
33.76
22.1765
23.5783
21.9631
22.1843
25.2235
23.5331
22.829
25.3044
23.1938
23.726
24.9022
22.7856
21.6126
22.7496
22.3078
22.8377
22.1555
22.7178
22.1063
23.759
24.332
171.832
21.8963
22.1117
21.8649
21.961
22.3642
22.5862
22.1325
21.4573
22.8264
24.2711
27.6039
21.9406
22.155
22.8454
24.5776
25.0341
22.5465
24.6327
22.3412
23.8191
22.943
22.3559
24.7488
22.7555
23.032
29.9981
21.9926
23.2259
21.8176
22.2511
22.3977
21.6073
22.7983
22.1516
22.35
22.0371
153.746
22.5033
22.0404
22.2433
22.0816
21.5432
21.7516
23.8468
22.3624
