605.144
117.65
107.622
114.115
108.237
111.009
113.838
106.242
106.44
111.978
112.582
112.835
112.535
114.673
112.72
113.03
120.589
116.455
117.284
114.772
113.257
112.491
116.365
112.531
112.869
113.09
123.794
114.508
112.744
115.428
119.384
114.58
114.746
116.678
115.961
112.438
113.474
114.368
122.354
114.432
114.349
112.224
114.415
111.675
111.487
111.124
114.959
112.504
114.039
111.466
111.691
111.326
112.677
112.451
111.658
113.587
112.024
111.713
111.557
115.089
111.577
111.564
110.897
111.599
110.933
112.73
117.095
113.418
111.286
111.898
112.219
112.054
115.671
112.556
111.207
114.808
112.608
120.312
111.64
120.982
111.653
114.165
112.617
113.043
112.479
115.597
115.385
118.086
112.69
113.866
111.709
113.546
112.901
111.802
112.46
118.444
112.009
111.292
111.82
117.019
