665.163
206.145
224.928
1651.55
225.71
197.227
198.263
199.819
197.594
213.419
210.089
214.375
202.691
1518.13
201.703
198.142
203.206
204.312
197.765
207.964
205.906
201.535
205.965
203.34
227.052
823.029
202.601
198.148
207.173
212.362
196.7
198.745
204.627
200.485
204.618
209.167
1157.53
209.475
214.486
219.711
197.796
200.214
202.17
206.067
1924.15
212.131
199.763
197.243
197.728
199.129
196.913
209.624
224.655
215.249
211.275
201.477
213.822
199.79
207.89
203.174
214.733
206.717
200.868
194.063
215.531
199.302
229.836
207.506
234.948
245.754
223.414
203.682
196.72
198.551
212.841
196.289
200.96
213.186
201.739
209.795
203.625
222.775
214.736
209.305
210.017
292.363
201.782
199.912
209.709
203.658
199.008
196.109
224.248
197.895
200.62
1301.4
218.182
211.378
198.246
199.715
