191.977
3.79252
3.79295
3.71765
3.7691
3.80568
3.81833
3.75027
4.54284
3.78903
3.82542
4.0961
3.83046
38.0404
3.75891
3.7048
3.73919
3.80023
6.81905
6.79249
6.72651
6.73033
8.98341
6.5499
3.87614
3.83066
3.80154
3.77526
3.81196
3.81055
3.93532
3.81252
3.94878
3.69322
3.77626
3.82633
3.83372
3.82229
3.76347
3.854
3.77442
3.76225
3.75666
3.70351
3.72829
3.71892
3.75452
3.77181
3.7948
4.15739
3.78302
3.7659
3.75335
3.75731
3.72564
3.71064
3.77807
3.74443
3.69905
3.71041
3.63221
3.75114
3.66183
3.72188
3.70707
3.70034
3.70234
3.77448
3.80226
3.80416
3.82027
3.78091
3.7048
3.76597
6.53095
6.82312
11.0534
3.84745
3.83107
3.75789
3.79246
4.1539
3.71687
3.79263
3.76423
3.87536
3.76778
3.75695
3.69506
3.71368
3.8694
3.7615
3.74539
3.77967
3.76831
3.77914
3.76127
3.79036
3.80058
3.7729
