40.2327
3.2976
3.13334
3.5359
3.14846
3.12981
3.24116
3.13291
3.26025
3.17155
35.4316
3.1678
3.40483
3.06838
3.08341
3.09124
3.05681
3.16093
3.09616
3.09141
3.08266
3.09055
3.07061
3.108
3.09332
3.08954
3.07818
3.09918
3.1536
3.04607
3.0834
3.07792
3.08781
3.1091
3.08863
3.07506
3.07573
3.06454
3.0853
3.16628
3.08861
3.09444
3.09914
3.1218
3.23345
3.12561
3.05714
3.13757
3.11666
3.09962
3.2177
3.1221
3.12706
3.11463
3.10155
3.11613
3.1014
3.11973
3.07937
3.10812
3.0675
3.18648
3.10286
3.149
3.11531
3.07973
3.01086
3.13171
3.11093
3.11921
3.10635
3.1099
3.1892
3.08786
3.21978
3.10728
3.09063
3.16725
3.16895
3.16562
3.16106
3.17971
3.17612
3.28327
3.18616
3.16913
3.15331
3.14003
3.12505
3.1475
3.15918
3.15641
3.17324
3.15744
3.19906
3.14574
3.15308
3.13927
3.18382
3.13628
