11.2279
13.0246
12.717
12.2499
12.5334
12.6036
12.7267
12.3639
12.6106
12.0481
12.0821
12.3042
12.3323
12.8192
12.2806
12.1086
11.9338
12.9071
12.6001
12.1382
12.0656
11.8731
12.0242
11.9571
12.2519
11.9038
10.5189
12.0814
12.0137
11.8961
11.7493
11.696
12.1149
11.6476
11.6915
11.7103
11.669
11.9849
11.8989
11.5918
11.6361
11.8444
11.702
11.8222
11.7365
11.8379
11.5937
11.7326
11.6492
11.7047
11.5961
11.6817
11.674
11.842
11.6738
11.6044
11.5331
11.291
11.7454
11.5337
11.4316
11.607
13.2568
13.1577
13.1553
13.1108
12.8381
22.2775
13.9204
14.2124
14.1279
13.6915
13.8693
13.7216
13.405
13.6258
14.0594
14.2661
14.3591
13.9068
14.06
13.7143
13.6597
13.2942
13.7146
14.4114
15.0908
14.3779
14.7405
14.5542
14.2581
13.6207
13.3635
12.9469
13.4024
13.3242
14.7816
14.2198
13.9129
13.826
