9.64691
4.35147
4.32141
7.20681
6.51901
6.70579
7.18973
7.20826
6.53998
6.61517
6.48999
4.09011
4.13549
4.02168
4.01595
4.05321
4.03886
6.46855
6.6637
4.07501
3.99271
3.92956
4.03627
4.06243
4.13379
6.57252
4.01859
4.06576
4.02102
6.47036
3.95992
4.11579
6.50679
4.04857
3.94968
4.03239
6.53102
6.81515
4.08628
6.47745
4.00633
4.04522
4.34582
4.19893
4.02846
4.06949
4.03357
3.94091
8.14539
4.11567
4.06615
4.05188
4.11289
4.03729
4.10751
4.12793
4.06332
4.11164
5.02036
7.03074
4.0543
4.03237
5.12423
3.95343
6.86464
4.08335
6.4745
8.57877
7.61421
6.5637
4.13732
3.97158
4.01556
4.03159
4.05399
4.02209
4.01132
3.98678
4.09553
4.02155
4.02455
5.49274
4.05035
3.98505
4.01605
4.07708
4.07584
4.43809
4.00285
4.16491
6.50616
6.89173
4.40152
4.10306
4.28719
4.37733
4.5127
4.36097
6.67984
4.13847
