18.4471
18.5212
18.3259
18.4524
18.3086
18.4239
18.2145
18.2952
18.4688
18.3763
18.4957
18.348
18.8468
18.3433
18.8592
18.7914
18.681
18.3518
18.7096
19.3935
18.6751
18.8624
18.6092
18.4033
18.9276
19.4667
18.7724
19.677
18.8108
18.6592
20.1032
18.7474
19.068
19.8032
19.0683
19.5722
18.6824
18.4748
19.1311
18.6203
18.5477
19.9931
19.0239
18.9452
18.7412
19.0052
19.5425
19.2074
18.8595
19.0442
19.1671
19.0259
19.6241
18.7686
19.8508
18.9261
18.8226
18.3452
18.4332
18.4389
18.5729
18.3696
18.4595
18.7587
18.3527
18.6381
18.3131
18.5701
19.8
19.7226
18.5125
18.5849
18.7679
18.9259
18.303
18.4083
18.4213
18.9231
18.2874
18.9865
18.6395
19.6468
18.952
19.8992
19.4464
20.006
18.7069
20.1466
20.4184
21.0415
20.0274
19.6345
19.4698
19.7805
18.3784
19.5753
18.5506
18.662
18.8203
20.0113
