1424.82
1088.08
1092.32
1085.89
1083.09
1096.58
1089.87
1108.82
1080.7
1091.97
1075
1065.47
1066.03
1095.64
1084.4
1103.46
1072.79
1071.97
1093.65
1104.29
1118.21
1107.29
1083.6
1107.79
1092.89
1087.42
1088.41
1092.49
1115.19
1090.98
1085.48
1086.03
1092.26
1084.25
1084.43
1086.81
1093.59
1076.97
1085.07
1102.95
1091.07
1108.6
1090
1087.44
1091.36
1090.5
1085.47
1069.12
1090.89
1086.73
1086.61
1088.22
1104.86
1076.58
1086.01
1066.96
1105.99
1075.6
1110.88
1055.47
1091.59
1087.05
1084.92
1085.32
1092.57
1092.09
1083.94
1064.34
1094.2
1089.14
1090.68
1087.44
1091.5
1076.85
1083.69
1054.78
1092.62
1088.92
1095.43
1085.86
1071.89
1096.81
1086.14
1097.08
1103.23
1075.11
1084.75
1092.78
1090.23
1092.64
1088.32
1106.07
1094.59
1085.28
1084.5
1071.59
1087.61
1075.07
1073.44
1092.54
