5.83683
4.22226
4.55219
4.2126
4.34399
4.16969
4.18908
4.1533
4.18882
4.25397
4.28199
4.14773
4.15139
4.21321
4.24443
4.20525
4.18351
4.21464
4.18511
4.23326
4.15267
4.2854
4.27171
4.18718
4.21921
4.21353
4.26798
4.27023
4.31201
4.37729
4.29085
4.3139
4.28725
4.29944
4.2365
4.32962
4.17876
4.1633
4.19792
4.1761
4.3065
4.18711
4.25083
4.1727
4.24723
4.18778
4.21899
4.28395
4.23663
4.2921
4.28705
4.21493
4.30176
4.19169
4.19512
4.21531
4.25168
4.28454
4.15459
4.2442
4.20686
4.20258
4.22319
4.19873
4.20121
4.19889
4.23654
4.2129
4.20289
4.17457
4.29085
4.19403
4.21649
4.19214
4.21247
4.19989
4.25239
4.1246
4.26868
4.23088
4.21623
4.22305
4.19497
4.19728
4.15157
4.12209
4.21422
4.20254
4.14201
4.23009
4.16145
4.22738
4.26593
4.19817
4.23796
4.22372
4.1616
4.20891
4.25245
4.20061
