547.816
211.5
219.003
128.69
214.302
129.639
129.869
128.819
127.024
133.874
134.772
135.559
133.937
134.892
134.089
137.541
140.028
136.163
139.113
131.331
137.951
136.767
209.965
123.798
145.296
207.606
121.569
138.347
137.7
134.155
134.504
135.355
133.368
144.526
203.837
227.966
123.363
214.351
203.844
124.317
218.687
125.351
140.586
135.46
135.222
136.326
136.053
212.977
124.286
143.013
138.613
139.949
137.386
138.19
209.74
125.63
139.526
135.626
138.42
136.994
135.955
213.202
125.313
137.787
145.501
131.708
141.262
134.634
133.522
135.38
209.569
122.088
137.981
135.325
133.282
137.145
137.897
136.181
132.214
134.561
133.825
136.938
133.737
133.968
208.927
121.532
137.996
134.151
134.281
136.083
132.791
133.142
133.953
134.75
136.519
138.321
133.407
134.121
133.019
135.744
