573.726
188.719
180.371
176.294
181.852
177.705
173.759
181.025
173.011
179.938
177.749
185.312
178.024
176.311
175.587
176.129
174.911
180.699
171.634
182.411
184.028
173.909
179.916
177.212
176.391
170.546
178.343
174.733
174.506
174.759
173.74
177.667
186.476
173.641
172.078
180.354
172.208
183.051
180.726
174.024
168.974
193.247
183.97
180.72
177.824
183.71
173.654
179.356
180.413
172.588
182.124
174.352
186.276
179.686
185.215
175.678
172.43
183.068
181.409
173.005
180.307
184.888
178.103
181.381
174.772
180.747
174.605
173.273
181.274
174.197
191.749
175.129
174.368
174.845
187.714
176.762
175.861
182.983
176.791
187.573
176.801
181.457
173.432
182.043
174.422
175.662
179.795
196.133
172.35
178.897
176.93
176.696
182.956
181.268
176.395
173.418
181.023
182.599
188.592
184.584
