55.6508
3.02646
30.6266
3.35375
29.5364
29.4104
2.96262
29.5933
3.03813
29.7187
3.45572
2.95881
2.96899
2.9095
2.95823
2.98814
3.24514
8.03768
2.95095
2.98374
2.94523
2.96555
2.94054
2.99239
2.94245
2.94649
2.94248
2.93424
2.94016
2.95841
3.01665
2.98132
2.96057
3.0703
2.95197
2.93764
2.95009
3.0074
2.95561
3.03707
2.97212
3.04944
3.05414
2.9565
2.9855
2.95558
2.95464
3.00931
2.96747
3.00904
3.02922
2.9585
2.9591
3.00961
2.97967
2.96102
2.94979
2.99487
2.97767
2.98206
2.97963
2.95246
2.95892
2.95929
2.95733
2.98846
2.94691
2.96669
3.02442
2.95231
2.96412
2.97402
3.00938
2.96538
2.91142
2.97898
3.00002
2.95885
2.98678
3.89377
3.50819
4.76555
5.58331
5.61117
5.61223
5.59113
5.55567
5.61048
5.60335
5.60876
5.61172
5.61351
5.61314
5.61611
5.59947
5.6137
5.60683
5.61104
5.58828
5.61066
