3.87743
3.49196
3.35118
3.36101
3.98961
3.35801
3.33367
3.41449
3.34805
3.44709
3.35342
3.33046
3.48112
3.37387
3.34208
3.35601
3.38177
3.36343
3.43192
3.36046
3.3444
3.35119
3.34933
3.36405
3.34012
3.36509
3.3419
3.3402
3.38067
3.4348
3.28277
3.34425
3.33581
3.3461
3.34661
3.41105
3.3527
3.35237
3.43054
3.35803
3.36729
3.37363
3.34736
3.34902
3.37823
3.34554
3.35552
3.36061
3.34931
3.36125
3.32716
3.41228
3.35373
3.34326
3.34929
3.3311
3.34662
3.34953
3.34838
3.35248
3.34966
3.3712
3.43445
3.37029
3.41398
3.35025
3.34316
3.35414
3.35612
3.36132
3.34559
3.33873
3.36405
3.44314
3.35172
3.35988
3.35008
3.34929
3.58261
3.34567
3.38329
3.34309
3.33325
3.35832
3.42296
3.34852
3.34912
3.34006
3.34049
3.34267
3.37196
3.34046
3.3424
3.42317
3.36166
3.42185
3.3656
3.35149
3.3256
3.36879
