58.6141
21.8233
21.5445
22.296
21.8665
21.5982
21.6053
21.5023
21.7077
21.5667
55.5183
21.5932
22.2475
21.3253
21.5848
21.4854
21.6729
21.5792
21.4629
21.5412
21.5101
21.5231
21.5298
21.374
21.4969
21.4951
21.5699
21.5556
21.3832
21.5136
21.5425
21.5519
21.5131
21.4748
21.4311
21.5102
21.5607
21.5085
21.5161
21.4096
21.5695
21.5618
21.5637
21.5751
21.5375
21.4585
21.5229
21.5715
21.5783
21.588
21.3824
21.7135
21.6823
21.4992
21.5009
21.4127
21.5488
21.361
21.5816
21.5663
21.4649
21.3849
21.5681
21.5597
21.5913
21.5763
21.3855
21.6372
21.616
21.4826
21.5532
21.5858
21.5493
21.4969
21.5457
21.5016
21.7424
21.5013
21.5198
21.6147
21.5762
21.4603
21.3832
21.5364
21.6229
21.5202
21.5232
21.4848
21.3495
21.4895
21.5161
21.5043
21.5337
21.3546
21.486
21.5319
21.5446
21.5366
21.5611
21.4236
