471.277
154.307
349.035
151.578
150.302
150.695
151.205
151.706
153.526
153.509
151.831
150.115
150.546
150.503
152.027
148.734
152.113
149
150.377
148.264
145.186
144.481
144.549
143.871
144.529
146.687
145.161
146.755
148.045
148.095
147.354
144.007
147.684
148.461
144.447
144.362
144.202
145.187
145.183
145.397
146.799
145.964
144.972
144.907
144.125
145.482
146.81
146.61
144.504
143.903
146.577
146.093
144.292
146.011
146.016
145.44
145.178
146.864
145.389
145.264
146.789
148.918
144.901
148.046
145.289
145.858
144.446
145.874
144.944
144.642
146.98
146.518
144.954
145.444
145.859
146.837
148.853
149.711
150.433
148.136
148.419
148.635
146.438
144.943
146.88
144.468
144.86
145.92
144.965
146.678
146.262
145.613
149.349
146.937
145.199
146.758
145.405
145.041
145.533
144.831
