174.64
15.8499
15.9467
16.5829
16.5976
16.5533
16.5946
16.7182
17.2855
16.6361
16.6892
16.9585
16.6148
16.5482
16.6852
16.5521
16.6086
16.6397
45.9329
15.9315
31.0888
31.371
34.1883
33.4384
34.1773
34.7902
34.3387
16.0081
17.5252
16.0385
16.2617
16.2399
16.6188
16.5704
16.4565
16.4443
16.4866
16.4318
16.8635
17.1844
16.3676
16.4488
16.446
16.5744
21.3012
16.4798
33.4455
16.5123
16.6353
16.405
16.475
16.4825
48.5604
16.3244
16.1199
16.1483
16.5807
16.684
16.668
16.6043
16.6741
17.2728
16.684
16.6817
16.7518
16.5969
40.598
16.9282
16.3268
16.4154
40.7959
16.3309
16.3582
16.3278
33.9333
16.3456
16.3695
16.6245
16.489
16.6003
34.4386
45.5032
16.1871
16.103
16.8842
16.6299
16.6428
16.6644
17.2099
16.6948
41.6668
16.294
16.3983
16.2832
50.9801
34.0967
16.0018
16.1288
16.4265
16.1485
