361.346
43.4181
103.771
36.8387
36.1055
36.1759
33.0053
166.803
34.7544
34.3811
36.2267
36.7381
34.5274
31.4604
32.959
32.1924
34.3518
32.777
33.1875
32.774
31.6821
32.2205
32.1195
31.6004
32.0318
32.3895
32.8628
37.672
32.3163
32.8365
32.7361
33.0647
31.9969
32.1022
32.1925
32.4429
31.9958
31.944
34.1621
33.2295
32.3209
32.6796
32.1394
31.7421
32.0172
33.6426
33.3018
33.105
32.36
33.0097
31.9307
31.8997
31.9336
32.0089
31.8146
31.7569
31.9389
31.9584
31.8958
31.703
32.6805
32.7801
33.008
33.7228
34.6709
32.4622
33.3384
31.9728
33.4057
31.8114
32.012
32.2195
32.0323
31.9602
32.5554
32.2798
32.0823
31.8615
31.7089
31.7295
32.204
33.1255
31.9818
31.9256
32.855
35.6877
31.7233
32.3343
31.7379
33.5238
32.0092
33.1489
31.9946
31.7571
31.7723
32.0812
31.8281
31.9643
31.8135
31.5432
