199.227
4.38875
3.42199
6.75036
6.5298
22.0593
6.3891
5.82131
6.10622
6.10684
6.80226
6.33951
11.3564
6.02964
9.83968
5.27794
3.85858
3.73503
3.76457
3.63621
3.47446
3.45372
3.50691
3.45263
6.69863
11.1949
25.5202
3.55287
3.48267
6.78737
4.51464
6.43121
17.1885
23.9916
6.61423
20.2802
3.52655
7.26647
3.65335
3.44599
7.12715
3.52681
3.53496
3.45621
3.47397
3.42683
3.41958
9.57458
3.68648
3.46333
3.62003
4.82805
7.05772
6.55594
7.03704
3.46373
7.01513
6.8572
3.97067
3.47926
3.4656
3.4876
3.45066
3.41885
3.47637
3.42359
5.31525
3.43833
3.43003
3.41712
3.41698
5.68917
4.03761
3.6631
6.3454
4.27247
4.17356
3.95276
3.41647
22.5514
3.46172
3.53813
3.85908
3.75006
3.59948
3.44867
3.52291
6.59557
21.4166
11.5488
5.00003
3.63796
3.43984
5.36328
3.55312
3.40365
3.79364
22.6414
21.4418
6.04144
