493.846
40.8699
32.7589
34.227
34.118
30.0207
36.3061
27.5797
33.7625
32.6612
28.7454
30.3626
28.5958
27.9193
28.3292
31.7257
27.492
30.3685
27.322
32.1684
30.5395
25.8681
29.3354
29.1276
29.0509
24.7951
32.1017
29.2077
25.9987
31.9281
30.4647
28.3729
28.9511
29.899
29.9531
31.1138
33.0131
25.8744
27.6644
35.8789
24.8083
29.7261
25.008
25.3152
26.255
28.0473
28.1253
33.2301
30.345
41.3827
31.6811
27.6195
27.6097
25.2932
29.6454
24.7044
29.9413
24.9485
33.2444
25.7139
27.3088
27.1425
30.1827
27.6371
28.6126
29.4426
31.1079
31.036
28.8836
26.4632
28.3145
28.1634
27.988
26.7004
28.0652
28.6577
32.1816
28.1998
28.3944
26.3485
32.5
24.3284
27.9154
26.0456
28.21
25.0452
24.0194
27.714
27.7482
29.7373
30.3834
28.934
33.9632
29.081
26.1776
31.6155
29.7932
29.856
30.2515
28.2966
