40.6548
39.9796
39.9964
40.6941
39.9485
39.9418
40.0013
39.9873
40.5803
39.9906
40.0053
40.2729
39.9763
40.0172
39.975
39.9692
39.9721
39.9701
39.9726
39.936
40.1712
40.0524
40.0187
39.9754
39.9721
39.9643
40.0009
39.961
39.9642
40.2277
40.0123
40.014
40.6138
39.9816
39.9857
39.9893
39.983
39.9857
39.9661
39.963
39.971
39.9888
39.9682
39.9584
40.9076
39.9714
39.9585
39.9641
40.2428
40.0109
40.0001
40.0093
39.9638
39.9628
40.2216
39.9416
39.9932
40.0464
39.9634
40.038
39.9671
39.9602
40.2323
39.9614
40.2592
40.2214
39.9855
39.9529
40.294
40.2204
39.9714
39.9596
39.9924
39.9516
39.9417
39.9933
39.979
40.2548
40.25
39.9751
40.1539
39.9813
39.9319
39.9596
40.2237
39.9837
39.9684
40.2908
40.2539
39.9586
39.9309
40.313
40.0296
39.9799
39.9557
39.9387
39.9656
40.189
39.9445
39.9758
