523.752
131.404
94.5308
65.1614
74.4557
62.922
61.7689
63.622
52.1642
49.2705
72.8777
54.2448
59.1502
47.209
61.8224
56.7164
55.726
83.6919
53.3522
52.3527
56.184
62.8964
80.7467
57.7128
71.8905
57.9254
67.3867
67.8448
59.6285
59.4444
41.0369
52.2737
73.9275
68.8232
59.5472
44.9606
48.0395
51.8986
60.6311
39.2251
49.536
36.3106
37.2991
40.4952
49.0714
50.1688
62.3021
73.2018
57.3469
100.169
58.8408
74.1504
68.3124
62.9356
41.0606
40.2238
60.7834
90.9275
42.547
59.3517
49.0112
51.4886
72.7997
77.5931
35.8193
60.1325
64.2623
68.4154
85.7384
59.6396
41.8241
50.1407
43.743
40.3788
70.7575
77.019
60.4215
83.8436
54.298
71.2883
67.5152
74.8344
57.078
33.6405
37.3094
44.871
64.6871
56.5305
76.6279
64.7043
54.3154
42.9718
71.2647
70.271
53.8373
54.2883
47.0499
68.7446
46.8723
63.1113
