171.78
171.541
173.221
170.988
173.791
185.232
174.536
172.931
171.426
172.815
170.548
172.231
171.337
172.185
171.849
171.225
171.531
174.543
174.018
178.037
171.587
172.21
171.055
172.38
171.491
172.697
173.295
174.034
172.959
171.807
172.826
170.553
178.595
171.831
171.77
173.144
176.535
172.352
177.827
170.929
171.88
172.16
170.719
171.278
173.644
181.304
172.588
171.077
171.692
173.195
172.257
171.295
172.225
172.483
172.665
170.082
173.895
171.979
176.637
177.393
170.682
170.729
173.807
172.367
171.324
171.406
170.858
173.732
172.134
171.069
172.324
172.217
175.737
172.199
172.48
171.826
171.174
173.262
171.862
172.415
173.083
171.558
170.408
172.103
171.65
184.571
171.798
174.063
172.716
172.447
172.576
169.988
171.55
170.796
172.054
173.289
170.314
171.912
173.174
175.646
