584.233
147.434
145.64
150.949
152.677
150.626
219.76
144.155
143.88
144.644
147.168
145.224
147.735
151.142
144.693
144.674
148.198
144.15
147.187
147.478
149.502
147.051
144.42
143.141
142.884
217.57
145.946
203.303
145.9
147.804
147.183
145.612
147.025
147.252
145.604
225.76
145.217
147.667
147.109
147.013
145.511
146.8
146.101
144.042
143.902
146.13
144.173
149.4
144.819
147.813
142.758
146.948
147.04
148.311
144.636
149.597
147.061
144.714
146.116
144.593
147.283
223.785
145.007
146.908
145.379
145.228
146.15
147.11
159.455
145.761
147.141
147.927
144.781
146.183
146.451
145.151
146.493
147.465
146.244
147.115
145.926
145.305
145.864
146.274
145.672
145.105
145.712
145.357
148.382
149.066
148.509
146.844
150.275
147.523
146.659
148.692
147.438
146.251
145.381
145.79
