687.885
534.764
536.681
537.369
538.094
531.039
533.157
533.691
550.028
534.842
533.056
533.247
545.738
531.03
537.729
531.872
532.621
531.059
534.485
532.988
533.003
539.819
534.159
532.464
532.911
537.304
538.029
533.769
532.228
534.68
536.105
533.308
530.897
531.786
542.741
531.585
532.638
531.107
542.905
536.603
532.602
531.883
535.248
535.157
532.835
530.971
533.864
537.601
531.645
534.346
532.912
540.623
535.187
531.372
536.889
531.502
532.211
533.559
534.014
534.349
537.422
535.403
533.999
531.637
553.926
532.777
537.331
531.934
531.201
534.44
534.807
547.227
530.45
537.66
537.974
532.829
531.185
537.145
533.513
545.444
531.988
531.451
534.874
554.598
533.189
537.691
542.661
537.889
531.66
535.501
550.527
534.758
533
531.356
535.006
532.122
533.053
532.03
533.878
541.35
