4.25094
4.00143
3.75987
3.87014
3.76571
3.83788
3.7595
3.86167
3.73242
3.84585
3.78888
3.87536
3.77092
3.8181
3.70362
3.82148
3.8131
3.81299
3.82449
3.79272
3.84686
3.77829
3.74345
3.7832
3.76594
3.74131
3.65064
3.70324
3.84447
3.83193
3.80156
3.80892
3.79374
3.75907
3.74882
3.82607
3.75811
3.81166
3.77901
3.89033
3.71363
3.82825
3.73415
3.79461
3.77717
3.87792
3.77297
3.8117
3.72892
3.88326
3.68728
3.80632
3.69458
3.81097
3.7868
3.72892
3.76179
3.79574
3.76635
3.81608
3.81028
3.7409
3.76582
3.7264
3.74205
3.81425
3.71186
3.80161
4.62172
3.72856
3.79993
3.84998
4.45606
3.75664
3.78761
3.70375
3.77983
3.82251
3.81891
3.79232
3.7879
3.74246
3.85491
3.85356
3.74503
3.78433
3.8194
3.81424
3.71698
3.82497
3.75554
4.59883
3.7881
3.78167
3.88233
3.83463
3.81204
3.82052
3.74033
3.79372
