42.1787
8.55937
44.1429
31.8842
28.3898
28.3405
6.91429
28.5121
7.89213
28.4918
9.01144
5.86965
6.91986
6.92323
6.9015
6.90146
6.89903
6.8947
6.90481
6.88255
6.90325
6.89367
6.89032
6.9006
6.89972
6.90202
6.89095
6.89628
6.90652
6.9007
6.9118
5.86411
6.91099
6.91247
5.87501
5.87341
6.9112
5.86852
5.8708
5.86602
5.87634
6.91141
5.8726
5.86786
5.85993
5.87143
5.87646
5.86118
5.86676
6.91764
5.85994
5.87682
5.8723
5.86019
6.90737
6.90821
6.91226
6.92417
5.8741
5.85466
6.90438
6.90667
6.9041
6.89724
6.90922
6.90395
5.86154
5.85718
5.86208
5.8685
6.91307
5.86917
6.92008
5.86178
5.86966
5.86952
5.87395
5.86436
5.87875
5.8743
5.87282
5.87523
6.92311
5.85769
6.92682
5.87204
5.86494
6.92334
6.92721
5.86857
5.87461
5.88483
5.8347
6.92025
5.87472
5.86246
5.85959
5.8697
5.87642
6.92677
