601.692
158.367
1859.15
149.353
144.276
148.945
137.518
141.178
145.116
153.065
145.343
141.943
153.655
144.341
146.344
138.76
140.821
136.382
148.798
137.069
136.007
149.797
138.486
145.685
147.574
144.19
148.596
137.995
138.572
152.647
147.028
572.647
138.467
150.238
150.118
138.853
138.796
147.504
137.87
135.043
140.373
145.728
136.886
156.817
148.563
141.26
149.43
151.883
148.379
149.563
156.603
155.917
158.213
137.909
137.844
136.355
136.827
153.791
155.555
138.645
151.278
147.033
148.892
143.858
150.534
453.155
138.21
138.678
149.034
149.418
152.284
151.231
162.206
148.942
143.114
145.772
149.507
161.236
168.751
151.34
151.805
158.587
163.202
143.092
166.957
157.532
150.529
146.67
153.598
149.737
148.018
151.351
144.775
152.833
142.576
146.864
158.255
151.37
136.384
140.361
