38.8818
3.14341
3.04756
3.45885
3.07283
3.18236
3.14272
3.3501
3.08568
3.18758
3.07244
3.57792
3.04805
3.07081
3.09698
3.03849
3.16078
3.05744
3.05778
3.07378
3.0499
3.02546
3.01996
3.02661
3.05565
3.11142
3.17839
3.08605
3.04859
3.08621
3.08046
3.03678
3.07672
3.04272
3.07409
3.0452
3.12204
3.03303
3.12478
3.02722
2.99774
3.02433
3.01659
3.01017
3.01415
3.03981
3.12551
3.01253
3.0101
2.9983
2.99998
3.0112
2.97597
3.00192
3.00116
2.97472
3.00578
3.00437
2.99592
3.01109
3.03002
3.00157
3.00398
2.98995
2.99537
3.02279
3.11462
3.10179
3.06501
2.98704
3.03069
3.02517
3.0377
3.01154
3.00748
3.00225
3.14636
3.02174
3.02899
3.02453
3.0184
3.00295
3.00779
3.00568
3.03272
3.04898
3.09592
2.98785
2.98762
2.96165
2.98563
2.96845
3.01192
2.98787
3.01163
2.99539
3.10449
3.15742
3.01648
3.03499
