263.21
262.855
263.904
262.799
262.898
262.806
262.798
262.848
262.8
262.755
262.899
262.852
262.754
263.188
262.741
262.816
262.845
262.823
262.832
262.797
262.816
262.826
262.845
262.819
262.867
262.788
262.937
262.838
262.949
262.817
262.833
262.866
262.812
262.867
262.813
262.816
262.768
263.179
262.797
262.799
262.821
262.903
262.799
262.91
263.056
262.81
262.838
262.766
262.88
263.147
262.895
262.778
262.845
262.806
262.985
262.74
262.816
263.007
262.812
263.656
262.946
263.172
262.845
262.82
262.9
263.93
263.588
263.869
263.497
262.927
262.866
262.839
262.902
262.844
262.87
262.826
262.866
262.895
262.943
262.811
263.595
264.003
263.799
264.187
264.348
264.765
262.885
262.884
262.872
262.86
264.083
263.681
262.815
262.772
262.772
262.77
262.803
262.77
262.798
262.769
