11482
10855
11263
11520
10778
10113
9430
9479
9365
9552
9328
9676
9488
9347
9597
9630
9560
9389
9429
9384
9483
9357
9325
9513
9215
9379
9476
9602
9351
9416
9612
9304
9461
9437
9896
9448
9272
9352
9414
9741
9629
9518
9648
9334
9373
9342
9415
9302
9423
9435
9387
9265
9301
9264
9358
10071
9307
9367
9327
9343
9311
9208
9466
9243
9466
9274
9346
9221
9264
9340
9235
9416
9243
16728
9504
9861
9303
9340
9600
9527
9482
9287
9242
9634
9471
9565
9463
9490
9313
9532
9316
9252
9142
9180
9299
9261
10754
9390
9411
9286