40.4904
39.93
39.9017
40.1722
39.9566
40.064
39.9519
39.9092
40.8947
39.887
39.9974
40.2106
40.1544
39.8814
39.8852
39.9325
39.9237
39.9257
39.8754
39.868
39.9176
39.887
39.9105
39.8917
39.8727
39.9018
39.8797
39.9152
40.1501
39.8985
39.8496
39.8906
41.5463
39.8956
39.8876
39.8884
39.9182
40.3199
39.9245
39.9218
39.897
39.9482
39.8801
39.8756
39.8832
39.8981
39.8628
39.9158
40.1234
39.9086
39.9204
40.7204
39.923
39.9348
39.96
40.1207
39.8994
39.9123
39.9181
39.9235
39.9028
39.9031
39.8919
39.8849
39.8882
39.9308
39.8547
39.8765
39.9236
39.9495
39.9463
40.0617
39.9491
39.8999
39.8966
39.8951
40.023
40.6017
39.9105
39.923
39.8777
39.8926
40.1289
39.8688
39.8898
39.9373
39.9068
39.9115
39.9131
40.1311
39.898
39.8912
39.9405
39.9399
39.9159
39.9467
39.954
39.9198
39.979
39.9431
