565.923
90.1659
63.3317
69.8777
44.5972
47.677
38.8586
42.7561
50.526
37.6405
32.4919
27.3556
43.7359
46.2272
57.6477
49.6066
59.6668
46.2203
50.7562
40.6875
39.3242
44.4186
46.5131
53.4636
37.6375
41.1546
50.5316
46.8448
43.257
37.2578
40.8664
44.9857
48.801
40.4418
43.6975
42.3743
48.2129
45.4701
44.2885
46.711
31.7323
35.8471
48.2157
40.5206
49.8414
47.456
42.1615
44.2883
43.8104
39.2415
50.6144
30.0973
36.721
35.6451
43.2558
41.1986
43.1185
40.6284
44.7522
41.1551
39.7041
40.1905
42.2255
36.8323
48.0335
37.7459
40.3702
44.5304
52.7074
42.7968
55.4394
30.4867
53.5066
40.7076
56.0105
41.1999
44.3182
43.2767
40.533
35.9337
27.5989
40.9377
55.0372
34.9956
41.5307
31.5826
40.9356
37.8158
48.7778
40.1139
41.2542
41.6199
36.7903
45.4231
43.5468
32.867
35.8571
37.9981
31.4257
42.8133
