116.275
3.48827
3.52721
3.51402
3.40008
3.53338
3.74126
3.61483
4.55769
3.67232
3.66696
3.88622
3.56651
3.60215
3.6313
3.59988
3.541
3.56816
3.63614
3.58903
3.95992
4.01996
3.67322
3.64804
3.8409
3.86197
3.63452
3.66467
3.64968
3.65979
3.55223
3.8465
5.29708
3.54137
3.5973
3.59069
3.62046
3.61644
3.5918
3.58776
3.60302
3.54903
3.54902
3.5868
3.6166
3.59498
3.5966
3.56479
3.64441
3.61053
3.53457
3.59281
3.57086
3.59961
3.58534
3.60416
3.6079
3.60872
3.62259
3.66824
3.60391
3.61589
3.9783
3.54955
3.61122
3.60831
3.82815
3.70673
3.9736
3.89619
3.88115
3.89611
3.57148
3.64447
4.37875
4.57618
4.09339
3.75953
3.88157
3.84359
3.98112
3.99536
3.75968
4.63961
3.95629
4.5759
3.74176
3.97521
3.81867
4.02741
4.1711
3.96976
3.8251
3.78119
4.14971
4.10299
4.11759
3.80545
3.64342
3.91054
