5.66617
4.1215
4.28632
4.0719
4.11436
4.02173
3.99217
4.03065
3.97041
4.06
4.02782
4.00384
4.05865
4.02683
4.02945
3.99373
3.97863
4.04803
3.99644
3.94528
3.98851
3.9683
3.97392
3.99153
4.08576
3.93318
4.00369
4.01419
4.03165
3.82488
3.84683
3.87947
3.83978
3.78089
3.84224
3.79463
3.86802
3.82442
3.82286
3.86896
3.79488
3.836
3.81558
3.78813
3.84233
3.84228
3.81427
3.7672
3.80648
3.80988
3.79027
3.78753
3.83935
3.79408
3.81082
3.79911
4.07295
3.98289
4.06706
4.05083
4.1638
4.04135
4.06819
3.98005
4.00788
4.07826
4.07025
3.98369
4.10404
4.07062
4.07292
3.99285
4.0216
3.98666
4.01961
4.03582
4.0103
4.01055
4
3.99797
4.00049
4.05146
3.95725
3.99647
4.07135
3.9986
4.04457
3.98144
3.99231
3.98889
4.0117
3.95055
4.01873
3.96971
4.01863
4.02532
4.02671
4.06566
4.01152
3.97826
