448.326
64.1284
59.4493
76.2517
73.8694
62.9538
68.0477
75.9275
65.9948
55.7388
64.3143
59.5504
54.1202
58.3475
55.4937
54.228
55.28
54.6495
59.689
58.0858
58.0861
60.1732
54.8146
67.682
54.6678
54.7368
53.6836
61.0165
55.4106
59.3446
59.2587
59.536
56.0514
54.3922
58.3695
57.0523
61.2849
55.2803
54.7265
55.1794
54.8923
55.8844
54.9337
56.1
63.3619
55.8775
58.1908
57.6634
58.1189
58.6956
55.8372
75.1827
60.1371
59.5746
58.5171
60.118
69.4905
56.8365
69.3833
54.9612
61.5631
55.8229
56.7893
68.8017
57.3631
57.4092
60.1617
55.2589
55.1197
54.4775
56.1407
56.1665
55.5056
55.7993
55.326
86.9058
81.6007
76.7353
64.5661
59.4734
54.9919
53.6695
55.7031
56.398
55.5516
56.3798
61.8168
65.8677
54.9614
57.85
56.5376
91.3851
56.3145
60.1741
54.0872
71.034
73.4265
65.346
70.0212
71.3039
