84.8511
122.019
37.3118
39.9378
8.16176
5.97998
7.14116
6.09578
6.18399
5.84111
5.9511
6.18484
7.05805
6.11647
6.28467
6.34821
7.02577
6.39505
7.04367
7.04922
5.85833
6.49909
6.44008
6.26009
7.1159
7.4185
6.38956
5.92352
5.97082
6.3118
7.25266
6.39491
6.30685
6.14353
7.16329
6.00992
6.60063
7.12536
6.29149
6.2834
7.13164
6.4825
6.39384
5.7974
5.99279
6.89437
6.78598
6.46014
6.41517
6.24818
6.99667
6.88375
6.43074
6.28331
6.99436
6.5974
7.06104
6.10384
6.7472
6.27578
6.17519
6.5756
7.03938
6.53317
6.05698
7.05727
6.63462
6.89222
6.75598
6.69613
6.50528
7.07815
7.48051
6.40589
6.30348
6.05583
6.21285
6.88579
6.07714
7.09099
6.35847
6.51659
6.5027
6.78061
6.31439
6.55997
7.16073
5.98035
7.19618
6.58876
6.19125
6.52141
6.83096
7.42527
6.17237
6.28443
6.77747
6.25821
6.28011
6.6249
