325.992
33.3088
26.1083
33.0208
28.7658
25.2163
23.2097
18.5223
24.1312
27.4591
22.7345
20.4824
31.2052
22.833
24.2946
21.0743
16.9139
21.8227
17.7641
15.882
18.9141
20.6777
18.1405
17.7506
19.3886
18.7569
23.4827
16.1649
21.0131
19.2194
21.0391
20.634
21.9458
19.6668
18.2908
18.7024
21.7783
25.0762
20.7159
17.8691
16.5852
23.2271
18.5029
23.8926
20.5194
18.0255
15.6091
23.154
20.5158
19.2872
24.2059
16.8501
19.7589
18.8885
18.7677
20.1635
18.5869
18.5904
18.1272
18.9696
18.1915
16.6018
17.0641
17.7055
18.8044
20.171
21.9628
16.7158
16.6972
19.6912
16.1381
19.5331
16.8873
21.003
21.7745
21.8739
16.0986
21.0623
19.6756
22.0181
17.3969
17.6546
19.7105
19.2645
16.3111
16.8628
16.4777
18.8342
19.0796
18.431
15.9723
15.947
16.756
16.6002
18.6873
18.3939
17.6543
17.2664
17.7601
17.8916
