17.934
18.0548
17.7922
17.7662
17.7875
17.7304
18.8342
18.8245
17.7854
17.9888
19.1289
17.869
18.5536
18.4093
17.9533
18.9122
18.7289
19.2177
18.9033
19.4358
18.9573
17.7053
18.0356
18.3019
17.7546
17.4828
17.4873
17.9708
17.633
18.9186
17.6479
17.6156
18.3236
17.8568
17.516
18.6731
17.9141
21.3463
17.8633
17.7619
17.6036
18.0058
17.6456
18.0858
17.8564
19.1014
18.1003
18.0851
17.7039
17.7719
17.8086
18.8178
17.6148
17.6787
18.1307
17.5473
17.6961
18.0399
17.5858
17.9964
17.6293
17.7348
17.6149
17.6095
18.154
18.4622
18.2372
17.8328
17.6819
17.7946
18.323
18.4108
17.5858
17.5255
17.6415
17.4696
17.8257
17.9894
17.9921
17.9895
18.7711
17.9019
17.7902
18.1784
17.912
17.6607
18.0912
17.7825
17.7447
17.6828
17.6235
17.8189
18.0927
18.4737
17.5809
19.3149
18.0793
18.3813
17.5443
18.4239
