98.4779
7.21214
8.55473
25.8712
7.25919
7.36974
7.76257
7.54867
7.49157
6.98013
7.22925
7.2056
7.03039
7.01547
6.87341
6.99621
7.49883
7.32303
7.34209
7.32002
7.24582
7.26163
7.36237
6.97973
7.26086
7.00709
7.55387
7.47773
7.29167
7.31615
7.50813
7.00132
8.1062
7.30644
6.91036
7.31628
7.24635
7.11295
6.98679
7.28481
6.99785
7.00771
7.22442
6.97716
6.99705
6.94808
6.97538
6.96862
6.98904
7.23948
7.11177
7.02674
7.03764
6.96516
6.98423
8.20973
7.73255
7.24478
7.07965
7.39173
7.35251
6.87706
6.99914
7.00713
6.9835
6.98825
7.2559
7.59437
7.27781
7.32705
7.02207
6.99441
6.99602
7.30243
6.97526
7.00586
7.27235
7.04119
7.21881
7.33806
7.49861
6.97262
6.9976
6.89478
11.9867
7.36936
7.31999
7.34505
6.95796
6.97815
7.69016
7.23564
7.38416
7.28752
7.06481
7.50428
6.95637
7.25744
8.43229
7.04372
