3.64182
3.10584
3.06295
3.09171
3.04128
3.06234
3.10049
3.04156
3.87365
3.04689
3.05003
3.40246
3.06104
3.02412
3.0279
4.41575
3.0145
3.0424
3.02155
3.025
3.05455
3.02879
3.01897
3.02523
3.0544
3.03405
3.13102
3.01667
3.07364
3.01865
3.07629
3.01586
3.42604
3.05508
3.01177
3.00308
3.01056
3.03078
3.02041
3.02072
3.0168
3.03345
3.02909
3.02806
3.04424
3.02707
3.02011
3.02662
3.01853
3.01901
3.02277
3.03854
3.05614
3.02955
3.02548
3.02759
3.01239
3.01994
3.01246
3.0116
3.01951
3.06417
3.02142
3.0259
3.02698
3.0277
3.03467
3.05606
3.03924
3.03022
3.01729
3.01464
3.03062
3.01934
3.04587
3.02269
3.01411
3.01579
3.01202
3.01113
3.01406
3.02857
3.01311
2.99676
3.02002
3.03855
3.01919
3.02524
3.01693
3.02013
2.9989
2.99778
3.10385
3.04608
3.05635
3.06301
3.07733
3.02365
3.0609
3.04199
