68.9119
68.9897
69.2707
67.7854
68.4399
68.5923
68.7589
69.2988
68.9042
67.6877
67.8903
67.722
67.174
68.8516
67.8501
67.89
67.5419
68.6351
69.638
69.5981
68.9069
68.649
68.6119
68.9633
135.031
69.5946
67.8115
67.7339
67.0876
67.365
67.7763
68.4322
68.8283
69.1511
69.1446
68.8236
69.2919
69.0248
67.7278
67.6902
67.2955
66.9024
67.7028
68.2179
68.7203
69.1406
69.4734
69.2476
68.6868
159.962
70.5563
67.0909
67.6838
68.1267
68.1063
68.0106
68.4231
68.9663
68.097
69.1122
67.7853
67.5711
67.4556
67.9399
67.5413
69.2243
67.8533
68.9082
69.5
67.7684
67.7364
68.8023
67.5125
68.3429
168.596
76.9291
68.9238
67.6853
68.4916
68.6926
67.2531
69.082
69.0294
69.4846
69.5505
67.9889
67.1289
67.2875
68.9002
67.6049
68.4037
68.3862
67.8873
67.6484
68.009
67.409
68.6938
68.4448
68.342
69.4514
