515.103
203.079
192.644
190.034
200.684
199.198
189.756
190.653
184.593
185.194
201.487
198.886
190.592
188.42
194.124
187.158
186.75
183.577
200.634
190.186
194.233
191.71
180.331
192.008
190
191.308
196.271
198.427
187.102
192.988
181.796
189.217
188.183
186.559
186.757
196.041
187.647
186.864
193.111
192.464
195.782
189.872
188.524
187.427
186.516
186.8
200.165
192.441
187.029
186.492
187.165
189.104
185.409
183.644
188.433
187.745
188.281
197.466
190.957
196.126
181.061
193.127
185.956
189.188
186.807
192.464
191.962
186.496
187.848
191.938
186.071
189.374
188.797
188.27
188.536
187.167
187.809
193.464
189.588
193.164
187.058
191.109
189.53
191.487
186.657
191.985
185.633
186.97
188.088
192.559
191.207
187.157
185.741
194.66
191.45
198.143
190.661
187.589
188.95
186.163
