419.833
400.357
404.687
395.43
389.876
405.403
404.471
408.918
407.176
393.543
388.964
408.919
398.283
392.35
397.99
404.119
399.463
405.327
393.817
399.365
359.711
400.202
372.661
411.648
383.996
408.116
382.015
398.633
412.947
401.574
397.315
402.057
408.55
375.958
408.582
404.825
400.846
409.442
402.664
379.615
405.872
408.172
388.332
401.254
395.701
400.352
404.018
402.708
406.26
407.055
402.18
403.591
398.792
408.443
401.254
390.964
411.57
313.194
312.723
304.937
312.172
313.843
309.641
306.078
312.032
318.606
309.759
310.504
310.895
313.484
404.886
404.769
396.312
394.062
386.85
400.578
394.78
393.877
385.979
395.039
408.65
400.165
411.453
381.626
387.059
411.643
397.203
387.278
401.86
392.357
394.066
402.388
407.998
391.527
406.154
402.956
404.268
404.09
390.091
384.365
