890.801
513.712
491.885
502.402
502.457
498.707
478.603
479.217
488.32
477.353
477.956
483.224
477.868
477.879
477.585
494.494
483.333
483.745
477.7
484.006
478.806
476.579
478.706
478.044
479.113
485.542
478.034
478.651
477.867
481.567
478.146
493.25
478.342
478.044
516.142
478.181
481.358
477.197
492.802
480.631
481.694
478.07
492.003
478.126
477.037
477.293
495.888
477.711
495.26
487.734
477.075
481.391
477.959
481.871
481.236
485.928
484.957
478.304
478.373
479.179
481.74
478.099
478.2
478.616
478.076
480.554
479.961
478.565
481.767
482.897
479.479
478.332
481.587
477.011
490.881
479.699
500.014
477.814
477.615
479.447
477.896
478.31
480.464
508.507
478.483
490.639
478.703
478.529
477.807
478.65
481.851
486.815
478.435
487.883
492.454
479.917
477.059
485.721
478.213
477.994
