1196.68
877.319
934.982
960.302
871.158
887.913
878.055
922.21
892.165
888.484
930.257
941.495
875.156
870.698
864.727
876.66
871.951
916.971
878.268
874.812
891.393
915.928
871.271
882.255
876.103
871.333
892.584
882.805
872.449
878.227
884.63
870.414
856.987
868.315
872.152
871.341
924.799
916.034
893.02
895.718
877.392
881.294
885.399
871.508
879.221
861.892
922.535
854.49
878.384
851.106
878.855
876.374
917.695
878.707
878.971
881.276
878.191
909.811
880.339
878.386
878.567
912.607
929.904
903.296
880.931
882.466
853.917
878.482
879.038
854.837
872.799
880.143
877.221
871.185
896.605
855.724
870.434
888.39
876.498
850.605
886.544
876.719
871.383
929.265
877.164
873.584
858.189
877.75
871.908
881.831
882.833
848.416
856.5
865.051
871.831
877.753
868.698
848.233
851.398
922.801
