165.998
169.484
167.57
169.131
167.445
168.602
167.987
168.686
169.634
167.175
170.834
166.46
170.855
171.841
168.104
169.163
167.636
169.592
168.776
167.563
166.507
166.584
167.646
167.371
167.78
168.101
168.447
184.32
172.324
169.969
167.663
169.883
169.996
168.319
168.791
168.442
169.59
170.198
187.298
173.261
168.219
169.253
168.533
168.285
168.314
166.434
168.85
167.77
168.55
169.862
168.193
179.098
167.738
167.39
168.736
167.86
167.802
168.94
167.754
168.838
169.099
167.299
167.846
167.823
169.863
167.447
169.009
168.064
168.673
167.698
171.807
168.314
168.826
169.772
169.649
166.819
168.975
168.71
168.782
168.873
170.45
168.174
170.424
168.381
166.594
167.539
168.47
168.712
168.667
168.742
166.295
169.808
167.251
167.415
168.236
167.268
167.696
167.258
166.229
168.594
