753.117
345.744
254.469
330.687
252.862
95.5184
223.077
79.0462
73.2509
66.5938
75.0652
85.2276
74.9685
72.8165
72.4533
74.8493
57.8586
60.1338
71.7918
73.0121
69.5057
74.6641
223.14
82.2751
96.0334
75.8804
66.9309
70.5349
79.7588
62.7216
75.8822
58.0863
56.9777
77.2035
71.8058
79.9084
289.035
101.888
87.6729
82.2537
72.0475
66.4555
60.8322
62.6386
66.5889
72.5718
61.2336
75.35
65.1219
59.7895
79.4131
76.0176
70.419
83.502
64.2736
84.3507
77.1448
63.4756
60.8939
56.7296
63.0309
57.4013
57.7608
57.3448
57.4808
59.6581
66.9301
59.2633
61.656
79.3127
80.8605
68.5837
86.7245
77.1783
75.6696
80.8485
65.0798
58.2943
60.6301
59.4654
60.0002
60.8952
58.8354
57.8022
58.6051
86.8212
78.3935
79.7881
72.1681
77.5106
71.8766
64.7094
66.4418
67.2387
68.7409
61.1864
62.7471
76.7591
81.6065
82.798
