1003.09
1000
1002.37
1004.48
1003.83
1002.71
1003.59
1002.9
1004.48
1002.74
1004.17
885.775
801.543
802.962
801.476
807.583
804.21
803.846
801.362
801.291
802.602
802.422
804.812
801.494
801.72
805.278
803.392
801.338
807.449
802.348
808.816
806.133
909.989
1001.25
1002.42
1001.91
1002.05
1001.96
1002.12
1000.92
1002.07
1001.42
1007.17
1005.18
1005.94
1004.67
1006.03
1005.92
1005.76
1005.47
1004.16
903.799
802.721
801.44
806.478
802.157
804.232
801.686
801.556
804.363
802.723
807.505
801.836
801.761
806.053
802.056
807.095
805.401
803.122
804.699
802.171
808.668
1003.76
1003.43
1002.28
1002.64
1003
1001.94
1003.39
1002.41
1003.45
1002.34
1002.59
1002.29
1002.34
1002.88
1003.06
1002.86
1002.42
1003.04
1001.33
805.31
807.492
805.753
804.961
803.478
803.651
801.97
807.554
803.572
