352.527
78.9244
82.6548
77.6353
75.2735
82.3834
72.7375
75.8535
76.7049
76.2828
80.0015
79.363
72.8059
82.6002
84.073
72.3511
77.4521
78.6815
73.1648
83.6476
71.959
73.263
74.1552
74.0911
75.1748
76.9357
76.975
72.9035
75.3709
73.7201
75.7399
73.2288
72.3435
71.6166
75.2687
73.8899
72.5849
73.1856
71.2989
72.163
72.1563
72.7647
72.1864
72.9867
77.3503
75.8643
73.4819
72.2728
74.215
75.4198
73.0567
71.8412
71.961
74.566
75.3314
73.8994
72.0729
77.6812
83.9696
75.1691
72.9587
71.1073
73.1583
73.0575
74.8122
77.4137
72.5472
73.3646
73.2721
72.2477
86.1263
73.1943
76.6988
71.3877
82.2609
81.9583
75.2461
72.3759
73.559
72.9306
76.4465
78.4556
74.9745
73.3794
71.9038
73.7417
78.2787
77.5181
73.5719
75.8001
76.3505
72.7181
73.5342
72.4205
71.7263
72.3767
74.0652
71.8703
73.5003
73.4601
