7.9938
7.60182
7.70318
7.70031
7.84488
7.74777
7.64858
7.63885
7.56901
7.55669
7.72802
7.66823
7.58212
7.58001
7.63406
7.62307
7.5451
7.60729
7.73189
7.59793
7.60607
7.5975
7.60697
7.61956
7.5929
7.52929
8.94779
8.87837
8.23607
8.08934
8.07014
7.60585
7.63425
7.57003
7.73117
7.66062
7.59279
7.6005
7.62347
7.61465
7.58491
7.58609
7.73917
7.69541
7.61527
7.6094
7.66381
7.58176
7.5937
7.63885
7.75457
7.71267
7.61383
7.61481
7.63966
7.64459
7.58767
7.60888
9.1874
9.1992
8.99024
8.07591
8.17484
7.58006
7.64101
7.62985
7.73828
7.6695
7.57976
7.57113
7.54588
7.61956
7.51417
7.58494
7.70663
7.7014
7.62427
7.59565
7.85866
7.5998
7.62037
7.60785
7.76082
7.66161
7.61972
7.60079
7.6511
7.6269
7.62211
7.59733
9.38979
9.55041
8.14208
8.09526
8.1417
7.60564
7.60095
7.58927
7.7204
7.67214
