3.69223
3.38104
3.28188
3.43442
3.27954
3.2587
3.34653
3.29703
3.39311
3.29302
3.42264
3.26898
3.75778
3.28592
3.26716
3.27024
3.34472
3.26632
3.26752
3.24106
3.25782
3.26394
3.23852
3.25917
3.29282
3.25408
3.36781
3.25101
3.25594
3.27153
3.25662
3.2627
3.26557
3.282
3.25741
3.25943
3.26825
3.34746
3.28524
3.27463
3.26626
3.24908
3.24543
3.26059
3.26733
3.26605
3.34781
3.2615
3.2721
3.28326
3.27028
3.26057
3.2986
3.26642
3.2618
3.28082
3.3417
3.27585
3.272
3.25918
3.2662
3.25565
3.25677
3.50014
3.29945
3.29317
3.44606
3.35822
3.33553
3.31999
3.34345
3.33407
3.33105
3.31243
3.30931
3.31708
3.41283
3.32623
3.34671
3.32541
3.29855
3.34942
3.33209
3.30226
3.30777
3.31027
3.41456
3.31312
3.32529
3.31289
3.31033
3.34165
3.34255
3.34429
3.36076
3.29921
3.41269
3.26145
3.26
3.2656
