9.70426
11.2602
10.6544
10.745
10.6961
10.7603
10.9572
10.6733
10.9685
11.1669
10.9039
10.6408
11.5422
11.4027
11.111
9.94496
11.8119
11.2823
11.1245
10.1166
10.6389
10.6538
11.3292
10.8273
10.5252
10.2328
10.1038
11.4037
10.5781
10.2946
9.99558
10.4943
11.1792
12.9088
12.4417
11.3081
10.8414
11.0302
11.4238
10.8782
10.8232
10.7337
11.0777
10.4952
11.2074
11.3926
11.3438
11.3142
10.7302
11.289
11.0902
10.377
10.7515
11.0184
11.2585
10.5123
10.865
11.0317
11.2495
9.82208
11.0877
11.038
10.9804
9.95606
11.036
11.0478
10.1428
11.2092
10.6529
9.68086
10.9472
10.0827
10.9644
10.8039
10.3152
9.98202
11.0556
11.0633
10.6998
10.7376
10.693
10.5044
10.4574
11.1682
11.2027
10.7599
10.9213
10.1241
10.3042
10.186
10.0531
9.45466
9.37805
10.019
10.5912
9.81094
11.1722
10.5985
11.0795
11.0233
