428.2
69.0152
40.8914
59.9115
92.2856
79.838
45.6131
47.882
43.3368
44.6973
40.6116
40.8012
37.4568
37.2272
59.1022
54.4466
36.6854
36.9547
35.4764
37.6459
36.9861
41.4089
36.0472
37.0791
37.1885
37.246
50.0818
37.9787
44.3254
42.3295
38.0244
36.8853
36.7172
35.8137
37.3374
40.182
39.5088
36.4084
37.2167
37.0821
36.8081
39.6137
40.6023
36.7067
38.2746
53.9369
40.4293
53.9027
43.2932
36.3018
37.5529
36.9888
37.1119
39.042
38.4747
48.8601
44.1451
37.6298
37.5704
39.0197
37.3023
36.5622
41.6193
36.9921
36.4037
38.5467
117.201
40.841
40.2779
40.6369
38.2947
37.966
36.1958
38.2064
36.8821
38.9247
55.8375
37.016
36.8668
44.5585
36.2849
36.6943
42.7691
36.2655
36.5551
37.2111
36.549
38.6123
68.4985
45.2148
42.1629
36.9858
50.195
39.3467
41.6514
40.3797
73.915
42.1442
40.9736
39.1571
