100.599
21.3763
21.1808
22.06
21.5235
21.391
21.2159
21.3596
21.3994
21.3892
21.1787
21.8487
21.2081
21.2892
21.201
21.255
21.1703
21.3456
21.3705
21.2161
21.3169
21.127
21.2087
21.1239
21.264
21.2402
21.2026
21.2951
21.2245
21.2525
21.2293
21.1471
21.1964
21.3389
21.2382
21.3284
21.1856
21.1603
21.2137
21.1738
21.2807
21.2537
21.1961
21.2852
21.2785
21.2349
21.235
21.1717
21.1568
21.2606
21.1467
21.2068
21.2304
21.2571
21.2426
21.2624
21.1678
21.2854
21.1508
21.2286
21.1965
21.227
21.3057
21.1607
21.1474
21.2996
21.3318
21.418
21.3404
21.1003
21.1938
21.2165
21.2598
21.2461
21.3116
21.1365
21.2458
21.2765
21.2995
21.2438
21.0936
21.2971
21.1827
21.3691
21.2946
21.329
21.2914
21.3289
21.4539
21.423
21.219
21.2376
21.2672
21.1981
21.3101
21.1813
21.2218
21.2619
21.2626
21.1443
