311.013
15.6982
15.5512
15.7424
15.5674
15.8134
16.2101
15.9444
159.081
15.654
15.8646
18.9147
15.9654
15.8536
15.7796
15.777
15.9052
40.1692
15.8655
15.8892
17.4707
18.4758
21.6659
15.9128
15.8403
18.2036
15.8483
15.8611
15.9184
16.0011
18.3393
24.2301
24.3344
18.5908
17.9783
24.9796
18.2224
18.1034
17.723
18.3182
28.7043
18.6878
18.689
28.8043
18.6962
15.9684
18.0978
17.9135
16.0421
28.9746
19.2216
23.9585
18.2798
18.1983
18.1775
18.1039
15.945
28.297
18.2448
24.1032
26.4883
15.8892
18.9063
18.5928
18.2778
23.7287
18.6012
18.5995
26.9574
18.5968
18.7768
22.1904
16.2346
16.1423
16.0935
19.0125
18.6621
19.382
16.1969
18.5627
28.7828
23.8297
17.878
23.9222
18.185
23.9386
18.387
23.957
18.2187
18.2441
18.2393
16.4144
16.3853
18.8292
18.8311
18.2842
28.3648
18.0335
18.9127
18.3366
