521.53
244.234
33.7161
27.4829
227.492
27.1401
23.8895
20.2966
19.4717
21.4299
20.8832
20.4304
20.8788
19.7427
20.4278
20.3574
19.7415
21.6932
20.5238
20.5939
20.3111
20.8437
220.187
23.9442
22.9507
20.4527
220.556
21.66
22.3524
19.2878
20.394
19.8099
20.2712
20.1092
20.4425
20.144
26.2653
22.1348
19.9357
19.9185
20.8678
21.146
22.6883
21.1887
20.8905
20.4526
20.6167
21.7875
20.4995
19.8308
20.3683
21.1757
20.4879
20.0185
20.7778
21.2366
20.4789
21.9299
31.3895
20.1686
20.1071
19.9363
19.2635
20.8192
20.3037
20.5706
20.2936
21.7299
20.6984
20.3866
21.3345
27.577
21.5332
19.8743
21.5574
19.9074
19.8716
20.3526
20.903
19.8816
20.0081
20.4376
19.9515
20.8622
20.2503
21.515
20.5293
21.1834
20.876
20.077
19.9414
20.478
21.7156
22.1996
21.0647
21.214
20.884
20.7388
21.095
19.8118
