695.779
64.5361
148.854
146.347
65.3785
65.1168
64.5914
64.907
145.112
60.3155
58.1176
63.3876
64.6401
60.7006
62.8796
61.6614
61.425
62.6793
61.5027
64.4132
62.7811
62.2128
62.3661
62.8233
62.465
61.2922
61.615
62.1542
62.5877
62.8167
62.0118
61.8696
62.7348
62.1332
62.6185
61.8868
62.9781
62.4256
62.3449
61.3781
63.7641
63.2761
66.6342
62.621
61.4898
62.6864
62.6079
62.8027
62.0831
62.918
64.954
62.5837
62.2387
62.8446
62.5414
64.2209
63.3537
63.862
62.9951
62.8955
63.3349
62.592
61.8765
68.0733
63.4261
62.5939
60.3502
62.9954
62.2695
62.3654
62.9225
62.9217
61.7727
62.3745
67.5806
63.2944
145.57
57.5163
57.7364
67.6309
61.5116
63.7437
64.3201
63.5802
61.1131
62.3427
62.1686
61.8626
67.6328
62.2156
68.9319
63.0916
62.5723
61.5246
62.0063
63.1342
61.8707
63.6106
63.3891
66.777
