40.6385
40.3695
40.1824
40.3902
40.2568
40.273
40.1822
40.2146
40.3096
40.1801
40.2998
40.1842
40.7276
40.1838
40.23
40.1671
40.1634
40.1853
40.1823
40.1811
40.1887
40.1986
40.1639
40.1996
40.1876
40.1751
40.2048
40.1625
40.1358
40.1779
40.1729
40.1779
40.1922
40.1901
40.2343
40.1405
40.1653
40.194
40.2557
40.1816
40.1887
40.2628
40.1807
40.2274
40.1902
40.1832
40.19
40.2256
40.1638
40.1752
40.2015
40.179
40.1893
40.1776
40.1353
40.2754
40.2656
40.2778
40.2665
40.2913
40.3231
40.1546
40.4036
40.1767
40.2073
40.1864
40.1839
40.2424
40.1844
40.2125
40.1897
40.1674
40.1627
40.2186
40.1611
40.1761
40.1843
40.1895
40.1931
40.2604
40.2967
40.1704
40.1844
40.1859
40.1707
40.185
40.1823
40.1587
40.1863
40.1891
40.1774
40.1537
40.1917
40.225
40.1531
40.1918
40.1947
40.1705
40.1933
40.1865
