37.0106
36.7793
37.2904
37.0755
37.1887
36.8859
36.7333
41.6553
38.4916
36.3776
36.3835
36.077
35.6351
36.6972
36.0308
36.0347
36.5198
36.814
36.108
36.2826
36.4072
37.3334
36.6897
36.572
36.478
36.3058
36.1393
36.3436
36.5773
36.0439
36.6476
36.1901
36.2027
36.4485
36.3976
36.3721
36.5017
36.3172
35.7054
35.6678
37.1383
36.1031
36.0058
35.6893
36.3502
36.0201
39.717
37.7488
36.7004
36.3399
36.1828
35.8771
36.1801
35.7693
36.0751
36.5837
36.5421
36.1174
35.8254
36.7235
36.4001
36.3309
36.0852
36.324
36.8039
36.0558
35.7578
36.2639
36.3449
36.0751
36.1279
35.3244
35.0468
36.5624
36.1502
36.6508
36.3115
36.6812
36.3752
36.5346
36.7553
36.9377
39.2458
37.6415
35.7557
36.6325
36.2933
35.8501
35.9332
36.3001
36.3328
36.6494
36.059
35.8228
36.8902
36.6141
35.4551
36.5008
35.9116
36.4958
