8.45527
7.64266
7.65545
7.75314
9.35492
7.51846
7.53409
7.80178
7.82312
7.75084
7.76644
7.73779
7.50811
7.71826
7.83188
7.78917
7.73372
7.57212
7.65662
7.61969
7.93882
7.62193
7.66196
7.73513
7.84617
7.76501
7.55205
7.55903
7.52476
7.53686
7.68433
7.6773
7.76289
7.67266
7.49426
7.5397
7.61706
7.60551
7.71834
7.76818
7.56568
7.79891
7.75352
7.76272
7.73886
7.78087
7.76412
7.75385
7.55363
7.62959
7.561
7.78848
7.67074
7.71758
7.53975
7.7385
7.71675
7.50009
7.65681
7.81624
7.55343
7.66222
7.88649
7.54889
7.73522
7.76518
7.70663
7.56323
7.70142
7.74112
7.7778
7.64403
7.53891
7.65565
7.77022
7.73259
7.70554
7.63242
7.61012
7.837
7.77772
7.55067
7.71948
7.72828
7.7272
7.81722
7.72985
7.82877
7.68444
7.7645
7.56222
7.61036
7.59641
7.53824
7.55484
7.74974
7.50948
7.81942
7.74806
7.5049
