476.041
123.695
120.48
121.469
115.908
124.766
114.458
115.853
119.88
115.714
119.491
120.025
116.273
114.61
118.211
118.155
120.667
115.495
123.387
120.801
113.256
113.383
116.715
120.42
115.653
115.928
117.33
118.089
117.863
120.672
118.448
120.9
116.957
115.235
113.276
118.637
114.424
114.343
124.492
120.788
127.978
156.552
121.529
116.288
116.479
113.029
114.45
114.518
117.397
119.305
116.697
114.227
113.719
113.332
113.221
119.233
120.554
114.552
116.855
123.069
117.794
118.18
126.811
112.25
117.775
113.037
122.258
112.877
122.772
118.132
116.237
115.884
117.243
119.02
118.803
117.23
116.459
112.141
112.462
113.555
118.681
112.629
120.715
116.968
111.53
113.573
112.357
113.591
117.573
120.835
120.896
112.822
113.985
119.528
120.01
114.473
112.451
115.324
120.499
114.016
