36.262
3.0132
30.1395
3.33704
29.4984
29.8879
4.55114
29.5084
5.60152
30.1992
7.72413
4.5569
4.56538
4.54533
4.54712
4.54663
4.54727
4.45393
4.54054
4.54896
4.54147
4.54534
4.54938
4.54626
4.54933
4.55082
4.55202
4.5614
4.54905
4.54189
4.54207
4.55668
4.55587
4.55257
4.47618
4.52659
4.51719
4.55132
4.54526
4.55786
4.5518
4.55153
4.55746
4.55646
4.5442
4.53124
4.55993
4.55604
4.55136
4.55716
4.54577
4.55355
4.54619
4.55576
4.55644
4.06971
3.93163
3.21576
3.71818
4.50749
4.54742
4.55054
4.53366
4.54925
4.55036
4.5419
4.55222
4.54502
4.54149
4.55768
4.55295
4.55623
4.53993
4.55232
4.55125
4.54116
4.53856
4.54504
2.8073
4.54715
4.54435
4.54671
4.54862
4.56225
4.5561
4.54724
4.55634
4.55133
4.5596
4.55555
4.56139
4.55784
4.55128
4.55718
4.55996
4.55553
4.54914
4.56105
4.55799
4.55469
