529.626
68.3749
73.7909
72.5191
75.0109
71.9224
69.2781
66.3004
66.846
75.5915
65.0088
60.6435
67.3983
67.2697
61.3351
62.2671
61.6861
62.0917
67.5219
63.0361
64.5535
63.7572
62.1021
69.0245
62.7065
61.7303
61.3335
61.7207
67.5519
61.2598
67.0325
63.5855
64.6546
72.7435
62.1432
63.6412
62.5472
61.7507
62.9017
61.932
61.3569
61.0286
65.6752
63.5283
64.9456
61.8842
60.921
70.7664
62.4884
62.0036
61.0512
73.1793
71.7562
61.4634
62.077
61.4913
62.9675
64.8932
63.4517
62.0157
62.152
61.777
61.5183
62.9398
61.866
62.244
62.4247
61.9502
63.3579
61.6755
62.0974
68.4545
61.4635
62.7882
63.4139
63.624
69.2462
63.0954
61.2531
71.1778
62.0193
62.5773
62.4245
66.2827
61.985
61.7396
61.3583
62.0829
61.9255
61.1383
61.8256
69.2203
62.6174
63.2372
62.8061
62.2714
63.2799
62.5446
62.6402
67.1228
