6.83402
6.83261
6.81043
6.83386
6.84566
6.7663
6.82925
6.82854
6.85914
6.85699
6.83507
6.83059
6.82112
6.8496
6.84314
6.80803
6.84285
6.82368
6.85328
6.83302
6.83558
6.85184
6.85504
6.8593
6.83818
6.8392
6.82086
6.81933
6.8272
6.85731
6.94147
7.1704
7.05718
7.00826
7.03994
6.82499
6.96704
6.89654
6.75126
6.76272
6.88378
6.87722
6.77952
6.89158
6.88397
6.69725
6.74144
7.23987
7.26531
7.06682
7.25283
7.26861
7.29085
7.28406
7.32189
7.24374
7.27952
7.30032
7.30605
7.27277
7.28349
7.32842
7.08422
7.25987
7.26582
7.25338
7.27786
7.26214
7.26019
7.32368
7.28304
7.2273
7.24925
7.29005
7.2935
7.30141
6.84726
6.84234
6.83498
6.82336
6.81933
6.8361
6.82931
6.82314
6.83328
6.83235
6.83715
6.84611
6.8321
6.8249
6.8281
6.84227
6.83514
6.81261
6.83034
6.82365
6.84525
6.85088
6.83459
6.82736
