718.438
19.2632
128.821
18.2362
143.068
15.2045
16.4593
16.3906
16.3647
15.9879
16.5411
15.1122
15.2784
14.4206
13.8942
14.7837
15.9082
18.1745
16.5606
14.4218
15.5777
16.8138
15.2781
16.5509
21.4349
17.6105
15.118
15.9701
17.3013
16.3057
14.7109
15.5645
14.4529
14.4193
13.7859
13.8233
16.5841
15.0094
19.5397
17.5302
14.3581
14.1743
14.0616
15.0392
15.4682
13.8877
13.9707
14.103
14.2269
13.9913
20.18
13.9152
14.7753
13.9126
16.0164
14.0464
14.1921
13.9006
14.5701
13.9442
14.73
13.9969
14.2276
13.7992
13.7063
14.8324
13.9083
14.3092
15.2688
15.7161
14.2367
14.7097
17.5235
14.507
12.9311
12.8599
14.7938
12.7445
12.7507
12.7506
13.0911
98.1544
12.0115
12.5946
12.4878
12.4526
12.272
12.4461
12.6037
12.2213
12.3179
12.2999
13.4665
12.1725
12.2827
12.5416
12.7694
12.2746
12.3289
14.7661
