11915.4
11343.2
11716.6
12040.7
11285.3
10586.1
9904.84
9872.66
9823.41
10068.2
9892.18
10189.3
10008
9892.61
10133.2
10056.9
9976.41
9807.75
9953.68
9925.08
9996.15
9894.51
9841.75
10092
9636.62
9820.28
10015.1
10159.8
9933.69
9914.43
10169.3
9905.16
9939.55
10005.8
10315.9
9874.6
9742.58
9892.72
9980.01
10269.7
10148.7
10082
10098.8
9744.37
9927.55
9780.61
9859.37
9872.97
9958.82
9983.74
9947.95
9807.97
9858.42
9823.15
9896.38
10640.3
9850.37
9914.26
9949.16
9870.27
9847.31
9637.52
9883.49
9686.93
10008.9
9822.49
9878.05
9744.26
9813.87
9895.75
9668.45
9882.16
9767.87
17308.1
10055.1
10375.3
9822.15
9876.96
10036.7
9949.22
9996.7
9805.37
9734.14
10184.6
9887.19
10077.1
10018.4
10014.2
9832.34
10057.1
9844.93
9730.92
9562.7
9610.19
9756.1
9801.25
11208.2
9890.01
9914.38
9782.38
