418.032
293.255
213.645
217.397
21.0515
263.117
220.861
12.7827
257.784
7.337
22.1285
10.1548
9.68964
227.392
6.76016
216.775
15.4761
239.339
290.701
259.683
297.381
269.396
326.532
271.775
268.819
211.673
216.524
266.419
7.54241
8.17456
8.37788
14.7812
15.6673
7.72051
22.5478
17.0649
4.44576
9.24368
255.829
6.26254
253.933
8.88674
14.773
10.8077
19.7049
13.4293
7.39077
24.736
15.1226
19.1244
23.4584
12.0473
321.786
7.50744
15.2006
15.0585
23.0158
15.4175
15.6963
14.8108
14.1269
4.84227
16.6287
15.1553
25.2017
30.9733
23.2526
25.3421
20.9405
12.0243
11.1714
12.5239
24.2952
9.86478
11.2624
8.52852
16.2898
20.6415
12.9587
14.5943
22.5281
20.5812
19.1396
14.8083
11.1003
9.61976
23.1234
26.3012
9.00683
228.075
7.7081
222.488
11.6456
17.5216
24.9077
13.9299
11.3071
17.0515
308.798
4.48789
