285.085
277.477
277.459
277.53
277.848
277.308
277.32
277.457
277.489
277.429
277.497
277.859
277.449
277.468
277.43
277.639
277.752
277.443
277.369
277.588
277.412
277.526
277.437
277.336
277.521
277.913
277.697
277.512
277.55
277.315
277.45
277.565
277.51
277.409
277.261
277.543
277.885
277.598
277.453
277.461
279.283
278.678
278.782
278.664
278.766
278.739
278.887
278.721
279.094
279.131
279.031
280.004
279.687
277.58
277.318
277.487
277.659
277.658
277.517
277.412
277.637
277.347
277.419
277.233
277.369
278.545
278.47
278.585
278.694
278.731
278.811
278.369
278.669
278.359
278.467
278.208
278.034
279.513
280.026
279.745
279.519
279.887
279.287
279.139
277.512
277.705
277.858
277.787
277.54
278.05
277.774
277.564
277.485
277.683
277.863
277.452
277.538
277.489
276.847
276.637
