382.155
4.05086
3.82668
7.78482
7.36685
8.00169
7.18159
5.51713
6.02478
8.16799
9.07655
9.10566
8.65732
7.2941
4.08969
9.92652
4.92524
7.48168
11.5095
6.75375
5.95409
7.6726
5.64933
7.14834
6.5152
5.26603
5.55221
11.6494
3.41204
3.15597
3.80248
3.1582
3.15394
11.4824
3.8197
3.20106
5.76226
9.32944
3.20146
5.25611
3.13519
5.12783
3.5984
4.40346
3.13658
4.5743
6.11063
9.6864
4.055
5.10939
4.08199
4.57989
7.78047
4.93335
6.18755
4.01419
3.26037
4.3189
3.15341
3.25629
5.53148
3.19685
4.93559
3.19016
3.18419
3.12387
3.10351
3.24577
3.41778
3.08401
3.08517
8.41127
6.72056
5.18661
6.67452
4.84314
5.79993
4.20288
5.65402
5.73787
3.91325
3.14168
3.47729
5.56915
5.61304
3.7902
11.5982
4.05218
3.11219
3.61262
3.10676
3.08959
10.1621
5.34476
4.88432
4.95318
3.19401
8.47629
5.24544
11.0602
