156.997
18.961
20.5873
21.22
21.403
21.5913
20.5246
21.9323
20.6843
19.4862
27.914
18.0169
20.1417
17.4764
19.7555
18.4381
18.6598
21.8143
19.8912
17.8328
18.813
18.0735
21.571
20.5381
18.1172
20.5906
22.5357
19.116
20.5527
18.3785
20.3833
21.2843
20.5333
20.0161
18.0861
19.352
18.5666
21.8853
19.097
22.3641
21.1973
20.0165
17.8148
18.918
18.6951
18.1456
18.5689
18.2491
20.9072
18.4686
18.6355
21.8245
20.7384
23.4148
21.2962
19.6493
19.7643
23.6714
19.0978
18.9861
17.5497
19.6486
17.4723
18.2562
17.6464
17.4616
22.4139
18.4267
20.072
19.5902
18.1443
18.1146
18.9659
23.4445
20.8543
18.3657
19.1023
17.41
20.611
18.9227
17.6995
20.1092
18.4156
18.4948
18.2856
21.5567
21.1318
20.2015
20.3291
20.7362
25.2929
28.7104
22.15
18.6942
20.0349
21.5542
22.1961
31.5523
20.1687
18.3773
