428.653
53.772
52.1326
48.6768
48.7961
51.3026
53.4867
60.7748
53.6954
51.6551
56.9604
49.9204
51.3644
60.8074
61.7787
48.2909
48.8411
50.562
48.6841
48.4849
48.4885
52.9656
52.915
49.1493
48.646
49.2138
47.4518
50.6989
47.7731
48.9203
52.5829
55.4116
47.5734
48.0947
48.8904
47.9868
50.3008
47.0865
51.3836
50.442
48.8866
48.4874
52.8783
50.3511
51.2455
48.9091
52.7866
74.0907
49.2128
49.4723
49.8805
49.1673
48.5085
51.1829
50.8194
65.2172
48.0207
47.6514
47.9379
48.2132
50.7685
47.6304
48.1707
64.2803
48.3155
47.2453
48.0764
47.7052
51.0919
51.8007
48.4584
63.3815
47.1094
48.8192
48.6693
47.9365
50.7102
47.7883
48.1328
68.3586
51.0602
47.9704
48.7885
51.0729
51.0732
51.9592
48.8442
65.3021
49.5387
48.7837
49.4632
52.1792
50.7148
49.3808
48.486
47.7986
50.2008
49.0466
48.2409
47.6819
