601.902
603.432
603.929
603.652
601.391
601.749
601.861
601.645
601.683
601.755
601.899
601.186
602.127
601.178
602.907
601.555
601.307
601.713
601.806
601.986
601.437
601.677
601.613
601.571
601.371
601.706
601.339
601.472
602.302
601.285
602.024
602.338
601.492
601.074
602.1
601.653
601.702
601.81
601.642
601.787
603.027
601.82
601.662
601.717
601.212
601.189
601.177
601.831
601.292
602.643
601.644
601.48
602.723
601.587
602.246
601.659
602.126
602.339
601.317
601.557
601.279
601.495
601.149
601.553
602.88
601.48
601.416
601.201
601.732
601.782
601.499
601.1
602.653
602.299
602.284
601.082
602.419
601.71
601.281
601.243
602.129
601.59
601.327
601.951
601.32
601.494
601.437
601.38
601.741
601.599
601.261
602.221
601.317
601.373
602.13
601.687
601.043
601.705
601.151
601.53
