645.42
129.195
122.206
124.688
129.55
123.733
126.698
124.96
213.73
128.857
126.326
125.124
122.254
123.917
128.533
122.193
125.893
125.133
122.038
122.638
122.432
128.263
122.793
120.875
124.953
124.894
217.789
120.64
125.929
129.451
210.903
122.961
122.749
126.227
204.222
127.265
123.714
122.77
122.953
123.614
128.926
208.595
126.965
193.243
126.176
132.552
130.254
127.398
122.329
123.177
122.428
123.126
122.872
121.244
121.673
121.972
125.468
125.568
121.188
127.003
121.561
122.517
122.799
126.138
123.183
127.562
125.955
122.195
123.604
125.88
122.224
121.203
126.626
130.436
122.88
123.664
126.985
123.228
124.603
124.635
129.783
127.452
124.188
121.354
122.579
126.489
211.519
126.579
120.488
123.814
123.712
122.826
124.242
127.077
120.348
125.736
127.078
121.599
121.313
120.271
