262.852
16.5199
18.8811
21.189
23.5829
21.7273
136.223
20.122
19.8673
19.9179
18.932
19.0571
20.6543
20.6091
18.6266
16.4498
19.7452
18.7248
18.4584
23.2382
21.7532
20.3648
19.4652
17.3406
16.7242
17.9333
18.6915
18.3866
17.6379
20.677
20.6682
18.3286
20.3585
20.7155
19.4202
21.5278
22.1869
20.7964
31.7689
20.9514
16.7759
18.5111
19.7083
19.9522
20.0043
18.7037
20.6872
22.0263
32.9166
18.0381
20.9405
18.0232
19.7875
17.278
24.5564
18.8074
16.8784
23.0018
21.5529
19.1193
18.8478
20.523
21.6735
16.2601
16.3982
17.4208
16.7917
24.0197
19.7606
23.9464
22.4089
17.4427
20.578
18.4873
17.4691
20.5952
17.1864
22.0741
20.9712
17.9203
19.7984
16.9321
16.6616
19.5574
22.8714
19.6037
17.5041
17.5445
19.074
22.8287
24.8457
19.9301
22.27
17.1365
19.2744
24.1281
17.3176
17.5183
20.5091
16.2975
