482.735
22.6443
18.3581
18.3833
19.7506
23.3332
21.5302
14.3394
18.9865
19.8708
21.5064
23.0124
19.2016
16.7597
16.6673
17.4386
19.6958
16.6023
19.1187
18.907
14.7729
22.3736
16.3658
16.2868
16.8127
17.4497
14.7601
14.9727
23.8322
18.2312
16.8243
14.6477
16.3239
14.2249
14.0122
15.4176
16.5678
13.8313
15.3604
18.6228
15.4318
16.0689
14.8468
19.0165
19.871
15.6538
16.8889
19.5477
14.2505
16.5223
16.8982
18.1446
15.3751
18.4017
20.0677
20.3896
16.8001
15.7192
17.0789
14.5289
13.5817
15.4849
14.4497
17.7334
16.3965
17.5822
13.4239
14.72
15.0255
13.5756
15.676
16.6659
12.7879
12.9247
15.5542
14.3877
14.0743
14.1047
17.0081
13.32
21.2508
16.9213
15.252
14.6673
17.2388
19.0524
16.5994
16.262
15.8164
19.6235
14.168
18.0503
15.4305
12.5649
15.1543
15.0826
14.956
15.5144
18.9216
17.4344
