597.445
84.6463
69.213
69.449
68.5609
68.3494
69.8265
68.4087
70.5897
70.1913
67.6943
68.2135
69.3713
67.0276
69.4325
68.0409
71.9699
71.2661
66.3221
66.3916
69.5489
66.8132
67.9211
65.931
67.0233
66.2692
67.9947
66.984
68.0814
67.3354
69.0004
68.7729
66.7857
71.5494
69.2687
71.3824
67.6062
68.2889
67.5804
68.613
69.2949
67.2103
67.0215
66.7274
67.8663
67.4442
68.3672
68.2101
74.5928
67.4015
69.3466
68.0185
67.9063
66.9866
65.5197
67.5919
70.1483
68.8607
68.0492
66.6064
67.6859
68.2325
65.9686
66.9119
71.5107
67.6209
66.8442
66.765
66.8781
67.8954
66.2031
67.0218
67.1539
67.0346
67.636
67.0682
66.5848
67.8539
66.8691
67.9548
68.1385
65.4838
66.6624
65.7421
66.4323
67.1028
66.7633
66.7318
65.6226
66.9745
67.2563
70.706
67.1027
68.9543
69.1156
68.7109
67.4396
66.0443
68.0319
66.6442
