3.82881
3.6199
3.55489
3.60386
3.55341
3.60818
3.52158
3.43606
3.45893
3.54189
3.53016
3.4332
3.424
3.56171
3.46766
3.48173
3.53415
3.46773
3.45923
3.43377
3.43432
3.5106
3.51194
3.43668
3.42303
3.46152
3.41223
3.47853
3.45429
3.4773
3.50183
3.43607
3.42983
3.43291
3.41472
3.41889
3.48089
3.41909
3.41994
3.55774
3.45878
3.49964
3.47553
3.4896
3.42629
3.4548
3.51228
3.42389
3.43868
3.42044
3.49465
3.42634
3.44945
3.49879
3.48236
3.4064
3.46855
3.434
3.46213
3.51882
3.51875
3.50564
3.4748
3.49298
3.41524
3.48181
3.45806
3.45825
3.53416
3.45345
3.4796
3.44616
3.42772
3.52044
3.44635
3.47229
3.50772
3.48422
3.50212
3.50373
3.44795
3.43541
3.44604
3.37415
3.4198
3.45557
3.45078
3.45314
3.45513
3.43249
3.46168
3.46698
3.41624
3.48412
3.51474
3.47592
3.3338
3.28914
3.30742
3.28756
