1156.45
277.973
271.25
265.463
270.195
267.238
278.373
273.977
283.311
285.999
296.441
305.296
316.774
321.186
319.334
321.257
418.246
317.634
318.284
319.891
322.12
319.226
322.948
318.974
319.192
319.994
318.739
314.831
319.946
323.404
359.334
317.025
313.828
317.04
316.423
314.086
318.514
325.872
327.631
350.757
325.868
331.458
339.831
340.663
370.128
365.171
374.24
360.978
358.198
370.815
352.42
330.771
330.222
325.269
352.021
329.514
332.92
1522.84
324.363
332.123
321.998
344.562
351.969
333.402
496.483
342.213
331.79
322.832
332.679
333.502
336.435
437.539
330.681
331.517
324.839
342.147
331.604
335.909
327.652
323.462
324.071
323.978
327.497
330.837
339.363
324.827
321.824
326.792
323.292
325.197
332.304
324.993
325.852
321.341
327.896
325.402
327.488
333.524
328.447
327.978
