11.5582
3.64973
3.58475
3.37663
3.55431
7.14672
3.63372
3.41916
6.36469
3.358
3.38482
6.22245
3.36875
3.36825
3.36556
6.36857
7.77276
3.55336
6.26148
7.96678
7.84703
4.55943
3.56305
3.37
6.32536
6.25947
6.55109
7.42269
6.82667
6.71217
3.46089
6.72903
3.4314
3.40056
3.49492
6.21749
6.20041
3.44752
8.01414
4.6093
6.57461
4.83749
6.76208
6.55596
3.54326
6.27393
6.48538
6.57612
3.56761
3.76585
3.56563
6.31327
3.41261
6.79305
3.45859
4.69574
6.12113
3.43117
3.39642
6.36875
3.40502
4.85601
3.51451
3.37457
3.35222
3.4675
3.40182
3.35751
3.38078
3.38398
6.27714
3.36247
3.34203
3.36411
3.42648
3.80169
3.59978
3.47958
3.72045
3.61776
3.69262
3.47926
3.48966
3.47349
3.39131
3.39501
3.35587
3.3493
3.40758
3.37243
3.3562
3.38795
6.62185
3.34861
3.48816
3.34704
3.52269
3.41257
3.46305
3.36961
