459.925
101.68
312.378
98.5628
190.019
95.2987
93.7543
95.2006
93.4922
99.3285
97.7588
93.6941
95.7259
94.9947
99.3716
94.8773
98.0868
99.1252
93.9238
299.899
96.4774
308.288
99.1063
94.1023
96.4662
95.5978
92.6402
98.5045
96.9631
95.6229
94.3263
93.3413
92.8224
94.3738
96.5136
95.5388
95.6229
299.364
96.544
97.8807
96.0617
95.9913
95.3124
94.1572
94.7304
96.1749
94.9467
95.9427
93.9255
95.244
95.1401
94.0287
93.689
97.6265
97.3176
94.2573
94.1326
93.5513
97.6686
95.0157
94.9911
95.104
98.1585
95.666
94.5869
95.9329
96.894
98.7162
94.5399
94.9883
96.3653
97.1551
95.2524
97.7376
94.046
95.0945
96.7316
95.3123
97.6229
94.1456
93.8533
98.2343
93.9856
96.687
95.9065
97.3799
97.2718
98.7581
94.9699
97.7097
95.8642
94.0556
94.1845
97.112
94.3876
97.3846
95.4326
95.7389
97.5904
97.464
