9.46904
8.9535
8.93474
8.03086
8.10523
8.09035
8.02227
8.10679
8.32869
8.11383
9.07897
8.96649
8.99058
8.64925
8.11489
8.0944
8.17137
8.02924
8.18252
8.11351
8.09424
9.2925
9.31832
9.30382
8.10891
8.11461
8.28557
8.12639
8.13197
8.61045
8.03531
8.13775
9.45909
9.44118
9.44987
8.12974
8.0984
8.12629
8.15984
8.1906
8.14777
8.11846
9.50535
9.55972
9.36436
8.16205
8.15731
8.13972
8.11768
8.08857
8.25778
8.18151
8.12426
9.77288
9.6894
9.63981
8.15747
8.74727
8.25925
8.76236
8.12863
8.12165
8.15565
8.1314
9.7391
9.74714
9.84365
8.14121
8.11044
8.15862
8.16185
8.10572
8.12594
8.11175
10.0119
9.86641
9.89612
8.21922
8.20188
8.10259
8.17867
8.08846
8.23757
8.15221
8.13742
11.1059
10.0475
10.1439
8.12793
8.12483
8.30475
8.21038
8.2251
8.14819
8.14718
8.51674
10.0783
10.0375
10.2146
8.15749
