762.455
250.651
211.124
207.567
203.094
226.799
202.396
212.02
210.615
231.999
225.673
215.557
219.937
215.443
212.415
209.332
225.745
201.26
207.55
203.191
206.936
200.75
205.444
202.615
202.537
256.832
206.464
204.033
202.391
202.314
205.155
201.965
201.66
200.142
202.082
201.616
206.254
205.879
209.688
260.868
200.979
207.061
207.301
204.497
203.401
205.617
206.535
203.069
201.786
205.832
202.839
202.546
204.436
201.514
201.529
200.936
204.754
201.558
203.87
206.734
204.005
201.307
201.375
204.671
202.212
204.028
206.844
205.633
202.103
202.946
201.4
206.113
204.035
203.836
214.412
204.428
201.907
201.574
202.604
205.261
203.271
202.909
202.568
204.22
202.686
205.979
203.052
202.336
208.987
204.077
208.88
202.589
211.393
201.931
203.004
202.524
209.092
201.941
202.882
201.299
