530.929
136.131
130.726
127.913
127.378
129.276
125.577
129.809
137.897
125.658
128.275
126.449
123.528
122.38
129.755
125.622
123.716
130.674
126.665
129.347
132.731
127.319
134.463
124.374
123.966
122.36
129.279
125.482
126.105
132.065
123.843
123.99
127.758
132.203
122.059
126.112
124.885
123.583
132.862
130.1
123.217
128.405
131.631
121.637
124.56
122.957
120.657
122.973
120.354
126.303
124.196
126.581
129.509
121.577
121.129
131.468
127.245
133.848
120.79
122.629
123.033
125.617
128.254
125.908
123.575
128.406
129.194
123.889
122.007
121.777
124.061
133.581
125.693
126.953
121.799
131.529
129.193
124.145
123.835
125.54
124.788
139.684
125.011
124.767
126.656
130.583
122.727
122.647
128.612
123.093
122.617
129.121
122.197
128.954
121.921
121.783
122.674
125.735
123.063
127.783
