279.653
273.768
273.784
273.739
274.034
274.031
273.927
273.955
273.741
274.508
273.833
273.722
273.911
272.185
274.023
274.146
273.807
273.798
273.84
273.852
273.764
273.743
274.514
272.054
272.353
271.669
270.846
270.056
270.285
270.338
270.762
270.398
270.303
270.121
270.145
270.576
270.103
270.164
270.185
270.307
270.386
270.299
270.784
270.223
270.209
270.385
270.404
270.623
270.054
270.191
270.361
270.355
270.11
270.401
270.58
270.182
270.343
270.293
270.088
270.433
270.203
270.194
270.35
270.287
270.328
270.381
270.255
270.215
270.545
270.21
270.149
273.554
273.468
273.036
273.059
273.127
273.546
273.854
273.81
273.88
273.823
273.732
273.906
273.817
273.59
273.748
273.983
273.665
273.545
273.905
273.803
274.149
273.986
273.749
273.841
273.819
273.911
273.722
273.617
273.773
