6.28196
5.59652
5.71946
5.58551
5.55027
5.55187
5.68627
5.59473
5.57964
5.58816
5.53731
5.53555
5.5862
5.65249
5.66389
5.62285
5.61425
5.49496
5.65877
5.60653
5.61074
5.61546
5.55701
5.47006
5.54614
5.51501
5.54117
5.52467
5.5522
5.5782
5.58223
5.41527
5.504
5.58363
5.58215
5.60929
5.58785
5.54803
5.55333
5.48605
5.49649
5.54474
5.56149
5.58366
5.54478
5.5775
5.59458
5.5987
5.61681
5.57473
5.59827
5.55538
5.56014
5.53384
5.50547
5.47792
5.57012
5.54649
5.54683
5.58046
5.53992
5.56947
5.55325
5.51913
5.55931
5.5212
5.62696
5.55874
5.55623
5.5329
5.58312
5.63663
5.58334
5.5652
5.65583
5.53412
5.5739
5.53904
5.50768
5.55648
5.55035
5.45621
5.50758
5.5696
5.55723
5.56371
5.55326
5.6033
5.44509
5.58595
5.56194
5.47975
5.54184
5.53633
5.50777
5.49778
5.45534
5.53339
5.54622
5.52718
