16.1498
14.8462
14.8681
15.2371
15.0931
14.9382
15.1247
14.7915
14.8033
14.7656
14.8701
14.7754
14.8047
16.0929
14.8019
15.4135
14.8333
14.8398
14.9258
15.3015
15.1399
14.8533
14.7757
14.7374
14.7921
16.0962
16.2175
14.8115
14.8306
14.9177
14.9719
14.8503
15.281
14.8583
14.9331
14.8022
14.8196
15.282
15.3392
14.8069
14.8155
14.9153
14.8865
15.7957
14.7918
16.3771
14.8702
14.8112
14.7618
14.9136
14.9073
15.3391
14.8379
14.9133
15.5375
14.7948
14.7975
16.5056
16.5493
14.8312
14.8345
14.9517
14.8725
14.8026
15.3049
14.9729
14.9859
14.8322
14.8134
14.9591
15.3676
14.8491
14.8057
14.8612
14.9109
14.8179
14.8455
16.7105
14.8426
15.2909
14.7626
14.8768
15.606
15.2705
14.8076
14.9462
14.7206
14.7901
14.8085
16.8489
16.9275
14.7657
14.8486
14.9559
14.8288
14.7775
15.3358
14.9058
14.9432
14.8236
