43.2529
5.43414
5.3272
6.05423
5.41577
85.397
5.47702
5.46999
82.5231
81.0171
37.2662
37.3976
81.413
5.39262
5.51943
5.42369
5.41856
5.42563
5.42955
5.4565
5.41011
5.41366
5.41511
5.41863
5.40713
5.49351
5.39761
5.43213
5.40276
5.38884
5.41956
5.42762
5.42586
5.40378
5.41039
5.40793
5.54017
5.38561
5.42111
5.42228
5.40175
5.42159
5.40647
5.4453
5.40593
5.41139
5.42852
5.47088
5.37912
5.40425
5.41319
5.39031
5.40838
5.40079
5.38377
82.5941
5.4125
81.1653
5.38125
5.40863
5.41745
5.41312
5.40534
5.38403
5.42556
5.4051
5.42251
5.54249
5.41845
5.41849
5.38476
5.44377
5.41464
5.43358
5.39125
5.4098
5.41504
5.41729
5.5216
5.45432
5.40924
5.4157
5.42566
5.41495
5.41558
5.41842
5.43065
5.44481
5.41699
5.5119
5.40229
5.41646
5.43067
5.41319
5.40921
5.41197
5.39814
83.3966
37.7158
37.6087
