5.96703
5.59358
5.46286
5.35778
5.89
5.48962
5.45689
5.57136
5.50704
5.59129
5.47323
5.4645
5.59421
5.50792
5.46984
5.46558
5.46964
5.44286
5.48221
5.45777
5.47666
5.43942
5.47596
5.47017
5.46401
5.47026
5.4616
5.4765
5.46005
5.46817
5.46208
5.45066
5.46099
5.46642
5.45362
5.45952
5.45826
5.55031
5.46166
5.47449
5.55459
5.46028
5.46308
5.47742
5.47831
5.4603
5.474
5.48438
5.46133
5.46747
5.46299
5.60007
5.47462
5.49585
5.47745
5.4815
5.46542
5.46278
5.46445
5.46132
5.47655
5.45305
5.55027
5.45315
5.43932
5.54041
5.45589
5.46905
5.47066
5.46664
5.4834
5.47012
5.4683
5.56329
5.4664
5.48207
5.48188
5.45805
5.46353
5.45495
5.49699
5.47072
5.46574
5.4789
5.54672
5.46953
5.54274
5.45444
5.4523
5.46424
5.47238
5.46629
5.49882
5.46086
5.5276
5.57025
5.46683
5.46095
5.46399
5.45964
