503.412
35.1599
36.7118
37.8413
51.8141
38.3666
41.1493
43.7098
38.3287
56.425
39.4513
36.1535
43.8191
41.8463
42.9951
35.3156
38.56
41.9537
40.0466
38.3207
40.3734
39.1372
39.4378
47.2943
45.7069
38.0039
39.8427
37.2345
40.7066
36.4419
40.6659
43.93
37.1446
40.0594
41.0227
36.8268
37.7933
45.1889
55.6404
36.6678
35.7465
39.788
35.2562
37.2071
42.0434
43.0424
42.2184
33.9663
40.0523
39.1761
45.7184
33.906
36.6141
42.6073
36.0439
40.7204
34.9787
37.2621
34.4996
38.1666
37.718
36.5132
40.2676
38.8739
36.0298
43.3809
34.4152
40.8523
46.2951
38.0254
38.5519
44.335
46.8873
44.0896
40.8564
37.5771
41.4898
37.3173
39.0512
37.7679
38.019
37.6693
37.65
42.0203
38.7727
38.7721
35.2708
38.7568
38.0093
35.1999
38.305
37.7026
36.0424
39.8501
36.3513
37.8641
36.1076
36.8892
38.8416
36.9836
