8.06813
8.07501
8.07549
8.08288
8.09706
8.01584
7.9599
8.08413
8.08048
8.06294
8.08861
8.11046
8.08182
8.07725
8.07446
8.07923
8.06416
8.07488
8.07821
8.06899
8.08486
8.068
8.06835
8.07907
8.07002
8.02042
8.04653
8.28784
8.28886
8.25904
8.53453
8.46419
8.53248
8.54115
8.5399
8.27034
8.08384
8.08675
8.55674
8.5431
8.5401
8.5839
8.54701
8.51411
8.52624
8.44947
8.11334
8.07661
8.0567
8.06029
8.06915
8.07546
8.0864
8.07552
8.0785
8.09344
8.53018
8.17658
8.5048
8.53142
8.54131
8.53427
8.5569
8.57434
8.09405
8.07542
8.06774
8.06995
8.0383
8.08432
8.3688
8.42301
8.60349
8.55878
8.55194
8.50918
8.06061
8.0536
8.05856
8.04525
8.05638
8.05936
8.05222
8.05053
8.05539
8.07021
8.03878
8.03229
8.06541
8.05242
8.05747
8.03632
8.0775
8.06829
8.06205
8.02829
8.05491
7.99667
7.97098
7.88218
