146.395
76.1599
14.3381
13.3453
13.5488
13.4982
13.9495
13.1112
160.815
13.4071
13.793
13.4986
13.3419
13.3621
13.1601
13.5219
13.2171
13.0985
13.4346
13.4586
13.4887
13.0098
13.559
13.5862
13.6156
13.4445
13.6723
13.0711
13.4462
13.4541
13.4291
13.5341
14.2144
13.3986
13.4353
13.1236
13.3363
13.1272
13.2506
13.0892
13.4491
13.4887
13.1007
13.1316
13.2841
13.0365
13.1703
13.4248
13.5555
13.5297
13.4236
13.472
13.5344
13.1849
13.2122
13.2126
13.505
13.2178
13.2363
13.5045
13.2059
13.4547
13.187
13.2115
13.0429
13.4359
13.2108
13.2244
13.4454
13.3517
13.0958
13.4611
13.4515
13.4196
13.5555
13.4523
13.464
13.5795
13.0616
13.5039
13.4731
13.1345
13.1291
12.9965
13.0986
13.1271
13.3266
13.5246
13.0249
13.5193
13.1305
13.1317
13.1888
13.4556
13.5499
13.1592
13.4854
13.0909
13.1881
13.156
