114.504
30.2612
30.0556
108.544
105.668
105.118
29.9907
105.372
30.148
29.9983
106.228
30.0166
30.8
30.1156
30.2416
30.2028
30.1802
30.2023
30.0905
30.0946
30.1888
30.1513
30.2041
30.1327
30.0024
30.1323
30.11
30.161
30.1523
30.16
29.9986
30.1647
30.1445
30.1734
30.1447
30.1391
30.0156
30.157
30.1271
30.3168
30.1443
30.1875
30.0155
30.134
30.1238
30.1546
30.3336
30.3321
30.0121
30.1515
30.1466
30.1406
30.1442
30.1488
30.0152
30.133
30.1562
30.1404
109.417
30.0016
29.99
29.9967
30.1643
30.1692
30.1712
30.1606
30.1624
30.0026
30.1946
30.1501
30.1405
30.15
30.1465
30.0442
30.1617
30.1876
30.1289
30.147
30.1376
30.0109
30.1537
30.1566
108.563
104.162
103.493
30.0019
103.485
30.1053
29.9262
29.9903
30.2477
30.1802
30.1934
30.1892
30.0296
30.2222
30.2093
30.1925
30.1818
30.1716
