701.584
52.5064
171.29
172.613
171.382
48.8783
150.367
53.6093
146.535
47.8604
127.913
128.681
175.183
127.075
139.188
48.1607
48.1009
54.693
47.8315
62.7323
48.7063
47.8207
127.525
126.058
46.444
125.745
46.2688
45.7076
127.837
46.8026
45.2132
130.365
44.6282
44.1895
47.1934
45.1543
127.587
44.8879
128.615
124.943
48.8628
126.648
44.4344
44.4376
130.691
44.4559
44.4252
124.263
44.6729
45.233
43.9691
43.8006
127.452
44.1696
44.1915
46.0787
44.3425
50.0342
44.8995
125.896
44.2906
44.1712
44.3462
124.745
45.9482
44.5973
47.144
46.6356
44.2481
44.4808
44.0952
44.182
124.832
44.5302
44.0512
44.246
44.5294
123.348
46.3897
44.3737
126.152
46.8451
45.9773
44.4869
44.0135
44.2067
44.8065
45.3784
45.4346
45.4977
46.1093
45.3607
45.2605
45.4942
46.2945
45.5759
45.3486
45.3824
45.2621
46.4406
