1801.13
1466.35
1521.89
1460.05
1462.04
1462.68
1471.41
1469.61
1473.97
1539.23
1469.65
1471.32
1527.67
1450.6
1474.35
1517.72
1453.73
1510.81
1458.95
1481.06
1471.13
1469.9
1450.63
1476.73
1450.81
1462
1467.44
1482.54
1486.17
1459.85
1527.42
1456.38
1469.41
1453.32
1448.48
1481.08
1456.34
1470.49
1454.47
1476.17
1455.3
1461.9
1457.28
1453.95
1466.89
1467.78
1478.68
1456.25
1468.39
1506.09
1464.25
1454.61
1454.36
1463.55
1453.49
1466.56
1460.55
1470.93
1466.35
1482.61
1457.76
1463.47
1471.17
1463.55
1467.66
1500.08
1464.78
1462.38
1460.07
1451.8
1463
1512.2
1460.65
1472.93
1468.39
1467.86
1453.4
1536.28
1460.12
1467.17
1458.32
1456.34
1470.62
1453.44
1464.19
1450.13
1465.08
1462.81
1462.06
1460.25
1451.59
1487.85
1452.83
1467.38
1451.82
1481.62
1455.44
1455.54
1484.68
1451.45
