62.029
50.8591
47.4721
46.5522
45.3707
45.6247
44.5891
45.064
46.2717
44.5264
44.5426
44.6975
45.9962
45.3796
44.9715
44.7165
46.1743
44.5039
44.7105
45.5141
45.3404
45.1439
45.5774
45.097
46.3508
44.9104
47.0873
45.5618
47.027
45.0674
45.639
44.6511
45.6433
44.9317
46.0064
45.4035
44.5172
44.7403
45.7298
45.8492
44.5026
44.9407
45.4196
45.27
44.7736
44.8882
46.9702
44.6896
45.2903
45.4005
45.0456
46.1516
46.9941
45.3041
44.7699
45.7789
45.391
45.1434
44.5657
46.8235
44.9306
44.8652
44.6638
45.4055
45.19
44.4025
46.0466
46.4607
45.9453
45.0266
46.2254
44.9186
46.2498
45.3298
44.7826
44.7769
45.3396
47.0755
46.2785
45.542
45.5221
45.9676
46.0608
45.8989
45.9691
48.4518
50.0331
45.8169
45.377
45.9875
45.52
45.5374
45.3087
44.9719
46.4292
44.5374
44.9564
46.0117
44.9197
44.6075
