763.132
313.274
314.395
312.859
337.034
316.669
316.631
310.243
311.074
313.464
312.608
336.848
310.686
325.783
311.5
314.95
313.556
322.624
343.089
311.406
315.879
312.55
334.004
314.462
332.251
331.347
316.452
312.998
324.868
312.674
313.07
330.272
325.044
317.911
325.044
324.016
308.461
351.448
321.065
317.645
325.415
313.226
311.621
313.322
321.558
325.313
315.077
333.203
341.636
335.028
348.085
327.945
329.936
328.932
347.948
323.661
329.863
314.12
331.285
321.489
319.951
328.705
328.159
309.385
333.239
322.831
324.141
312.237
311.146
311.093
310.709
311.373
308.389
319.232
308.828
325.989
323.967
317.088
310.609
326.683
323.215
309.586
325.335
319.099
314.358
312.6
312.643
311.033
312.297
308.238
309.246
313.028
316.736
320.872
319.593
320.56
309.209
311.109
331.657
307.949
