749.579
314.613
289.478
242.635
249.332
239.634
238.769
238.81
324.934
240.172
238.266
239.325
240.211
240.281
238.474
238.102
239.623
239.009
247.365
242.518
240.91
239.901
297.474
240.165
239.055
244.242
241.963
241.019
242.482
239.683
238.353
240.853
242.478
295.929
238.046
241.919
240.679
241.164
241.107
240.382
243.06
241.814
240.799
240.351
239.728
243.989
244.533
241.477
240.788
241.935
239.298
240.496
239.066
240.358
297.136
242.472
240.933
241.009
244.389
244.248
243.328
239.877
244.925
242.172
240.948
239.56
243.398
243.514
240.592
299.962
238.035
238.759
238.86
246.791
237.651
242.223
241.331
245.212
241.111
241.197
240.095
241.459
241.728
239.744
240.635
239.202
238.428
249.423
240.331
244.138
238.6
239.523
239.661
241.062
302.541
238.245
239.184
237.467
239.451
237.737
