1252.43
1246.72
1249.95
1251.17
1251.59
1252.14
1243.55
1349.06
1546.05
1544.51
1543.36
1545.25
1555.46
1545.09
1549.78
1551.04
1552.52
1548.37
1545.46
1383.62
1246.42
1243.89
1247.92
1246.22
1247.41
1253.81
1244.08
1242.74
1244.88
1243.21
1255.61
1244.2
1260.47
1549.55
1547.54
1548.72
1546.24
1546.23
1542.22
1547.94
1545.58
1552.96
1547.53
1547.64
1545.51
1257.73
1243.61
1243.76
1245.26
1252.33
1244.26
1251.66
1244.8
1245.97
1252.79
1243.83
1243.77
1245.1
1245.63
1548.24
1547.21
1543.44
1543.74
1543.74
1543.34
1545.01
1542.92
1543.35
1544.75
1544.2
1531.04
1242.28
1242.63
1243.92
1255.83
1246.44
1246.68
1243.97
1247.38
1251.67
1243.39
1243.39
1253.74
1246.66
1423.37
1547.43
1546.57
1548.89
1548.55
1543.02
1543.98
1543.17
1544.28
1542.54
1545.29
1543.84
1374.91
1252.81
1246.17
1246.55
