572.471
159.066
161.511
157.808
116.052
119.217
136.603
147.239
148.709
152.841
140.46
113.876
136.107
127.097
120.99
119.334
124.178
113.624
113.48
117.093
113.412
114.524
130.429
127.349
136.21
133.264
115.211
115.246
111.943
117.951
120.559
112.626
116.328
132.18
118.811
115.151
117.375
151.112
113.851
114.06
114.093
126.328
118.501
117.028
116.508
120.248
124.716
120.282
114.632
115.259
119.382
118.664
114.361
118.48
113.254
125.165
126.216
137.122
113.67
120.934
113.798
116.856
115.747
116.195
114.805
114.541
114.407
116.749
116.61
113.645
114.636
116.224
117.346
114.666
133.543
120.927
121.565
115.143
114.49
117.579
114.973
117.465
113.954
120.372
117.152
115.968
129.973
115.732
126.573
116.698
114.691
115.811
113.568
114.073
113.796
116.115
122.511
137.289
131.631
119.856
