175.373
42.6534
42.8495
40.0952
50.5296
41.0649
38.0899
39.6441
41.8802
42.8568
38.232
40.9145
38.8895
38.5259
40.0159
47.4972
41.5513
40.0187
39.8575
41.1175
56.4858
40.264
40.0454
38.768
39.269
39.8657
41.9028
38.6479
42.3123
40.3328
40.0592
44.1945
39.0932
38.351
41.678
40.2914
39.9175
50.8159
41.7312
40.3187
40.7602
37.9131
41.6083
41.3706
41.3051
53.9166
38.2688
48.7532
57.177
39.9453
41.8751
48.9522
39.9509
51.3433
39.1453
47.6641
39.6035
38.9431
40.2928
43.2253
43.1764
43.5966
38.3062
41.0435
42.6753
50.3531
43.8165
40.1654
45.1979
39.2118
39.0393
40.5592
41.6284
40.3604
41.1644
40.6411
39.5665
39.1243
38.8776
38.0922
39.9493
41.904
42.3616
40.7585
38.5484
40.9114
40.8425
38.3156
38.9256
39.7572
40.555
40.2608
40.1171
39.5706
43.9719
41.5814
39.4678
46.0291
40.9347
38.4002
