319.31
318.15
317.829
319.202
318.832
319.354
318.954
318.612
317.507
317.403
318.386
319.695
319.276
319.518
317.71
318.688
317.678
317.688
317.583
317.542
317.788
317.497
318.42
317.812
317.652
317.557
317.71
317.373
317.496
318.296
319.145
319.033
318.339
317.695
319.755
319.247
318.637
318.993
318.457
318.385
318.32
318.505
318.534
318.94
318.333
318.668
319.788
319.407
319.176
319.129
319.487
319.532
319.344
319.563
319.833
319.627
319.481
319.89
319.637
319.359
319.779
319.157
319.752
319.56
319.839
320.683
318.992
317.66
317.877
319.677
319.415
319.871
319.966
320.092
319.332
320.035
319.902
319.442
319.57
319.502
319.878
319.53
319.376
319.479
319.399
319.315
319.602
319.444
319.455
319.607
319.531
319.53
319.542
319.297
318.418
317.769
317.615
317.542
317.679
317.549
