405.701
418.342
404.583
434.126
433.671
420.348
438.123
416.887
438.71
423.352
416.433
406.666
418.541
404.508
420.687
403.059
421.973
408.047
416.32
418.718
405.296
420.223
403.482
422.168
408.241
416.154
418.487
404.569
418.876
404.565
420.962
403.062
421.895
408.206
415.854
418.501
404.922
430.16
403.426
422.242
408.313
418.394
404.83
420.796
402.987
438.33
422.757
434.613
418.996
420.407
403.218
418.351
404.405
420.536
403.183
422.138
418.528
404.888
420.941
402.695
421.937
412.712
410.756
410.744
411.278
410.51
410.257
423.616
423.555
423.953
423.722
423.723
424.16
424.039
434.316
419.868
419.114
419.382
405.584
420.907
403.41
422.776
408.945
418.699
418.872
418.605
404.79
412.928
413.043
412.555
411.343
424.081
423.547
423.951
424.17
424.685
423.923
434.097
419.444
421.385
