1196.54
731.513
714.535
550.561
722.528
675.974
716.365
733.83
739.663
704.328
715.63
737.597
745.151
697.632
674.735
731.3
713.709
737.279
747.955
605.155
734.466
657.617
751.15
744.05
530.302
737.624
717.624
751.798
766.069
652.118
754.649
726.001
701.211
540.011
758.398
804.175
752.199
795.097
754.478
749.101
766.235
761.221
741.274
695.25
720.836
709.734
674.747
708.081
702.898
752.991
746.543
742.186
665.142
735.193
696.851
721.331
751.524
779.169
714.929
682.852
740.126
726.311
674.974
727.961
744.957
753.492
711.318
738.729
689.756
736.566
718.416
779.625
711.4
777.098
783.746
730.949
785.987
675.465
721.424
754.028
707.125
731.892
735.507
731.942
798.415
747.008
659.834
704.809
746.942
664.805
762.891
725.744
742.754
737.815
763.19
721.831
716.162
716.978
729.826
668.954
