136.263
65.2776
5.79817
5.90449
5.8475
5.87177
5.98344
5.95117
136.562
5.84838
5.88349
231.007
5.91244
7.05365
5.78889
5.81699
5.877
5.86713
5.86756
5.87822
5.90309
5.87743
63.6487
5.79232
5.91238
5.89585
5.89183
5.85824
5.87864
5.91751
6.20862
245.796
6.07507
11.4449
5.81888
5.82468
243.468
5.88808
5.84365
298.901
5.77788
5.79616
5.8317
5.90897
5.82298
5.87379
5.78719
5.95434
5.93422
5.8727
5.87866
5.88033
5.84249
5.86622
5.85252
5.78319
5.75157
5.73794
5.97852
5.94688
5.94016
5.90943
11.8272
5.85258
5.96173
5.86282
5.83478
5.95312
5.89862
6.02453
5.96209
5.91942
5.88797
5.87467
5.87562
5.88274
5.85445
5.85216
5.86032
5.8436
5.85835
5.75164
5.77253
5.81222
5.82639
5.87564
5.92593
5.92464
5.90797
5.93368
5.88733
5.98992
6.05009
5.91336
5.95677
5.9203
5.90558
11.2025
5.87352
5.86077
