295.001
183.065
161.714
162.541
168.529
160.823
41.1077
41.2414
172.903
40.9201
161.217
40.5329
46.3504
45.73
43.7416
40.8865
163.234
42.1743
168.171
45.1161
40.9425
168.289
175.845
159.419
41.4828
42.4318
40.634
181.848
41.026
168.44
42.8201
167.211
40.6298
164.383
40.8091
44.1011
42.1307
42.8882
42.0095
42.1208
41.3454
171.419
41.2312
162.78
45.0138
167.479
42.6221
42.7966
40.7817
41.1543
163.084
168.684
172.147
40.6785
41.0634
40.8238
41.218
41.6487
164.299
40.8482
177.023
161.292
41.9884
41.7437
160.789
161.602
41.0909
41.6142
44.0027
43.7248
163.3
41.6419
40.7086
40.8577
41.863
162.081
160.136
41.9912
165.476
40.6846
47.1705
163.568
163.146
43.3942
40.8269
42.8002
179.29
41.5921
55.9969
161.203
42.0475
40.9675
40.5732
40.6971
44.34
42.108
41.0372
41.279
41.6206
162.288
