563.789
562.674
561.875
561.654
561.546
560.742
561.356
561.081
561.126
560.595
561.371
561.986
561.653
561.341
561.15
561.968
560.808
560.533
561.311
560.93
561.204
561.359
560.985
560.989
561.295
560.816
560.427
560.577
561.582
560.916
562.098
561.581
561.157
561.141
561.062
561.456
561.255
561.571
561.3
562.533
561.029
560.819
561.845
561.073
561.901
561.072
560.809
561.506
562.056
561.05
560.881
561.291
561.074
561.37
561.003
560.773
561.541
561.869
561.312
561.675
561.101
560.748
561.112
562.194
561.336
561.443
560.919
561.214
561.358
561.191
561.825
561.607
562.106
561.545
561.698
561.261
561.887
561.024
561.045
561.829
561.115
560.828
561.106
561.383
562.597
561.536
562.04
561.349
561.401
560.814
561.244
560.688
560.8
561.442
561.37
561.644
561.866
562.127
561.704
561.4
