522.456
158.223
133.198
152.896
146.808
122.413
134.097
141.572
138.066
136.021
139.905
128.39
148.527
134.122
144.336
121.949
143.779
135.619
117.228
120.287
127.383
107.742
124.869
125.385
150.558
123.11
127.232
120.184
104.564
117.481
126.041
120.269
123.267
111.85
117.269
142.201
131.778
125.779
123.83
125.798
117.348
102.322
122.163
130.584
97.9092
121.876
119.083
118.312
105.289
130.14
116.742
105.127
123.966
104.898
99.8128
124.523
120.8
125.771
124.139
112.187
122.182
132.451
112.334
132.74
125.849
110.358
130.736
115.973
126.399
146.693
119.194
115.24
101.619
123.176
128.235
99.8713
123.97
128.565
121.152
125.896
122.578
120.818
118.243
123.421
131.343
145.321
128.967
122.503
121.803
111.859
111.688
127.564
129.98
125.532
150.529
123.875
105.967
114.841
118.621
116.254
