176.077
165.482
163.874
164.064
164.826
162.905
166.853
164.719
164.05
163.376
161.005
172.322
168.251
164.133
165.586
163.949
163.429
164.807
168.094
168.621
163.597
192.789
163.246
165.497
165.284
167.688
164.762
166.77
163.718
163.317
164.351
164.567
163.31
165.831
164.503
164.026
164.546
163.018
163.057
162.671
164.751
163.299
229.451
166.502
168.911
166.581
164.353
166.586
163.147
166.513
163.362
168.478
164.107
167.98
166.627
162.413
164.946
160.911
164.695
164.18
163.663
165.236
161.293
214.479
164.928
162.704
162.672
167.659
165.22
163.146
163.406
163.211
169.593
166.134
170.29
167.609
162.269
163.083
164.686
163.303
163.286
163.473
165.927
164.346
211.284
164.197
163.788
163.85
164.287
171.534
164.653
165.472
163.223
163.051
166.111
173.556
168.872
167.105
168.273
164.628
