340.615
47.6554
46.0472
43.9887
45.3103
45.9242
45.2212
44.104
43.9537
44.055
44.3556
45.6197
46.5489
44.8266
49.094
50.2178
54.0836
52.7422
50.4691
47.6044
45.4349
44.8823
45.383
47.1258
58.5589
46.5972
49.3806
47.9472
44.0032
51.3474
44.0544
44.1959
48.2259
52.4469
44.6003
43.9437
44.2679
43.677
45.2761
45.4597
43.7855
45.3467
44.8562
44.8764
43.8885
44.0252
44.711
45.5274
49.846
51.814
43.7339
45.5641
43.5695
46.0142
42.7247
42.6626
42.728
43.4809
45.8571
44.7401
45.6227
44.0184
43.386
42.7685
43.96
42.7451
44.178
44.7969
45.2423
47.364
46.1947
46.0463
47.1642
44.8022
44.1447
44.8657
47.1521
49.0106
45.9867
51.9902
46.0469
44.1799
51.0612
47.4028
45.5198
42.9896
45.8612
46.2635
45.6713
46.1491
43.2546
45.7582
48.208
47.373
44.4852
46.6303
43.4418
45.4161
44.7712
65.6804
