7.45845
6.09504
6.05393
6.22792
6.09063
6.27525
6.07443
6.08599
6.00765
6.1443
6.06788
6.10832
6.09134
6.06147
6.11546
6.07747
6.05916
6.08654
6.1518
6.12745
6.04173
6.03929
6.0121
6.04777
5.97056
6.05554
6.06324
6.06896
6.03089
6.06674
6.04943
6.10609
6.05654
6.09897
6.09894
6.11449
6.05304
6.03564
6.11046
6.05894
6.08412
6.0496
5.98675
6.05461
6.06163
6.09633
6.04161
6.09628
6.06215
6.0329
6.04135
6.01707
6.03249
6.02319
5.98088
6.11861
5.9663
6.11543
6.1067
6.20313
6.1412
6.12331
5.99444
6.02982
6.05949
6.13876
6.02203
6.07461
6.01697
6.03656
6.09165
6.18073
6.08488
6.03328
6.05915
6.02453
6.10072
6.07143
6.0166
6.14878
6.04593
6.21772
6.05103
6.13861
6.01315
6.07313
6.01533
6.08302
6.05123
6.19354
5.96006
6.13196
6.07743
6.09387
6.04841
6.14929
6.06025
6.11642
6.0688
6.11328
