759.611
586.38
580.251
598.167
593.303
559.635
586.653
574.003
580.995
571.553
570.775
560.569
821.561
584.449
995.109
564.104
564.988
563.407
563.577
567.266
558.971
560.771
560.623
562.194
564.903
568.359
564.057
559.184
561.743
565.209
567.066
559.216
565.731
569.281
586.904
572.885
584.414
564.411
562.291
571.047
572.057
854.898
567.436
578.367
579.551
571.623
580.9
568.79
561.757
559.566
567.049
579.621
598.182
584.634
593.429
606.616
603.184
660.32
589.478
598.125
572.995
565.796
562.454
664.212
596.968
624.218
582.95
597.567
575.497
571.095
562.7
577.876
568.633
564.892
562.544
560.253
561.239
578.688
582.633
581.358
576.826
568.824
573.38
575.506
580.39
577.358
564.87
577.032
579.232
1451.33
565.945
562.57
562.911
582.748
566.032
568.296
561.089
557.304
567.537
570.51
