445.681
85.3542
73.0632
74.7573
69.2809
84.8865
101.765
77.6592
68.3606
62.985
61.6679
67.3948
60.0476
67.7243
71.691
69.1199
64.1059
61.6239
66.5555
69.511
64.1022
65.0448
66.0616
66.2907
76.6173
65.2582
64.9254
63.3648
64.9016
64.8007
66.413
66.4876
70.8266
62.4117
62.9292
62.4259
63.348
63.1067
62.4866
64.1817
72.1185
100.866
66.4347
98.5806
70.3942
64.0883
78.6994
63.1901
67.9077
84.2531
62.052
61.8779
61.2019
64.5712
63.9691
60.9493
72.4953
208.53
64.4975
61.3942
62.5874
75.201
65.0622
61.2681
69.6137
75.3535
74.1382
78.3339
66.126
60.8431
67.8957
64.6425
98.9828
82.5926
62.1115
69.306
64.809
63.5282
70.614
60.6649
65.1092
92.474
64.9244
64.9135
66.4216
62.1336
62.6966
63.558
67.6715
77.0598
71.2995
89.7403
68.9194
66.5383
62.0274
66.8943
61.2242
64.8621
65.775
63.929
