38.774
41.2515
40.4015
40.6679
40.0614
40.6824
39.6574
39.556
40.1466
40.6337
39.6724
41.1189
39.5426
39.7952
40.5489
39.6877
39.8034
39.1354
40.1031
39.4148
39.6166
39.5614
40.3732
40.5264
40.7224
39.907
39.1659
41.1867
40.4135
39.3628
39.921
40.3525
39.7748
40.3006
39.4592
40.1201
38.7797
39.0222
40.5942
39.5947
38.4257
38.8149
38.9866
41.8061
40.6118
38.8613
38.9576
39.6291
39.9211
40.2974
40.2448
39.1374
39.6348
42.6273
39.7312
39.3329
38.8098
38.9818
40.6143
38.7402
39.3901
40.3428
38.7034
38.8175
39.7461
40.4112
40.7643
40.3576
40.7254
38.9822
38.8294
40.7438
39.3089
39.9796
39.2368
38.5722
41.2618
39.1668
38.8554
39.0773
38.5967
38.6386
39.3205
39.7991
38.8113
39.0998
38.5064
39.2264
39.3522
39.336
39.0737
40.8902
40.1169
39.4388
38.9624
39.0578
38.6957
38.7016
40.036
38.7317
