642.355
307.593
303.61
307.083
296.765
303.287
299.328
312.25
297.515
315.457
310.868
303.147
305.242
301.969
306.682
307.917
306.341
296.363
299.233
298.041
309.606
300.313
317.355
304.798
305.915
304.524
307.808
306.398
302.072
305.077
308.312
307.965
309.153
303.214
301.5
308.87
306.24
306.61
307.289
306.472
305.918
303.189
305.352
313.667
301.49
307.351
301.996
311.317
305.071
301.532
300.285
307.272
305.402
306.475
305.064
303.957
300.742
309.199
308.689
313.736
305.357
305.474
306.16
305.532
306.298
312.082
313.528
308.621
303.948
310.033
300.859
311.606
307.057
300.816
302.782
306.779
305.243
314.47
305.28
305.45
311.72
306.205
307.19
307.539
302.259
305.508
306.798
308.106
306.489
305.876
302.601
313.329
300.116
306.579
301.475
305.287
303.125
311.973
317
307.065
