271.054
243.068
26.8776
26.839
26.9124
26.8981
26.926
26.8943
268.307
26.9227
26.9564
27.2269
26.8947
386.059
26.9113
27.1071
26.9557
26.9349
26.9838
27.2295
27.2012
28.7039
27.5213
153.633
260.977
26.9046
26.9054
26.8156
26.9977
27.0022
26.9829
26.9636
27.163
28.6922
27.0063
26.9825
26.9914
27.0235
27.142
27.0852
26.9711
27.0198
26.9767
26.9779
27.4359
27.1277
26.9935
26.9636
26.9639
26.9498
26.974
27.0049
27.1853
26.9768
26.9487
26.9819
26.9708
26.954
26.9442
26.9458
26.9644
26.9546
26.9497
26.9837
26.9792
27.0865
27.0063
26.9619
26.964
27.282
26.9874
27.0056
26.9514
26.9917
26.9534
27.3674
26.9852
26.9875
27.1527
27.1877
27.0228
26.9633
26.9799
27.1633
26.9094
26.9313
26.9701
26.9472
26.8935
27.0526
26.9508
27.1811
26.9498
26.9385
27.655
26.948
26.9714
26.9837
26.964
26.9273
