637.429
137.883
139.319
143.609
138.777
139.754
137.529
136.628
137.519
137.496
137.007
138.519
139.755
138.16
141.994
136.608
136.47
137.078
138.283
137.498
137.442
137.278
137.561
136.694
137.098
136.943
138.464
136.934
136.445
137.699
156.057
136.547
136.736
135.675
141.716
138.558
140.084
141.252
136.17
136.473
137.217
135.846
135.958
138.695
139.709
137.903
136.528
135.912
135.908
136.072
141.579
136.489
135.81
137.579
137.42
136.326
138.565
136.539
136.469
135.961
136.22
136.85
138.082
139.276
136.233
135.745
136.637
136.669
135.869
138.042
136.913
137.145
135.98
138.442
136.108
137.495
136.58
137.22
137.369
139.492
137.379
144.487
140.327
137.622
138.266
137.645
143.083
140.444
137.65
146.883
148.189
146.26
137.047
139.705
135.767
136.629
136.302
136.733
140.602
148.485
