377.93
375.971
376.096
376.225
376.447
376.586
376.268
376.336
376.751
375.638
376.382
376.159
376.129
376.438
375.822
375.941
375.841
376.573
376.678
376.409
376.279
376.43
376.864
376.608
375.743
376.051
376.526
376.479
376.667
376.995
376.714
376.241
375.804
376.127
376.042
375.956
376.636
376.352
376.449
376.299
376.319
376.214
376.857
376.874
376.043
376.255
376.453
375.78
376.24
376.454
376.553
376.672
376.268
375.889
376.072
376.572
376.645
377.139
376.546
376.276
376.484
376.365
376.397
376.862
380.527
376.47
376.619
376.371
376.982
376.277
376.487
375.948
376.325
375.774
376.592
376.599
376.553
375.976
376.521
376.283
377.635
376.173
376.81
376.287
376.904
376.489
376.311
376.456
376.525
376.458
376.586
377.27
376.856
376.217
376.101
376.41
376.228
376.472
376.963
375.968
