36.9329
30.052
29.6689
29.4246
28.7257
28.71
29.5202
29.2594
28.9089
28.7911
2.65473
2.47083
2.45495
2.45799
2.44455
2.46508
2.45381
2.60629
2.4722
2.45914
2.45692
2.46929
77.4731
72.4046
2.43494
2.42186
2.43017
2.42443
2.4319
2.42248
2.41551
2.41129
2.40969
2.44413
2.41319
2.42598
2.74215
2.48611
2.45163
2.44837
2.43323
2.43938
2.44353
2.43422
2.44027
74.3214
2.42384
2.41711
2.4241
2.40821
2.42736
2.41501
2.41423
2.41815
2.42343
2.41522
2.41745
2.42772
2.4347
2.42415
2.43418
2.42979
2.42157
2.41908
2.41255
2.41019
2.41466
2.42716
2.4234
2.43931
2.71905
2.44842
2.44876
2.45716
2.43865
2.44232
2.457
2.44629
2.4464
2.44586
2.4616
2.42924
2.4268
2.43098
2.4148
2.4401
2.42842
2.43221
2.43269
2.41979
2.4162
2.4252
2.43262
2.4317
2.41712
2.42583
2.74152
2.45011
2.44373
2.43872
