40.9362
40.5356
40.6624
40.5762
40.8516
40.5219
40.6408
40.5433
41.5633
40.5107
40.822
40.8183
40.8295
40.536
40.7788
40.5695
40.46
40.5847
40.5236
40.4841
40.7163
40.5191
40.5163
40.4776
40.5157
40.4791
40.5211
40.5001
40.4898
40.4921
40.4589
40.5014
40.8709
40.5388
40.5296
40.5577
40.7563
40.5788
40.5422
40.5132
40.4974
40.5068
40.5037
41.701
40.6559
40.5749
40.7885
40.5095
40.5138
40.51
40.5441
40.5088
40.5166
40.5108
40.7813
40.8212
40.8812
40.4885
40.513
40.5227
40.574
40.4994
40.4949
40.4931
40.7016
40.5055
40.5309
40.518
40.7434
40.5557
40.8056
40.5265
40.5653
40.5676
40.5026
40.6917
40.5152
40.5964
40.5072
40.5159
40.5505
40.4637
40.5512
40.5428
40.5168
40.5267
40.534
40.5583
40.496
40.5
40.508
40.9954
40.5058
40.5214
40.5975
40.5363
41.4262
40.5203
41.4495
40.6039
