698.38
198.446
191.591
192.878
187.623
191.416
181.738
185.737
200.008
196.309
196.514
198.178
195.66
200.545
200.838
194.708
195.415
194.095
194.274
201.949
193.372
194.939
204.767
196.942
193.3
199.387
193.685
198.666
195.92
194.218
196.507
194.617
192.634
198.65
191.786
196.66
195.476
194.745
194.219
205.405
198.499
193.822
202.185
196.833
194.153
194.562
192.951
199.444
193.724
194.355
196.821
194.937
193.244
195.684
195.297
196.322
204.91
192.848
198.088
202.909
195.807
194.061
196.01
196.026
198.212
191.923
193.803
197.765
195.531
199.103
202.275
195.653
203.843
196.68
193.797
193.617
195.188
196.14
196.268
196.572
201.093
193.544
194.202
195.337
201.419
199.069
196.336
195.337
197.504
193.489
195.279
194.383
196.352
198.977
194.447
194.119
206.003
201.059
197.769
199.966
