568.216
417.007
344.5
207.229
301.037
212.913
350.344
205.411
207.322
207.048
300.933
211.421
210.314
209.23
206.99
210.49
208.931
306.799
209.27
362.976
206.468
205.668
205.495
206.008
208.074
207.131
209.251
208.885
208.291
210.188
213.543
207.405
205.82
206.903
207.068
209.37
207.839
205.945
209.339
210.007
207.16
211.273
212.087
208.624
213.251
211.099
209.638
212.199
211.747
208.754
209.947
207.326
209.339
209.848
211.028
208.898
211.451
213.356
209.352
213.697
210.898
215.137
211.224
209.138
210.448
211.616
210.187
214.302
213.922
215.009
206.868
211.718
208.19
207.841
210.985
210.031
208.021
211.08
208.072
211.041
210.334
211.092
207.998
206.148
206.844
211.189
210.226
205.408
205.79
206.111
215.47
207.542
213.811
210.483
208.252
209.92
206.929
209.426
208.036
208.714
