40.8913
40.4917
40.3264
40.2841
40.8663
40.2971
40.1862
40.2803
40.3162
40.3892
40.3404
40.2591
40.4231
40.259
40.2944
40.2681
40.3017
40.3691
40.2949
40.2571
40.2839
40.2464
40.3037
40.2877
40.2662
40.2677
40.2664
40.2738
40.2976
40.2786
40.4204
40.2318
40.2784
40.2994
40.2934
40.2794
40.288
40.3327
40.2777
40.2821
40.282
40.2765
40.291
40.2724
40.2666
40.2682
40.3425
40.3243
40.367
40.263
40.3869
40.2667
40.2796
40.3201
40.2711
40.3321
40.4077
40.2548
40.2659
40.3073
40.2808
40.2749
40.2866
40.2598
40.2618
40.2826
40.2896
40.2654
40.2744
40.2738
40.3378
40.2716
40.2947
40.2725
40.2791
40.2481
40.3836
40.3528
40.2784
40.2663
40.2845
40.2667
40.2579
40.2809
40.248
40.2687
40.2774
40.2759
40.2925
40.2882
40.3356
40.2505
40.2805
40.28
40.3135
40.3014
40.2816
40.3289
40.264
40.4564
