8.07775
8.73758
9.7459
9.86228
10.098
11.819
10.3221
8.7384
7.09234
7.1795
7.0032
7.08623
7.01218
7.04496
7.02961
7.01138
7.32672
7.01924
7.07952
7.09757
8.9797
8.55196
7.08365
7.18258
7.08827
7.07348
7.07414
7.00462
7.04335
6.98938
7.00956
7.08457
6.9645
7.13231
7.18946
7.08043
6.97295
7.06125
7.16786
8.59267
7.20635
7.0126
7.02068
7.05377
7.06367
8.66794
7.07575
7.23851
8.63976
7.00089
7.05184
7.06765
7.10199
9.37286
7.04746
7.00275
7.0862
8.69901
6.96866
7.03719
8.58285
7.04813
7.17507
6.9965
6.97956
6.96732
7.25288
7.06002
7.05926
7.13144
7.01856
7.89904
6.96685
6.99679
6.97161
8.34263
7.57356
7.02945
6.98021
7.04431
7.03367
7.08021
7.04117
7.10247
7.0651
7.04221
7.10249
6.97607
6.941
6.9402
8.58011
6.95789
7.01652
12.1894
9.78525
9.85472
7.18175
7.0648
8.2811
7.00903
