136.366
179.892
157.334
182.541
164.286
161.282
12.7909
146.544
12.9755
12.8491
168.197
12.5869
12.395
12.5169
12.8026
12.9018
167.089
187.86
175.581
200.352
161.515
149.951
156.868
167.987
12.8041
12.9245
12.966
12.9752
12.8266
12.8586
12.7194
12.8869
12.6567
12.6549
12.7917
12.3182
12.9454
12.8125
12.3267
12.3466
12.6923
12.3062
12.5664
141.779
12.3596
12.4697
12.9376
12.9906
12.3957
12.851
12.91
12.8204
12.9987
12.3661
12.8509
12.2908
12.8357
12.9005
12.9094
12.9711
12.8864
12.9102
12.3371
12.4979
12.7692
12.4332
12.4048
12.803
12.8094
12.6169
12.3031
12.9453
12.9606
12.4889
12.3597
12.8342
12.8394
12.3603
12.8252
12.8567
12.3395
12.4344
12.4241
12.8372
12.7766
12.8514
12.507
12.2934
12.6348
12.2951
12.9712
12.7035
12.8967
12.9412
12.8835
12.9052
12.9016
12.4928
12.9954
12.8172
