7316.27
5994.43
6831.72
7369.54
8122.73
7966
7927.08
7618.67
6822.54
6827.98
5874.17
5546.2
5450.66
6097.89
5603.29
5612.99
5575.94
5598.84
5655.75
5553.71
5547.27
5438.7
5378.28
5486.93
5634.92
5592.41
5666.2
5686.88
5575.49
5598.14
5406.67
5361.87
5648.29
5592.06
5661.77
5514.62
5532
5554
5429.09
5419.54
5445.76
5532.47
5565.51
5540.1
5624.36
5680.27
5588.57
5487.61
5368.9
5396.81
6151.95
5615.62
5621.39
5466.37
5621.1
5595.09
5473.04
5439.13
5693.61
5568.35
5513.92
5591.46
5561.74
5595.9
5592.21
5653.54
5398.17
5473.19
5407.5
5630.83
5578.5
5697.47
5697.73
5676.89
5393.84
5648.46
5460.24
5531.22
5404.33
5751.06
5625.45
5355.72
5327.52
5620.3
5583.25
5596.21
5517.39
6046.96
5733.86
5583.03
5768.12
5575.92
5324.91
5450.29
5588.51
5534.29
5570.3
5573.73
5564.45
5643.96
