531.473
180.323
46.8227
44.3592
183.853
45.087
176.411
155.09
43.3083
44.2403
46.683
176.569
44.3996
44.3286
44.1509
43.9048
44.0737
44.247
134.319
43.6719
182.733
43.4585
43.384
43.9966
44.5443
44.2341
44.629
43.9408
45.0815
43.7785
44.2417
135.019
44.7241
44.2845
43.6252
43.5208
47.6255
44.3258
46.1217
44.0413
43.9729
44.2204
44.388
43.639
43.6874
43.5199
48.2616
44.7183
45.3141
44.7825
46.4803
44.2522
44.3625
43.5578
44.5947
43.9938
42.6406
44.1272
43.8886
44.7242
44.9314
45.0304
43.7302
44.7955
43.2513
45.738
43.9641
43.0703
43.6214
43.9283
43.2435
43.0596
42.7035
43.5914
43.8783
44.4451
45.3591
44.304
44.3115
42.6973
41.614
41.4925
41.7019
41.143
41.7866
41.9222
41.8415
41.186
40.8299
40.9068
41.6838
42.1533
41.8243
41.7876
41.6997
41.3601
41.3279
44.9298
41.2293
41.2482
