15.3158
14.8953
15.2625
15.3599
15.6336
15.0151
14.9092
14.873
15.1347
14.771
15.737
15.2954
15.743
14.867
15.232
15.8614
15.7137
15.3219
15.0368
14.9257
15.0329
14.8246
14.7202
15.3757
15.1116
14.9482
15.3348
14.7894
14.9946
14.8941
14.9487
14.758
14.8731
15.1487
14.8971
14.7008
15.2103
15.1833
15.3942
14.764
14.6902
14.9164
14.8199
15.0013
15.469
14.7452
15.2893
15.1561
15.1004
15.3984
15.4841
14.7735
14.835
15.258
15.551
15.4051
15.4705
15.1954
15.6335
14.8952
15.2091
15.5754
15.065
14.7628
14.8278
14.8428
15.7243
14.8875
14.7863
15.3395
14.7871
15.3654
15.8414
14.7599
14.8493
14.7522
14.8695
14.7185
14.9115
15.0171
15.3091
14.8355
15.3328
15.3335
14.7814
14.7041
15.0626
15.4871
14.8848
14.866
15.3527
15.5827
15.4747
15.4014
15.0405
14.8188
14.8273
14.8894
14.836
15.7006
