557.549
269.562
269.589
12.6135
234.765
229.863
13.9076
13.5762
11.0149
11.0987
10.7033
10.6322
308.009
12.1749
11.5605
232.707
10.6591
10.9921
11.1011
13.8643
10.9866
319.772
285.304
296.009
373.76
296.716
219.383
217.175
283.106
307.54
289.274
218.199
216.52
368.898
299.193
260.979
309.747
223.627
12.3962
290.819
288.367
228.046
226.479
325.929
298.231
224.782
12.5897
13.5395
243.8
296.731
219.888
219.11
13.4158
290.752
221.191
289.75
294.873
218.614
349.096
13.7503
314.354
343.535
14.3697
228.816
287.842
15.4681
310.475
292.171
13.5247
236.901
298.361
218.505
12.3877
12.8282
298.576
12.8503
12.6684
13.1602
328.98
12.8086
230.002
342.385
296.953
11.891
299.668
322.332
307.776
295.651
304.754
305.278
12.4771
14.1042
13.3845
236.146
291.972
12.0675
304.003
259.793
242.706
304.94
