383.579
71.014
70.8882
72.3613
69.2894
73.0218
72.2563
68.1617
68.1074
68.0331
83.4902
68.7307
68.9031
68.6395
68.967
68.7718
68.1668
78.4934
72.1108
68.9727
68.8232
75.1889
70.1502
68.5018
70.8716
69.0458
68.3533
68.2237
70.0026
71.4952
70.1645
70.733
68.2983
68.3579
70.3531
68.0256
70.0049
68.5822
73.5065
68.7041
69.4063
69.2496
70.9457
68.6087
68.8066
69.3575
67.6823
69.1692
76.0684
69.5819
68.5703
68.2557
75.6668
69.7491
68.821
70.0506
67.7791
69.7833
68.1601
69.4668
69.6784
67.8797
68.458
68.5853
68.5135
68.9134
77.0434
70.6194
68.969
67.9661
69.2482
68.0609
72.735
67.6645
73.3752
68.0785
67.9252
68.9321
68.4339
71.2881
75.7694
70.552
69.9025
70.1943
69.2649
67.5066
68.5259
68.1646
69.5601
71.4032
68.515
68.6168
67.8286
68.5993
69.2855
70.3835
72.4593
68.3174
70.1185
68.6317
