551.615
249.148
260.884
250.109
250.158
246.733
251.497
259.616
247.985
259.271
244.633
249.238
251.107
253.15
257.343
248.978
244.841
244.025
261.141
254.324
262.92
257.362
244.731
241.144
247.988
244.961
253.941
247.892
250.849
258.658
247.34
243.977
249.211
264.285
247.862
243.743
248.098
245.64
258.67
243.455
241.793
244.675
243.04
250.67
263.356
244.889
252.616
244.107
243.248
241.286
254.182
253.011
246.17
254.421
264.898
293.499
240.831
247.508
242.694
249.143
244.128
244.187
258.758
244.099
238.918
239.729
259.388
239.52
242.785
245.912
245.199
250.376
240.071
254.961
262.474
243.299
246.149
241.826
245.447
251.801
242.168
246.361
248.111
240.192
252.104
243.67
248.433
244.864
253.288
251.752
251.745
251.595
250.409
239.184
239.796
246.793
252.054
240.98
250.628
247.441
