469.581
227.132
224.275
238.085
229.785
225.676
225.776
234.777
239.723
231.758
234.109
231.022
228.344
231.194
248.38
231.243
230.936
228.047
229.243
230.156
232.994
235.426
234.725
237.904
235
237.56
235.326
239.084
232.725
238.291
233.41
235.277
233.842
232.663
238.851
236.522
231.614
235.069
231.837
229.419
232.474
230.035
238.786
231.257
232.255
235.721
231.186
229.984
242.495
232.698
234.255
243.714
230.506
233.891
244.389
233.975
235.584
233.9
231.956
233.561
231.355
230.696
236.908
233.181
231.83
230.308
230.238
233.94
230.211
235.388
235.851
230.534
229.111
232.425
234.158
235.996
237.221
239.111
235.595
236.364
233.368
236.539
235.951
241.489
236.096
237.717
237.956
233.532
235.903
233.729
237.118
243.561
244.757
238.959
242.07
240.747
248.101
241.25
236.029
234.752
