655.005
246.912
242.887
251.294
235.457
240.605
240.391
244.796
242.814
241.524
238.282
242.428
236.088
236.733
239.372
252.111
239.687
243.041
240.937
238.863
236.313
251.933
241.598
238.667
241.479
244.498
243.97
259.456
236.098
241.535
249.427
243.578
240.389
251.856
249.325
251.97
243.944
238.217
240.389
243.852
242.561
237.727
240.114
236.287
234.657
259.007
240.577
239.466
239.737
242.975
240.953
266.11
247.245
245.593
250.115
237.919
244.781
245.543
237.524
243.636
248.448
245.295
237.63
237.634
236.765
237.664
241.177
245.505
240.363
246.654
248.956
243.042
243.886
235.944
235.432
248.529
241.88
246.412
245.81
247.268
239.431
244.642
242.295
233.982
241.802
239.174
264.328
251.872
239.88
239.856
242.349
260.319
239.333
246.15
241.382
238.844
241.173
249.474
238.604
244.047
