16.3176
15.1684
15.1666
15.8276
15.1182
15.6524
15.108
15.9208
15.0859
15.2095
16.0596
15.111
15.1087
15.1025
16.056
15.0593
15.0298
16.2912
16.4027
15.3949
15.0599
16.2743
15.1092
15.4032
15.6267
16.5491
15.1888
15.1408
16.4087
15.1109
14.9611
15.2644
16.3223
15.2555
15.1793
16.591
15.1177
15.0643
15.1252
16.8875
15.1378
15.1683
16.6589
15.1085
15.1025
15.1263
16.6596
15.0768
15.076
16.895
16.7636
15.137
15.1884
17.0831
15.1474
15.5738
15.0861
16.9347
15.22
15.0962
18.5588
15.1247
15.0102
15.0803
16.7711
15.231
15.1791
16.775
15.1014
15.1295
15.1091
16.7221
15.2555
15.2638
17.7646
15.1915
15.0989
15.1249
17.0715
15.1031
15.0559
19.1374
17.1404
15.15
15.1399
17.0954
15.1425
15.2166
15.1121
17.3041
15.2799
15.1932
17.2464
15.0654
15.05
15.1958
17.249
15.2029
15.2112
17.585
