7.02602
6.39051
6.25334
6.32534
6.21401
6.14795
6.24682
6.18763
7.25582
6.2126
6.11177
6.4984
6.12215
6.14363
6.22342
6.07569
6.14968
6.11191
6.13069
6.21313
6.14059
6.24148
6.17463
6.23879
6.16535
6.10734
6.20126
6.20587
6.10252
6.14129
6.14017
6.15162
6.65094
6.17637
6.19562
6.16531
6.16259
6.20794
6.26952
6.12274
6.1624
6.13369
6.1271
6.1959
6.10799
6.28076
6.15189
6.21784
6.18653
6.15706
6.20102
6.37733
6.16193
6.15202
6.19788
6.17124
6.17848
6.12812
6.17074
6.1959
6.21948
6.15262
6.10445
6.1884
6.18657
6.12797
6.18417
6.21939
6.18708
6.08627
6.18079
6.16526
6.19719
6.10599
6.16275
6.13676
6.21969
6.21538
6.156
6.18935
6.02585
6.13666
6.20633
6.11879
6.69328
6.11008
6.47445
6.17331
6.04591
6.12819
6.09952
6.1287
6.15339
6.1512
6.08877
6.19247
6.12473
6.20486
6.24634
6.13796
