988.98
569.869
570.896
571.515
570.753
573.25
571.424
566.941
568.573
566.929
566.69
569.064
574.86
570.037
566.901
567.297
571.41
578.267
581.385
569.836
566.174
566.469
572.259
567.306
572.994
566.616
565.486
578.433
566.742
565.164
571.966
570.675
570.217
569.04
571.073
568.406
569.746
566.612
570.748
567.392
566.9
589.86
584.642
571.875
571.14
566.299
565.543
573.658
567.262
568.294
566.938
569.235
596.136
566.419
565.731
573.651
569.544
584.906
574.527
567.046
570.178
565.973
567.539
565.865
567.006
566.034
565.369
568.629
569.817
567.684
568.103
565.555
570.215
581.174
573.476
571.125
574.185
569.569
565.321
573.975
566.268
566.545
569.981
573.553
567.259
572.472
586.886
578.83
566.71
582.582
586.369
571.404
566.753
575.642
569.26
566.291
570.182
569.446
567.298
569.1
