200.856
190.799
192.772
186.671
203.362
192.746
191.563
187.32
196.874
189.822
194.854
195.43
187.868
182.075
187.525
188.695
190.414
184.332
188.231
188.778
191.311
187.544
188.729
186.331
186.961
197.138
189.127
188.178
191.016
189.07
190.139
192.312
191.452
191.866
192.35
186.535
194.793
190.107
188.972
187.65
186.474
189.328
191.387
188.315
191.671
186.759
186.932
188.551
192.672
189.38
188.184
190.248
188.561
198.347
189.397
189.073
191.277
187.1
191.298
193.18
188.79
187.743
186.642
187.455
187.034
194.204
188.051
186.683
192.459
192.901
188.947
190.051
193.118
191.94
187.09
192.616
187.672
188.514
193.147
192.802
189.911
188.72
188.331
187.296
193.668
187.049
189.622
191.035
188.345
187.181
193.209
187.709
191.08
191.092
191.776
187.849
188.375
194.95
187.403
189.573
