767.186
324.356
252.164
369.467
328.596
232.528
234.499
240.919
239.656
242.904
311.796
245.335
308.318
306.404
308.325
316.464
245.042
316.287
310.387
322.359
241.452
241.416
309.842
307.55
241.342
315.18
239.523
239.861
314.355
239.399
316.319
307.731
242.926
309.452
241.292
311.605
243.513
318.201
237.399
316.81
243.705
317.147
238.595
329.313
241.045
317.774
242.301
317.098
239.977
240.143
241.344
316.148
235.424
238.45
240.741
242.951
240.548
237.274
239.444
237.921
314.626
238.768
315.331
234.614
243.965
241.898
239.415
239.551
239.794
239.877
237.977
241.151
240.168
242.419
242.766
240.758
238.205
240.025
236.598
243.365
240.384
237.96
240.416
236.989
240.915
241.787
238.457
237.318
238.356
243.059
238.523
238.567
238.981
238.969
240.115
241.032
238.173
239.462
239.097
237.989
