227.235
226.803
224.692
226.759
226.444
222.459
226.086
226.106
224.383
226.001
224.518
226.216
225.515
223.982
225.39
222.867
225.96
225.498
226.562
223.324
225.402
225.005
224.22
226.147
224.595
226.699
222.831
225.249
222.786
221.088
227.6
224.358
227.892
225.643
225.928
223.947
227.282
224.83
224.383
223.919
225.986
225.936
224.785
226.536
224.3
227.417
223.528
227.764
228.727
224.036
225.309
223.915
225.086
239.27
224.029
226.059
227.108
225.208
226.916
225.963
225.253
223.628
224.321
223.962
224.53
223.319
227.588
223.665
227.049
224.616
226.456
229.932
224.141
222.427
225.461
224.66
224.654
225.91
227.209
227.786
222.938
224.55
225.682
225.231
229.997
227.278
223.174
229.486
225.091
227.767
223.208
225.051
227.378
227.537
226.898
227.89
228.105
225.239
228.295
227.735
