519.021
533.227
518.988
536.265
516.553
537.558
500.571
503.319
501.835
500.399
499.414
499.73
499.132
498.869
499.005
535.365
497.727
499.828
500.815
499.635
499.381
499.478
499.352
499.215
498.478
500.871
499.57
499.755
500.653
498.737
536.08
534.275
537.363
518.146
533.519
517.002
534.154
531.969
518.231
533.987
517.142
537.521
532.985
518.369
533.331
515.213
536.515
522.058
532.287
517.475
535.58
516.506
537.559
521.891
530.06
519.978
510.702
524.947
532.037
518.123
535.055
516.697
535.416
522.036
530.052
519.436
511.062
524.97
517.937
524.24
518.506
518.804
501.316
498.38
501.41
498.999
500.221
536.407
537.62
535.99
517.743
536.549
516.283
538.811
522.59
530.066
518.696
511.406
524.279
518.693
523.819
533.174
518.754
535.429
515.862
532.768
529.802
517.32
534.921
514.587
