972.636
515.141
350.637
362.469
348.238
351.104
443.935
352.757
354.188
351.688
351.262
350.637
349.584
349.799
352.605
348.788
354.662
357.272
405.142
350.987
399.556
350.474
349.802
354.926
352.604
355.599
350.122
359.35
350.568
349.758
349.831
351.054
350.91
358.493
350.098
355.25
349.957
353.771
354.312
351.689
349.424
348.586
350.697
350.692
351.609
349.6
355.898
363.207
348.457
353.548
350.758
355.356
351.602
350.455
350.752
351.193
353.635
354.239
349.528
350.01
353.953
350.927
352.104
348.422
352.297
351.154
351.108
351.41
356.948
352.363
352.425
350.955
354.201
352.262
353.716
349.882
358.827
352.402
350.451
351.761
350.682
351.252
351.587
351.783
352.806
348.628
354.769
353.917
355.504
350.953
356.764
352.861
349.102
354.188
349.181
350.737
364.99
351.251
357.888
349.072
