406.933
332.877
262.233
308.209
258.263
304.116
8.89361
275.769
306.025
6.77754
6.77277
6.52148
5.95007
296.848
8.77052
281.476
7.58803
6.44099
230.79
7.92386
19.1203
245.589
219.505
216.198
297.467
281.949
241.005
217.091
8.43522
243.715
10.2786
299.438
70.5721
303.01
5.78512
284.305
223.749
277.832
215.97
219.673
326.89
295.955
295.558
218.405
303.967
201.919
201.7
203.554
5.69956
310.404
283.836
265.247
294.702
6.85216
289.895
281.34
203.952
6.65761
314.748
242.308
8.94742
226.031
5.83248
246.503
327.139
7.36702
236.102
320.97
314.854
306.607
257.125
214.514
5.73597
323.249
267.737
221.568
222.744
292.826
230.908
220.316
334.84
320.532
239.714
9.00034
208.74
203.318
6.45454
207.341
274.512
284.217
275.419
315.03
313.515
283.325
277.185
8.60216
288.813
310.362
220.809
8.36589
