577.693
244.441
244.397
242.342
240.731
246.286
245.019
244.041
244
243.631
247.392
241.113
251.896
244.079
242.799
244.178
252
244.149
247.08
243.367
243.042
243.509
244.543
245.492
246.306
243.09
245.701
243.313
244.341
244.247
246.31
245.485
243.734
242.563
243.009
243.806
245.086
243.202
244.627
248.421
245.821
244.579
248.513
244.502
241.506
252.654
246.971
253.75
248.435
243.21
243.441
244.673
243.536
244.508
253.978
245.666
244.54
244.13
244.929
242.459
245.431
252.986
247.471
244.87
244.086
243.601
247.144
243.94
246.376
243.68
244.743
243.942
246.26
244.345
240.841
240.636
246.217
244.126
248.047
245.506
244.136
246.144
240.556
245.506
248.715
236.346
245.079
243.862
244.919
246.178
249.589
246.683
245.762
247.742
247.97
242.273
248.11
241.315
243.267
243.864
