113.321
112.879
112.872
112.852
112.897
112.943
112.883
112.884
112.891
112.868
112.867
112.909
112.873
112.874
112.873
112.871
112.889
112.879
112.858
112.882
113.167
112.897
112.882
112.842
112.859
112.964
112.831
112.862
112.851
112.83
112.873
112.886
112.843
112.884
112.924
112.859
112.863
112.851
112.838
112.843
112.86
112.83
112.873
112.808
112.856
112.867
112.867
112.845
112.84
112.826
112.869
112.863
112.873
112.901
112.843
112.853
112.839
112.877
112.83
112.861
112.881
112.939
112.844
112.835
112.832
112.845
112.856
112.849
112.867
112.891
112.93
112.863
112.89
112.856
113.053
112.888
112.86
112.832
112.888
113.062
112.952
112.879
112.838
112.974
112.91
112.867
112.904
112.88
112.886
112.909
112.82
112.861
112.862
112.877
112.918
112.915
112.83
112.904
112.851
112.865
