120.353
117.473
9.99336
8.21189
8.10631
8.67695
8.44769
8.56167
8.60144
76.8217
8.80291
8.53923
8.43411
8.41927
8.4922
8.47574
8.53055
8.54898
8.5419
8.66399
8.58129
8.05884
8.22968
8.55079
8.67212
8.5078
8.14399
8.53779
8.23056
8.49355
8.59881
8.19182
9.29462
8.51225
8.59297
8.52285
8.50085
8.52261
8.12783
8.09468
8.59127
8.27943
8.33308
8.51212
8.19888
8.25276
8.57447
8.48827
8.51345
8.46555
8.12988
8.52496
8.26522
8.48357
8.54661
8.57641
8.52714
8.54324
8.54465
8.54077
8.53975
8.57664
8.51133
8.1899
8.25293
8.521
8.07909
8.54458
8.53252
8.55678
8.48935
8.51925
8.42818
8.1865
8.52746
8.53092
8.13189
8.21031
8.08499
8.6084
8.52501
8.12824
8.4105
8.5352
8.59159
8.39661
8.52049
8.1063
8.37307
8.56394
8.50783
8.83698
8.57859
8.56072
8.12307
8.52933
8.53328
8.391
8.3318
8.66662
