266.12
145.621
139.106
29.2251
28.549
30.1194
138.072
26.679
139.643
27.9371
143.935
27.1827
28.5718
140.975
139.262
42.8673
29.9433
144.257
143.614
138.926
155.242
28.7304
28.9557
142.733
29.3592
28.2433
143.157
30.9861
140.604
137.615
28.7919
29.112
146.602
31.0762
27.4485
27.3376
143.907
137.865
145.22
28.9799
29.4669
30.4445
31.9647
141.917
34.5563
137.321
27.0029
27.9975
29.1112
28.6695
28.0545
141.439
158.833
28.13
28.6746
142.605
142.669
28.1281
141.36
29.376
137.207
29.8598
155.25
139.533
30.6224
29.5659
28.2367
29.4337
26.9018
44.0296
28.5756
27.4776
141.403
29.3813
27.6815
28.9141
27.1309
26.968
28.9154
140.152
27.3003
30.9562
28.776
139.238
28.0864
141.036
30.7275
139.895
28.6285
27.4802
28.0445
147.805
28.7607
29.2302
26.5616
31.1748
30.5912
27.3179
26.615
27.0874
