4.0573
3.34793
3.29438
3.26922
3.2888
3.2388
3.29965
3.26155
4.29384
3.23834
3.26075
3.50297
3.2422
3.21113
3.20367
3.25845
3.27879
3.30231
3.26683
3.25277
3.28694
3.24287
3.24803
3.25756
3.26392
3.33128
3.27688
3.2475
3.25967
3.24901
3.31101
3.22929
3.46194
3.2173
3.22902
3.21674
3.2448
3.24758
3.26369
3.34302
3.23859
3.27716
3.41694
3.23383
3.24417
3.23859
3.23935
3.2549
3.2248
3.2463
3.1908
3.20055
3.20177
3.2484
3.25936
3.26056
3.23805
3.26018
3.2623
3.24681
3.24629
3.2536
3.27824
3.22691
3.25764
3.26828
3.2576
3.25371
3.28576
3.24276
3.23372
3.5084
3.25099
3.30139
3.21748
3.21421
3.22984
3.24535
3.20548
3.25277
3.29412
3.26268
3.40391
3.2292
3.2514
3.24224
3.28339
3.26716
3.2646
3.26571
3.26157
3.277
3.2409
3.26752
3.26161
3.27182
3.24914
3.26723
3.28043
3.23997
