503.806
345.024
284.708
238.378
146.066
147.997
148.827
146.119
148.312
146.052
270.864
145.505
247.014
145.588
144.366
146.771
147.316
145.213
290.415
280.304
145.638
275.362
144.579
142.499
142.067
140.805
143.02
144.976
144.49
145.04
233.198
142.449
144.399
140.638
144.246
144.97
232.178
143.364
138.401
140.736
142.217
145.365
142.214
145.44
144.322
144.644
144.161
146.971
141.945
142.158
142.388
143.352
144.083
143.056
142.392
146.749
144.26
143.065
141.184
148.109
141.506
145.506
148.357
146.735
141.965
143.115
145.811
142.05
142.948
143.554
142.607
143.263
140.86
142.196
143.323
144.539
142.356
149.327
145.862
142.914
144.986
149.251
140.553
143.115
142.65
142.255
144.466
151.782
141.599
144.575
141.435
143.133
141.866
143.738
143.503
147.222
142.711
146.967
143.122
142.489
