98.7508
72.1049
54.1757
11.5164
11.3056
10.1513
10.9057
10.1875
10.7808
10.2812
10.2216
10.2193
10.2743
10.8844
10.1859
11.0832
10.695
10.2592
10.4593
10.9077
11.4344
10.8352
10.6161
10.2693
10.2479
11.1829
11.2177
10.54
11.0911
10.5793
10.297
10.6209
10.4747
11.2115
10.468
11.1767
10.6996
10.8282
11.0501
11.2423
11.2481
10.1496
11.0483
10.6312
10.9663
10.2653
11.2815
10.6993
10.8505
10.8145
11.2141
10.1448
10.9776
10.269
10.8472
10.3593
10.1851
10.3531
10.6673
10.5533
11.2525
10.9128
10.2404
10.2322
10.3029
10.1818
10.8947
10.3592
10.1578
11.0563
11.1451
11.0471
11.1912
10.2764
10.5592
11.1516
10.8471
11.1082
10.219
10.6588
10.07
10.8037
10.2198
11.1774
11.2711
10.3366
10.6687
10.3491
10.0753
11.2568
11.2071
10.9815
11.2887
10.8613
11.1692
10.4365
10.9739
10.5447
11.3346
11.1369
