892.365
276.008
203.377
111.855
93.358
81.8088
84.1485
97.5829
84.635
96.8145
86.8223
106.113
81.7381
115.882
119.396
113.092
87.8778
86.9516
79.0479
101.307
79.2396
109.921
90.8506
116.977
91.495
101.119
92.0113
94.2988
111.799
116.237
109.75
83.174
111.357
79.9555
284.608
127.924
91.6754
111.262
119.03
85.6351
109.19
116.13
156.741
101.84
79.4779
258.521
127.12
111.878
112.923
108.792
108.013
102.692
90.7914
110.693
99.1325
87.6284
106.748
105.066
110.952
105.615
106.365
264.606
96.7306
105.808
105.988
120.369
104.164
104.165
97.5248
98.6611
91.458
98.2802
115.931
110.695
91.9966
108.621
98.9529
106.544
78.2986
117.042
99.2872
90.3373
104
101.073
104.278
88.0741
78.1188
94.3604
93.0551
110.679
132.765
107.993
97.6382
97.2859
103.278
93.9178
94.4523
95.1348
79.6731
106.878
