3.73589
3.38701
3.23587
3.25062
3.68803
3.30693
3.26333
3.34444
3.32555
3.3883
3.26214
3.26568
3.38592
3.27876
3.26346
3.27993
3.3117
3.26649
3.34017
3.26353
3.25157
3.19101
3.25999
3.26706
3.25205
3.26187
3.25422
3.24938
3.25099
3.33334
3.26571
3.27984
3.24481
3.25668
3.25324
3.25482
3.24955
3.22475
3.32901
3.2731
3.25478
3.26482
3.25966
3.24855
3.27631
3.26247
3.24498
3.26282
3.26184
3.26675
3.27339
3.37059
3.29822
3.25733
3.21904
3.2589
3.30654
3.2755
3.25839
3.25496
3.2685
3.26747
3.34307
3.24963
3.18252
3.21883
3.2035
3.18486
3.25724
3.21453
3.213
3.21587
3.20315
3.30252
3.21556
3.21848
3.20148
3.21525
3.2008
3.21319
3.2155
3.21757
3.20506
3.21495
3.28613
3.1997
3.23146
3.22091
3.19603
3.2024
3.2056
3.21101
3.19706
3.20276
3.21018
3.2996
3.18721
3.27469
3.22141
3.18588
