510.996
32.9998
19.3451
25.2482
17.3309
17.2594
20.8813
21.8673
24.8314
19.3986
24.9552
44.4989
23.1998
17.7628
20.9045
18.45
16.8134
20.2526
19.1589
20.3174
18.8784
23.0425
23.0849
16.5956
21.8132
17.9023
18.057
16.9658
16.9812
33.9824
16.4875
23.0743
22.2366
25.9167
22.7407
17.8932
18.26
21.3512
22.3907
23.5305
22.7458
16.0777
16.4964
19.962
18.8271
31.6641
19.7609
16.5211
16.8587
18.1209
18.859
16.5435
15.3043
21.2349
23.5711
16.7367
15.9776
17.7424
18.5505
17.1147
18.1671
16.6791
16.3818
33.0798
17.5282
18.9991
18.4662
23.5749
21.0688
14.6612
14.8139
17.8769
16.1164
16.5027
15.611
18.2819
17.2933
14.3261
24.8291
19.0677
19.3524
15.8233
17.5763
16.4768
32.7824
15.9315
17.7632
16.6657
16.5976
16.4293
15.171
14.1788
17.2915
25.0097
25.7671
16.8618
17.4746
17.1543
14.2625
27.5809
