363.776
109.601
108.214
112.281
110.974
105.274
105.809
115.622
118.007
111.919
114.426
111.808
117.253
110.361
110.391
104.293
115.257
112.68
108.844
111.229
107.977
107.538
113.428
104.313
107.55
105.995
105.862
106.124
114.99
107.794
107.416
108.571
106.063
109.077
105.883
105.693
105.504
106.367
114.161
106.53
105.374
117.902
118.626
104.563
105.577
108.495
109.062
114.339
105.183
105.046
112.831
103.933
105.156
111.554
104.145
107.466
116.805
104.308
104.937
113.243
104.143
104.578
104.841
105.571
112.925
103.912
104.047
105.027
114.872
104.228
104.603
107.123
105.385
104.96
105.613
104.495
104.541
103.715
104.624
114.211
103.456
108.034
106.996
105.239
105.471
105.438
107.45
105.601
112.936
104.147
105.127
111.619
104.437
105.787
111.152
113.139
105.433
111.172
105.289
104.452
