696.387
255.506
249.034
244.929
258.506
241.503
250.728
245.514
243.167
260.004
266.731
268.286
263.308
265.875
268.752
252.148
251.21
266.884
246.997
245.74
299.789
260.894
258.504
245.916
251.961
258.365
246.999
248.883
259.213
243.929
252.012
253.804
245.907
245.247
243.848
248.636
245.129
263.19
248.823
250.803
282.656
247.986
248.169
244.759
245.974
244.935
245.459
248.936
247.902
261.188
245.308
243.789
249.342
246.37
245.266
248.805
245.258
247.544
245.756
254.642
249.023
244.058
242.119
243.95
265.63
244.49
244.728
244.695
251.165
245.629
249.308
259.863
247.982
246.411
244.792
246.658
247.334
245.043
258.643
261.173
264.942
242.871
248.208
245.993
247.118
244.087
244.051
281.733
248.225
245.554
257.586
245.769
247.843
262.579
243.471
247.385
264.729
249.267
272.546
250.599
