5.54595
4.27968
4.33162
4.62204
4.64239
4.35404
8.26872
5.04992
4.50043
4.41753
4.29454
7.00933
4.28615
4.32077
4.33157
4.32005
4.87386
8.09678
5.20652
4.35386
6.9124
4.25656
4.3047
4.49689
4.42571
4.3221
4.53951
15.4063
4.32945
4.32318
4.36936
4.30623
4.28368
4.28511
7.2049
8.25393
10.2791
7.13234
4.90576
4.83496
4.3139
4.44347
4.36261
4.57619
4.34248
4.46602
7.19746
4.35515
4.44469
4.28405
4.27851
4.26972
4.20521
4.30604
4.23297
4.51404
4.2534
4.24906
4.294
4.32551
4.28925
4.36128
4.25934
4.36719
4.24864
4.23213
4.26728
4.41242
4.27468
4.38967
4.27148
4.34881
4.24675
4.30591
4.2619
6.89436
6.98482
4.27942
4.30547
4.27089
4.27704
4.26787
4.24707
4.26764
12.3849
7.2974
4.32589
4.50876
4.45076
4.39788
7.14924
7.05102
4.45944
4.33737
4.28861
4.32902
4.43465
4.29377
4.33064
4.32754
