33.3279
33.7326
40.8581
36.104
35.6316
34.0846
35.4903
34.5249
35.4574
34.7968
33.6985
34.0653
33.8828
34.3231
34.2223
35.2996
35.1289
35.0388
34.8752
34.4122
35.6701
33.8538
34.6204
35.9631
35.1125
34.6619
35.1825
40.3499
37.2289
35.4905
35.8394
37.9795
33.8128
33.6762
33.4259
33.5161
33.6642
33.2242
33.2641
33.2031
33.5319
35.211
44.2713
37.405
35.1394
34.5405
35.2916
33.6772
33.5914
34.032
36.4229
37.4934
35.6508
35.1543
34.1326
34.238
34.3384
34.0241
34.2258
34.5022
35.0363
33.3171
34.4651
34.5537
34.1427
34.8048
33.2565
34.975
34.9982
34.6065
35.1189
34.2412
36.7134
35.4378
35.0039
34.8932
35.3694
34.9032
34.1233
35.1491
34.1643
34.0797
35.0607
34.4067
35.6065
38.8185
34.3571
35.1123
33.9308
35.2418
35.2982
35.0186
33.8856
34.1728
35.0534
34.7907
34.1439
35.8889
34.4571
35.7074
