121.734
123.979
121.519
122.89
122.085
128.834
124.915
122.183
122.581
122.106
125.095
121.395
124.434
138.048
130.584
126.347
121.074
124.625
122.402
129.115
121.815
122.884
121.627
123.861
125.198
124.157
122.927
124.111
123.437
121.968
123.333
123.066
121.425
128.515
122.46
124.162
123.023
121.339
122.647
121.245
124.475
121.392
125.285
125.474
121.317
122.345
128.632
123.502
122.274
121.835
121.111
124.641
121.588
125.757
120.935
124.887
124.359
121.777
125.19
121.679
130.156
122.462
121.23
122.056
123.647
122.638
127.613
121.287
124.702
138.907
129.219
128.032
126.3
125.128
125.489
121.77
122.799
121.848
121.589
124.071
125.866
121.519
127.753
121.274
124.807
122.323
121.404
121.806
124.557
121.981
121.253
125.809
121.986
121.904
124.631
122.098
122.08
120.986
121.788
121.468
