9.85981
8.91898
8.84141
8.82314
8.77776
8.65789
8.91027
9.18042
10.4265
9.47658
10.0531
10.7537
10.122
9.17677
9.63472
9.12182
9.8928
9.78285
8.98698
8.91059
8.66384
9.01798
8.57766
8.32976
9.73888
8.58259
8.65786
9.54829
8.60941
8.656
8.84131
9.73923
8.87523
8.53056
9.01971
9.27462
9.31747
9.35949
9.07734
8.65965
9.5111
8.78912
8.86006
9.08442
8.69053
8.49053
8.86842
8.46912
8.25683
8.99562
9.17968
8.40656
9.48675
9.88858
9.05574
9.71136
9.10554
8.90989
8.7975
9.51859
8.83642
9.25792
9.75222
9.02742
9.10822
8.82538
8.61904
8.85162
8.5665
8.93414
9.54442
9.59603
9.12278
10.1451
8.74886
9.83514
9.6623
9.1104
9.56374
10.3904
9.17008
8.85706
9.86947
9.1215
9.16557
10.2364
9.04979
8.49523
9.44115
9.67754
8.73146
9.98109
9.58835
9.6089
9.8456
9.07962
8.53872
9.93267
9.09334
8.99699
