5.86303
4.43928
4.47543
4.53678
4.49533
4.52114
4.44272
4.52148
4.51457
4.51652
4.48355
4.47904
4.41861
4.5904
4.45161
4.50196
4.44918
4.53722
4.4663
4.48731
4.39932
4.52454
4.47643
4.50748
4.4401
4.48274
4.50004
4.47283
4.39616
4.48688
4.47406
4.48395
4.44073
4.52816
7.29037
4.67561
4.66545
4.56972
4.56701
4.59845
4.56493
4.57308
4.4562
4.62004
4.48671
4.45288
4.41145
4.45438
4.41003
4.38129
4.50759
4.52819
4.44023
4.48864
4.5142
4.46858
4.54025
4.53043
4.48709
4.61427
4.50503
4.52311
4.52476
4.47597
4.43227
4.59699
4.60543
4.54484
4.47372
4.49458
4.49208
4.50191
4.45749
4.52386
4.44266
4.53264
4.46685
4.57855
4.38972
4.46458
4.42643
4.45414
4.55916
4.56975
4.47517
4.5574
4.44823
4.53941
4.49866
4.60192
4.47287
4.5126
4.489
4.49738
4.48083
4.50291
4.42776
4.46566
4.41889
4.48959
