441.198
62.2554
57.3508
55.1237
56.486
79.6443
81.2991
47.6992
66.6767
59.3121
52.4896
51.0104
47.807
54.0029
65.635
78.7382
47.8357
47.1733
46.8277
47.7695
51.305
47.3925
47.9261
66.6158
67.6184
53.7484
47.809
47.9382
50.1741
46.9229
48.5377
47.703
47.1148
61.8424
81.5788
47.3044
51.2708
47.4475
47.2908
47.4026
47.0876
47.6669
80.5743
78.5236
77.9066
48.1725
46.9871
47.7935
46.7587
47.5509
46.8693
47.4979
70.8425
77.8285
48.0484
47.1888
47.436
50.1983
48.0243
56.3071
48.0153
77.7938
50.4553
50.4417
53.4852
50.759
47.8735
48.5357
51.4863
48.2325
47.8419
47.1013
186.641
46.7958
47.2611
47.9695
46.9856
46.59
47.363
47.3026
79.408
61.4333
65.9135
52.4195
73.2134
47.7248
47.9742
47.843
47.6272
48.7912
49.1691
54.6053
52.0289
52.5909
48.5237
49.1454
48.2733
48.6204
48.6134
48.8706
