119.717
118.884
119.067
119.022
119.077
119.133
119.968
118.945
118.875
118.746
118.928
118.978
119.047
119.012
121.316
120.454
120.468
118.99
119.059
118.851
119.327
119.268
118.857
119.326
118.983
119.21
119.208
118.944
118.872
119.692
119.066
119.846
119.733
119.844
119.875
118.979
119.156
119.417
118.937
118.979
119.164
118.824
118.91
118.972
119.035
119.704
118.897
118.794
119.074
119.2
118.964
119.021
119.243
118.849
118.815
118.963
119.147
118.732
118.977
119.001
119.024
119.295
120.941
120.696
120.38
120.414
120.241
119.02
119.876
119.983
119.654
119.003
118.996
118.897
119.49
118.963
119.02
119.49
119.234
118.952
118.814
119.093
119.04
119.026
119.835
119.745
118.826
118.938
119.255
118.984
119.145
119.144
119.081
119.017
119.082
118.815
118.968
118.946
118.82
119.001
