569.715
154.159
100.798
73.7851
76.4443
70.6316
74.2069
62.4777
68.7965
79.4347
79.722
75.4016
69.7721
70.6366
75.5244
100.223
79.1374
64.5027
99.0058
70.318
69.2738
61.0093
81.2912
65.4604
74.7894
80.8228
88.7169
67.0727
73.8271
80.4619
73.8765
69.8256
39.311
83.463
73.2925
86.6574
67.9185
83.639
95.6529
90.3645
96.4504
83.1231
114.409
50.503
77.4241
75.1134
79.3654
61.2236
40.3861
47.0302
58.9482
67.4923
62.6569
62.3058
77.0198
83.0012
65.8702
68.1928
82.3231
79.5119
73.0161
65.6204
89.7734
53.6037
69.2819
73.6595
79.2522
47.3912
84.178
68.2565
76.2837
79.9287
63.3323
65.3937
66.5942
72.7001
66.2174
66.3466
43.8736
52.8137
81.4094
62.2522
77.5656
67.7593
77.9284
69.6834
76.4361
75.1261
80.1212
53.9645
70.4405
90.4133
60.881
43.2113
55.3122
77.4644
76.6693
76.5063
62.8987
78.4494
