547.927
220.601
218.592
222.277
138.171
217.861
216.752
210.919
205.129
206.194
124.592
207.599
207.11
209.642
212.216
207.22
127.066
215.218
206.338
206.545
124.849
218.974
205.009
127.747
221.421
125.704
133.044
134.776
223.535
127.507
219.8
213.606
125.581
218.493
125.568
137.776
137.619
214.328
133.619
218.765
126.737
218.777
205.688
129.338
133.656
141.403
129.267
136.016
131.821
132.779
134.83
215.23
130.968
127.092
136.002
209.039
122.792
136.7
134.759
134.873
212.715
124.895
134.774
132.845
133.936
138.506
134.822
131.166
135.502
133.993
127.874
138.745
131.718
136.82
132.087
135.534
134.233
136.434
134.071
135.078
133.723
135.35
135.025
215.107
128.102
135.949
134.373
133.938
137.181
133.048
133.985
138.344
134.67
135.053
138.601
137.125
133.642
134.822
145.147
133.995
