10.9793
10.166
10.732
10.8144
10.049
10.025
11.613
10.9001
10.0504
10.1125
11.0359
11.7943
10.0331
10.0502
11.2079
10.0467
10.0325
11.3584
12.9828
10.0395
10.0398
11.3671
10.0547
10.0981
10.6065
11.4506
10.2062
10.549
11.4308
10.1689
10.0564
10.0338
11.4556
10.1237
10.1207
11.4864
10.096
10.0597
10.1001
11.569
10.177
10.1914
11.6327
10.0977
10.0977
10.084
11.6226
10.0719
10.0253
11.8279
11.7431
10.1038
10.0566
11.7285
10.1045
10.0735
10.0378
11.9098
10.1378
10.0355
11.7695
10.0787
10.0174
10.0767
11.6341
10.1924
10.1053
11.834
10.0461
10.0526
9.76106
11.9106
10.0754
10.1709
13.2127
10.0813
10.024
10.0866
11.9712
10.1132
10.0313
12.95
12.2383
10.3704
10.1183
12.0954
10.1531
10.0739
10.0952
12.1411
10.1949
11.0795
12.9944
10.1243
10.0733
10.1463
12.2606
10.2327
10.2008
12.4619
