4.50535
3.52216
3.51752
3.53836
3.58182
3.55707
3.5416
3.52231
3.5402
3.46048
3.53522
3.58493
3.56972
3.5223
3.56276
3.55817
3.49611
3.48959
3.53256
3.5037
3.51185
3.57529
3.52417
3.47349
3.53511
3.42113
3.53489
3.52288
3.53479
3.51649
3.54942
3.51926
3.5204
3.55588
3.54847
3.54376
3.57048
3.56634
3.53443
3.51293
3.52652
3.52569
3.49343
3.54698
3.56279
3.51581
3.44359
3.53666
3.4509
3.52724
3.53999
3.52086
3.52733
3.56412
3.50016
3.50933
3.4846
3.51717
3.54935
3.51239
3.55709
3.53784
3.48229
3.51231
3.49738
3.60761
3.54929
3.52904
3.46364
3.59113
3.54988
3.47427
3.45738
3.524
3.53959
3.52845
3.47413
3.55694
3.49079
3.47308
3.49711
3.50322
3.4804
3.46533
3.51519
3.50086
3.532
3.54111
3.57555
3.50021
3.52565
3.5123
3.55433
3.51778
3.58095
3.55782
3.46084
3.52901
3.49944
3.56605
