319.467
29.7858
24.8976
27.5995
21.5918
20.8502
24.0136
22.3507
22.667
21.0054
21.9036
29.2959
20.9724
26.3283
26.291
21.1796
20.6044
29.4876
25.5842
20.2767
24.7753
25.0628
20.944
23.2179
27.5335
25.97
21.4926
26.1587
22.1249
21.5923
20.8644
20.7625
21.8323
30.0069
23.1842
20.8382
26.4627
24.0189
22.1521
22.5404
21.7079
21.661
25.8347
22.1689
24.6016
21.7416
26.137
26.1442
20.8292
20.4877
22.1633
21.2793
21.8635
20.8442
21.0805
28.1652
23.6162
21.5429
29.3098
27.6085
21.8622
23.975
21.1164
20.3985
20.7779
20.7082
21.3491
20.2187
21.3307
20.7562
22.3113
25.8376
20.8692
25.8984
26.1478
26.0977
20.8587
30.1933
23.8396
20.8202
20.3694
21.2545
24.9999
20.7618
27.5619
27.6754
21.6235
27.7194
22.8621
26.6712
21.1286
25.8585
26.3836
25.9772
20.8798
20.4823
21.6695
20.5972
20.8576
22.6743
