457.467
56.486
56.2073
75.4326
55.8303
58.7321
56.2383
58.7131
59.0104
56.4065
59.2839
57.279
55.1549
55.9467
55.8144
55.0786
56.0338
59.0619
58.6608
60.4072
55.5716
58.3818
64.187
55.1609
57.6157
56.0839
56.7764
55.3867
56.0199
57.3433
57.3989
55.0021
56.1749
66.8701
73.8977
55.8615
54.6746
56.2429
54.8746
55.485
54.7837
55.6905
59.1715
57.1086
58.3852
56.4784
68.9109
58.9049
55.2343
56.0045
73.4482
56.0799
56.032
58.7053
55.1524
58.5955
59.7833
54.9688
60.4761
63.0531
59.7018
61.5235
55.3694
59.3021
55.5088
55.2709
75.174
57.2903
55.9148
55.2696
55.0694
59.2114
57.4321
70.1203
72.5866
55.3531
55.3466
57.4539
55.7333
56.8145
55.5916
74.3162
61.4322
61.826
58.8641
56.9006
59.2409
62.5212
60.4091
61.6556
66.0468
56.0416
55.1314
55.9047
55.3709
55.7857
55.8681
72.9868
63.4626
61.7553
