442.912
251.716
48.469
32.2325
131.762
36.6446
34.6543
33.5163
31.4818
170.588
33.1597
230.654
36.4818
31.5058
121.49
31.2619
31.2281
30.5178
30.9281
30.642
31.9651
33.8777
29.8644
30.6734
30.7046
30.6721
170.165
31.6668
32.7894
31.2071
31.6031
31.3024
32.1332
33.3814
31.5467
31.0343
30.7681
32.1431
32.1221
43.9095
33.5176
32.6318
31.6653
168.493
31.2465
31.7192
30.7732
32.012
31.5233
30.8027
30.7474
31.6489
31.8178
32.2659
30.7398
30.6872
31.0188
32.3814
30.6395
31.563
31.5404
31.4756
36.6
33.9262
33.9432
35.419
31.2407
33.4675
34.8519
34.9427
33.4838
31.9499
31.4413
30.7881
31.3209
30.6329
30.9795
31.0901
30.8971
31.6904
30.9267
32.0298
30.7682
31.3373
30.6738
31.4508
31.5356
31.3437
31.0649
30.7768
30.7711
31.4304
30.7129
30.7427
30.6862
31.0195
30.951
30.9265
32.3103
30.4864
