604.095
404.838
383.326
400.877
416.07
405.503
405.882
385.144
381.643
384.991
381.91
391.256
411.672
390.128
740.522
376.609
375.951
376.838
376.302
380.736
378.77
391.892
391.357
372.672
370.435
368.89
375.262
374.758
373.611
377.41
371.916
367.519
367.91
369.675
370.262
372.021
371.773
375.729
374.106
376.702
368.711
375.295
368.018
367.204
373.895
1510.76
368.883
377.314
389.771
1637.8
389.689
400.952
392.422
398.072
397.767
1260.82
387.551
387.659
390.064
398.092
387.148
391.729
395.232
632.33
392.347
390.718
390.95
389.342
391.512
1220.13
392.23
393.115
390.55
407.879
397.759
411.312
862.346
399.253
395.617
404.399
399.276
396.611
395.376
922.722
397.284
411.86
403.79
394.31
388.143
384.805
972.656
381.846
382.526
394.983
392.972
407.255
400.62
1034.23
421.036
392.009
