632.788
176.47
202.579
179.026
170.019
183.723
169.635
198.497
204.042
188.524
182.709
177.269
171.255
173.757
178.277
167.394
180.935
178.97
166.981
171.95
171.691
178.519
175.493
170.924
199.89
189.543
170.138
183.884
170.299
167.816
203.911
170.04
171.06
173.24
168.641
168.778
193.664
177.273
164.098
201.484
165.796
187.583
164.099
166.739
190.449
200.606
163.804
167.162
164.545
179
181.709
169.793
177.796
191.893
194.379
191.575
163.971
168.253
167.263
162.238
162.614
166.074
163.701
185.91
188.691
193.773
182.484
204.996
163.959
179.175
248.537
162.784
173.233
198.29
166.986
162.855
164.236
193.758
198.303
196.515
200.697
184.441
164.293
202.399
298.609
171.43
176.397
198.476
163.748
166.219
167.93
168.031
173.945
167.731
172.994
172.847
170.365
598.321
166.466
163.261
