6332
5824
6573
7356
7542
7400
7317
7228
6534
6136
6077
5582
5467
5228
5074
5091
5013
5019
5042
5019
4984
5071
5044
5012
4967
4985
5079
4990
5003
5022
5005
5005
5025
5016
4976
5003
4981
5084
4998
5121
4937
5067
4992
4960
5084
5078
5029
5145
13062
5128
4984
4945
5298
5164
5320
5146
5305
5177
5196
5142
5366
5112
5079
4881
5122
5000
5008
4990
5110
4913
5761
5561
5439
5469
5432
5525
5495
5430
5722
5437
5509
5243
5136
5292
5261
5336
5170
4995
4992
5040
5019
5177
4995
4999
4950
4995
4979
5012
5042
5216