363.031
224.91
192.012
6.4798
96.4361
89.8281
7.05936
7.7634
314.404
7.36514
8.68975
8.02579
170.336
6.70431
6.78915
103.698
6.24127
233.517
6.35772
8.3018
8.39986
142.325
92.7063
175.083
161.092
8.07827
193.939
160.369
197.951
7.56698
133.339
179.43
7.93973
7.30586
8.53397
8.06674
5.24939
7.05003
9.77629
4.72035
10.512
7.55024
7.10857
4.65694
4.58029
4.62135
9.66574
4.63713
5.11927
8.50329
6.75415
6.56434
5.26419
4.61491
4.68327
8.14356
4.64257
4.49775
7.53645
4.61662
4.75675
4.62082
8.70228
4.73055
4.74505
8.25978
99.2982
6.70128
7.01575
7.38754
7.03347
7.60113
5.32517
8.24242
7.56662
6.40588
6.47785
8.72706
8.5839
10.29
5.0147
4.98142
10.5043
10.9118
187.934
174.01
7.41611
179.513
4.89575
139.963
4.8396
4.43617
4.49756
4.45112
94.8524
238.008
4.47088
89.3245
4.69217
4.64108
