169.058
168.74
169.577
168.771
170.396
170.438
169.864
169.659
169.721
170.538
171.316
169.665
169.738
168.581
168.824
169.899
170.321
170.749
170.592
168.903
171.034
170.252
170.294
169.523
169.765
170.095
169.275
169.962
170.382
170.06
171.231
169.373
170.05
168.96
168.795
169.507
169.937
169.05
169.074
170.551
170.319
164.637
168.803
170.614
171.028
169.682
170.904
170.779
169.749
171.059
169.661
169.926
170.133
169.607
168.443
169.464
170.792
169.434
169.512
169.603
169.987
171.733
170.605
170.05
170.409
168.348
169.338
169.534
170.15
170.686
170.156
168.8
169.195
169.798
170.94
170.946
170.699
168.543
170.472
170.175
170.644
169.473
168.986
170.188
169.472
168.103
170.03
170.757
172.4
169.425
169.581
170.611
167.823
169.298
171.527
170.169
169.498
168.894
167.572
170.119
