706.331
690.844
687.93
696.067
687.725
688.525
691.445
689.097
688.832
690.233
689.889
687.993
690.228
694.508
691.948
690.533
687.765
690.288
869.286
869.639
870.566
867.718
869.562
870.112
868.318
870.87
868.34
870.095
867.907
867.186
869.332
867.935
869.734
867.156
870.691
867.361
868.57
869.364
870.332
845.616
688.04
690.76
690.744
688.77
691.805
696.282
688.305
688.962
695.595
688.148
690.658
697.6
688.967
687.751
695.369
690.375
689.359
694.536
693.701
687.691
694.834
695.188
687.749
697.694
868.253
867.014
869.779
868.796
869.653
868.774
870.123
867.087
869.785
869.764
869.224
869.786
868.047
869.24
868.948
869.26
869.114
867.264
868.686
868.468
870.444
731.473
687.923
686.783
693.585
689.032
688.366
694.58
688.409
689.358
688.062
691.397
688.924
688.872
689.926
690.226
