41.4857
3.14304
35.9754
35.384
35.0952
3.14867
35.2788
83.4876
35.3886
35.096
3.14959
2.92999
35.6492
2.97763
35.5202
3.00956
3.03007
2.99034
3.02061
3.01983
2.98395
2.81663
2.89742
3.02199
3.02381
3.08631
35.5433
3.01414
2.9972
2.9619
2.96226
3.0499
2.97895
3.02845
3.01887
3.01116
3.12089
3.05816
2.98995
2.99482
3.01042
2.98886
3.01448
3.00817
3.03051
2.99418
2.99081
3.11156
3.2187
3.07443
3.03637
3.04199
3.03662
3.04934
81.5263
3.0069
2.99104
3.0277
3.12736
3.01563
2.95705
3.03205
3.01766
79.6292
3.04325
2.91362
2.95893
2.99821
3.0501
3.19045
3.00608
2.99786
2.98007
3.03076
2.93946
3.02979
3.04644
2.95791
3.03652
2.99204
3.11931
3.00494
3.00793
2.97146
3.01647
2.99355
3.0022
2.96198
3.00892
2.96776
3.02808
3.13215
2.99474
3.0491
2.98721
2.99548
3.02374
3.05463
2.99506
2.99592
