123.534
122.364
122.406
122.102
122.108
122.12
122.309
121.995
122.108
122.102
122.438
122.146
121.985
122.151
122.394
121.999
122.358
122.181
122.184
122.065
121.948
121.924
122.19
122.4
122.081
122.801
122.742
122.017
122.717
122.137
121.864
121.708
121.919
123.058
121.884
122.024
121.792
121.842
121.918
121.738
122.258
122.362
122.076
122.281
122.215
122.13
122.17
122.292
122.292
122.091
122.003
122.023
122.101
121.989
122.101
121.876
121.918
122.406
122.263
122.176
122.053
122.221
122.122
122.847
122.086
122.027
122.358
122.231
122.324
122.225
122.02
121.915
122.28
121.855
122.056
122.301
122.09
122.345
122.207
122.249
122.163
121.952
122.266
121.972
122.108
122.15
122.209
122.17
122.245
122.185
122.324
122.173
122.35
122.902
122.016
122.132
121.754
121.887
122.382
121.809
