88.812
93.3299
92.6191
92.047
92.493
97.3794
96.3249
90.9599
95.5026
106.829
92.9957
90.9982
90.5664
91.9329
92.2322
97.4539
96.2647
92.9416
90.7429
91.6355
91.017
89.8913
91.4967
93.1846
92.3191
90.6953
92.7471
120.601
95.5602
91.2219
92.2518
90.4915
91.3133
90.6794
92.2556
90.3908
88.8431
89.8836
90.8327
90.0204
91.4865
90.0288
93.4622
91.2137
91.291
98.0196
105.311
91.2443
90.8923
91.7259
91.1021
91.9731
94.0169
90.3633
90.1408
91.9542
92.6794
90.8769
90.9413
91.5555
93.1928
90.7742
90.7793
91.6977
104.899
93.8333
91.6732
91.4077
91.1634
92.6534
92.4281
92.5452
90.4677
91.9522
89.6674
92.5262
92.6611
92.2418
92.1711
92.8712
91.6028
90.8486
103.722
91.4832
90.6936
90.2458
91.6219
91.9948
91.3514
88.7767
90.1841
91.0643
90.8237
91.5006
92.4094
90.5447
91.5145
91.3672
90.7844
92.2836
