721.477
288.033
347.495
211.677
213.36
208.479
211.163
208.068
208.144
210.529
207.947
212.572
210.849
262.248
222.919
257.656
212.323
210.996
209.107
211.942
207.273
208.459
208.955
210.428
206.708
208.381
209.417
209.205
215.875
207.183
209.721
211.157
216.953
288.871
209.465
209.264
208.453
208.474
207.712
210.509
207.756
211.289
209.523
209.24
207.457
211.449
210.124
211.046
219.849
212.087
208.199
209.525
208.043
209.401
211.508
209.123
209.577
207.837
208.207
208.475
207.879
209.444
209.085
211.296
218.969
209.451
214.309
207.857
208.285
209.545
208.415
209.725
214.631
210.369
208.401
211.991
210.309
208.869
207.767
211.036
218.055
212.788
208.843
210.051
208.79
209.012
209.487
208.355
210.856
209.186
213.941
213.736
209.834
207.666
214.486
209.902
220.02
209.629
209.029
214.599
