459.389
93.5193
90.0667
93.6733
90.3043
92.4019
107.457
95.1016
91.0454
106.877
96.161
88.9671
93.4224
107.482
106.237
101.433
104.737
105.62
110.475
123.305
90.2231
111.85
110.322
96.613
92.9992
107.705
89.4479
108.696
92.0208
103.759
94.4828
88.785
85.1602
94.8393
88.2225
90.1698
87.6941
86.3676
92.9417
88.8703
89.882
98.2304
95.081
88.0397
89.2438
87.0998
92.0765
88.2908
98.8719
97.7797
88.6955
89.5011
87.9549
89.2046
86.2967
88.9439
93.8807
96.7832
97.6213
87.9358
88.5869
87.7129
87.991
89.0086
89.1538
90.8136
91.4562
93.2635
102.162
98.8921
92.6123
102.893
90.9414
87.264
87.6565
90.3407
87.4621
87.2488
89.5213
107.185
87.4845
88.2026
124.987
89.5442
94.2774
98.3949
88.9117
89.6699
89.1879
89.4287
87.5791
90.7353
94.3303
89.549
97.0359
87.7907
89.1039
87.4626
102.837
89.4937
