663.052
169.053
183.272
231.852
145.136
143.96
138.434
142.683
145.836
145.243
147.621
146.302
146.707
148.111
146.804
144.927
143.642
239.541
142.321
139.308
139.439
241.99
138.249
140.391
142.261
140.732
141.773
213.114
144.206
215.93
146.515
145.699
139.893
147.706
150.288
140.21
144.06
141.608
143.189
147.578
146.522
145.198
139.942
141.646
143.663
144.046
145.374
143.468
143.262
220.58
142.675
144.011
142.157
141.962
143.147
141.885
145.472
144.705
146.163
144.539
145.774
143.609
138.965
150.183
215.311
152.885
143.848
140.441
140.796
142.33
148.76
142.422
141.943
143.419
139.187
141.032
142.949
146.971
150.982
140.488
142.647
142.456
144.982
142.373
140.35
145.279
208.341
141.287
141.157
140.514
141.045
146.613
146.069
142.53
141.701
142.248
147.773
143.884
143.423
142.265
