40.7324
40.0417
40.0322
40.0081
40.0482
40.0267
40.3792
40.0779
40.6354
39.9914
40.028
40.4917
40.01
40.038
40.2836
40.0143
39.9973
40.0856
40.0158
39.9909
40.0062
40.2976
40.0369
40.0133
40.3551
40.0144
39.9766
40.1514
40.0389
39.9751
40.1382
39.9987
40.1742
40.0256
40.1086
40.202
40.0182
40.1717
39.9681
40.0789
40.0279
40.1592
40.0163
40.0468
40.3118
40.0124
40.0429
40.0195
40.0067
40.0343
40.5881
40.0114
40.02
40.0156
40.033
40.0094
40.0956
40.055
40.2786
40.0109
40.3162
40.2976
40.0228
40.0156
40.0715
40.034
40.0129
40.0126
40.0414
40.0273
40.045
40.0156
40.0084
40.0517
40.2922
40.0284
40.016
40.364
40.0248
40.1405
40.2159
40.2628
40.0339
40.0126
40.0839
40.0886
40.0373
40.0538
40.0271
40.049
40.0261
40.0244
40.0352
40.0695
40.0115
40.0118
40.1275
40.0268
40.3077
40.0153
