574.798
92.8695
93.1645
105.855
88.9888
92.2928
89.1187
90.234
88.4212
88.9514
88.379
89.7229
88.702
88.4012
89.8453
89.4346
90.5758
89.5029
89.4799
88.9834
88.7208
88.5589
90.5836
88.136
89.2522
90.7613
88.8682
88.3888
88.6585
88.7189
87.8075
88.96
88.4969
87.5511
87.8719
90.997
88.2005
88.8921
87.9847
88.8685
87.9612
87.5351
88.8863
88.0818
88.0854
88.9113
88.632
88.9015
91.6503
88.7677
88.9519
87.4326
88.4615
89.8636
88.8496
92.1597
91.7734
90.0571
88.6824
90.1368
93.7936
88.5637
89.8211
88.4715
87.4314
90.7528
87.4624
87.7339
87.6319
88.8144
87.1203
88.4133
88.9764
88.5259
89.8022
90.5454
87.3847
88.2367
88.9869
87.8885
87.409
90.8309
88.6933
87.5631
88.4982
88.435
88.7791
88.2151
89.3804
87.9292
88.3635
88.8103
94.4845
88.408
87.8044
88.3434
88.512
89.199
90.1042
89.2481
