510.106
102.395
94.5199
97.5833
101.832
101.808
89.9983
89.0974
93.4664
92.2841
89.3649
90.3072
92.3427
90.0001
90.3487
91.2533
90.1401
89.3876
91.9641
98.5874
93.5083
90.5324
89.8015
98.0711
90.2547
93.2522
92.6043
89.8756
92.9302
92.9711
93.8564
89.6041
90.3628
91.5779
89.7413
90.1053
89.953
91.9296
89.6944
89.7042
97.4467
90.3914
89.7178
90.2847
89.4644
91.443
90.5509
95.2172
90.4206
90.4397
90.8303
90.3948
90.5135
90.3077
94.2657
90.1118
90.3207
90.8991
90.1526
90.1783
90.1335
94.6385
96.5457
90.475
90.0721
90.64
90.8396
98.8258
93.5462
91.7687
90.1153
89.8091
90.2386
90.0952
89.5629
92.1813
94.2435
90.0671
91.0644
90.1811
89.9646
90.2595
93.6217
93.7254
90.2417
89.6817
90.5465
95.4828
89.8967
90.2475
94.0923
90.4069
90.1867
98.4448
91.7663
95.5496
91.9237
95.0717
90.8003
92.6596
