22.8675
22.611
22.8735
22.5568
22.6828
22.9732
24.2088
22.7251
22.553
22.4842
22.7268
22.6203
22.5514
22.7289
23.1343
33.911
28.7748
27.2301
25.1543
24.161
24.1321
23.0434
22.8493
24.3656
23.7113
22.7827
27.0022
25.2639
27.1168
24.6996
23.6812
22.4455
22.5217
22.8209
23.1545
22.8726
23.3279
23.2389
23.1598
22.6648
26.6428
26.039
24.9345
23.8872
23.5116
23.3516
22.6869
22.4923
22.9898
22.5592
22.7661
23.6382
22.2265
21.9798
22.2943
22.8825
22.1341
23.6554
22.1449
22.7564
24.1201
22.6555
23.5443
24.2051
24.3026
23.0506
22.9499
22.4353
23.6818
22.3777
22.2818
22.1702
22.149
22.523
22.2506
22.3919
22.3121
22.098
22.1274
22.2805
22.2595
22.3043
22.0577
22.1794
22.4009
22.3146
22.5327
22.079
22.4022
22.5983
22.2385
22.2763
22.1837
22.45
22.3615
22.377
22.1722
22.0758
22.1953
22.5388
