169.314
29.9481
28.9973
29.3147
26.2385
23.9596
26.5828
26.8376
25.7081
29.0675
25.1221
25.6342
23.2559
26.4328
22.8294
23.6116
25.5179
24.7035
23.4828
23.5768
23.9021
23.3249
27.4936
26.1833
24.0774
24.5634
23.5778
23.9607
23.4082
24.1651
23.6103
23.6568
22.9384
29.3952
26.8261
24.4541
27.8814
24.8025
26.5779
28.6004
27.5614
27.9321
24.4931
32.5496
27.7196
24.0604
23.6748
25.0066
24.6074
24.8306
24.4161
26.2196
24.6931
27.4018
26.6328
32.525
23.9437
26.956
27.3605
25.0918
26.4011
24.4517
28.4126
24.3375
29.4223
25.0901
26.2187
24.9791
24.9995
24.1749
25.4992
38.1562
26.2434
25.8267
29.3536
25.905
26.7193
26.5106
27.9429
39.6344
32.663
25.5444
27.6422
28.1696
25.0145
24.6292
26.8576
43.3794
26.2769
30.8951
23.1111
27.1246
28.6851
26.9715
24.6136
29.4126
28.8826
32.7187
22.8637
25.6052
