46.5005
52.7462
68.9138
43.6468
32.686
29.9719
33.0632
8.72659
36.2556
36.4402
8.75375
9.91651
8.77899
8.78971
8.87265
8.84374
8.8333
8.82024
8.81246
10.1248
8.56322
9.20934
9.63013
8.64901
8.68603
8.90768
8.92503
57.719
8.57215
8.54599
9.13503
8.93435
9.77388
8.61696
9.03059
9.14515
8.57855
8.65562
9.73337
8.68583
9.35654
8.59607
9.11165
8.71986
9.6853
9.02157
9.0104
9.01371
8.68362
9.09267
9.0897
8.67387
8.91547
9.74862
9.01323
9.31579
8.8274
9.70736
8.70707
8.90237
9.44261
8.85732
8.81293
8.93058
9.11125
9.5383
8.75878
8.72504
8.57342
8.73632
8.93919
10.2764
8.97553
98.9693
8.97764
9.03286
9.03725
9.05898
9.05104
9.04559
9.05165
9.06105
9.00961
9.04869
9.04422
9.05579
9.05054
9.04238
8.86291
8.85864
8.95284
8.90067
8.86247
8.88017
8.86908
8.98785
8.94054
8.87233
8.88094
8.88787
