9.68029
9.25697
9.34782
9.46611
9.25512
9.32564
9.60882
9.26552
9.2066
9.17355
9.24973
9.22109
9.14869
10.4684
9.22546
9.40767
9.21096
9.6895
9.26111
9.54898
9.25055
9.33462
9.20675
9.20918
9.19947
9.58097
10.5826
9.23452
9.25828
9.2371
9.15549
9.16515
9.73491
9.22338
9.32666
9.19894
9.27738
9.30275
9.68075
9.22504
9.18556
9.15475
9.30636
9.20939
9.19923
10.7423
9.231
9.23537
9.1914
9.27301
9.33258
9.81189
9.20857
9.33979
9.227
9.23784
9.21351
9.74053
11.969
9.26015
9.24682
9.29058
9.23186
9.19879
9.78077
9.28122
9.36872
9.24447
9.26178
9.36
9.73314
9.25088
9.21405
9.19726
9.33632
9.69814
9.21348
11.1079
9.30125
9.42411
9.44385
9.23971
9.3302
10.7518
9.20231
9.29536
9.21375
9.22321
9.24956
9.75966
11.5631
9.2854
9.20643
9.33407
9.2541
9.24145
9.67705
9.30899
9.3465
9.25677
