194.388
131.197
15.0358
414.406
15.2078
15.1998
15.2006
264.514
15.7082
14.9856
15.0382
15.5633
15.3999
15.2628
15.2228
15.2617
170.262
14.9466
145.259
15.0174
15.0843
15.0881
15.1983
15.1743
15.2061
15.2251
15.1882
15.1433
15.2383
15.255
15.2347
15.237
15.6188
15.2255
15.2021
15.308
15.2403
15.1982
15.2239
15.2403
15.3043
15.196
15.2479
15.1818
15.266
15.3137
15.2439
15.3574
15.2195
15.277
15.2843
15.2574
15.2837
15.6235
15.1198
15.2409
20.9353
15.3764
15.3052
15.1944
15.3174
15.2211
15.3263
15.307
15.2757
15.241
15.264
15.3182
15.2496
15.2291
15.4233
15.2474
15.245
15.3124
15.2737
19.1002
15.2744
15.2999
15.2386
15.2342
15.2506
15.1807
15.2435
15.2813
15.2542
15.3454
15.2632
15.2496
15.3582
15.2869
15.2972
22.1251
15.2161
15.2855
15.3078
15.2511
15.2082
15.1912
15.5456
15.2294
