6772.95
6306.76
7068.36
7847.08
8022.33
7972.23
7812.78
7614.53
6936.43
6706.9
6612.19
5991.65
6022.48
5777.68
5606.27
5631.98
5543.29
5560.8
5634.55
5578.56
5506.04
5593.45
5573.44
5553.97
5387.18
5431.48
5497.95
5460.62
5531.41
5551.54
5522.93
5581.83
5543.56
5556.51
5393.94
5542.22
5522
5614.96
5563.24
5676.27
5353.73
5587.25
5404.65
5408.42
5640.27
5516.58
5559.48
5667.23
13641.5
5658.75
5550.85
5368.81
5864.22
5738.86
5838.69
5677.37
5872.8
5702.98
5724.59
5706.11
5870.24
5538.14
5518.18
5302.18
5686.53
5512.91
5543.74
5519.82
5631.46
5349.98
6274.48
5964.18
5869.33
6021.83
5981.23
5986.25
5928.12
5983.99
6323.03
5848.02
5902.06
5665.95
5659.41
5819.35
5672.62
5745.77
5706.39
5571.21
5560.62
5613.07
5551.03
5745.6
5544.2
5526.51
5391.51
5442.36
5394.58
5428.69
5547.1
5730.4
