740.453
639.902
632.675
628.936
632.771
629.539
637.438
629.804
635.441
628.18
629.262
635.622
636.93
631.047
630.815
628.126
633.258
634.448
630.016
630.346
631.092
637.655
627.984
627.802
629.65
641.099
632.186
631.611
629.111
637.032
628.182
632.505
630.032
635.695
630.47
628.557
629.176
633.255
630.643
630.174
628.171
630.832
631.013
630.396
630.848
631.244
636.162
630.288
627.742
629.892
638.308
648.52
627.893
632.343
638.168
629.378
632.869
636.967
634.957
649.71
627.771
631.702
641.295
630.246
629.749
629.784
635.23
627.884
633.354
637.118
628.752
632.066
629.61
627.742
631.013
641.58
683.972
631.205
628.829
642.851
630.316
629.786
631.205
640.05
627.789
630.483
631.148
662.54
630.584
628.416
628.411
635.282
634.535
629.669
632.606
633.132
628.107
634.579
635.125
631.003
