12.5862
11.4332
12.2738
12.5745
11.6685
12.1483
11.7655
12.3063
12.3522
11.6816
12.3488
11.6742
11.8329
11.5123
11.5286
11.5228
12.1397
12.2987
12.3777
11.5144
12.2283
11.522
12.0421
12.3802
11.5402
11.839
11.5368
12.0603
11.4383
11.9053
11.5117
12.423
12.3149
12.1118
11.4535
11.7705
12.2912
12.3678
11.818
11.8447
11.7998
11.7644
11.4971
11.3932
11.72
11.7507
11.8155
12.4534
11.4267
11.4316
11.6318
11.5064
11.9725
11.7369
11.763
12.0327
11.9612
12.0591
12.3193
12.0152
12.3783
12.2224
11.7405
11.7664
11.6129
11.6695
11.6211
11.5479
11.9366
12.1033
11.5678
12.099
11.7813
11.8364
12.2923
11.4394
12.2139
11.9435
11.7416
11.5112
12.4643
12.1421
11.9625
12.3313
11.6326
11.8494
11.6442
11.6464
12.2217
12.3196
11.9727
11.9157
11.6925
11.8069
11.6943
11.5271
11.5414
12.3639
11.7324
11.9991
