10.4944
9.63446
9.4463
10.3236
9.94064
10.39
10.2007
11.1572
13.3917
12.4716
11.9629
11.4989
11.4158
10.9948
10.5635
10.9776
10.8778
10.5474
10.7414
10.2503
11.4108
11.0705
11.5514
15.0804
14.0326
14.1612
13.1417
15.1046
14.2849
12.211
12.1842
10.9966
11.1998
10.7552
11.7164
10.4656
11.1657
10.7418
10.353
11.6922
9.83885
9.92877
9.71856
10.3436
10.3096
9.97987
11.7885
11.2977
10.7417
11.9268
11.6116
11.1702
11.331
11.0622
10.7542
10.9216
11.035
10.7247
10.8018
10.8817
10.37
11.0979
13.7612
12.7532
11.6627
11.415
10.7583
11.0034
10.2097
10.4036
10.1133
9.97258
10.7697
10.1245
10.2959
10.505
10.9833
17.837
16.309
13.7323
13.241
12.399
15.4182
13.1342
12.3173
15.0183
13.8109
12.878
13.6147
12.5562
12.2964
15.82
13.9746
13.705
15.2946
13.6601
12.2324
11.816
11.4154
12.2382
