253.574
253.477
253.473
253.692
253.037
253.386
253.293
252.56
252.514
252.764
252.89
252.456
252.785
252.847
252.972
252.636
252.538
253.061
252.922
252.647
252.581
253.013
252.64
252.65
253.011
252.558
252.624
252.443
252.76
252.706
252.69
252.436
252.9
252.768
252.387
252.422
252.303
252.535
253.173
252.728
252.878
252.949
252.576
252.421
252.832
253.177
252.69
253.019
252.84
252.484
252.458
253.018
252.465
252.434
252.939
252.858
252.896
252.766
252.353
252.691
252.582
252.464
252.502
252.889
253.039
252.486
252.607
253.423
252.88
252.466
252.552
252.782
252.773
252.86
252.804
252.87
252.422
252.322
252.37
252.486
252.516
252.468
252.566
252.277
252.674
252.883
252.527
252.797
252.7
252.467
252.72
252.894
252.749
252.763
252.681
252.735
252.79
252.831
252.578
252.891
