285.38
219.892
177.989
7.1092
7.12709
72.8558
2.65114
7.51337
168.711
3.09346
332.238
219.46
8.6796
6.51208
4.25001
6.381
2.98569
6.95442
2.69523
2.61543
7.65934
101.166
2.81824
3.06031
4.70053
2.88461
6.31163
5.77412
7.61023
6.95391
264.209
2.60183
234.558
2.5867
130.901
6.52636
3.36244
6.5458
2.64183
2.57728
3.75958
2.68566
166.204
3.08215
93.5747
8.221
3.19813
2.78416
307.999
4.58865
4.52867
4.60142
8.49919
6.99009
6.85487
4.62587
4.33818
233.607
98.368
4.42421
276.894
6.1545
335.867
100.499
5.14099
4.42427
6.64637
6.57576
2.66573
3.04549
3.51165
2.7423
277.471
5.26431
171.248
157.734
4.475
5.64618
6.71423
6.88423
167.363
98.0623
156.726
7.60428
137.354
4.55119
4.72265
4.44137
8.72696
6.00404
8.17225
3.87894
4.53301
2.9313
8.1084
4.82467
4.36113
4.72764
9.27363
4.37586
