58.9538
21.3866
21.1942
58.277
52.8241
21.1103
21.2448
53.8174
21.2692
100.189
21.1471
20.9361
21.3513
21.3479
21.0837
21.1003
20.9434
21.1351
21.1115
21.0936
21.0802
20.9388
21.0668
21.0734
21.0811
21.0735
21.0431
20.9696
21.0719
21.0337
21.059
21.1026
20.9476
21.063
21.076
21.0484
21.052
21.0156
21.013
21.1028
21.1504
21.0852
21.0748
20.9595
21.0825
21.0748
21.088
21.0702
20.9532
21.0798
21.0819
21.2216
21.2258
21.6938
21.134
21.0719
21.0785
21.0453
21.081
20.9632
21.1132
101.648
96.7578
20.9346
20.9399
21.1119
20.9272
21.1144
21.1022
21.0978
21.0937
20.9456
21.0189
21.0518
21.0057
21.0943
20.8964
21.1079
21.0979
21.0736
21.1259
21.0433
21.0703
21.1131
21.0934
21.1429
21.0975
20.955
21.0842
21.0864
21.066
21.0899
20.9639
21.0932
21.1042
21.0917
21.092
21.0859
20.9431
21.1163
