60.538
28.9921
28.6874
29.0808
28.7181
28.6992
28.7023
2.65265
2.70821
2.68497
2.68732
2.67903
28.8067
28.7314
2.67864
2.82321
2.71304
2.68238
2.67604
2.69579
2.68555
30.0194
2.64635
2.65756
2.61473
2.68022
2.66369
2.67348
2.68665
2.66839
2.66999
2.67599
2.67185
2.70167
2.6844
2.65536
2.67856
2.81458
2.74455
2.71906
2.69815
2.7259
2.67204
2.67721
2.69507
2.69206
2.70031
2.66834
2.66998
2.66875
2.67042
2.67477
2.69054
2.6795
2.67837
2.66971
2.68271
2.69685
2.69244
2.68302
2.69723
2.67255
2.67318
2.69592
2.66298
2.68355
2.68423
2.68726
2.66924
2.70248
2.68519
2.6818
2.69139
2.69807
2.74545
2.67197
2.67902
2.69177
2.69877
2.74974
2.66797
2.71925
2.68467
2.82957
2.71705
2.72746
2.72687
2.71968
2.70633
2.69008
2.66911
2.66093
2.72143
2.67185
2.67409
2.67708
2.68357
2.71754
2.71075
2.72017
