499.354
27.8709
27.9437
28.8504
153.822
151.528
151.872
29.1194
111.954
152.71
27.4007
110.286
27.2728
106.263
27.0888
27.019
28.2668
106.31
27.4834
27.3619
27.0907
27.2578
122.455
26.8272
27.3569
32.5872
27.5464
31.6069
106.226
109.106
28.8959
107.111
27.5894
106.008
26.7112
105.074
26.5881
26.691
26.219
35.0025
107.792
26.4174
104.611
25.4287
26.3719
25.4996
25.7616
104.334
25.5634
29.4933
105.252
24.8433
24.9862
110.882
28.2017
28.7211
24.6357
115.703
24.8924
25.1591
24.7052
25.8992
103.661
24.9144
24.7895
24.7509
102.884
27.5741
24.186
24.7797
25.0447
24.7238
24.6304
25.8399
31.7133
24.8295
24.9023
26.8777
104.422
24.8978
24.6595
26.7824
24.571
25.1219
24.3316
28.7792
24.7509
24.7867
24.9128
103.659
24.8694
24.9726
28.0813
26.3439
25.6185
25.0112
24.6828
24.8632
24.8582
25.6588
