136.258
62.3901
229.28
3.37358
3.45861
3.57632
3.55289
3.56772
4.42085
3.61851
3.60055
3.81658
3.48244
3.57467
241.342
3.7097
3.5049
3.42419
3.52421
3.5042
3.52583
129.866
3.48155
3.51591
3.53502
3.60458
129.155
3.45111
3.48998
3.48173
3.52146
3.62894
3.86145
3.62158
3.49267
3.52023
3.50958
3.51489
4.47574
3.4397
3.62121
3.64044
3.54029
3.57637
3.67755
3.5318
3.5061
3.49986
3.56776
3.52163
3.45391
3.48961
3.54291
3.67158
3.57759
3.53567
3.602
3.54337
3.57299
3.67126
3.49586
3.51954
3.55559
3.69528
3.63217
3.50896
3.51196
3.54158
3.52996
3.56277
3.53877
3.52369
3.54704
3.44884
3.58807
3.58842
3.56144
3.62434
3.62596
3.49431
3.62566
3.54359
3.60235
3.62086
4.71934
3.74945
3.63302
3.61612
3.6089
3.64423
3.6392
3.86011
3.62855
3.6965
3.62569
3.6608
3.50375
3.63045
3.64329
3.61248
