1534.29
1213.33
1194.11
1211.88
1194.74
1194.43
1210.98
1207.89
1175.66
1206.82
1194.26
1201.85
1213.67
1194.01
1203.31
1199.42
1195.36
1204.02
1179.02
1186.5
1192.53
1195.54
1181.62
1202.65
1202.56
1203.77
1194.67
1196.49
1203.16
1182.99
1203.27
1185.79
1203.69
1186.2
1204.89
1198.04
1197.56
1183.41
1202.57
1220.23
1197.28
1204.94
1191.28
1199.67
1194.75
1199.27
1206.49
1207.29
1196.75
1178.19
1194.64
1203.99
1200.53
1200.93
1185.53
1203.65
1194.64
1216.04
1203.97
1202.75
1205.11
1213.84
1248.97
1197.93
1200.25
1202.25
1201.51
1185.96
1203.94
1187.26
1200.34
1197.76
1207.86
1202.88
1180.96
1185.1
1181.46
1184.5
1185.05
1196.91
1195.29
1203.72
1198.56
1187.12
1197.2
1196.43
1201.74
1197.48
1191.31
1182.16
1196.65
1219.17
1197.95
1194.45
1206.82
1196.44
1206.46
1229.2
1196.77
1201.98
