40.9346
40.3752
40.2419
40.3241
40.7864
40.2448
40.238
40.2406
40.2567
40.4105
40.2235
40.2348
40.3821
40.2533
40.237
40.282
40.3031
40.229
40.1991
40.1671
40.1949
40.2017
40.1631
40.1498
40.1918
40.186
40.1526
40.1887
40.1817
40.2404
40.1839
40.1603
40.1875
40.192
40.1804
40.1837
40.3339
40.1862
40.1669
40.1836
40.1854
40.1774
40.1642
40.1624
40.1845
40.1513
40.1603
40.1611
40.1896
40.2451
40.1453
40.1794
40.1609
40.1799
40.1911
40.178
40.4726
40.1712
40.1856
40.1881
40.1875
40.1593
40.1844
40.1658
40.1852
40.1897
40.1898
40.1727
40.1847
40.236
40.1482
40.1809
40.2278
40.2857
40.1907
40.1782
40.322
40.1764
40.1727
40.1548
40.1975
40.1756
40.2137
40.196
40.1875
40.1817
40.2039
40.1809
40.1901
40.2817
40.1754
40.1836
40.1847
40.1805
40.175
40.1761
40.2468
40.1787
40.169
40.1683
