725.737
229.447
223.77
214.483
229.186
230.748
231.033
221.729
218.983
216.986
223.652
219.364
213.971
228.404
218.98
218.44
236.718
220.675
229.932
231.791
215.677
220.323
218.498
228.744
223.774
216.496
219.56
223.327
234.943
219.58
225.273
216.61
223.335
217.164
221.982
223.638
225.845
225.959
238.179
230.429
232.368
221.418
218.55
216.978
221.224
224.459
229.941
215.902
227.936
227.534
219.267
218.84
225.574
226.363
218.837
222.479
227.465
227.506
230.253
218.471
225.75
226.984
220.254
218.603
226.627
221.902
233.561
215.622
221.991
218.766
224.265
219.081
219.663
222.349
217.443
222.504
225.046
229.883
217.319
226.159
225.898
221.826
234.01
222.051
215.544
220.2
220.375
229.526
225.731
219.95
220.09
214.226
224.728
218.827
222.489
217.968
214.751
231.056
228.417
217.539
