9.49981
8.87654
8.39187
8.42096
8.2625
9.84086
8.54976
8.86218
8.31382
8.34694
8.2513
8.39267
8.59034
8.50208
8.67891
8.62675
8.52403
8.59264
8.6489
8.69856
8.50003
8.71066
9.20157
8.49581
8.51888
8.55677
8.53181
8.42432
9.13971
8.93158
9.2399
8.76384
11.5897
8.72038
8.59331
8.17811
8.30045
8.5641
8.18992
8.20598
8.11344
8.73267
8.21066
8.37258
8.45197
8.25667
8.16333
8.35715
8.29235
8.33178
8.34224
8.0663
8.13174
8.16954
8.61715
8.31069
8.06704
8.25546
8.31078
8.22454
8.37766
8.2512
8.28157
8.72963
8.3504
8.32848
8.23539
8.4176
8.93978
8.81555
8.44835
8.28963
8.15933
8.50093
8.21005
8.28192
8.7912
8.63581
8.87552
8.20224
8.90704
8.20035
8.26461
8.16467
8.34192
9.03088
8.61123
9.01987
8.56237
8.42784
8.69299
8.3456
8.1968
8.68618
8.10118
8.13206
8.12342
8.12282
8.26544
9.38291
