496.788
301.038
143.204
150.483
144.148
278.932
142.995
140.883
146.731
235.369
139.678
144.402
144.307
140.788
231.501
139.488
142.446
143.715
140.854
142.163
137.752
140.002
141.339
139.624
138.197
136.803
136.689
138.281
145.695
139.491
137.382
143.176
141.172
140.533
140.13
139.464
137.438
138.423
138.063
139.46
139.918
137.737
141.17
139.173
139.076
149.16
137.463
142.252
144.187
139.044
139.139
139.991
140.625
143.267
140.316
142.987
135.707
138.889
142.262
140.821
147.294
138.267
145.283
141.499
144.091
138.713
136.127
137.136
141.313
139.597
141.378
139.097
266.767
140.384
138.876
135.467
136.337
142.388
144.773
141.719
139.426
138.177
140.11
138.755
138.677
141.904
137.367
138.814
139.037
137.515
141.138
140.689
141.721
136.408
138.05
140.671
143.119
140.243
138.82
140.68
