145.269
142.856
139.757
141.82
142.335
141.345
141.89
141.64
142.098
142.646
140.738
141.792
137.061
142.607
137.772
141.754
139.003
140.823
137.194
143.197
139.606
141.326
141.248
142.147
138.83
142.945
139.161
142.259
122.098
144.292
140.599
142.122
137.317
139.113
141.679
139.636
139.589
141.697
142.646
141.232
141.439
141.473
141.469
141.57
140.68
140.788
141.153
141.457
141.355
142.149
141.007
120.926
140.52
140.313
141.502
141.271
141.894
140.49
143.098
141.75
141.426
142.705
141.797
142.061
142.346
141.192
141.534
141.762
142.231
142.28
141.799
142.176
143.695
141.959
141.908
143.659
141.248
142.562
142.074
140.149
141.61
141.663
141.237
141.458
138.057
141.071
142.052
142.761
139.878
142.781
140.793
141.878
141.475
142.855
143.526
141.796
141.861
141.228
141.751
141.782
