558.359
118.062
91.4414
79.5191
89.1855
67.2906
66.0861
68.2458
70.1397
71.9039
73.6346
76.6022
82.6433
53.9463
75.2788
45.8014
72.0596
72.0425
54.4128
77.8825
81.4916
73.477
79.2888
69.7754
91.0746
86.9116
62.4508
73.6059
113.581
92.1566
81.6681
67.9235
73.4997
59.7417
55.2297
79.4434
77.3057
74.1804
72.447
76.2568
87.2386
73.3465
87.4332
82.5993
82.5369
78.2872
51.1192
97.1574
69.5441
70.9507
90.3059
72.3909
73.0076
71.0346
45.0273
51.8062
71.6888
87.7416
87.4095
75.8155
56.9969
52.964
78.3853
77.9734
58.5962
85.022
66.2721
65.7513
90.9343
76.9305
73.7566
85.3493
89.4047
93.2463
96.2422
65.8226
79.7095
84.5395
72.6935
86.1962
80.2071
86.689
80.2427
81.4291
56.2687
47.6871
39.7005
68.8824
89.4174
73.5044
79.3247
90.7717
52.9301
86.9342
74.04
84.8809
76.4798
82.4313
75.9198
91.011
