270.321
138.229
139.141
153.06
26.9203
30.1166
141.748
41.8024
37.971
137.711
136.201
152.871
140.643
158.183
31.1367
28.5011
28.0853
164.278
28.5351
26.792
139.444
136.432
42.7653
140.176
26.1811
134.72
137.507
29.2725
31.3603
27.9722
145.611
138.115
26.9918
38.982
27.7687
139.004
28.7566
27.9958
150.527
139.257
26.9392
138.492
26.8455
156.906
26.351
151.48
156.482
142.493
27.829
27.5159
148.576
27.0145
27.854
29.097
28.5785
27.6762
145.244
26.8426
28.1429
27.0266
27.0849
29.9076
27.5461
29.8378
147.733
29.4812
26.7659
26.3772
27.4921
27.557
26.516
28.8583
27.2223
28.0547
27.9469
28.1349
42.0822
40.2229
27.1963
27.6657
27.1521
28.1123
141.274
26.8377
29.6833
27.5177
26.2373
28.6172
141.327
27.2613
25.9762
142.457
26.8584
40.9829
27.6934
26.9346
141.092
26.7332
26.3364
27.516
