3.75044
3.00592
2.99194
3.63406
2.94432
2.94346
2.96585
2.95491
3.80477
2.92121
3.12201
3.238
2.94909
2.96847
2.98384
2.96739
3.07375
2.93811
2.95348
2.94582
2.96969
2.98696
2.99076
3.77349
2.96094
2.93994
3.73806
2.93925
2.94349
2.94098
2.87757
2.93044
3.15191
2.88168
2.87872
2.88578
2.93065
2.93884
2.88205
2.93766
2.94011
2.94445
2.93663
2.85029
2.9656
2.93391
2.95044
2.87252
2.9156
2.97403
2.93085
2.9304
2.93626
2.92137
2.95159
2.88197
2.88418
2.87509
2.93654
2.92089
2.92199
2.92553
2.93308
2.93014
2.93629
3.62591
2.94586
2.9291
2.87804
3.30831
2.93245
2.94568
2.96344
2.94169
2.94634
2.93742
2.93673
2.93622
2.9287
2.94384
2.94301
2.9301
2.9209
2.92974
2.95371
2.94564
2.94017
2.93476
3.01826
2.88046
2.97761
2.94536
2.95407
2.94537
2.92757
2.92799
2.925
2.94365
2.92132
3.06787
