3.87868
3.33852
3.15988
3.08596
3.47456
3.1869
3.16728
3.07045
3.0606
3.20433
3.06302
3.04949
3.20295
3.08171
3.1033
3.06055
3.04297
3.17316
3.08578
3.06889
3.05372
3.04845
3.05506
3.04782
3.03465
3.03188
3.0448
3.0835
3.15184
3.04222
3.05054
3.04667
3.05972
3.08054
3.07548
3.06194
3.13366
3.0574
3.049
3.18848
3.06485
3.07373
3.05967
3.0834
3.06073
3.05772
3.05863
3.05414
3.04387
3.06299
3.05969
3.06964
3.07103
3.07843
3.06261
3.06645
3.06587
3.06615
3.02791
3.07321
3.03722
3.18263
3.05682
3.0791
3.02684
3.11848
3.06953
3.06122
3.05781
3.06729
3.06
3.06656
3.08593
3.09627
3.06406
3.04437
3.07096
3.03994
3.0632
3.06997
3.06474
3.06397
3.05907
3.09423
3.111
3.06005
3.04578
3.06928
3.05809
3.06052
3.05756
3.04831
3.04918
3.06958
3.13425
3.13235
3.06818
3.09169
3.07599
3.05396
