6.06602
4.49473
4.54325
4.54122
4.48297
4.56292
4.50898
4.42723
4.64327
4.48723
4.45493
4.5624
4.45344
4.44107
7.20745
4.41433
4.4566
4.38841
4.49668
4.45035
4.53998
4.4429
4.6122
4.4394
4.51142
4.4681
4.48544
4.49066
4.45478
4.4562
4.61718
4.50487
4.4876
4.38012
4.47758
4.44386
4.49466
4.43422
4.53259
4.42735
4.45181
4.42152
4.55695
4.57862
4.46516
4.5505
4.4541
4.44898
4.45376
4.41766
4.4471
4.53371
4.4444
4.53093
4.44202
4.36914
4.44499
4.42634
4.46275
4.53161
4.56058
4.45981
4.46536
4.44345
4.51216
4.45629
4.51558
4.47352
4.45798
4.42797
4.45102
4.44623
4.5151
4.44428
4.44019
4.49896
4.44849
4.40376
4.52631
4.49915
4.49336
4.36943
4.5193
4.51363
4.50997
4.46527
4.47975
4.47306
4.42245
4.50124
4.49612
4.48245
4.68227
4.45221
4.49046
4.44081
4.64814
7.29664
4.51544
4.44577
