439.688
103.739
93.4636
88.6637
90.7291
101.615
95.1865
90.131
87.1343
114.724
103.529
99.9268
102.516
90.9329
102.875
108.273
90.5486
88.3394
116.718
109.958
92.1544
123.71
112.456
121.437
93.2788
147.002
87.4232
87.9848
84.5747
90.2408
107.996
88.1147
86.5965
84.3755
88.2809
89.4607
90.2262
86.6414
88.682
91.8047
90.9287
90.4985
87.7697
86.4636
90.7805
89.2734
108.102
87.3275
93.2016
87.8115
86.1726
89.0664
86.144
89.738
88.3125
88.3774
87.8485
86.1108
85.9782
93.0279
105.095
92.0317
95.0514
101.539
91.0956
89.8046
97.0548
85.8783
86.9763
92.0426
87.2379
87.0097
95.3091
90.3252
92.7742
86.3837
90.6952
87.6441
85.7522
88.9142
88.9267
86.0754
104.118
119.325
91.9551
90.5985
93.4848
88.0466
86.9399
108.056
101.012
107.09
88.5084
85.5843
86.063
120.914
89.7757
105.296
116.584
92.4416
