620.409
221.588
218.827
230.519
226.195
221.281
218.645
220.555
233.622
225.629
220.243
228.39
220.061
230.58
219.809
218.788
218.804
222.251
222.881
229.139
215.094
221.782
224.505
222.767
222.488
224.054
224.689
215.793
219.769
222.704
230.317
228.966
214.652
218.291
218.795
218.267
218.637
226.443
230.273
218.432
225.18
229.615
215.755
227.198
216.278
221.433
222.07
235.616
236.783
219.991
231.422
222.25
228.609
223.871
217.759
221.386
219.068
221.799
218.739
227.007
223.694
221.349
218.886
218.974
219.552
231.203
226.548
224.258
220.946
228.437
220.603
223.721
221.448
225.678
228.835
223.988
221.753
218.829
224.139
228.393
226.655
226.342
220.593
228.128
220.009
227.058
219.526
217.641
216.842
230.591
223.909
219.256
214.791
222.277
230.655
227.382
224.549
221.779
232.038
224.54
