433.955
75.3376
54.8876
55.3547
57.5981
51.3503
50.682
48.6426
49.6224
66.3855
55.8149
53.2506
50.4693
48.1547
46.8675
52.4823
48.0672
48.5354
48.4451
52.8808
50.8765
48.0507
47.5237
47.5336
47.9448
47.7514
48.1297
48.5391
48.5175
78.2545
65.6169
52.447
51.3585
47.3215
46.9908
47.7974
47.7493
48.5757
47.3165
66.8173
52.093
49.2825
49.3282
47.054
51.4725
48.0297
52.4202
52.3874
50.7803
215.541
53.61
49.4614
47.7812
48.0239
48.2242
48.3081
49.5916
66.4023
47.9607
48.1263
48.7588
52.3812
51.6146
47.885
48.5513
48.1177
69.7809
81.1785
50.6998
48.1988
47.9918
47.8742
48.8224
47.9656
47.4653
48.0994
66.9072
54.6637
47.6129
48.666
47.9292
48.2312
55.9631
64.6088
49.5258
67.6015
68.8827
65.9448
48.4756
48.7848
49.6168
48.3307
53.1546
48.1785
49.2518
66.0557
64.9441
47.5986
50.3402
47.6045
