446.078
81.8717
84.3026
86.9735
82.4395
81.449
90.4856
81.6686
92.4656
77.7201
78.7666
76.4042
85.1162
79.7623
77.2287
81.5054
77.0961
76.2469
76.693
77.5722
90.7865
82.5412
76.2473
76.7153
77.5496
82.9197
77.0121
84.4795
76.9169
76.7623
83.5286
76.9167
78.321
77.3731
81.8141
87.7029
77.0408
77.0604
76.5851
79.9306
77.057
76.4156
84.0002
83.2153
78.9784
78.3435
82.1264
76.4009
78.2721
81.5272
82.2832
77.1485
84.2357
79.7063
84.4642
81.0842
81.6867
81.9094
76.941
78.532
76.9682
79.4729
77.2983
79.6601
79.9196
87.2642
76.4053
76.1807
77.5183
77.0743
79.3981
77.4661
79.3602
79.0665
84.9458
78.7543
76.6284
76.5604
80.0705
84.0241
82.3514
76.1032
77.0759
76.959
77.0068
87.438
82.9813
81.4371
76.3889
78.7483
76.9405
77.0347
76.234
77.8499
77.8029
77.173
77.1107
77.1923
76.6484
76.5361
