634.752
288.581
280.209
276.862
280.706
280.811
279.908
283.755
285.062
280.231
275.643
276.317
276.354
288.618
277.369
275.926
278.556
276.926
278.223
279.431
284.912
279.333
277.21
296.036
277.022
276.593
275.675
281.879
276.501
279.925
285.048
281.769
276.473
276.198
279.74
279.33
285.22
279.429
282.693
278.772
279.58
275.064
276.696
281.801
274.457
280.838
284.98
277.666
276.474
285.912
281.63
278.445
285.396
275.553
275.234
284.88
287.185
276.282
288.787
274.856
278.922
286.613
276.634
277.615
291.409
276.154
287.691
279.218
277
287.49
281.785
279.235
278.497
278.911
284.16
280.72
279.858
281.327
280.296
276.856
288.951
289.544
279.495
275.483
277.886
277.286
278.586
283.711
279.076
276.924
274.724
278.664
285.656
295.117
272.091
279.208
275.172
276.545
286.048
277.535
