7799.34
6509.72
7516.35
7815.04
8302.44
8239.06
7771.69
7612.84
6918.67
6730.41
6515.21
6160.22
6328.32
5828.82
5656.3
5954.04
5860.69
6069.98
5809.08
5798.29
5793.62
5822.29
6347.27
5609.03
5807.94
5859.69
5798.49
5950.14
5785.79
5780.72
5652.58
5652.94
5783.57
5913.86
5798.08
5894.16
5962.49
5800.56
5931.01
5587.68
5777.46
5823.65
5831.49
5890.79
5649.25
5788.1
5840.01
5774.74
5847.06
5815.61
5867.29
5847.8
5701.97
5610.18
5583.1
5694.6
5882.18
5806.7
6161.87
5878.61
5913.23
5909.4
5781.17
5593.99
5744.49
5716.08
5825.76
5795.85
5713.71
5651.07
5773.5
5925.81
6209.95
6270.08
6215.19
6164.68
6198.41
6227.74
6124.72
6802.04
6035.19
5827.29
6148.8
5910.68
6007.23
5957.45
5932.13
5939.3
5771.53
5670.82
5875.15
5834.1
5888.25
6462.68
5826.54
6405.91
5589.5
5698.46
5823.12
5842.74
