10.1315
9.69087
8.89924
8.90428
8.87971
8.92546
9.87519
11.3319
8.84215
9.68766
9.05592
8.8654
8.86722
11.7502
11.6974
8.90248
8.95413
8.90357
8.94835
10.0928
10.1655
8.94043
9.11828
8.9497
8.96346
10.2193
10.16
9.70787
9.00492
8.95961
9.04367
8.98943
10.2169
10.3664
8.96557
8.93127
8.92858
8.87113
10.3778
10.4126
8.9504
9.05132
9.06228
9.32952
8.90754
10.4334
10.57
8.91854
9.52195
9.94146
9.02322
10.5233
12.114
8.97055
9.1482
8.96669
8.97512
10.624
10.572
8.93348
8.9523
8.94389
9.08541
8.9295
10.6032
10.6778
8.97071
9.07355
9.00458
10.1772
10.863
10.6245
8.91811
9.08908
9.02557
9.00273
8.96276
12.2591
10.8486
9.89395
9.02239
9.02441
9.01847
10.8702
10.8305
8.96732
9.14732
9.00302
8.94788
10.9388
12.4918
9.11248
9.00502
9.13782
9.05506
8.97991
11.0279
11.1404
8.93757
9.05485
