85.5767
68.6555
64.4136
61.9339
61.4438
60.0323
62.9359
62.6171
60.7684
61.8624
63.6609
63.0964
64.7674
62.6208
64.2059
65.3517
63.3508
64.7266
61.857
61.8664
63.3652
64.2857
63.1471
60.3253
61.55
103.52
72.9738
66.4526
63.3858
60.3223
62.0821
60.6066
63.6309
63.4664
62.5433
64.0056
64.3912
60.5233
60.7268
61.8202
63.7666
61.526
62.4887
63.3579
62.9873
61.5081
62.1404
62.504
62.0748
62.0617
60.6028
83.5068
69.9193
63.0655
62.3484
63.3853
62.5101
62.4724
63.4332
62.0956
60.6819
60.9821
61.6068
62.1113
62.8737
61.3065
62.0222
61.4674
61.9249
62.3011
62.4923
62.1102
63.4593
61.3948
61.1133
60.6226
95.3896
88.3187
69.3103
64.1392
63.4439
61.1827
62.9426
61.9795
61.7834
62.9404
63.0064
62.4696
61.2472
61.5083
62.1167
62.5812
63.8337
62.84
62.5215
63.1186
63.5904
61.2208
62.4216
61.1708
