137.307
82.1403
3.29254
3.42994
3.32832
3.37953
3.44856
3.39426
4.15229
3.5063
3.75625
3.90994
3.48773
3.4557
3.56158
3.54167
3.50068
3.63461
3.52098
3.50395
3.40058
3.51048
3.39288
3.39459
3.97582
3.37529
3.44804
3.55584
3.39865
3.3187
3.60874
3.40328
3.79862
3.5923
3.49396
3.4418
3.32167
3.44841
3.29565
3.51316
3.59196
3.34114
3.60362
3.50749
3.45014
3.55685
3.34926
3.45099
3.43942
3.4703
3.40703
3.51078
3.49331
3.52032
3.47004
3.85992
3.48545
3.54375
3.50401
3.51896
3.41136
3.38862
3.33921
3.54583
3.52884
3.33937
3.55183
3.45385
3.6929
3.93833
3.61809
3.5533
3.52166
3.51238
3.52811
3.60548
3.49849
3.55896
3.60225
3.59386
3.56397
3.6205
3.5505
3.57234
3.57357
3.43066
3.7704
3.43305
3.44793
3.43318
3.44761
3.41482
3.44631
3.49678
3.44722
3.50645
3.36123
3.33756
3.50549
3.42786
