224.152
224.363
224.705
224.481
224.26
224.034
223.75
223.917
223.621
223.686
223.949
223.693
223.717
223.931
223.999
223.884
223.786
223.65
223.739
223.956
223.767
223.463
223.9
223.92
223.784
223.938
223.653
223.809
223.561
223.513
223.762
223.831
223.616
223.626
223.601
223.822
223.663
223.634
223.682
223.645
223.752
223.542
223.492
223.563
223.806
223.622
224.132
224
223.815
224.181
223.845
223.859
224.095
223.961
223.6
223.81
223.94
223.747
223.565
223.612
223.849
223.734
223.654
224.05
223.418
223.899
224.171
223.743
223.733
223.611
223.95
223.638
223.585
223.813
223.55
223.754
223.996
223.835
223.968
223.796
223.965
223.483
223.524
223.963
223.821
223.756
223.828
223.54
223.866
223.739
223.756
223.807
223.685
223.791
224.03
223.714
223.483
223.814
223.734
223.629
