90.8575
39.4691
32.4688
31.4952
32.17
32.3734
31.1299
8.78555
11.9496
31.1588
8.78283
31.5365
8.78444
8.78619
8.78165
8.78232
8.78849
8.77991
8.77597
8.78941
8.77637
8.79016
8.78698
8.78646
8.78892
8.78654
8.73899
8.75861
8.7669
8.75378
8.73319
8.79178
8.78675
8.78817
8.78817
8.75786
84.7169
8.79203
8.7866
8.78694
8.79271
8.76941
8.78598
8.78723
8.79038
8.78933
8.78851
8.76147
8.78857
8.78846
8.81605
8.7873
8.7884
8.79217
8.79349
8.74493
8.78977
8.78684
76.5704
8.77797
8.79087
8.62957
8.79047
8.78653
8.78843
8.75808
8.78097
8.789
8.78894
8.75908
8.79055
8.79067
8.7905
8.79018
8.77971
8.78927
8.79195
8.77787
8.79134
8.77949
8.78943
8.76887
8.79281
8.79465
8.79121
8.74624
8.78759
8.78135
8.791
8.79087
8.78588
8.7918
8.786
8.78985
8.79335
8.77163
8.78242
8.77201
8.78819
8.78973
