756.705
182.785
183.97
112.011
67.1555
140.698
80.9569
70.0947
65.9439
71.5653
89.813
90.2354
84.1065
177.325
297.984
114.432
86.9985
90.5208
66.7608
73.3885
68.1138
69.0523
93.3324
80.346
82.9337
79.607
89.0224
78.8875
71.4132
66.7943
80.4209
76.0449
74.9749
93.8089
93.4082
88.2013
78.8458
87.9754
92.7691
85.2854
80
90.165
96.1846
90.8403
85.0158
106.711
88.4096
76.0857
81.6758
65.1763
327.033
90.2423
91.2294
90.3458
92.8677
65.7606
89.0666
65.4311
95.7284
84.496
65.5766
69.0612
77.2972
93.1091
88.3064
88.8508
95.7424
88.643
84.8552
64.4725
69.8832
68.9148
80.0248
86.5952
71.6184
66.909
67.5652
65.2142
66.2227
89.133
85.7414
90.5001
78.1739
88.9715
64.2334
71.3201
71.7929
89.1877
94.7886
89.1873
66.7949
85.0657
72.904
68.5249
90.2203
73.3252
79.916
66.8576
87.8916
84.4207
