572.24
151.07
150.887
28.8862
124.843
30.3253
28.8172
28.5091
167.669
106.247
106.11
110.356
26.0952
105.084
26.0036
105.5
25.8506
26.0251
26.1039
26.0541
26.1296
150.816
29.1502
149.034
25.63
28.6918
106.047
25.6757
25.8326
25.4996
26.0889
105.382
27.8019
26.257
104.781
28.718
26.4578
27.1837
26.0077
26.0479
105.492
26.1126
149.689
26.0145
28.1103
104.771
104.897
107.549
25.7216
25.715
26.0225
25.6099
105.307
25.71
25.8219
110.016
25.9828
25.4844
28.2024
27.2407
28.8994
26.0256
106.469
106.135
25.7357
105.17
24.9983
25.2272
25.0094
25.1867
25.0914
24.8539
24.2482
24.0751
24.1149
23.909
24.1318
23.7814
23.6773
23.7156
23.8884
23.634
23.3563
23.6545
24.7091
26.992
25.7829
26.6002
23.4867
23.9449
25.6912
26.005
23.4124
24.0537
23.5547
24.1056
23.3287
24.3261
23.6112
23.9694
