559.014
83.9163
83.2366
102.933
86.0761
83.5363
91.9028
81.7378
84.8347
82.9773
89.5835
83.4568
83.3322
81.7536
82.8631
81.443
82.7674
82.7541
83.3128
84.2655
85.52
82.3209
85.651
83.2449
81.6506
82.6607
82.8158
83.6584
82.8794
82.4979
83.0484
81.92
81.5291
84.0768
82.0811
82.4391
82.6992
81.8618
82.7201
81.7487
82.5354
81.9497
82.9324
91.6015
82.6757
83.5093
83.0363
83.8764
82.3573
81.1335
82.6227
83.1435
83.5437
84.4914
81.6965
82.481
84.6862
81.6265
82.7765
84.005
82.232
82.2139
85.083
85.6132
82.4681
82.4501
82.1254
81.0254
80.9945
82.5149
81.1773
81.9749
81.9615
83.3585
84.7603
82.6484
85.7963
82.5709
81.9701
82.7852
81.6758
81.7793
83.3168
83.1799
81.2176
84.7584
82.2162
82.7154
82.7624
81.6211
83.0208
82.6068
82.3316
81.6295
82.5439
83.9153
83.2516
82.3366
81.5622
82.6481
