1497.88
1158.45
1142.12
1150.64
1140.11
1176.43
1138.46
1138.9
1152.58
1149.52
1137.95
1160.82
1143.01
1137.1
1140.13
1144.37
1144.88
1139.45
1146.34
1144.63
1139.85
1135.44
1146.61
1150.69
1145.95
1140.02
1140.19
1145.7
1139.51
1137.92
1183.65
1129.35
1142.72
1137.17
1128.58
1136.17
1143.86
1143.74
1142.98
1129.66
1129.3
1137.57
1141.26
1145.13
1137.76
1138.63
1143.42
1143.56
1138.65
1137.51
1158.5
1145.24
1144.89
1139.34
1146.36
1147.37
1137.72
1141.53
1135.41
1159.32
1141.63
1137.7
1161.81
1147.39
1137.16
1143.75
1179.49
1141.27
1141.01
1145.25
1145.91
1139.88
1132.7
1145.24
1146.25
1154.47
1139.74
1143.51
1146.2
1141.88
1170.34
1147.32
1151.35
1135.41
1143.53
1147.93
1139.67
1143.62
1139.1
1146.9
1140.03
1134.84
1149.07
1130.94
1146.23
1143.18
1143.21
1179.8
1138.5
1140.39
