40.8459
40.4207
40.268
40.245
40.798
40.2737
40.219
40.2443
40.3178
40.3953
40.2469
40.2343
40.3966
40.2836
40.3194
40.2349
40.2456
40.2599
40.1574
40.2515
40.2625
40.3073
40.2392
40.2502
40.2344
40.2338
40.246
40.2564
40.2442
40.241
40.2282
40.2402
40.2395
40.243
40.2962
40.2249
40.2499
40.2436
40.2482
40.2403
40.2569
40.3697
40.2338
40.2513
40.2469
40.2299
40.2125
40.2495
40.3366
40.2408
40.246
40.2354
40.2489
40.2446
40.3168
40.2617
40.2684
40.2311
40.2658
40.2268
40.2533
40.5165
40.2614
40.2347
40.2294
40.273
40.2523
40.2514
40.2266
40.3177
40.2256
40.2475
40.2431
40.2413
40.3005
40.2338
40.2469
40.235
40.2542
40.2762
40.2545
40.4262
40.2852
40.2515
40.274
40.2663
40.2534
40.2772
40.2508
40.262
40.2307
40.2377
40.2348
40.2617
40.292
40.2518
40.2497
40.2687
40.2398
40.2491
