83.0805
89.478
85.0739
88.5014
84.8483
84.8004
90.4395
84.1078
83.523
85.4857
84.0095
83.661
83.7815
85.0408
83.821
84.2779
84.6597
83.4522
83.8262
84.7156
84.159
85.8722
83.898
86.0411
91.786
90.3984
89.8134
84.254
87.4973
83.4054
83.5197
87.3858
83.9506
83.8468
86.0041
83.8799
83.8321
84.8747
83.7461
85.3778
85.0927
83.7495
83.8762
89.0135
86.4896
83.8357
86.0395
83.838
85.7129
84.0181
84.762
84.4237
83.7491
83.5567
87.5059
83.8215
87.0205
84.2272
85.2963
83.7942
84.8837
84.3336
83.9279
86.4482
87.3022
83.8603
83.61
86.0733
84.4029
83.8597
85.2873
84.2666
85.5662
85.4159
83.9664
84.4201
83.448
84.3092
83.987
83.6982
83.3186
87.5767
84.463
90.3316
83.8855
83.9185
88.3017
83.8435
83.7278
86.9011
83.816
83.9964
85.5957
84.5395
83.7473
85.4743
83.8061
86.402
95.4595
88.8435
