5.68953
3.47593
3.41551
3.74275
3.46797
3.48585
3.69128
3.43195
6.61733
4.94572
6.73943
6.67757
3.38206
3.39198
3.38661
3.38912
3.3841
3.49719
3.40999
3.39436
3.39296
3.47984
10.5882
9.85942
9.29895
3.45177
6.83975
3.51236
3.46372
9.29909
3.61741
3.45348
3.5421
3.43884
3.40112
3.66584
3.47841
3.43482
3.48756
3.39098
9.81761
7.68962
5.67987
7.45074
5.71006
5.87339
5.73368
9.48078
5.93283
7.06884
3.48971
3.43177
3.45287
3.45648
6.64919
3.37554
3.42098
3.44071
3.38132
3.4692
3.43362
3.46283
4.19902
3.42501
6.83154
3.4415
3.50978
3.38178
3.3904
3.46211
3.37191
3.38398
3.40643
3.44098
10.197
3.42736
3.40404
3.4228
3.46309
3.38385
3.4093
3.4048
3.55884
3.38247
3.50652
6.70968
6.76069
3.43685
3.43811
3.48536
3.44281
3.46153
3.4071
3.62498
3.48908
3.4365
3.39318
6.69478
7.04364
3.53569
