499.589
176.783
177.422
183.983
171.027
171.843
169.573
170.179
164.311
164.471
172.979
170.862
164.735
167.834
171.069
168.619
175.322
186.122
196.965
193.652
182.354
166.486
164.663
165.092
198.465
167.099
164.685
164.262
166.631
169.733
169.274
171.282
169.362
168.514
167.266
172.445
163.343
164.485
162.633
169.78
167.564
166.344
173.624
171.971
169.749
963.295
175.747
167.542
169.934
164.298
164.739
161.588
167.367
167.621
167.753
170.674
176.656
457.402
163.545
161.727
168.852
166.192
164.745
163.716
160.327
181.365
170.257
966.166
159.557
161.247
168.582
162.117
161.738
160.487
158.623
159.09
160.378
179.43
773.327
157.461
154.642
165.772
160.819
162.812
156.272
155.657
157.648
165.872
169.052
170.607
169.868
522.679
157.519
158.901
158.866
160.273
154.41
154.027
156.538
202.045
