40.7699
40.0948
40.077
40.0994
40.0388
40.0467
40.066
40.0978
41.0047
40.0841
40.1149
40.38
40.0883
40.0717
40.0977
40.1188
40.0947
40.1121
40.1141
40.2922
40.0362
40.3512
40.0807
40.1285
40.0397
40.0802
40.0482
40.0457
40.4835
40.0235
40.0737
40.1022
40.346
40.0924
40.4965
40.0595
40.0828
40.5111
40.0803
40.1033
40.4804
40.4995
40.1395
40.1223
40.0807
40.0427
40.0811
40.0774
40.0698
40.1037
40.0946
40.0848
40.1084
40.5164
40.1779
40.1068
40.0987
40.077
40.3541
40.0902
40.0744
40.4826
40.1455
40.4819
40.0623
40.0602
40.0429
40.092
40.0809
40.0821
40.0824
40.0893
40.1576
40.9118
40.4756
40.3656
40.0994
40.1326
40.0987
40.4939
40.0822
40.0849
40.0728
40.1374
40.0607
40.0622
40.1064
40.0821
40.027
40.0494
40.0927
40.0952
40.0897
40.035
40.082
40.1544
40.1373
40.1517
40.5168
40.5911
