622.361
207.767
184.338
132.521
185.786
132.234
132.413
129.115
131.743
136.11
130.986
134.757
131.804
131.321
130.551
132.278
131.446
135.994
133.822
129.766
134.244
200.055
131.172
130.82
132.801
127.504
131.494
129.686
132.225
130.881
132.797
128.888
132.039
156.376
132.902
134.171
130.921
132.651
128.564
132.755
134.343
133.048
132.298
128.635
134.18
129.485
134.421
131.571
131.581
131.388
130.979
129.268
129.666
130.45
131.657
130.705
131.716
129.33
129.121
137.922
129.498
128.995
135.889
132.116
129.873
133.039
130.462
132.946
208.72
133
128.923
129.064
129.493
132.34
130.51
130.732
130.382
131.491
130.041
132.466
132.207
130.93
132.98
130.847
131.533
132.024
130.666
130.947
198.02
129.489
131.466
130.656
133.114
132.053
130.36
133.795
129.79
131.368
129.391
133.872
