307.454
140.082
200.322
179.434
204.19
177.651
285.499
8.16886
142.402
3.86083
7.18883
174.689
3.60243
100.849
297.323
6.29879
243.017
318.08
203.893
250.743
311.627
3.01739
2.85867
182.528
179.635
107.053
7.03318
8.84771
319.446
178.561
6.78531
4.45889
120.744
2.30829
7.56647
7.17553
6.05874
7.8163
3.23182
9.01061
8.09716
3.06663
7.42338
3.43325
2.95529
2.81186
7.61878
3.11523
6.57882
2.8537
2.66761
8.6783
5.60924
2.98994
7.78361
100.19
2.33643
5.17535
104.878
2.08922
166.455
181.062
169.614
88.5179
87.7409
7.45746
6.9469
11.645
4.73369
166.592
3.68223
4.10926
7.20201
7.65139
5.27511
2.50757
2.40027
6.46354
7.96439
12.4903
6.05269
7.41513
3.28782
2.86972
2.61662
2.31101
2.50114
2.52968
2.35142
2.88703
4.16822
3.23623
2.50118
7.4911
8.4957
8.4097
6.23312
5.0303
4.74734
8.37648
