8.1958
9.18051
8.59447
8.63119
8.66698
9.38958
9.34799
8.3876
8.38611
8.36779
8.36377
8.31053
8.32058
8.51005
8.55921
8.43074
8.46381
8.45183
8.40378
8.38092
8.31472
8.40553
8.39656
8.31188
8.36849
8.51087
8.3975
8.37454
8.33628
8.45426
8.66492
9.97365
8.35747
9.7403
9.94957
8.78048
8.84732
9.84999
9.87813
8.37317
9.24531
8.85397
8.40342
8.29572
8.39079
8.50346
8.50485
8.37654
8.43627
8.50404
8.48194
8.48402
8.36965
8.45066
8.45057
8.43623
8.42798
8.42815
8.36365
8.40755
8.38212
9.72192
8.58377
8.45972
8.45302
10.1119
8.90553
8.86395
8.87652
10.1779
10.1964
8.44675
8.35726
8.51104
8.39481
8.40118
8.43269
8.49322
8.56157
8.42187
8.48139
8.52125
8.51486
8.32442
8.31618
8.55582
8.50826
8.50673
8.37427
8.47974
8.44143
8.41026
8.40962
8.52077
8.52941
8.86064
8.40082
10.3705
8.72098
8.77242
