136.853
45.0572
76.0286
7.33635
7.4689
7.65302
8.35351
7.60117
8.02257
7.59914
7.7267
65.6279
7.41545
7.84442
7.89499
7.91832
7.42236
7.88857
7.92731
7.87745
7.90337
7.92536
7.47532
7.90759
7.93151
8.02875
7.51232
7.47778
7.34489
7.47074
7.41819
7.86723
8.45352
7.63778
7.56731
7.4214
7.87017
7.55788
7.47365
7.92608
7.51522
7.9115
7.53145
7.57515
7.42599
7.5655
7.9253
7.91976
7.9262
7.90016
7.90973
7.89702
7.87607
7.93054
8.00606
8.31541
7.99584
7.51198
7.42517
7.8956
7.42993
7.55891
7.58907
7.48651
7.90343
7.88093
7.90182
7.9165
8.29819
7.94833
7.8803
7.97842
7.89665
7.90185
7.86968
7.98626
7.61508
7.89386
7.41856
7.52955
7.62392
7.56428
7.45811
7.49873
7.5655
7.89482
7.48164
7.49672
7.96587
7.79441
7.379
7.88401
7.86858
7.86644
7.93939
7.39546
7.96478
7.86759
8.04896
7.9084
