110.846
105.379
104.377
104.238
105.434
104.367
104.164
107.885
107.935
106.482
104.239
106.284
104.565
104.302
104.224
104.196
104.626
104.644
104.312
104.256
104.264
104.309
104.213
104.369
104.281
104.165
104.241
104.275
104.305
104.569
105.122
104.548
104.3
104.458
104.3
104.364
104.349
104.237
104.285
104.28
104.276
104.32
104.213
104.383
104.634
104.647
105.213
104.607
104.38
104.645
104.893
104.335
104.223
104.419
104.328
104.583
104.343
104.206
104.34
104.258
104.397
104.239
104.233
104.539
104.226
104.239
104.256
104.221
104.218
104.187
104.272
104.338
104.587
104.411
104.178
104.394
104.302
104.257
104.305
104.184
104.266
104.412
104.189
104.791
104.118
104.218
104.324
104.225
104.231
104.377
104.253
104.234
104.307
104.19
104.451
104.219
104.209
104.248
104.318
104.229
