100.762
100.231
100.236
100.237
100.263
100.329
100.306
100.402
100.294
100.253
100.288
100.235
100.25
100.245
100.25
100.229
100.279
100.251
100.219
100.213
100.214
100.225
100.216
100.224
100.537
100.247
100.232
100.272
100.211
100.228
100.212
100.224
100.236
100.223
100.224
100.227
100.231
100.243
100.221
100.225
100.234
100.296
100.212
100.227
100.227
100.231
100.241
100.306
100.254
100.231
100.244
100.221
100.253
100.261
100.228
100.214
100.235
100.224
100.246
100.29
100.271
100.226
100.216
100.254
100.386
100.325
100.259
100.248
100.29
100.277
100.284
100.264
100.38
100.24
100.235
100.32
100.219
100.234
100.229
100.247
100.253
100.207
100.311
100.475
100.225
100.348
100.254
100.21
100.243
100.231
100.25
100.264
100.237
100.315
100.244
100.256
100.251
100.248
100.271
100.24
