487.331
21.6859
16.6007
16.9838
19.7467
21.5975
18.3749
18.2462
17.1229
23.4744
23.7288
19.1995
23.714
18.898
18.7848
23.1542
24.1407
20.7443
16.4161
20.1556
16.2501
15.9058
24.6088
16.2775
16.7577
16.9986
19.2969
19.7156
17.8889
17.1813
18.2652
20.4824
20.74
18.9468
18.8634
19.993
21.0345
22.4068
18.2103
17.783
19.3818
16.475
15.7641
23.3736
18.6124
21.9679
16.753
23.8532
18.6624
17.5218
19.9303
15.5699
18.3233
18.3975
17.7818
18.01
18.8272
17.6291
16.54
17.6255
16.2352
17.9248
15.8792
18.8708
18.5908
18.1126
17.9187
15.4024
18.3741
13.8137
15.5934
17.6068
17.3318
17.0807
19.2465
21.0693
15.5824
14.8729
18.1528
18.7587
18.5259
16.7805
16.1698
19.0474
19.5482
18.9401
17.6156
15.6958
14.9131
14.9306
16.4866
16.6518
17.7717
15.6076
17.2998
17.4549
28.2311
17.1965
15.6353
19.512
