10.052
8.51166
8.17134
8.86019
8.08049
8.3396
8.12044
8.53538
8.53761
8.62564
8.04899
8.34414
8.65682
8.07405
8.27663
8.1872
8.52291
8.66746
8.17204
8.52592
8.61469
8.51575
8.52448
8.51668
8.25757
8.1714
8.06903
8.57733
8.52955
8.01302
8.63318
8.55365
8.54389
8.68226
8.50998
8.07524
8.18039
8.61354
8.63551
8.51146
8.53518
8.57156
8.1748
8.52654
8.16606
8.17826
8.53897
8.15171
8.19918
8.09045
8.05829
8.18308
8.09317
8.6358
8.52032
8.47491
8.21042
8.32278
8.55094
8.12739
9.05048
8.51864
8.63699
8.55584
8.14458
8.53403
8.57557
8.23872
8.21762
8.14498
8.06953
8.23629
8.18576
8.04559
8.18709
8.50258
8.58199
8.5426
8.544
8.12954
8.53454
8.0647
8.67464
8.5137
8.51805
8.07213
8.20303
8.06571
8.22889
8.60056
8.55034
8.52895
8.26849
8.11242
8.66523
8.52321
8.38443
8.53477
8.49514
8.54326
