342.953
217.016
194.322
209.654
3.79084
141.474
3.75956
9.11294
3.63384
236.905
3.38741
3.586
9.59194
3.25788
233.278
92.3871
3.2657
3.25617
3.43333
3.15074
3.25527
6.58749
11.6316
3.71669
3.6039
8.87389
7.0132
10.5884
143.177
8.65676
13.4643
155.522
7.1096
8.30846
8.11416
9.11914
8.23761
7.68102
7.80849
7.32542
15.8646
3.78994
3.89427
9.13581
3.42644
8.05292
237.857
294.448
5.53822
7.81815
10.2719
168.866
315.631
8.82648
8.1608
4.51067
9.6591
8.55226
148.006
5.66924
9.76504
9.12913
9.44379
4.29847
3.59725
3.54299
4.00499
155.084
3.16801
3.22918
3.36349
6.73971
3.61155
7.86638
3.62202
3.99565
3.26559
3.36625
174.962
7.09901
6.53999
3.53851
4.29698
3.87794
3.25052
3.37532
3.37534
3.40305
3.29066
3.69275
3.40741
8.58832
3.25481
4.06632
3.17205
3.19442
7.76474
3.40607
3.60939
3.69386
