99.6286
60.505
33.8713
7.09423
7.40194
8.007
7.6963
6.95779
7.19214
7.83158
6.87355
7.17129
8.12953
7.14352
8.21892
7.15005
7.06672
7.23022
8.29853
7.93822
7.02093
7.14656
8.21989
7.0051
7.77947
7.41128
8.194
7.08192
7.08514
7.97517
8.22006
7.44801
7.00832
7.02286
6.91017
7.73325
8.40402
7.93634
7.19808
7.02123
7.64671
6.99887
7.19854
7.01407
8.2273
8.12321
7.81706
7.9708
8.18428
8.57881
8.01649
8.08663
7.41741
7.06497
8.18098
6.95215
8.02595
6.93333
7.08538
8.28581
7.31786
7.13278
7.08318
8.36389
6.98104
8.20435
7.54366
7.44436
6.992
7.01218
8.1468
7.4298
7.14309
7.01079
7.23979
7.09833
7.28681
8.22088
6.91842
7.07717
6.91335
6.94109
8.13203
7.96225
7.32625
7.02644
8.21586
7.84387
7.71492
8.00484
7.46626
7.05265
7.56067
7.0151
8.352
7.45466
8.38717
7.76489
7.15638
8.39533
