10.2933
8.80419
8.48394
8.63504
8.63885
8.4449
8.35875
9.02637
8.3393
8.28458
8.29274
8.0608
8.0952
8.14102
8.33107
8.09731
8.27318
8.05443
8.0839
8.51139
8.53219
8.21248
8.22842
8.13267
8.75322
8.72346
8.43603
8.52678
8.93862
8.39331
9.09146
8.89766
8.8439
8.25533
8.52509
8.42896
8.7631
7.95142
8.28112
8.55254
8.35805
8.4407
8.27574
8.09917
7.88144
7.89008
7.69162
8.61853
8.46387
8.69379
7.90918
8.49062
7.76976
7.90918
7.96029
8.71021
8.32179
7.95939
7.4624
8.06704
7.6687
8.02208
7.756
7.82957
7.74675
8.07238
8.17376
8.3665
7.8457
8.28272
8.35843
8.11539
7.91446
7.90243
7.92365
7.66586
7.86035
7.72563
7.6079
7.85514
7.7729
7.73437
8.1448
8.13824
8.09597
8.37728
8.1576
7.96029
8.03834
7.87923
8.04253
8.08928
7.67766
7.37405
7.80368
7.71885
7.53648
7.69933
7.77264
7.80666
