486.698
482.049
479.49
478.912
479.17
478.921
479.395
479.299
479.089
483.167
482.539
478.552
478.98
513.649
605.058
601.135
606.023
602.598
604.725
604.986
601.887
602.462
602.888
605.611
602.321
602.886
605.187
601.8
604.818
604.404
605.643
601.828
604.82
604.985
602.775
602.129
604.687
604.135
605.435
604.997
605.069
603.578
603.948
604.552
602.159
486.067
479.288
478.996
479.631
480.202
479.295
479.532
479.78
481.962
583.639
604.123
605.158
604.252
604.593
605.423
602.521
604.241
605.272
602.566
601.303
603.64
604.315
603.171
604.843
604.241
602.68
603.623
604.406
604.241
601.11
604.894
604.665
602.308
605.038
604.652
602.38
602.484
605.456
602.56
602.796
607.104
479.766
482.457
481.234
479.846
480.632
481.09
479.212
479.507
479.139
481.299
479.847
480.174
479.031
479.363
