698.341
255.015
202.958
162.269
156.69
153.199
156.537
151.862
152.157
153.951
151.555
151.481
210.467
151.52
153.695
152.676
151.186
152
150.708
158.695
151.284
159.166
153.415
154.968
152.322
162.565
156.665
154.44
155.101
151.691
152.459
154.105
151.954
157.605
151.622
154.157
155.117
151.219
157.042
151.349
152.486
156.241
153.799
157.978
151.981
153.581
161.767
159.464
157.143
152.514
155.539
238.442
152.267
152.476
153.458
153.643
219.928
153.158
153.476
156.728
152.781
153.942
154.85
151.665
154.536
156.348
155.658
156.336
152.044
154.355
154.328
154.498
155.095
152.563
152.308
155.814
156.387
156.927
153.587
153.932
153.39
153.574
153.216
157.453
153.99
155.553
158.545
153.761
156.314
154.299
151.509
152.434
156.491
152.514
151.606
155.609
243.972
151.386
155.84
153.381
