722.986
293.511
276.831
275.164
274.139
277.681
288.985
283.991
274.864
271.671
318.728
292.387
273.818
273.894
271.462
273.572
276.668
274.575
295.889
277.402
277.457
294.073
272.223
290.755
284.402
271.898
270.968
310.417
289.419
281.813
271.987
299.357
279.908
278.923
300.227
271.961
273.193
280.924
299.679
277.524
275.298
271.428
278.565
301.325
274.968
271.864
272.076
272.553
269.788
271.55
270.514
272.779
316.619
274.67
284.175
277.984
287.194
278.321
270.696
286.219
323.046
289.797
281.44
321.275
304.137
282.077
286.263
305.872
310.826
276.094
285.208
303.126
290.261
296.907
302.441
294.076
302.773
294.428
301.201
295.339
290.536
280.436
303.981
303.355
312.153
284.417
296.241
308.29
287.537
288.579
275.8
311.43
307.717
304.489
293.762
275.259
327.39
302.264
280.446
276.399
