8.59845
8.14427
8.649
8.71825
8.15001
8.82214
8.84027
7.87393
7.86082
7.88559
7.88261
7.87495
7.90296
7.97802
8.0062
7.87551
7.91097
7.88865
7.79237
7.94958
7.84986
7.90022
8.04936
8.39749
7.89455
7.88028
7.89726
7.85608
7.87826
7.96319
7.94288
7.82198
7.78065
8.46018
8.78997
8.95487
8.3131
9.29638
9.33525
7.80885
7.89206
7.85864
7.86911
7.84436
7.88717
7.9449
7.97176
7.86011
7.88263
7.87566
7.88626
7.8592
7.87687
7.92854
7.96137
7.88012
7.84751
7.86174
7.85654
7.86564
7.90725
8.00196
8.01916
7.87002
7.8473
9.06124
8.87888
8.98004
8.40017
9.60457
9.62171
7.88136
7.85889
7.87991
8.16317
7.88396
7.85519
7.93278
7.98586
7.87146
7.87689
7.85996
7.87978
7.86719
7.87588
7.9478
7.97178
7.85466
7.84472
8.16761
7.85831
7.86303
7.85172
8.33785
7.97286
7.89301
7.85908
8.43018
8.62761
8.94602
