177.972
77.9259
14.2651
14.5003
14.5473
14.5584
15.4962
14.7491
110.335
14.4165
14.473
14.8955
14.5117
14.636
14.7854
14.8636
250.34
14.38
14.7883
14.5187
14.5704
14.5507
14.7007
14.6008
14.6189
14.6953
14.6431
15.0126
14.8748
14.8365
14.7514
14.9732
15.0674
14.969
15.5107
14.8662
15.1442
14.8659
14.8807
14.8343
14.8368
14.8087
15.2655
15.6681
14.8842
15.6874
14.8459
14.7563
14.8815
14.8523
14.9383
14.9288
14.935
14.8668
14.861
14.9478
14.8866
14.8862
14.8663
19.2569
14.8847
14.8304
14.8882
14.8124
14.8625
15.0083
14.8825
15.8004
15.1127
15.47
14.9406
14.9828
14.8821
14.9879
14.8953
15.0175
14.7725
14.7674
14.9427
15.0962
15.0345
14.8433
14.8252
14.8872
14.8612
14.8193
14.8643
14.7771
14.9057
14.7847
14.7764
14.9442
14.9532
14.8199
14.9397
15.017
14.9073
15.1542
14.8649
14.8601
