41.3775
3.024
2.83515
3.23304
35.9904
2.89872
3.05337
2.96982
2.99882
2.9523
3.02643
2.85637
3.3172
2.92253
35.561
35.2199
83.8909
2.90517
2.94174
2.89578
2.8474
2.88669
2.89296
2.90943
2.88426
2.90875
2.90478
2.96768
2.91888
2.92191
2.88815
2.91768
2.92527
2.89175
2.87669
2.88365
2.95865
2.94844
2.9625
2.88322
2.90302
2.96301
2.88621
2.91957
2.97828
2.91646
2.95008
2.8783
2.92887
3.00308
2.88154
2.98611
2.70469
2.94706
2.93782
36.5579
2.87633
2.88595
2.92507
2.92883
3.04416
2.93385
2.93441
2.88089
2.87677
79.6918
2.88846
2.91673
2.9156
2.91363
2.97118
2.98854
2.92033
2.95517
2.90496
2.88916
2.90869
2.97816
2.87489
2.89864
2.89263
2.95734
3.01441
2.84938
2.96062
2.88956
2.9444
3.04364
2.86828
2.9407
2.9378
2.95786
2.89689
2.98572
2.88836
2.91965
2.91876
2.9746
2.90654
2.91899
