80.3465
20.6788
20.6072
20.9827
54.1503
20.4048
20.4151
20.562
20.745
20.5212
54.2739
100.25
96.4543
20.4064
20.4386
20.4114
20.4009
20.6057
20.5318
20.4256
20.5648
20.5753
20.4263
20.5595
20.5276
20.5695
20.4542
20.6341
20.5842
20.4419
20.5659
20.4233
20.6447
20.4967
20.4376
20.5979
20.4501
20.4138
20.6725
20.4074
20.5366
20.5294
20.5177
20.5888
20.6191
20.4127
20.5452
20.5741
20.4158
20.4845
20.5376
20.5427
20.4276
20.5225
20.5387
20.7396
20.5818
20.4242
20.54
20.5567
20.3255
55.4505
20.8127
20.4193
20.6137
20.4413
20.7542
20.5526
20.4346
20.5633
20.5642
20.3528
20.5552
20.5181
20.5587
20.3493
20.5156
20.5867
20.558
20.5597
20.546
20.42
20.4872
20.442
20.416
20.5852
54.424
20.535
20.5958
20.4187
20.808
20.7967
20.7949
20.6848
20.5729
20.4753
20.5318
20.5695
20.7194
20.6506
