383.424
104.553
107.308
103.54
116.605
103.993
109.921
107.199
111.084
105.181
113.18
108.348
107.88
103.772
109.196
106.377
104.996
106.08
114.471
111.046
105.224
105.637
106.868
106.071
103.803
104.102
104.299
105.356
104.558
106.357
117.269
105.182
106.695
106.72
103.506
104.614
103.32
103.305
101.763
103.054
101.583
101.979
113.351
101.004
101.786
102.229
102.941
102.782
108.378
101.071
112.164
103.477
101.364
108.161
102.872
106.167
104.425
102.648
103.471
102.311
101.804
102.607
101.439
101.267
106.894
101.693
101.14
106.205
101.483
104.997
108.716
102.076
101.903
105.406
102.493
101.176
108.121
101.453
101.474
100.593
105.006
103.394
106.56
104.009
110.993
103.444
104.902
109.75
112.104
108.831
100.678
105.521
106.232
102.421
101.436
106.512
103.672
105.449
111.775
100.952
