551.068
133.095
215.812
213.407
134.864
215.844
213.606
126.025
205.45
123.15
123.071
124.032
133.231
130.613
126.154
128.176
130.635
207.562
117.87
209.372
205.198
211.537
121.599
202.84
203.668
124.049
204.266
202.023
121.981
203.569
122.366
217.065
122.662
123.544
132.896
130.053
210.517
120.469
213.009
126.188
124.379
131.095
131.762
208.572
122.094
211.56
122.345
133.167
210.702
122.167
208.078
123.248
130.901
134.859
129.482
130.409
129.834
206.161
121.971
131.602
214.132
121.295
128.687
211.556
116.686
129.909
131.629
127.948
123.491
131.385
128.035
131.723
129.32
130.991
129.532
129.114
128.335
131.485
130.953
130.2
130.957
128.846
135.965
123.998
132.574
130.776
129.272
128.357
127.885
132.833
134.667
127.392
132.033
128.179
136.644
127.401
133.027
128.732
130.487
125.6
