380.07
187.781
174.984
40.1429
34.1903
31.963
172.67
32.3242
35.3053
32.4773
35.4208
38.2676
172.972
33.917
31.0398
34.4885
31.1073
30.6685
35.1011
31.025
31.9851
31.9044
34.3632
31.792
31.7565
31.7318
34.3387
33.398
31.1727
31.6986
32.1292
36.705
32.1809
30.7241
30.8162
32.4983
31.0146
32.0061
30.8661
31.8031
236.024
32.9658
31.9666
31.7799
31.7878
31.0696
32.309
30.7331
32.7078
30.9674
31.6267
31.6166
31.0034
31.7796
33.0952
31.2978
32.3006
32.4073
31.0036
31.1293
31.7873
30.8295
31.9662
34.2743
31.3292
30.8793
34.9575
31.9614
30.87
32.7098
32.2222
32.2266
32.1085
32.5887
31.0245
31.163
30.9726
30.7988
31.1828
32.6975
34.2569
31.7734
35.3601
33.3006
33.0793
33.5123
30.8052
32.3935
33.4909
34.123
32.2652
31.752
31.4362
33.8731
31.7722
32.5729
31.0002
30.9632
30.8079
31.7953
