16.7526
16.0168
16.3777
16.5948
16.322
15.8647
17.01
16.384
16.826
16.2253
16.6404
16.4712
16.5153
16.4759
16.2381
16.1056
16.4863
16.3884
16.2647
17.0499
16.8592
16.1412
16.3933
16.3382
16.4244
16.2507
16.8177
16.3177
16.3457
16.5124
16.7444
16.2203
15.9957
16.1409
17.366
16.286
17.0815
16.509
16.2736
17.924
16.2555
16.484
16.8097
16.8006
17.1592
16.2233
16.5235
16.7344
16.2231
16.0883
16.053
16.2286
16.2398
16.3112
16.6478
16.3445
16.6436
16.2306
16.3178
16.7629
16.0784
16.8318
16.3688
16.162
16.2508
17.076
16.2857
16.1045
16.1214
16.2392
16.0665
16.2117
15.9493
16.1025
16.047
16.2052
15.4651
16.1394
16.8133
16.2169
16.4559
16.0923
15.8601
16.2364
16.0804
16.0396
16.0963
16.0658
16.5451
16.562
16.1938
16.3157
15.8243
16.2089
16.0326
16.0572
16.0878
16.0966
15.5299
16.1415
