448.715
61.6869
61.7455
60.194
67.9079
60.3598
62.4706
66.7206
59.1113
58.5216
62.6466
58.614
59.2644
58.7995
60.3614
58.118
58.5376
58.7469
64.8684
59.1074
59.6471
58.72
58.6743
69.2866
61.7495
58.3133
64.3368
58.8256
58.6241
58.1357
58.751
59.0225
62.6726
58.555
62.9432
61.6528
58.3594
58.2232
58.2024
58.3471
58.5013
58.3368
62.6866
58.829
58.3818
58.1151
58.7717
58.1425
59.0627
58.7506
63.4331
62.4335
62.5711
66.2968
63.1662
72.2556
64.0829
58.0735
63.9809
63.6412
58.764
58.4517
58.8137
65.8773
60.0347
58.7389
65.147
58.871
58.3851
58.8843
59.5525
59.3121
58.2745
59.4092
62.5764
58.9512
58.7323
58.2863
60.0852
60.9851
57.9277
60.7895
75.2613
62.3592
60.7602
62.1321
61.7089
58.505
59.7895
70.6024
88.0684
63.0525
68.9254
59.8523
60.6702
58.9284
64.4721
62.8322
80.0766
68.0239
