328.973
24.0707
27.5556
22.8027
25.5034
21.2054
24.067
22.2403
25.9831
28.6628
25.2474
25.9807
22.8183
29.6385
26.4599
25.5074
35.2394
31.7056
25.7393
28.7989
24.2433
25.7484
25.5824
30.6095
25.2777
25.9254
25.8464
21.6042
25.3273
23.5864
23.9049
22.6129
21.7562
26.1051
26.3988
21.7247
28.8974
25.9933
34.5915
26.6213
24.5379
25.014
25.8871
25.685
29.9694
24.9271
21.9518
28.8863
25.3618
26.0596
28.5208
24.6039
26.1195
25.1919
24.8572
29.5787
27.3584
25.9005
26.2975
26.6393
25.8036
24.1125
31.3979
20.705
22.4655
24.6535
27.0802
25.351
25.105
24.4595
22.3606
24.6249
23.2379
24.8519
22.4011
25.8276
22.6093
27.1706
24.5771
24.8911
29.5081
26.3527
24.5737
21.9169
22.2456
22.4323
26.2749
23.0287
27.0926
23.0685
25.8349
26.154
28.7845
22.9273
25.2721
26.7638
25.9592
23.0115
25.9421
23.8227
