140.792
22.2169
39.2326
23.0329
24.7563
25.5301
26.3349
26.2358
26.8636
27.2202
27.3625
25.634
24.5181
25.5078
27.3035
25.212
26.7191
26.0338
27.2648
25.1672
26.6302
29.9518
26.7897
26.701
27.579
23.4232
24.8082
23.4835
24.7788
24.7482
24.0968
40.6976
30.4389
23.8941
24.9485
22.7735
23.7311
25.4484
24.7396
23.6981
24.1864
25.0116
25.968
24.5665
23.159
28.3888
25.4141
25.6532
24.2744
24.3265
26.3846
23.0062
23.6375
25.0131
25.4079
24.048
29.5398
24.0404
32.8853
23.1469
22.3628
25.9113
23.1135
24.5106
23.384
29.8239
26.2506
27.1565
26.4779
23.7009
26.3671
25.4199
26.4846
24.3522
31.7336
25.3661
29.5786
26.3456
23.6679
23.0313
23.1021
24.9161
23.8464
23.0795
24.8347
36.6347
25.9449
22.1641
23.1763
28.1904
23.9484
24.7937
27.1129
24.7992
25.7429
25.7229
23.8639
27.0186
29.9228
25.8408
