627.234
384.121
387.095
386.029
394.207
385.445
387.908
376.749
371.897
373.041
373.807
380.275
373.806
372.999
688.222
369.918
366.21
466.797
373.5
369.089
365.729
368.857
369.291
367.23
372.93
375.445
374.267
376.776
372.563
372.021
382.763
399.009
371.012
373.647
371.567
366.052
370.514
371.633
385.723
975.828
369.093
369.893
367.179
375.71
372.326
390.901
1008.66
416.486
428.264
447.726
1684.6
449.937
444.625
450.648
1573.25
448.805
442.785
1703.95
442.5
450.595
445.1
451.917
448.944
447.147
452.369
452.881
444.036
443.312
441.578
447.514
447.478
716.999
467.384
463.715
478.44
491.027
489.822
489.853
469.29
461.663
462.544
468.953
464.772
461.662
483.136
476.335
488.266
491.373
495.558
466.387
463.745
456.756
461.776
469.141
467.521
462.613
457.325
458.578
460.316
463.559
