568.176
231.466
226.897
232.694
230.286
232.8
227.994
232.688
227.617
237.026
231.56
230.24
227.46
232.297
230.835
229.38
230.7
232.047
235.205
229.318
235.975
231.228
240.555
232.404
236.397
231.02
232.702
239.897
238.645
230.231
236.613
236.665
231.185
231.297
230.988
232.814
242.02
229.948
236.708
230.497
232.793
230.564
237.577
230.557
230.847
230.283
230.314
231.217
237.445
231.885
230.68
231.604
232.513
230.589
237.381
230.134
232.529
233.72
231.437
239.41
242.229
233.673
230.596
230.54
233.312
231.774
236.397
233.327
232.195
234.14
231.007
230.535
235.583
230.89
231.164
230.261
231.722
229.94
239.994
230.453
230.751
234.254
230.545
237.455
235.734
231.01
231.164
230.835
225.815
238.342
233.815
230.423
230.456
233.579
233.609
238.928
242.031
234.172
232.759
232.481
