106.276
104.286
104.607
104.383
104.196
104.353
104.124
104.301
104.168
104.764
104.165
104.339
104.285
104.146
104.123
104.26
104.164
104.217
104.269
104.181
104.446
104.215
104.138
104.218
104.429
104.798
104.586
104.758
104.251
106.591
106.269
106.232
106.401
106.265
106.255
106.182
106.704
106.593
106.602
106.777
105.121
104.886
104.722
104.895
104.439
104.265
104.279
104.229
104.38
104.291
104.596
104.398
104.12
104.367
104.24
105.184
104.119
104.338
105.819
104.678
104.089
104.184
104.705
104.282
104.067
105.163
105.525
105.63
104.082
104.128
104.252
104.079
104.2
104.314
104.452
104.427
104.258
105.002
104.679
104.909
104.217
104.705
104.354
104.517
104.339
104.261
104.29
104.151
104.154
104.433
104.207
104.284
104.19
104.263
104.642
104.1
104.202
104.114
104.675
104.777
