29.7266
28.4637
27.2674
27.7665
27.957
28.224
27.8556
27.5737
27.5028
27.7647
27.6494
27.3757
27.8778
26.9939
28.7994
27.4926
26.693
27.1999
26.9003
27.0577
27.4735
27.5441
28.1082
27.791
27.5367
27.6364
26.9275
27.5467
27.2508
27.7887
26.2314
28.5471
32.1217
28.879
26.7535
26.998
26.6221
27.8955
28.0297
27.6278
28.301
27.5332
27.6596
27.5716
27.0702
27.5209
27.7182
27.0736
27.7838
27.3924
26.8301
27.1684
28.6774
31.9644
28.1838
28.332
32.9348
28.4413
27.183
27.1717
26.4198
26.9178
28.0654
27.4364
28.091
27.522
26.8161
27.1989
27.8068
27.2056
27.3327
27.3087
26.7892
26.7234
34.8983
29.5012
27.2643
28.0766
26.7753
27.2954
28.4045
27.3244
27.2106
26.4929
27.9167
26.5525
27.265
35.0432
29.2811
26.7814
26.8851
27.7301
26.6662
26.7551
27.8668
27.3884
26.8993
26.3279
26.4099
27.3789
