4.14247
3.39526
3.45881
3.46645
3.5362
3.47702
3.47878
3.50099
3.55619
3.48951
3.4629
3.44701
3.33828
3.43385
3.51798
3.47035
4.47198
3.45313
3.36205
3.49827
3.47198
4.75902
4.48535
3.40395
3.44133
3.51322
3.47007
3.4463
3.38548
3.49254
3.46337
3.45013
3.40558
3.50267
3.47306
3.44494
4.44982
3.46352
3.5097
3.42631
3.46171
3.43608
3.42995
3.42965
3.3871
3.38605
3.46178
3.47694
3.43681
3.48299
3.52658
3.47508
3.45529
3.54275
3.45546
3.35479
3.40233
3.52854
3.41154
3.44963
3.39896
3.4712
3.39835
3.50211
3.43843
3.46464
3.46823
3.50859
3.51406
3.54227
3.3978
3.5182
3.43451
3.48733
3.47745
3.39401
3.49044
3.41836
5.33172
3.49902
3.55086
4.05854
3.49743
3.36587
3.4889
3.31904
3.44524
3.45111
3.46136
3.39313
3.41995
3.41622
3.3818
3.42467
3.56054
3.46578
3.56464
3.46031
3.4347
3.4296
