373.086
163.767
40.4825
33.9218
144.942
36.6164
32.2588
30.5155
33.9665
33.9944
40.6095
32.9951
31.57
31.3545
32.4189
31.7677
36.8084
30.6133
32.5008
31.4853
30.697
30.5305
31.4335
31.4641
31.4084
30.3294
31.5204
30.4868
31.1622
31.622
30.2372
33.1924
32.4769
30.783
31.05
32.5635
31.5409
30.4182
32.0804
30.2422
31.2286
32.1389
32.4601
32.4269
31.9319
31.3638
31.2257
31.3193
31.4225
31.7528
31.4718
30.6396
37.3918
34.8387
31.8721
31.2932
32.2752
32.3688
30.775
30.7255
31.4378
31.2679
31.4931
33.3712
30.6522
32.947
30.6871
30.6545
31.152
31.8538
31.6588
160.547
30.585
30.8536
32.3699
30.7518
31.1943
31.5029
32.1612
31.4934
31.6773
31.3206
30.1607
31.5321
30.9771
31.5244
31.1876
33.0411
33.1458
31.8757
32.1771
31.793
31.3322
31.9179
32.6799
31.1823
30.521
30.4511
32.425
30.3361
