224.697
224.101
223.9
223.586
224.182
224.124
224.172
223.999
223.874
223.931
224.055
224.212
224.148
224.245
224.213
223.813
223.378
223.473
223.429
223.262
223.598
223.613
223.546
223.565
223.694
223.593
223.632
223.421
223.613
223.807
223.487
223.483
223.675
223.612
223.504
223.567
223.599
223.639
223.793
223.886
223.912
223.795
223.63
223.409
223.613
223.591
223.904
223.363
223.553
223.618
223.666
223.443
223.279
223.592
223.383
223.332
224.476
223.68
223.775
223.569
223.713
223.595
223.679
223.613
223.82
223.339
223.542
223.473
223.261
223.459
223.647
223.788
223.342
223.679
223.705
223.754
223.798
223.65
223.699
223.689
223.714
223.393
223.329
223.927
224.03
223.769
223.532
223.64
223.721
223.81
223.861
223.781
223.36
223.655
223.482
223.708
223.577
223.491
223.37
223.368
