436.167
25.3975
118.987
149.651
28.1897
150.557
108.91
117.233
112.935
106.217
112.19
25.4925
25.365
25.8625
104.987
25.5923
25.6806
104.379
26.6028
25.9516
105.063
32.7709
25.3239
105.283
105.014
25.5654
33.6201
106.236
25.6935
104.656
104.392
25.4236
25.7225
26.0219
25.5962
28.5322
25.4972
26.6517
26.9934
107
25.4781
25.2074
25.092
24.3838
24.7954
24.0984
24.045
24.2755
23.6715
23.8649
103.792
146.914
23.6133
23.4548
103.313
23.6441
23.1617
24.5737
25.8928
24.2139
25.7119
23.3939
102.772
23.6778
102.469
23.6056
23.7329
23.1413
23.5299
23.5573
23.3302
23.7033
23.2135
24.1215
23.4076
103.171
23.4897
23.5084
23.6095
25.8479
26.8602
26.5825
23.9916
23.2574
23.5472
23.9926
23.7695
24.0118
23.573
23.7058
24.0583
23.8314
24.2566
24.3837
23.0386
23.4474
23.5568
23.9982
23.7428
23.489
