7.51936
7.26627
7.11878
7.17062
7.15437
7.00979
7.21619
7.04685
7.2799
7.17478
7.23446
7.09373
7.32429
7.74074
7.18294
7.21296
7.13302
7.0225
7.27434
7.01731
7.0024
7.3833
7.12314
7.12902
7.35981
7.18586
7.37693
7.94326
8.20064
7.89901
7.46147
7.42138
7.43046
7.67008
7.23805
7.28106
7.38077
8.00051
7.83277
7.78144
7.31603
7.42477
7.69747
7.58611
7.47082
7.25322
7.40163
7.20352
7.83392
7.74918
8.01926
7.54704
7.73411
7.72736
7.86842
7.25091
7.84224
7.61709
7.35891
7.37069
7.44189
7.17677
7.46253
7.15299
7.2673
7.2392
7.62243
7.35005
7.16714
7.79152
8.02416
7.27178
7.67114
7.49741
7.2328
7.45405
7.3935
7.2377
7.3648
7.09798
7.25126
7.40502
7.24659
7.21888
7.04045
7.19226
7.28147
7.25174
7.1217
7.18285
7.14627
7.19296
7.25846
7.09683
7.13494
7.21789
7.47702
7.37376
6.96362
7.06762
