494.683
49.7791
51.111
48.3991
48.7858
76.8715
47.7348
57.715
49.4002
51.0497
55.1608
54.0626
47.8367
49.1742
53.5619
59.5123
63.888
49.8803
48.0986
68.1292
46.6888
46.0571
46.4408
51.6865
68.3172
47.5179
46.3498
46.8057
49.3719
46.8343
46.8881
48.4214
46.596
63.9838
76.9621
65.4747
48.8186
47.3102
46.3171
52.1619
46.0734
47.5639
47.0423
50.0665
53.7206
46.5645
47.8104
46.1708
50.211
51.6591
50.1635
52.0224
52.6575
52.9394
56.5389
56.3778
51.7709
47.5183
46.361
46.6073
47.0237
48.676
51.187
58.2782
52.7287
52.9958
53.6655
53.0949
52.0344
55.8608
59.4967
50.1391
53.0525
145.843
50.6659
46.4563
46.6998
46.2909
47.9909
50.0928
46.566
65.5715
59.8907
47.2839
46.0854
51.2339
47.5078
46.1822
49.148
45.835
54.8776
64.6038
62.2849
57.5045
58.8951
47.1268
46.971
48.1652
46.8675
48.1391
