3.82732
3.01933
3.14292
3.07453
3.06655
3.09992
3.08739
3.02935
3.04322
2.98268
3.0374
2.97919
3.07102
2.97049
3.1165
2.96114
2.9962
3.03678
2.99401
2.97994
3.02768
2.98475
3.00643
3.0107
2.99865
2.9865
2.98124
2.97727
3.09061
3.01061
3.01704
2.98976
3.00644
2.97803
2.9874
2.97559
3.04876
2.99374
3.01171
2.98246
3.02682
3.02807
3.03455
2.96398
3.02049
2.99533
3.0029
2.95585
2.98461
3.01223
2.98934
2.99827
3.04894
3.00133
2.98186
2.95053
2.98719
2.94279
2.98919
2.93745
3.03561
2.98187
2.99493
2.95329
2.99805
2.9525
2.98599
2.92857
2.98493
2.94863
2.97297
3.01558
2.99486
2.96062
2.98321
2.97152
2.97191
2.94629
2.99438
2.95726
3.0462
2.95912
2.98335
2.97752
3.02199
2.97992
3.03869
2.93824
2.97721
2.97269
2.97425
2.94322
2.97067
2.94463
3.02618
2.97836
2.97415
2.98717
2.98321
2.93202
