682.015
210.353
183.389
73.3219
81.9858
116.757
62.8945
116.023
63.5251
68.9121
75.5361
115.99
70.2707
93.7901
68.5161
70.2328
79.8905
248.645
85.2471
75.4656
70.1724
73.1869
70.3337
86.5999
78.9091
80.3332
66.2179
73.8415
70.0132
77.6967
73.8193
73.6685
73.8608
74.6848
72.8485
73.9181
73.3194
71.756
64.5075
74.556
60.894
62.4576
61.055
67.2013
64.119
62
81.2927
77.0937
75.0161
74.7434
68.3265
237.246
86.2269
73.2503
65.6187
75.647
69.0464
67.5231
66.7284
64.6678
60.0437
61.1558
62.9143
86.8312
78.568
64.1421
60.4464
62.4922
63.4776
70.8901
63.4623
75.5682
72.5234
73.9295
67.2746
88.5106
80.8213
70.4569
76.9061
76.3925
69.134
85.9172
73.3896
69.5554
70.653
80.2619
72.4593
75.6144
64.3704
70.2117
77.2337
73.6768
73.6773
80.2109
63.6772
63.0257
70.9761
71.4166
74.0185
78.6701
