140.835
140.128
143.132
139.575
141.763
139.417
143.226
142.8
141.601
139.377
139.317
141.619
141.415
140.35
140.425
141.188
141.736
141.466
141.677
141.25
140.53
141.688
143.105
141.698
142.595
138.304
141.248
141.935
142.496
139.622
139.701
143.026
141.412
141.227
140.067
140.036
140.596
141.397
143.051
142.314
139.876
141.631
142.129
144.247
142.404
141.254
143.243
140.11
140.647
140.202
141.476
141.776
141.913
141.117
139.184
140.289
142.039
142.359
141.531
139.008
141.36
140.369
142.32
141.265
140.333
142.253
142.812
140.754
139.526
139.856
141.556
140.714
140.489
142.904
142.024
142.007
139.029
139.677
142.453
142.108
141.765
141.376
141.034
140.462
140.419
141.234
138.599
139.091
139.527
142.977
141.671
141.846
141.689
141.406
138.566
140.828
141.215
142.593
140.957
139.704
