715.91
573.103
569.006
581.283
570.432
573.789
570.396
568.394
578.666
568.79
574.761
567.014
571.033
570.201
571.043
569.181
569.063
568.932
569.155
582.434
569.878
567.1
568.379
569.991
577.238
566.659
567.425
568.103
579.342
574.931
567.265
568.191
568.733
570.165
566.824
569.341
566.868
577.641
574.09
566.057
574.703
566.525
571.397
573.083
567.527
577.027
575.761
571.346
570.332
566.978
571.376
571.495
569.008
571.173
566.599
577.098
572.504
569.258
588.061
567.989
567.594
574.338
568.254
568.69
590.177
566.589
581.204
569.813
590.165
567.035
566.085
569.707
568.6
575.545
566.337
566.77
568.063
570.843
572.74
567.784
566.612
567.008
586.113
568.223
567.283
567.886
572.517
580.531
569.519
570.797
569.937
574.971
573.297
574.979
570.109
565.549
569.227
568.989
576.575
566.247
