587.409
200.267
141.9
134.411
136.654
137.652
210.705
136.83
133.311
214.898
237.734
138.191
135.218
135.04
139.013
134.716
136.767
139.302
134.869
140.092
135.118
132.577
142.18
135.988
137.858
138.621
141.8
140.796
141.503
135.628
132.956
133.757
137.52
135.792
139.391
136.442
134.775
141.483
138.686
139.682
137.331
135.965
135.172
138.08
136.256
135.385
134.148
136.668
135.698
138.626
142.273
140.181
133.167
134.474
134.281
132.669
136.644
137.436
136.119
136.671
133.843
134.305
137.115
133.226
136.218
136.679
141.643
135.142
134.614
134.167
136.627
136.954
132.482
133.461
137.088
134.919
137.325
136.704
135.463
135.07
134.676
139.429
137.075
136.365
213.251
134.892
136.041
137.805
136.741
134.55
137.772
136.336
137.57
134.207
133.178
137.051
136.53
137.443
138.653
134.349
