3.63209
2.9099
2.94484
2.97939
2.90509
2.91447
2.98514
2.86582
3.85371
2.9053
2.92232
3.21974
2.90101
2.86933
2.90789
2.94022
2.95861
2.92565
2.91458
2.90326
3.40311
2.92827
2.91093
2.95681
2.92258
2.93315
2.92458
2.90678
2.90784
2.91206
2.92405
2.9145
3.18266
2.89331
2.91003
2.90409
2.90652
2.90574
2.90775
2.91418
2.90993
2.92705
2.93531
3.40262
2.90104
2.91794
2.89366
2.9204
2.94339
2.92807
2.92334
2.91868
2.91961
2.9102
2.90768
3.24418
2.92256
3.07755
2.92111
2.91696
2.93845
2.87739
2.90718
2.88405
2.9189
2.91405
2.92126
2.94476
2.91242
2.91307
2.90658
2.90541
2.91073
2.908
2.90981
2.92677
3.31122
2.93895
2.92505
2.88678
2.93088
2.92912
2.91699
2.92317
2.92253
2.92267
2.91899
2.92291
2.94319
2.92948
2.91741
2.92149
2.91644
2.92575
2.92791
2.94122
2.89412
2.9154
2.91076
2.93808
