62.2516
60.2814
120.94
83.951
68.2165
63.8946
60.4664
63.0569
60.7126
60.872
62.6149
62.0682
62.5388
61.5581
59.7861
62.079
62.9446
61.444
60.5875
62.5635
61.4612
61.4596
63.5674
62.5634
63.5486
67.3155
61.9988
60.812
123.313
78.1718
66.503
61.572
61.1456
62.23
61.4598
63.6181
62.1312
61.6386
62.0024
61.5201
60.6978
60.3502
61.1241
62.3225
62.4244
61.7859
61.6416
63.0834
60.2977
62.0428
60.369
60.6735
59.2888
61.653
139.555
77.2003
67.9876
62.5315
62.3126
60.6962
61.5095
61.3025
61.3156
62.6924
61.8581
61.5414
60.6814
61.0892
61.8147
61.8444
61.1511
61.5048
62.814
61.7593
61.3318
63.3071
62.2962
61.616
60.5165
59.4418
136.525
72.577
64.1999
61.8601
61.5136
61.9115
61.5962
62.2729
61.8368
62.7954
61.946
61.6486
62.245
62.514
61.4502
61.7161
64.897
61.9281
61.0514
61.697
