547.147
96.8498
97.2596
87.8937
106.161
94.4306
106.26
101.305
92.1551
85.6133
89.2506
98.4784
100.42
87.4537
93.7292
86.1576
98.7865
94.6239
107.703
113.463
100.097
98.1232
91.0324
95.5739
89.9282
103.023
85.3313
88.2036
96.4272
108.385
106.895
92.9762
122.166
104
91.8118
88.2007
85.6549
89.6972
87.4083
88.991
92.4032
85.5298
86.1888
85.9529
86.6492
91.4033
89.2715
88.393
87.5672
90.183
87.7805
85.8066
89.0506
88.2208
99.7651
106.58
105.318
99.7221
89.8965
85.4391
87.4621
92.5558
92.0965
88.5213
117.917
87.2472
88.835
104.487
86.113
89.1429
91.2745
91.1125
89.9164
87.8875
86.3645
92.4272
88.8964
84.3727
91.7868
88.5364
86.6273
87.6384
86.9879
88.3064
87.1702
86.3408
85.8809
83.773
85.2534
87.6084
87.4443
91.6571
112.446
88.0446
86.7488
87.5509
85.7864
85.3026
87.7876
89.3639
