33.6153
32.6041
36.8945
28.7191
28.3946
7.42001
28.9253
29.5643
9.27961
32.1078
29.1732
7.67017
7.68561
7.67801
6.80691
7.6769
7.67642
7.68096
7.66974
7.65741
7.64947
7.67345
7.69069
7.67959
7.67412
7.68227
7.67971
7.68556
7.69168
7.66911
7.69441
7.69207
7.69308
7.74068
7.67744
7.68495
7.67624
7.63513
7.68982
7.76538
7.68301
7.68986
7.67319
7.67688
7.68376
6.83223
7.68883
7.67475
7.67173
7.69428
7.67983
7.67733
7.68432
7.68887
7.69332
7.67581
7.68786
10.9191
7.67982
7.68147
7.68831
7.68097
7.66352
7.6772
7.694
7.6824
7.67228
7.65969
7.68307
7.6864
7.69321
7.68471
7.80673
7.65513
8.13204
7.69601
7.57419
8.66094
8.67423
7.83465
7.59457
7.66776
7.67062
7.68179
7.12079
7.66623
7.66818
7.68592
7.69335
7.69251
7.67694
7.68075
68.9268
7.66542
7.68345
7.67394
7.67319
7.63833
7.36399
8.69945
