825.204
418.537
405.524
409.541
406.761
404.681
406.208
424.829
428.829
443.373
467.586
466.886
468.344
468.432
464.188
468.479
470.127
466.39
469.126
470.722
464.169
462.292
463.141
464.379
465.782
470.486
478.708
467.15
462.671
455.536
464.177
464.628
484.284
477.294
496.043
498.169
494.563
498.464
564.253
471.893
468.161
1441.43
468.33
480.32
482.856
1670.87
491.996
474.933
487.035
940.134
466.597
469.835
465.911
481.68
1237.59
469.346
466.501
1463.28
469.27
473.615
467.841
488.172
1196
468.149
459.596
469.969
467.563
1104.32
477.064
482.012
485.181
468.98
571.062
464.238
457.836
463.352
465.466
463.547
708.562
456.71
458.922
480.709
493.552
943.012
468.237
454.585
462.776
462.514
463.84
517.74
458.864
455.145
463.983
464.696
471.173
467.671
459.202
461.331
469.969
477.661
