9.9451
9.4515
8.75553
8.77475
9.52601
9.58511
8.69234
8.72978
8.81977
9.61132
8.91176
8.75682
9.80381
9.93772
9.89017
8.70602
8.7466
8.75387
9.9119
8.70102
8.81674
8.8044
8.73624
9.98024
8.79679
8.84337
8.76617
10.5969
10.9637
8.77993
8.83655
8.79369
10.0922
8.72562
9.04945
8.7305
11.669
10.2002
8.76626
8.7319
8.76555
10.2327
8.68415
8.80855
8.89936
10.2996
10.2749
8.72965
8.80959
8.85844
10.3359
8.7635
10.187
8.87755
8.77802
10.3764
8.78146
8.82444
8.71985
10.3555
10.547
8.84542
8.82785
8.76368
10.5151
8.75873
8.81547
8.78161
10.5694
10.5343
8.76849
8.8368
8.89422
10.6269
8.76181
8.73986
8.88011
10.6825
11.753
8.75263
8.86099
8.78679
10.7191
8.79565
8.88153
10.7486
8.8069
12.3693
8.83821
8.88902
8.88421
10.7542
10.8993
8.89001
8.8275
8.86014
11.3122
8.79907
8.76542
8.76576
