678.677
234.255
226.811
220.815
217.315
221.732
234.149
213.433
219.538
220.8
216.066
224.618
215.339
222.84
216.899
217.253
217.986
218.448
216.777
222.787
233.681
219.358
248.804
222.628
220.597
220.151
219.398
216.745
216.622
220.961
226.779
226.023
218.207
237.474
218.716
221.27
220.865
227.971
216.334
220.875
215.454
215.7
216.296
229.579
213.289
217.356
225.819
232.941
216.59
219.512
216.219
220.83
219.471
215.676
226.205
221.431
220.232
215.124
216.913
214.459
225.317
232.33
218.582
224.378
230.09
219.642
216.053
219.692
217.686
217.501
243.894
219.162
221.032
220.633
216.219
237.006
219.665
219.425
219.091
217.25
216.044
221.482
222.444
218.661
242.12
228.722
237.413
220.054
228.554
233.003
229.62
218.854
253.207
224.932
221.997
236.083
241.796
230.66
232.611
237.274
