138.151
14.2825
14.4585
14.4854
14.6359
14.6576
14.7538
14.7129
15.4867
14.6268
14.7161
15.0564
14.6497
14.6724
14.6775
14.6324
14.6115
15.3317
14.6865
14.6933
14.9322
14.901
14.9292
14.6768
14.9248
14.859
14.8124
15.0918
15.0628
14.8693
14.88
14.8214
14.9956
14.8775
14.8674
14.7878
15.476
14.9065
15.0291
14.7321
14.8704
15.1869
15.3252
14.7365
14.8569
14.8108
14.7802
14.7588
14.733
14.8143
14.7161
14.7471
108.762
14.2742
14.4557
14.6279
14.7335
14.662
14.6447
14.7175
14.7126
14.8123
14.7929
14.8778
14.7638
14.8178
14.7755
14.8568
14.8695
14.8103
14.9704
15.0607
14.7662
14.8225
14.7672
14.7838
14.8881
14.7268
15.0215
14.82
14.8859
14.9438
14.8763
14.7355
14.8342
14.9275
14.8751
14.9319
14.9432
14.9811
14.9549
14.889
14.9234
14.9262
15.0168
14.8632
14.9099
14.9787
14.9363
14.8673
