89.8768
87.5263
86.6903
87.7647
92.5034
90.0203
88.7153
87.7217
91.2089
89.2625
86.6064
86.6795
92.4728
90.5432
89.4415
89.261
89.074
88.32
95.7782
89.8106
88.5098
91.1541
91.1346
90.6516
89.1768
88.9764
88.9373
93.1915
90.5917
91.7702
121.915
90.4744
90.2563
89.0687
89.5413
90.5273
90.4773
93.953
94.3883
89.476
90.6124
94.8134
91.5964
88.2095
87.9037
91.9888
90.3641
89.7566
89.2977
88.6524
95.3889
90.3532
88.825
90.4582
89.9955
90.7147
88.4184
88.8051
88.262
90.369
90.4708
90.4207
89.506
90.9187
90.9954
89.1196
92.5884
88.8809
91.0983
129.957
91.3623
90.9171
89.4224
90.5375
90.1431
89.3644
91.2047
97.3755
94.1259
89.6753
88.9716
90.0426
91.919
87.8055
88.5204
88.9248
94.6497
90.7033
93.199
89.4398
91.9754
91.9355
91.6242
88.8588
87.7574
90.2414
94.3652
89.1982
91.9882
89.3916
91.5823
91.6244
88.981
90.5788
91.847
91.9048
94.1994
89.0634
91.7181
90.8262
90.0842
93.3507
89.3777
111.769
92.1373
89.3679
91.8035
88.8143
91.6649
91.8355
88.4172
91.917
88.6856
94.6425
93.9028
89.8227
92.5333
93.4883
92.1511
89.4566
88.8703
90.4219
95.6026
92.2911
89.5501
95.8401
93.264
92.6645
88.3147
89.02
88.909
92.9885
93.0989
88.1695
88.9696
88.5036
91.9524
88.9296
89.9346
89.0645
91.5225
94.7071
89.4289
89.0355
87.5633
91.4601
97.6108
91.9296
91.2391
95.1276
90.8278
88.7874
88.9844
89.379
92.2683
91.9582
88.5081
89.4148
91.2396
93.1901
91.1552
88.6612
89.9262
91.9885
92.5357
89.2066
88.2072
88.4732
91.0305
88.6133
89.5168
93.169
91.7364
92.3248
92.0608
88.2893
88.8695
96.968
94.7425
90.8269
89.7635
92.0471
91.1682
90.02
89.2315
89.0207
92.7256
92.1343
89.3304
91.0135
