1291.85
169.501
170.022
199.947
178.418
163.416
162.848
173.381
166.38
170.831
166.09
189.349
165.783
369.941
164.594
163.777
169.353
167.242
163.574
164.175
167.981
180.661
168.323
173.135
180.337
174.082
212.265
168.388
163.569
165.379
164.13
170.509
161.88
165.326
162.736
170.051
175.004
226.407
202.032
178.461
200.341
167.263
161.669
161.803
171.93
161.948
160.499
164.274
166.646
174.528
165.462
168.213
643.644
168.983
160.875
169.363
168.425
168.185
159.693
167.215
158.988
171.215
755.304
164.428
156.359
164.301
169.783
162.661
153.083
161.331
165.868
162.89
163.114
682.924
155.095
154.276
164.612
167.423
155.691
155.453
156.044
187.46
178.366
160.786
711.84
161.374
157.529
161.021
162.998
157.74
155.508
164.27
158.765
165.008
159.252
159.242
166.114
167.398
388.094
164.011
