47.9887
31.5903
2.72376
6.37114
2.61244
32.6027
44.2514
47.4809
2.84324
47.3349
2.88194
47.1713
2.66837
2.62561
50.1713
47.2111
2.70853
2.67183
2.6362
2.67774
2.6687
2.67039
2.64747
2.67164
2.66132
2.96382
2.68564
2.68435
2.68846
2.69547
2.71989
2.68857
103.701
96.5286
46.6408
46.124
2.65003
2.68141
2.64095
2.64956
2.61101
2.64773
2.64241
2.60765
2.59477
2.90076
2.66695
2.67043
2.66995
2.67962
2.64105
2.6422
2.66857
2.66412
2.68352
50.2465
2.63045
2.63889
2.63516
2.66624
48.106
2.65838
2.65263
2.63818
2.63347
2.59378
2.65289
2.62818
2.67394
2.64269
2.64523
2.66605
2.64946
49.2417
2.60743
2.61899
2.59754
2.64215
2.63331
2.67613
2.63847
2.65415
2.68012
2.68491
2.65801
2.65456
2.67317
2.66129
2.66435
2.65503
49.867
48.6857
2.62457
2.62783
2.64323
2.64261
2.66636
2.65191
2.62193
2.59539
