381.832
101.678
104.704
104.643
108.16
110.633
104.097
112.255
108.824
106.844
105.248
103.407
113.902
106.41
108.102
110.965
107.855
114.627
116.909
110.561
106.738
104.35
113.43
103.337
103.812
105.624
106.036
105.357
104.169
105.025
110.016
106.289
106.314
111.969
103.791
104.361
103.885
114.358
103.912
103.676
101.501
107.538
101.26
103.052
102.224
101.298
103.938
101.437
101.365
101.584
108.932
100.736
107.769
102.221
101.189
102.947
102.591
100.59
102.358
99.9987
101.311
101.313
99.9466
101.58
100.735
100.805
104.879
102.289
100.204
100.712
99.9044
101.865
101.637
101.814
101.583
101.598
101.335
99.332
101.789
106.723
101.801
99.9936
101.68
100.624
100.869
103.866
110.281
100.828
100.89
107.447
101.296
100.924
107.686
101.133
102.671
107.58
101.033
100.952
101.186
100.585
