197.281
93.1268
3.34501
3.18046
3.32732
3.34318
3.34127
3.35823
4.04741
3.36553
3.27743
3.59183
3.37533
3.21335
3.27309
3.2875
3.22571
3.34206
3.29868
3.26828
3.36978
3.47656
3.54175
3.56937
3.43935
3.54574
3.55483
3.4345
3.40855
3.43412
3.41138
3.54131
3.65117
3.58849
3.50573
3.57139
3.44251
3.47309
3.58549
3.54861
3.58602
3.53504
3.60824
3.49473
3.46191
3.59376
3.40414
3.36143
3.3881
3.32843
3.25116
3.27139
3.39946
3.40616
3.34336
3.36755
3.41714
3.4743
3.3299
3.35886
3.38771
3.42331
3.34726
3.35441
3.43425
3.35577
3.37243
3.4429
3.42071
3.3614
3.30875
3.39086
3.37928
3.40035
3.29472
3.35759
3.40992
3.83749
3.50391
3.35029
3.47797
3.44082
3.35601
3.421
3.347
3.53777
3.38753
3.34396
3.43223
3.39867
3.35039
3.39561
3.5264
3.51665
3.43386
3.47534
3.46435
3.47958
3.42585
3.39183
