95.5464
83.1587
68.6607
7.24181
6.87531
7.06695
6.86163
6.96372
7.65694
6.73372
7.71028
8.30703
6.93917
7.77326
7.92321
6.83344
7.15209
7.57404
7.25629
7.88041
6.82938
6.69939
7.33071
7.21777
8.17661
7.15094
7.93981
6.79307
6.66922
6.78672
7.2111
6.79019
6.68548
6.74804
7.21717
7.5586
6.81181
6.73426
6.76855
6.69523
8.09075
6.70889
6.87688
6.82994
6.79451
6.8224
7.8867
7.2006
7.5247
6.68632
6.82698
6.95102
6.66828
6.68323
7.87454
7.21217
7.97181
7.97914
7.22676
7.89821
7.03799
6.86342
7.03948
8.00389
7.37092
6.93877
6.81451
6.86818
6.84197
7.20563
6.92909
6.81666
6.68501
8.01208
7.04092
7.48071
7.04274
6.81282
8.00403
7.65636
7.61057
7.94005
8.02835
6.86337
6.82887
6.6955
6.81388
7.82396
8.04997
6.69416
7.38462
6.92518
7.53039
8.03864
8.36725
7.16597
7.844
6.79753
6.85688
7.98089
