7594.77
6995.8
7893.59
8398.65
8920.38
8811.78
8187.62
9371.15
7794.03
6690.33
6454.75
6319.27
5813.58
5750.65
5691.27
5728.04
5815.45
5707.4
5705.07
5727.98
5618.76
5812.19
5469.76
5743.33
5705.54
5781.21
5668.35
5809.67
5690.83
5486.92
5832.37
5515.95
5688.61
5698.09
5698.65
5727.49
5487.56
6055.52
6116.64
5996.61
5687.4
5719
5855.65
6241.76
5622.64
6016.83
5815.95
5894.49
5838.06
5626.65
5803.72
5668.86
5674.44
13679.4
6388.21
6312.46
6137.83
6074.92
6248.28
6372.58
6073.37
6035.19
5889.72
5704.28
5899.78
5736.32
5924.19
5931.83
5981.91
5900.66
5743.16
5653.11
5855.61
5902.21
5782.64
6005.19
5733.49
5747.55
5636.27
5781.58
5750.57
5553.72
5545.68
5699.62
5719.91
5787.58
5755.64
5552.66
5698.41
5716.11
5678.97
5718.15
5715.41
5768.07
5824.18
5833.25
5803.55
5739.48
5788.48
5554.44
