343.019
173.431
135.523
3.07227
171.563
5.5908
3.31832
3.32683
3.19668
3.30201
248.109
324.454
3.77248
297.981
38.2874
5.9691
6.5313
128.941
7.69781
6.15666
6.50996
4.47865
8.50543
4.49286
100.723
4.39936
137.036
161.867
3.10813
96.3685
164.803
7.34847
9.60554
178.009
115.345
3.76264
3.12321
97.8736
330.236
6.76384
214.321
3.54888
161.14
3.3106
3.17111
6.03554
167.629
6.99463
4.17676
3.88441
3.15038
3.1191
3.45923
3.37132
160.414
3.06754
8.10808
8.73486
109.563
7.57869
3.2261
5.68134
230.713
3.27172
166.047
3.87972
3.32137
3.1178
3.00342
98.0508
3.09467
3.17817
236.247
3.21104
96.772
233.641
3.16329
7.58246
105.279
3.09085
3.18889
153.2
4.26248
304.475
5.13915
166.477
5.01082
3.60732
152.762
7.08838
284.637
6.80389
251.037
175.085
5.64453
3.76348
3.20154
170.169
93.9608
3.02301
