61.6513
2.93509
2.7228
55.2752
2.72576
2.75983
2.67936
34.7462
34.6156
34.693
2.71401
2.68989
35.0493
83.2273
34.5619
2.66969
2.61881
2.64867
2.60882
2.59356
2.66523
2.64508
2.67592
2.60856
2.67158
2.59881
2.5771
2.56857
2.54515
2.59884
2.55987
2.60455
2.60637
2.57706
2.56553
2.58335
2.61251
2.58489
2.57278
2.59397
2.62833
2.59411
2.6455
2.60994
2.60964
2.63948
2.63271
2.636
2.59617
2.63193
2.61615
2.81211
2.65103
2.66662
2.58809
2.62504
2.61168
2.58141
2.5911
2.62772
2.58267
2.6023
2.62936
2.62363
2.60587
2.61354
2.63827
2.62655
2.59106
2.56267
2.59095
2.67852
2.60891
2.61045
2.59476
2.64818
2.62784
2.63346
2.6058
2.63613
2.58215
2.73929
2.75365
2.56569
2.62594
2.62861
2.62092
2.59402
2.6175
2.61244
2.63009
2.67176
2.60816
2.55119
2.64116
2.64161
2.6606
37.2718
2.63125
2.59977
