9.22618
8.25657
7.90304
8.13186
8.3426
8.31976
8.33527
7.87925
7.918
8.29954
7.93228
7.97326
8.29308
8.32948
7.98734
8.27432
7.94759
8.29072
8.33332
8.08424
8.03503
8.14447
8.28429
7.89408
8.01862
7.91884
8.40665
8.34835
8.29443
8.3109
7.89103
8.2701
8.27054
8.16219
8.05092
8.27155
8.27863
7.8513
7.94768
8.29903
8.24236
7.84857
8.28819
8.05632
8.2769
8.15475
8.13743
8.28349
8.29954
8.29265
7.97879
8.27154
8.27611
7.87045
8.27276
8.25261
8.3853
7.99517
8.30003
8.35355
8.27073
8.27017
8.06422
8.2612
8.39098
8.28674
8.25108
8.00357
7.90193
8.02394
8.37837
8.16214
8.46478
7.95949
8.29354
7.88591
8.2601
7.90074
8.36293
7.99661
8.0615
8.34825
7.92395
8.30767
7.99094
7.96536
8.31138
8.0149
8.39725
7.86902
8.02026
8.27828
8.30068
8.26784
7.88089
8.03835
8.30952
8.27799
8.29643
7.90328
