483.685
215.377
137.152
139.929
212.573
136.207
139.849
141.459
140.64
136.063
137.604
141.074
135.834
137.28
136.609
141.661
137.819
135.202
136.154
140.555
138.955
134.531
133.06
133.277
137.891
133.031
134.312
132.352
132.615
135.766
134.651
132.028
135.018
140.8
139.202
133.724
132.978
132.912
134.479
132.953
130.548
141.525
134.294
135.552
134.184
133.05
131.958
131.463
138.405
131.981
131.933
133.424
131.875
130.412
135.726
130.585
130.771
136.097
125.468
133.545
126.644
257.83
126.52
126.474
122.811
122.478
129.689
127.087
128.109
127.225
127.79
130.18
126.562
127.858
127.467
127.267
125.774
132.077
127.901
125.615
125.713
126.033
123.541
124.946
127.566
127.903
131.431
129.393
132.036
131.936
125.199
126.81
125.974
125.851
125.691
128.115
130.206
125.216
127.572
126.401
