535.397
82.9258
86.2244
81.8417
85.1552
83.1797
81.7501
81.2371
81.5695
75.7853
79.5502
77.0916
83.8054
75.6241
76.1018
75.8016
76.3942
76.2266
76.1331
79.2863
81.9951
77.9714
76.2533
76.5849
76.1745
76.348
74.7493
79.448
75.963
76.2852
78.3351
77.2659
76.1622
75.979
85.8721
75.5221
75.9647
77.7626
75.7752
83.0738
75.1455
75.8772
79.3926
81.4341
77.2041
77.5951
76.8109
77.1839
81.8406
77.4999
80.9362
75.9712
76.2525
76.3575
76.6022
82.7566
75.7349
78.5191
75.5822
74.5838
76.0629
83.6073
73.779
82.7056
81.4681
79.5237
94.0034
76.962
76.2676
76.8177
83.9732
77.1012
78.1637
76.6612
75.4915
76.2296
76.5846
75.6291
78.9903
80.8462
78.7164
75.5361
76.5429
75.6006
75.4613
76.6025
75.7948
80.1547
80.2431
74.5554
76.4487
76.9994
74.8399
75.047
75.4494
78.7064
75.5824
76.4676
77.6362
75.4015
