160.036
26.9694
26.3353
39.7715
23.685
27.9155
22.5095
22.4516
22.5745
27.2628
25.1865
22.5399
24.9995
26.5926
26.2273
25.7597
25.7852
40.0611
24.6748
27.4783
29.9139
28.9323
32.3551
25.5871
26.3236
26.8693
26.5397
23.6692
25.4619
27.2487
31.19
28.3953
25.2496
25.8852
25.6729
30.1477
24.5548
23.1509
23.3302
24.0789
22.9942
26.4856
22.6838
23.1449
28.6817
24.2487
28.1719
23.0069
26.5706
25.0526
36.0297
25.1102
26.8884
26.4141
26.7623
25.753
26.1363
27.9987
25.4449
26.4042
35.2598
24.8124
26.6471
24.2765
24.245
27.1025
26.4818
41.1136
27.6174
28.3961
24.1305
31.0932
26.4206
26.7543
27.7204
25.79
25.0938
29.3019
24.0727
25.0957
22.4042
22.3909
26.274
22.4662
25.0684
22.9037
22.6399
27.0794
45.2163
29.7605
25.9656
25.6107
24.1489
40.9617
23.7547
26.464
26.8146
24.0278
26.5652
23.7623
