323.801
69.9747
61.6437
60.6738
59.7806
62.5447
61.1141
60.5467
70.2058
68.4105
61.0342
58.003
58.2398
57.4908
57.7004
57.64
73.587
59.4757
58.1524
64.6091
57.5639
57.6655
57.5298
72.6257
58.7174
56.1403
56.1443
56.4561
55.3911
71.8369
57.8247
56.6009
58.8405
59.6824
56.1481
57.0211
55.1994
61.7328
55.7553
57.1488
75.0542
56.8537
55.8793
56.2513
59.435
57.551
56.5905
59.7704
59.4938
62.4901
55.9697
58.5419
57.065
56.6499
55.8886
58.1689
61.1733
57.0555
63.2521
58.2669
58.1536
57.448
56.7995
58.5647
61.5719
73.9694
55.7102
56.5309
55.9765
57.3404
56.2194
56.5579
74.938
67.0678
56.5895
56.9361
56.135
59.511
56.3901
61.7751
80.4461
56.0795
59.0787
58.7836
57.8995
57.6685
61.2332
59.9773
62.9546
60.6355
56.3426
56.0037
60.4185
66.5563
58.1622
56.6979
60.5127
60.2774
56.2931
56.605
