3.27535
2.91019
2.77109
2.79678
3.19688
2.79068
2.7811
2.82315
2.83112
2.88604
2.76952
2.77999
2.91407
2.80342
2.77153
2.80784
2.7975
2.78735
2.82468
2.77857
2.76209
2.77654
2.77937
2.78566
2.76541
2.77044
2.78722
2.78095
2.78281
2.82034
2.76441
2.75251
2.77047
2.77484
2.77564
2.77733
2.772
2.77952
2.82717
2.78498
2.8641
2.78598
2.79807
2.7838
2.77254
2.79359
2.77753
2.76188
2.79052
2.78828
2.76999
2.83495
2.77052
2.78987
2.7824
2.77766
2.77413
2.76838
2.77594
2.78614
2.76357
2.76791
2.82378
2.76134
2.78028
2.80169
2.76685
2.77042
2.8308
2.77694
2.79205
2.77502
2.77422
2.78412
2.78368
2.7761
2.76749
2.7833
2.76547
2.77998
2.79589
2.76896
2.77755
2.77134
2.836
2.77257
2.79074
2.77511
2.77967
2.76894
2.77661
2.75949
2.78339
2.76636
2.7211
2.77599
2.77665
2.82496
2.72941
2.78131
