106.271
104.129
103.958
106.11
106.727
106.543
106.433
104.6
104.6
105.694
104.449
104.027
103.987
104.147
104.246
103.936
104.11
104.157
104.008
104.05
104.025
104.05
104.118
104.048
104.098
104.018
104.014
104.065
104.347
104.282
104.148
104.025
104.042
104.017
104.114
104.313
104.188
104.066
104.573
104.02
104.014
104.067
104.16
104.15
104.142
104.051
104.084
104.131
104.197
104.288
104.142
103.986
103.912
103.964
104.117
103.995
103.977
104.104
103.973
103.993
104.056
104.06
103.99
104.288
104.269
104.122
104.498
104.479
104.787
104.109
104.105
103.969
104.122
103.938
104.165
104.047
103.957
103.931
104.065
103.865
103.977
104.007
103.826
103.95
103.97
104.024
104.386
103.998
104.139
103.992
104.171
104.531
105.295
104.438
103.98
104.879
104.719
104.016
104.121
104.532
