8.10014
4.30422
4.27455
4.30852
4.2031
4.41763
4.2072
4.31938
4.20012
4.27973
4.21051
4.20803
4.17437
4.21255
4.18605
4.23164
4.16998
4.25625
4.20597
4.18732
4.1782
4.17956
4.221
4.23372
4.14796
4.25766
4.16113
4.22873
4.15579
4.17407
4.29016
4.21188
4.18917
4.24001
4.19302
4.25122
4.28612
4.19238
4.23848
4.20968
4.19421
4.35851
4.14453
4.23557
4.22211
4.17749
4.27506
4.27865
4.14803
4.25126
4.21363
4.26077
4.17939
4.25943
4.18524
4.19718
4.19707
4.21316
4.29716
4.37718
4.26145
4.34214
4.18796
4.24553
4.17707
4.21654
4.13486
4.22678
4.16507
4.20182
4.19268
4.23039
4.24064
4.23474
4.21163
4.20904
4.13465
4.28129
4.26819
4.27846
4.16844
4.20116
4.16907
4.22498
4.16724
4.20121
4.18001
4.268
4.22233
4.22133
4.22381
4.19431
4.15309
4.23777
4.17597
4.3113
4.15608
6.86465
4.13353
4.19963
