1447.04
1145.6
1138.18
1138.32
1143.14
1138.43
1138.35
1140.83
1136.83
1153.88
1140.86
1137.61
1144.12
1136.78
1138.25
1167.15
1141.07
1137.6
1148.27
1140.17
1141.9
1140.01
1141.19
1149.84
1137.76
1140.22
1163.73
1138.44
1141.17
1151.27
1146.66
1145.04
1144.25
1139.27
1151.26
1155.36
1137.07
1151.78
1137.94
1132.7
1142.89
1137.77
1141.56
1140.26
1147.06
1136.57
1150.6
1131.67
1146.26
1148.16
1140.7
1143.99
1143.8
1139.6
1134.44
1134.36
1142.66
1136.81
1145.41
1145.12
1146.58
1143.66
1137.21
1140.51
1133.27
1160.08
1145.86
1144.32
1137.55
1138.99
1164.71
1141.9
1131.14
1149.89
1138.3
1154.39
1132.38
1146.9
1139.47
1136.54
1145.54
1145.24
1147.42
1138.26
1146.65
1132.77
1138.67
1143.46
1144.86
1127.39
1141.52
1140.69
1139.56
1140.01
1152.02
1144.89
1138.48
1142.72
1141.22
1138.64
