664.143
223.281
218.88
220.683
230.839
214.469
217.915
219.37
220.943
226.596
216.579
226.296
221.013
215.672
217.44
226.375
215.863
222.799
217.771
216.539
219.918
215.309
215.947
228.618
230.418
218.256
219.412
226.156
220.079
222.21
222.642
225.518
223.244
224.646
236.202
213.51
226.422
218.64
222.43
220.018
219.312
222.525
229.407
228.918
226.306
220.883
216.724
214.796
237.936
217.688
226.79
223.282
218.551
229.012
218.424
221.243
214.521
220.441
218.305
225.52
222.462
220.764
220.659
221.812
223.72
228.984
221.061
212.548
224.993
220.992
221.689
216.972
217.66
215.825
216.535
227.813
226.606
227.583
222.348
217.25
229.663
213.975
224.357
222.362
237.262
219.712
219.119
227.573
222.126
215.042
218.192
229.133
227.581
216.436
219.405
223.609
218.81
222.765
224.497
223.013
