100.739
100.082
100.381
100.103
100.083
100.095
100.053
100.061
100.161
100.113
100.092
100.069
100.066
100.095
100.029
100.08
100.06
100.068
100.054
100.056
100.069
100.064
100.07
100.093
100.085
100.042
100.08
100.122
100.124
100.124
100.07
100.062
100.042
100.061
100.116
100.136
100.063
100.062
100.049
100.251
100.082
100.06
100.084
100.087
100.094
100.107
100.117
100.078
100.064
100.078
100.054
100.282
100.049
100.051
100.051
100.072
100.065
100.107
100.515
100.109
100.082
100.33
100.08
100.056
102.18
100.072
100.041
100.071
100.094
100.075
100.122
100.082
100.125
100.054
100.06
100.086
100.08
100.053
100.114
100.059
100.036
100.057
100.05
100.055
100.077
100.137
100.036
100.052
100.045
100.051
100.101
100.064
100.057
100.276
100.075
100.081
100.074
100.072
100.069
100.057
