86.2577
87.6541
84.0669
84.8334
86.349
84.5545
84.5938
84.8665
83.938
84.2003
85.4237
84.2528
84.6304
84.5338
83.5825
89.1549
83.9119
88.8352
83.4901
85.4998
83.9084
83.9836
85.4413
84.2173
85.2433
85.5697
84.3747
83.7269
83.6044
88.1824
83.5342
83.7847
86.276
83.7092
84.7035
83.5952
83.7528
83.2649
85.4831
83.8758
84.4279
89.2384
83.8803
84.0723
86.9186
87.7701
84.666
83.9579
85.1082
85.1809
83.7606
85.4036
83.9154
83.7011
84.5233
84.7183
84.0147
86.677
84.1378
83.9141
86.0875
84.5994
84.1248
85.9617
85.1647
97.7669
94.273
86.8115
89.3902
86.0534
83.8593
86.958
85.9202
86.509
84.2987
83.765
85.8284
83.9086
84.8955
86.259
83.7543
83.7076
84.8855
87.4366
84.8644
83.2541
88.0317
83.7696
87.6802
85.3948
83.6096
85.8012
84.326
83.9418
86.519
84.2921
84.075
85.411
84.6767
86.6764
