254.77
3.4871
3.11285
3.17641
3.54942
3.21403
3.16674
3.18577
3.61378
3.16712
3.05129
3.59544
3.0677
3.05925
3.09583
3.20284
3.03707
3.08987
3.49041
3.05355
3.89012
3.04506
3.72214
3.72848
3.24137
3.19645
4.17389
3.13161
3.13457
3.31005
4.0045
3.13444
3.81991
3.34942
3.13937
3.12453
3.88144
3.08111
3.23656
3.95186
3.08388
3.10617
3.18296
3.99056
3.1368
3.09421
3.23129
3.18888
4.50165
3.32587
3.23312
3.13136
3.18048
3.14555
3.33274
3.186
3.0905
3.0759
3.11522
3.1439
3.11416
3.11057
3.06462
3.04555
3.11229
3.07521
3.16817
3.04973
3.12437
3.03899
3.17719
3.07878
3.08384
3.09197
3.04388
3.09727
3.79503
3.02855
3.23239
3.06024
3.02518
3.03768
3.05557
3.06167
3.0792
3.09389
3.0622
3.03863
3.06336
3.0514
3.06549
3.04532
3.1398
4.0472
3.20457
3.09253
3.07507
3.15069
3.11232
3.09831
