483.694
483.951
478.883
478.329
483.967
478.611
478.922
478.425
483.425
478.439
479.269
479.285
478.785
479.707
478.744
479.901
478.317
479.806
478.596
485.329
601.118
602.498
604.036
604.157
604.039
604.58
603.747
601.887
603.892
601.851
605
601.577
603.725
601.756
603.357
605.242
603.41
603.151
603.799
605.071
601.645
602.339
604.088
604.196
601.953
604.426
604.874
602.841
604.987
604.011
602.485
555.627
478.511
478.448
478.639
482.539
478.788
477.85
478.036
484.732
478.659
479
478.387
479.349
479.059
479.842
478.662
478.784
479.656
478.746
479.617
479.215
485.195
478.511
478.51
478.801
478.926
478.394
478.258
478.254
478.455
478.602
478.659
478.681
479.137
494.699
605.411
605.907
600.389
605.378
603.342
603.536
602.189
604.846
604.109
602.476
602.95
604.368
601.095
603.391
