4.33338
3.35696
3.43466
5.04116
6.45089
3.31922
3.64113
6.47288
6.20436
3.31887
3.34146
3.35141
3.36188
6.68472
3.35565
6.99258
3.32328
3.30312
3.29984
3.3135
3.29283
3.31063
3.30771
3.31174
3.32944
6.36611
7.11702
3.31057
3.30498
3.30531
3.34808
3.29601
3.30581
3.32078
3.33163
3.36394
3.2786
3.29822
4.44657
3.32331
3.30745
3.59449
3.31644
3.32966
3.33846
3.30949
6.53962
3.27001
3.33891
3.30701
3.3089
3.28302
3.28761
3.28566
3.31209
3.3106
3.28568
3.2993
3.30613
3.29027
3.33988
8.89461
3.3668
3.31366
3.42143
3.32097
3.43291
3.34015
3.31322
3.33287
3.31196
3.30591
3.3332
3.30116
3.3266
3.30369
6.1677
6.45433
3.31391
3.30794
3.30839
3.31191
3.30807
3.30281
3.34368
3.32718
3.43602
3.34739
3.51931
3.39421
3.36016
6.84699
3.30634
6.32634
3.33796
6.17399
3.30409
3.28913
3.3144
3.32089
