676.517
285.308
188.625
147.665
141.678
145.798
141.346
145.215
143.968
199.188
143.01
145.409
140.94
143.129
147.097
143.32
145.376
145.334
146.192
146.82
147.807
143.016
142.165
144.681
144.802
150.725
142.316
145.813
145.128
143.677
143.227
143.018
142.069
145.502
143.214
145.942
142.516
145.608
141.792
144.912
141.828
149.58
145.557
144.619
141.434
142.177
144.809
147.41
143.774
144.494
148.505
146.305
143.044
141.361
151.588
142.807
141.154
148.782
149.48
141.585
146.424
144.834
143.292
142.729
146.021
144.507
148.004
144.101
145.097
145.214
141.293
145.863
146.489
145.83
141.441
145.611
144.921
142.8
145.961
147.081
142.881
146.948
146.199
143.809
143.094
143.992
148.515
143.556
142.702
145.094
146.688
144.633
142.39
142.136
149.674
142.163
142.006
148.586
141.793
143.527
