260.433
135.803
140.839
139.522
141.156
28.3438
154.293
144.458
136.416
26.3215
137.168
27.1083
26.8386
137.536
27.8476
26.2482
27.4586
26.939
29.4329
27.9274
147.383
27.2803
149.551
139.743
30.2741
30.1735
145.927
27.3346
27.6786
141.988
27.6558
29.1904
139.602
27.9994
140.074
26.9071
26.7631
140.393
140.003
28.6453
26.3209
28.4671
29.0164
28.3753
164.04
26.7224
139.229
141.388
29.4302
26.9465
146.104
142.856
29.7952
27.8133
28.5356
26.6201
33.0067
28.4144
28.8094
28.0621
139.276
27.9985
146.525
27.3763
38.7476
29.992
26.8867
27.5974
33.7874
28.8075
140.756
27.235
28.5271
138.842
27.8974
142.978
30.53
27.2473
142.161
29.9652
43.1688
28.7257
27.1938
30.0496
27.0033
26.4663
29.216
26.0806
26.6501
141.556
31.3531
29.1111
26.6944
28.4327
27.9475
28.4005
27.2923
27.6544
26.9355
27.5677
