24.9259
24.6516
26.0227
26.3552
26.5727
26.1386
24.3642
25.6156
24.9045
25.1471
26.2818
25.6636
24.4982
24.1964
24.31
24.3938
24.0215
25.2977
26.1378
26.6985
24.9341
23.6229
24.4699
24.2232
24.8648
26.138
24.8587
24.08
25.5926
25.5011
25.3737
24.1107
24.9828
26.3492
25.8726
23.7796
23.8202
24.6369
24.8673
23.7681
25.9509
24.1226
25.4495
24.6908
26.3236
24.6748
26.6636
25.0069
25.1095
25.8575
24.3427
24.9722
25.0163
24.4931
26.2849
24.1206
24.8125
25.5694
26.0601
24.836
26.1994
24.9338
24.2509
24.2772
25.2376
24.8661
25.9338
25.0424
25.1062
26.1336
24.0506
27.546
26.9489
25.0519
25.3017
25.9895
24.3369
24.9651
24.7796
24.9657
26.1786
25.8444
25.4647
26.2291
24.8911
24.9236
24.6278
26.7795
26.468
25.8466
24.0963
24.37
24.184
25.6008
26.6896
26.1122
24.1563
24.2713
24.6882
24.3022
