40.4471
40.0346
39.9155
39.9197
40.4502
39.9168
39.9801
39.9244
39.9384
39.9862
39.9232
39.9206
40.086
39.9199
40.0005
40.009
39.9169
39.9221
39.9245
39.9223
39.924
39.9169
39.9121
39.9195
39.9197
39.922
39.9204
39.9197
39.9887
39.9113
39.9197
39.9189
39.9203
39.9198
39.9184
39.9114
39.9217
39.9221
39.9201
39.9928
39.9226
39.9236
39.9129
39.9171
39.9219
39.9215
39.9208
39.9211
39.9885
39.9136
39.9177
39.9232
39.925
39.9166
39.9196
39.9126
39.9197
39.921
39.9271
39.9204
39.9253
39.9882
39.9121
39.9179
39.9822
39.9955
39.9216
39.9226
39.9138
40.0154
39.9204
39.922
39.9205
39.9222
39.9804
39.9139
39.9204
39.9242
39.9194
39.9191
39.9231
39.9789
39.9131
39.9214
39.9241
39.9156
39.9212
39.9227
39.9091
39.9207
39.9189
39.9195
39.9221
39.9184
39.9807
39.913
39.9201
39.9824
39.9208
39.9187
