539.175
80.9957
80.9826
81.587
81.0765
80.7321
81.2855
83.2317
81.1262
83.1235
89.2143
81.3
80.3149
87.1662
82.2338
80.6787
80.9044
81.6385
80.1133
82.3574
81.2785
80.4186
81.2589
84.4829
80.6121
80.2269
84.5264
82.3901
81.1387
81.3207
82.6597
81.4086
81.4455
81.2213
80.2991
82.366
81.5162
81.9327
80.2618
82.1084
82.3952
86.0074
80.6582
83.2444
80.7872
80.4828
80.5768
81.7235
80.2828
81.9064
82.0683
80.739
81.2636
80.6757
81.4295
80.6824
81.637
80.456
81.2625
80.1789
81.6542
81.4221
81.2577
82.0299
80.6965
84.7999
81.3725
82.2653
80.636
81.5597
80.7435
80.7298
82.6145
81.5231
81.3614
85.2635
80.8279
82.2178
81.6271
81.2461
80.7735
81.0342
80.8694
81.3539
81.0302
81.6611
82.1179
80.1783
81.2698
80.8663
80.0809
80.4313
81.3535
80.5187
88.1162
81.7615
81.0397
84.4287
81.0754
81.7489
