117.403
33.0795
9.51539
7.91228
7.50368
7.84664
7.82713
7.46221
7.59691
7.47072
7.6162
7.41449
7.52095
7.57591
7.85983
7.63209
7.61775
7.64224
7.71919
7.38488
7.54139
7.47736
7.36899
7.82895
7.87136
7.82333
7.83733
7.87159
7.82317
7.86825
7.86966
7.54302
8.15186
7.82002
7.81788
7.73313
7.84503
7.83668
7.89599
7.59553
7.88603
7.37652
7.53134
7.75924
7.84115
7.83804
7.45659
7.85687
7.88365
7.82678
7.47696
7.87413
7.83313
7.46096
7.80295
7.39955
7.8217
7.84038
7.89015
7.45737
7.58084
7.40026
7.50842
7.51673
7.80992
7.91815
7.46184
7.51349
7.83406
7.54047
7.85433
7.83762
7.67722
7.83498
7.85425
7.82755
7.88299
7.46295
8.01756
7.52999
7.8175
7.97871
7.56549
7.71425
7.86109
7.35583
7.83676
8.05169
7.45565
8.35627
7.63109
7.84563
7.46219
7.46653
7.40092
7.82458
7.73341
7.82886
7.85219
7.43975
