6958
6466
7356
7925
8340
8245
7649
8839
7362
6174
5887
5789
5400
5212
5228
5156
5275
5184
5157
5195
5128
5225
5050
5322
5159
5237
5123
5288
5164
5063
5265
5095
5230
5182
5147
5180
5076
5512
5571
5450
5264
5306
5336
5712
5148
5525
5384
5311
5288
5087
5265
5142
5153
13131
5860
5833
5698
5623
5817
5795
5672
5630
5483
5241
5526
5309
5406
5406
5457
5344
5318
5176
5305
5304
5392
5391
5207
5206
5195
5213
5204
5119
5135
5166
5178
5242
5232
5125
5169
5180
5238
5186
5181
5231
5285
5277
5278
5209
5208
5134