598.899
111.293
83.8062
61.6873
69.0438
58.843
59.2879
67.0049
70.188
62.2977
61.7375
60.7929
73.551
66.1574
57.4691
73.4416
79.5868
70.9526
61.7097
72.2272
70.4131
57.7252
60.666
60.6585
71.1995
59.7207
69.6688
68.24
66.4335
63.6521
72.7539
57.7079
55.136
69.2576
68.0549
71.3718
59.2453
60.9299
55.4827
78.6429
57.9816
72.8208
65.6895
47.6745
71.495
60.9779
65.6571
60.9726
65.6432
67.2008
62.8157
57.5856
58.6161
68.602
64.5742
57.3859
65.2306
69.0517
74.7747
59.4604
64.6712
58.3554
60.3265
71.5715
65.263
86.0922
58.7035
60.9074
61.7116
53.891
64.8178
65.451
53.8615
58.8913
71.4097
56.1019
62.3955
73.882
48.9712
57.9576
46.7694
66.4138
70.3861
65.8351
57.0323
56.7432
60.8866
65.5731
48.259
68.9853
62.7048
67.9845
60.1475
57.1368
55.682
59.0505
57.1957
90.7908
59.4977
50.4702
