552.672
135.055
212.978
211.175
212.3
211.561
240.303
222.436
200.765
123.23
203.576
121.804
127.881
209.368
200.535
201.402
125.743
130.428
129.311
129.991
130.244
212.057
202.52
122.537
214.146
122.593
217.643
122.828
128.684
209.06
201.997
127.358
130.742
128.541
129.634
130.772
128.219
132.285
131.116
127.702
130.628
217.327
121.191
130.94
212.838
120.914
131.481
132.315
130.416
129.768
130.603
129.32
131.759
133.982
129.679
133.759
130.195
129.333
129.511
129.91
130.138
130.448
129.483
211.907
121.376
134.886
132.556
132.463
213.66
122.127
130.7
209.626
122.752
215.629
122.478
130.849
132.753
131.027
133.357
128.982
134.231
129.576
130.278
129.448
133.502
208.859
122.928
130.998
135.454
128.673
134.253
129.472
132.203
130.013
214.978
124.299
130.315
129.807
128.664
131.006
