58.6704
20.4879
101.881
20.5695
20.0964
20.092
20.2407
20.215
97.6719
20.0952
20.1978
52.6575
54.0051
20.2789
98.2404
95.7315
20.1025
20.0984
20.097
20.284
20.2846
20.2716
20.4711
20.184
20.2535
20.2612
20.2712
20.2639
20.1036
20.2575
20.2561
20.2698
20.2702
20.1084
20.2481
20.2647
20.2466
20.2385
20.1851
20.2003
20.2591
20.2526
20.2445
20.2427
20.0961
20.2435
20.2473
20.2405
20.2452
20.128
20.2478
20.2429
20.2659
20.2502
20.1758
20.1751
20.2528
20.2645
20.2488
20.2467
20.1232
20.2494
20.2458
20.2352
20.2608
20.1101
20.254
20.2515
20.2394
20.2335
20.2382
20.1052
20.2417
20.2245
20.2514
20.2564
20.11
20.2376
20.2493
20.2412
20.2321
20.1848
20.257
20.2598
20.2432
20.2402
20.2385
20.1016
20.2394
20.25
20.2382
20.2434
20.1063
20.2387
20.2333
20.2562
20.2437
20.1652
20.1629
20.232
