315.885
19.3215
19.5426
21.4154
19.7526
18.41
19.4474
20.7782
18.3426
18.8155
30.4348
23.7457
19.9528
19.3008
21.975
24.0815
18.8722
23.3314
16.798
18.6579
17.6656
19.3832
22.7682
19.0948
19.5378
19.2724
19.5565
15.3131
25.8928
20.2204
23.7126
19.7045
16.9649
19.7435
19.6879
19.7401
19.4444
14.8094
17.4579
16.7814
18.5473
21.1072
18.0358
16.8178
19.376
34.6348
17.8746
25.1256
17.9174
17.8945
16.5209
14.4371
15.661
15.7932
20.9004
15.3393
15.9682
16.7653
14.2744
14.3806
19.6324
20.4942
15.9438
21.7581
18.071
16.4513
14.2121
22.1324
14.1699
14.1653
14.0753
17.0719
16.7927
17.2256
16.4828
18.2437
16.0944
16.2382
17.6568
18.6416
15.8832
23.3187
14.2385
20.5617
14.0867
18.4622
15.9005
16.4693
15.4798
17.263
15.9965
19.6347
18.399
15.467
16.4951
17.3596
18.8132
16.2049
16.3933
18.0951
