565.136
227.863
230.048
229.485
230.86
233.419
232.641
238.426
230.031
232.457
230.934
226.968
237.675
230.657
234.932
230.563
231.795
233.266
236.03
232.556
232.15
233.024
231.333
232.347
238.192
232.177
234.443
233.367
232.088
229.796
239.628
228.512
230.935
231.408
240.011
232.288
239.538
230.642
233.961
225.33
230.461
230.648
239.07
230.315
233.211
232.079
233.092
232.069
238.037
230.953
232.873
231.824
229.745
230.604
235.903
227.185
233.788
232.67
231.751
236.206
237.019
230.704
232.568
231.642
230.335
242.792
238.794
230
233.822
230.45
231.805
230.119
237.336
231.038
229.834
236.651
223.115
230.418
240.138
231.536
229.885
230.961
232.86
230.541
236.665
232.355
232.415
230.399
233.427
232.59
249.664
230.033
232.47
236.137
231.017
232.718
235.934
232.022
229.287
233.497
