110.866
107.889
108.421
108.269
108.419
108.382
108.169
108.253
108.122
108.339
106.781
104.858
104.596
104.451
106.347
106.862
106.957
104.669
105.887
104.961
104.558
105.457
104.466
104.508
104.686
104.886
104.438
104.11
104.004
104.208
104.01
104.156
107.946
108.556
108.277
108.656
108.122
108.039
108.363
108.467
108.076
108.207
108.276
108.167
108.385
108.072
108.142
108.2
108.135
108.079
108.06
108.106
108.013
108.099
108.125
108.069
108.155
108.219
108.128
108.235
108.271
108.123
108.017
108.444
108.221
108.327
108.049
108.211
108.255
108.376
108.077
108.432
108.243
108.343
108.265
108.306
108.116
108.162
108.289
108.264
108.233
108.49
108.237
108.2
108.297
108.164
108.441
108.45
108.208
108.266
108.386
108.335
108.191
108.194
108.231
108.225
108.328
108.204
108.458
108.127
