318.731
26.6084
33.9577
28.1589
24.9513
22.3831
24.6445
22.495
26.618
28.1744
24.9855
21.1231
24.5046
27.0391
26.6909
27.1702
25.8318
24.8906
25.8356
25.2887
22.8752
26.5406
21.248
26.8618
24.9307
23.9539
24.9941
27.0256
25.2613
28.0226
24.8759
21.5631
26.088
25.7536
20.4089
24.5987
25.2951
22.4461
24.4797
24.9095
26.9801
24.6601
25.8996
24.8959
24.5936
24.9988
24.3367
22.9644
26.3547
27.236
25.3672
28.8319
26.4901
28.6447
27.8782
25.7222
24.0071
29.1801
24.0672
24.5121
33.0954
28.874
21.5261
27.1474
25.7252
25.1458
22.5328
26.1977
25.3281
25.9488
21.9864
24.6532
24.5813
23.601
22.8045
25.6508
20.1707
22.7385
25.1134
25.8416
27.4544
22.7158
24.8056
25.9649
25.245
23.8372
26.213
24.071
26.7973
22.7845
24.5291
26.9119
25.3159
25.4534
29.2141
28.7324
22.639
26.0275
25.414
22.6872
