40.721
40.1247
40.0748
40.1563
40.1356
40.0355
40.1579
40.0888
41.3044
40.0541
40.0996
40.5399
40.0553
40.0457
40.026
40.0257
40.0678
40.1266
40.0328
40.0049
40.0363
41.223
40.0958
40.0969
40.2789
40.0838
40.0671
40.0722
40.0816
40.0624
40.065
39.988
40.4456
40.1095
40.0876
40.0677
40.0671
40.074
40.0776
40.0603
40.0942
40.1139
40.0656
40.1755
40.0641
40.0721
40.2585
40.0471
40.0447
40.0398
40.1042
40.4439
40.1215
40.0885
40.0759
40.0515
41.0448
40.088
40.1091
40.9523
40.0405
40.4238
40.01
40.0931
40.0475
40.3921
40.0558
40.4512
40.0878
40.1456
40.0553
40.0274
40.0028
40.06
40.0574
40.0835
40.1209
40.1073
40.0998
40.1246
40.4184
40.0996
40.4862
40.0696
40.413
40.1153
40.406
40.0997
40.2889
40.0715
39.996
40.0522
40.0694
40.4315
40.0783
40.0775
40.0304
40.0716
40.1904
40.1154
