8.25011
8.1433
8.11325
8.36019
8.28122
8.22221
8.12502
8.06234
8.1023
8.16461
8.26262
8.19776
8.19088
8.48819
8.46618
8.4247
8.21226
8.16214
8.47766
8.66314
8.6377
8.8633
8.63914
9.02899
8.89594
8.41277
9.41021
9.56912
8.49011
9.18032
9.0911
8.47664
8.97158
8.3408
8.5847
8.69322
8.51203
9.1871
8.42915
8.68154
8.21936
8.34067
8.45398
8.3831
8.40326
8.16832
8.48262
8.69318
8.37043
8.60154
8.24733
8.38288
8.19414
8.45347
8.54925
8.63862
8.30704
8.37459
8.27802
8.49994
8.88698
8.44579
8.21667
8.30499
8.19872
8.2233
8.55446
8.61274
9.11792
8.30262
8.82509
8.34224
8.63136
8.46403
8.17283
8.37875
8.15322
8.40458
8.17472
8.28269
8.11616
8.12157
8.47882
8.17734
8.21213
8.65114
10.1451
9.64714
9.9841
8.62147
8.71693
8.9113
8.41322
8.26266
8.74986
8.38211
8.21037
8.31114
8.41062
8.64944
