15.7626
16.0555
16.1677
16.5675
16.101
16.5397
15.9055
16.1988
16.3279
16.1523
15.9601
15.5629
15.8894
16.1817
16.4009
16.1465
15.9218
16.2723
16.8861
16.4514
15.8361
16.2281
16.0081
15.918
16.01
15.9448
16.5633
15.7676
15.8886
16.0975
15.9584
15.8437
15.9042
16.2249
16.1286
16.1093
16.0378
16.0325
15.8858
16.5433
15.9969
16.1359
16.1074
15.9156
15.9789
16.089
16.0022
15.755
16.2899
16.1689
16.2639
16.0425
16.2093
16.074
15.8094
15.8361
16.0239
16.1554
17.4619
16.2414
16.4829
15.8653
15.7925
15.9587
16.2007
16.0561
16.0713
16.0031
16.0532
15.9335
16.0316
15.769
16.2374
16.0459
15.994
16.4878
15.9268
15.8097
16.2438
15.7633
15.9282
16.1145
15.6848
16.3242
16.9664
16.0154
16.0825
16.1094
15.9158
15.837
16.0362
15.9472
16.349
15.8934
15.8829
15.8092
15.7849
16.6923
15.9027
16.5074
