1844.54
1529.73
1523.25
1548.78
1459.84
1523.15
1524.52
1526.03
1539.82
1444.86
1450.82
1530.48
1444.86
1465.55
1561.16
1538.28
1529.51
1512.96
1530.55
1539.11
1550.48
1479.11
1552.37
1438.27
1546.47
1462.05
1525.47
1521.09
1525.03
1552.14
1434.72
1530.74
1526.31
1537.08
1536.89
1445.43
1450.09
1511.86
1525.78
1530.14
1468.52
1448.23
1521.71
1541.86
1580.09
1534.54
1526.74
1536.93
1531.92
1525.55
1538.75
1525.09
1547.77
1525.38
1450.95
1472.55
1522.18
1536.62
1516.19
1459.5
1534.97
1519.64
1533.06
1443.42
1554.18
1442.4
1526.47
1511.03
1520.45
1543.82
1525.87
1541.91
1519
1524.32
1473.29
1521.05
1448.08
1541.38
1537.97
1527.62
1450.92
1543.67
1449.21
1524.79
1531.04
1538.71
1530.71
1446.17
1528.68
1535.56
1545
1524.07
1548.51
1523.03
1457.32
1520.1
1440.01
1472.34
1530.79
1450.96
