495.231
58.4565
77.1023
56.3165
62.5372
61.2936
55.0327
56.0446
55.5123
56.6856
63.0873
56.3186
58.8997
57.8791
64.1354
57.0925
56.7893
52.9994
53.709
52.7371
60.5459
48.9996
48.9697
49.8469
54.86
48.9555
60.2247
49.472
50.8506
51.4874
51.2111
46.8461
50.252
50.6664
51.2782
55.5445
52.9966
52.8251
47.4715
52.9797
53.5747
48.2591
51.268
50.5899
56.652
52.0199
55.8575
52.6473
56.9532
49.0588
52.8908
49.936
49.2224
50.6089
50.4028
50.7162
52.1376
47.2623
49.2871
53.0262
58.4401
50.0438
55.5102
52.1338
50.4555
54.9209
53.557
56.4128
54.6169
48.7382
47.0717
52.163
53.0008
55.3954
54.8748
47.3969
49.84
51.8331
57.7106
49.3109
48.9691
53.1143
59.4121
54.3568
50.6327
53.8998
49.9767
52.3698
52.1255
50.2513
51.0041
52.8591
48.9322
56.3686
50.7876
50.6281
53.621
53.1161
49.7655
56.2036
