132.666
106.156
97.0721
95.2935
97.2946
102.297
95.3628
99.3117
99.5596
103.52
98.0086
100.984
106.676
94.6219
97.6601
100.018
99.1013
100.132
107.119
101.362
102.353
100.125
96.2508
96.922
96.7923
99.1086
98.1543
96.008
100.346
98.106
100.007
98.4937
96.6658
96.5629
104.519
98.9533
96.5807
100.034
98.1509
95.5459
99.6817
95.9391
95.7237
97.3213
98.4077
95.8451
98.5004
99.0965
96.3971
101.347
96.8625
103.422
101.683
98.7384
96.6101
96.6381
99.7127
96.1797
96.4556
99.8069
96.0034
95.7531
95.4809
96.4775
96.5776
94.4386
96.5493
97.1977
96.226
96.9246
108.428
98.4525
99.2138
99.1322
99.1495
95.8141
94.8322
103.359
97.2697
96.8483
97.5193
95.1911
99.0505
95.3275
95.8845
96.1161
96.4751
97.2679
97.2767
99.0452
101.283
104.482
100.75
96.2384
104.333
98.1081
97.4319
97.4123
100.38
93.5442
