632.737
210.376
204.117
289.328
205.463
381.166
455.306
208.834
207.086
208.486
206.012
208.178
208.145
209.04
207.051
212.077
208.305
209.342
207.318
205.82
206.645
207.757
211.308
208.155
209.664
206.336
207.96
210.648
210.146
204.828
204.879
203.527
204.693
205.536
203.241
206.513
208.955
202.07
203.853
206.918
203.72
202.08
205.144
203.591
201.911
200.702
205.303
203.544
203.41
202.381
202.955
204.845
203.284
206.541
204.167
201.473
202.314
203.431
207.014
204.611
205.038
205.391
205.016
209.26
205.147
205.171
203.187
205.222
204.919
202.019
206.198
205.94
206.117
201.322
208.002
206.659
203.468
204.962
200.632
202.4
202.88
205.403
204.514
207.222
210.65
202.913
203.583
204.781
200.417
202.046
201.766
205.443
202.509
201.639
203.4
205.556
203.37
205.694
201.669
365.925
