1236.73
449.388
417.913
423.233
443.962
523.51
439.197
408.18
411.193
429.076
437.434
475.724
486.883
427.338
437.618
452.721
493.331
424.38
530.14
420.174
409.925
434.297
426.78
498.997
421.809
485.965
461.255
491.223
502.033
464.209
486.299
421.307
427.93
498.662
439.314
420.674
504
484.292
521.556
451.286
463.157
418.538
408.029
431.205
399.897
518.083
414.484
487.287
474.031
403.086
426.294
483.002
430.34
479.852
410.879
411.604
469.548
527.628
495.708
458.061
412.885
390.975
488.288
401.502
470.763
420.015
488.274
451.62
416.365
420.81
423.677
398.993
463.581
465.397
504.334
410.026
434.344
400.761
442.51
450.888
410.104
421.575
459.452
429.691
446.972
421.018
427.313
425.928
479.497
474.791
415.143
404.618
468.656
469.681
438.915
415.56
483.442
426.235
434.425
408.568
