8.18098
7.71626
7.57482
7.98752
7.739
7.5879
7.57611
7.56196
7.67855
7.6057
7.72065
7.59021
8.07302
7.57692
7.57273
7.5426
7.59412
7.58375
7.66344
7.57608
7.56915
7.56802
7.58086
7.65069
7.57139
7.70131
7.5935
7.58932
7.59484
7.57222
7.57392
7.57819
7.69248
7.59702
7.58019
7.56564
7.56759
7.63176
7.57628
7.70154
7.56607
7.54753
7.62951
7.59725
7.57769
7.54721
7.67685
7.56474
7.60532
7.57959
7.57364
7.54307
7.58452
7.70138
7.5753
7.58038
7.58883
7.5487
7.56498
7.46423
7.66989
7.62124
7.54507
7.56881
7.54545
7.60555
7.5678
7.66129
7.60286
7.56768
7.5823
7.58008
7.60405
7.56577
7.65834
7.56973
7.57598
7.56798
7.56891
7.56141
7.62798
7.55311
7.56319
7.59427
7.5803
7.57895
7.56309
7.59949
7.67952
7.57231
7.55452
7.5947
7.55767
7.55862
7.60794
7.70119
7.59046
7.60925
7.54434
7.64083
