19.8233
18.0969
17.864
17.869
17.6073
17.5705
17.8498
17.9701
19.6684
17.7745
17.8446
17.611
17.5328
17.8732
17.7496
17.5198
17.9335
17.8657
17.8267
17.5632
18.1131
17.8076
17.8454
17.6345
17.9087
17.6324
17.6718
18.0459
17.6319
17.5293
17.8014
17.9943
17.5132
17.8154
17.6145
17.5805
17.6546
17.7329
17.565
17.4776
17.8489
17.938
17.9659
17.5907
17.9553
17.8887
18.8104
17.5659
17.955
17.8314
17.7186
17.4923
17.4944
17.8412
17.556
17.9415
18.0127
17.5522
17.6535
17.7896
17.6298
17.7738
17.836
17.8412
17.9161
17.5119
17.6982
17.8795
17.828
17.8612
17.7922
17.8623
17.7433
17.7326
17.7094
17.936
17.9938
17.9914
17.6408
17.6116
17.7347
17.8519
17.9972
17.8374
17.8543
17.8679
17.9566
17.9403
17.9962
17.98
17.8114
17.7049
17.5317
17.9741
18.0193
17.8512
17.9519
17.9743
17.9875
17.5361
