750.697
441.932
400.195
401.263
379.381
397.307
378.017
398.698
379.283
392.666
383.28
381.349
279.896
388.425
377.544
380.818
281.319
297.989
292.62
293.462
294.843
379.855
382.595
282.319
389.852
382.816
281.639
299.893
386.049
381.221
394.786
380.736
282.058
386.147
382.839
382.835
279.791
304.891
286.38
306.598
382.558
286.043
308.86
288.519
297.509
299.488
294.915
296.723
378.291
285.386
306.092
288.276
299.554
381.722
285.466
303.238
292.32
296.245
294.937
296.939
384.604
290.379
386.163
383.96
284.867
305.504
283.295
295.594
293.435
293.857
294.052
295.989
292.269
299.939
292.859
380.223
287.853
299.447
292.105
297.4
293.959
294.043
296.636
295.984
294.436
295.704
297.929
380.447
289.523
383.168
287.206
384.336
286.136
301.787
383.879
380.199
380.874
282.608
383.848
384.76
