151.795
147.511
141.98
142.247
141.788
141.899
141.994
142.33
144.781
141.229
140.857
39.7516
143.983
143.27
141.052
141.65
39.3592
143.36
144.489
140.851
39.3439
144.835
39.3646
144.321
142.039
142.746
141.25
141.512
145.114
194.925
143.158
142.354
141.361
39.3818
143.781
141.234
39.3234
39.6684
144.562
39.3562
39.6953
143.109
143.651
142.271
143.524
39.3395
143.945
141.753
39.3357
39.3214
147.475
143.946
142.326
143.325
39.3333
145.635
144.186
143.861
39.3894
143.998
39.3783
145.934
143.301
141.953
142.135
141.748
39.3613
39.7092
144.92
39.35
144.493
142.822
143.689
143.205
39.3619
143.954
140.718
142.803
142.034
144.3
143.314
142.662
143.237
143.018
142.544
39.3449
39.326
145.587
39.3549
39.3251
147.69
143.231
39.3656
145.154
39.3591
39.3572
147.988
142.06
142.618
39.3742
