63.8452
63.4181
63.2852
63.7382
63.2755
63.3249
63.5571
63.2239
63.3801
63.3526
63.3427
63.2303
64.0028
63.2683
63.2573
63.2669
63.228
63.2352
63.2418
63.3641
63.2426
63.2092
63.24
63.3982
63.263
63.2262
63.2545
63.2509
63.2131
63.2243
63.3352
63.2307
63.2605
63.2274
63.2724
63.2755
63.2108
63.2761
63.2311
63.2453
63.2436
63.2409
63.2472
63.2272
63.3226
63.2546
63.1661
63.2261
63.2801
63.2589
63.2393
63.2415
63.2413
63.262
63.2254
63.0464
63.2418
63.2607
63.2258
63.2426
63.2494
63.2438
63.3475
63.2129
63.2252
63.2637
63.2667
63.2092
63.2119
63.3321
63.2132
63.2637
63.2354
63.2899
63.2599
63.3056
63.2506
63.2683
63.2264
63.2535
63.3312
63.2767
63.2618
63.2376
63.28
63.2616
63.2467
63.3694
63.2519
63.2389
63.3216
63.2194
63.2569
63.2581
63.308
63.2106
63.2557
63.235
63.3226
63.2672
