640.994
311.406
332.749
344.649
338.843
348.59
337.825
339.47
328.245
316.805
325.016
349.628
333.361
310.275
348.474
340.255
349.988
350.154
342.274
342.806
348.166
346.235
345.853
317.202
344.483
337.721
325.087
346.067
343.024
329.024
339.92
337.379
339.925
364.056
340.488
344.633
342.56
343.464
354.784
341.123
350.319
341.057
341.172
344.812
348.998
328.065
341.605
342.748
326.861
346.757
340.077
323.626
342.349
345.354
338.42
344.475
343.13
340.843
336.797
338.568
341.415
347.771
340.978
344.331
314.431
345.951
340.593
350
343.134
343.555
313.941
341.86
306.946
317.247
346.531
340.57
339.304
350.067
341.974
340.555
325.165
325.882
345.881
323.369
342.356
340.871
343.216
343.58
341.208
340.344
344.377
341.025
344.884
341.579
314.874
343.904
349.514
343.472
312.889
340.376
