807.914
716.223
719.89
753.211
751.058
752.52
715.7
713.945
713.849
720.54
715.464
713.32
714.525
717.636
718.298
713.477
715.8
714.44
713.624
717.484
715.983
714.055
714.587
715.341
720.175
721.533
718.891
714.545
752.83
751.466
712.703
714.865
719.769
718.708
715.522
716.334
715.721
715.568
713.016
715.911
718.003
715.862
716.822
715.845
715.762
716.703
717.299
716.899
714.491
711.442
711.785
713.167
719.716
715.268
716.104
716.955
714.382
715.847
716.216
718.151
716.078
713.253
716.949
715.134
717.129
714.586
715.327
717.759
716.839
716.342
717.615
715.758
754.215
753.826
713.438
715.898
715.253
716.549
715.674
715.86
716.574
721.812
715.124
716.547
714.181
718.355
715.777
718.082
717.844
714.951
715.312
718.201
718.043
717.323
716.405
882.827
893.348
889.28
878.155
876.408
