595.284
277.101
277.238
272.516
273.649
282.448
278.684
276.409
273.579
277.453
273
276.947
274.532
282.907
281.156
280.243
272.022
283.6
275.364
284.326
276.905
277.263
277.617
283.228
274.174
283.786
275.936
278.584
275.872
282.332
280.812
273.616
273.752
275.337
275.696
289.124
273.133
275.849
276.018
279.699
281.634
283.286
278.111
281.845
276.359
273.338
284.236
280.714
276.715
279.327
278.916
292.125
279.352
272.86
286.303
278.801
278.864
276.831
274.556
277.157
285.959
273.393
278.237
281.165
279.331
270.893
274.7
270.022
282.776
271.32
272.374
271.836
272.43
266.795
270.053
272.198
294.732
269.436
266.877
268.302
268.267
269.829
268.627
270.14
269.045
282.682
267.208
269.964
273.962
285.68
274.443
270.72
275.353
273.44
267.587
268.556
267.749
277.818
266.304
269.346
