489.05
138.599
110.09
112.07
117.913
113.773
112.534
109.494
111.998
107.847
111.203
114.219
107.295
107.013
105.366
109.852
108.13
109.019
106.483
105.872
106.027
115.065
108.944
106.123
110.38
105.789
107.115
133.239
106.442
105.176
105.997
107.386
108.606
113.102
112.022
105.586
119.367
111.178
112.703
107.8
105.986
106.007
108.159
108.157
112.413
107.719
106.569
106.266
105.645
113.987
114.266
113.616
115.66
112.538
110.522
112.626
109.948
106.493
106.897
111.895
105.419
113.649
107.084
106.589
106.518
105.338
107.113
119.015
109.996
110.419
106.62
105.692
107.738
114.559
109.261
107.688
118.389
107.477
116.927
105.84
105.773
106.234
106.446
106.442
107.948
106.707
108.135
106.622
105.535
107.252
111.722
109.027
122.206
113.066
116.678
125.595
136.391
106.06
118.086
105.721
