48.4086
47.9019
47.5528
47.8733
47.6698
47.2007
47.266
47.9526
49.0928
47.4076
46.6068
46.8979
47.2338
48.3382
47.5832
49.5706
46.9832
47.5344
48.7389
49.9226
47.41
46.9746
47.7825
47.7506
48.3093
50.4372
48.4515
48.6306
47.0285
50.5134
48.1784
50.2123
47.1495
48.5444
47.8239
48.5042
49.2134
47.3504
48.7551
49.3462
47.6812
48.4511
46.962
49.0363
47.1527
47.7137
46.9412
48.9394
46.5661
49.0645
48.8
47.8658
47.2816
48.1716
49.9048
47.5302
48.3725
47.6522
49.5039
46.9355
48.0281
47.9133
47.052
48.3356
48.7761
49.2262
47.2397
47.3048
48.8741
48.226
47.4779
49.3144
49.0212
48.567
47.3237
47.6461
48.0318
50.0421
48.6425
47.8438
48.8347
47.7345
48.194
47.5022
48.985
48.8903
47.8222
47.9758
48.5572
48.7947
47.6181
48.257
47.8148
48.4007
47.5716
48.2154
49.6573
48.2684
47.8973
46.7173
