10.1923
8.67962
8.82378
8.87136
8.80146
8.73086
8.74774
8.76729
8.66895
8.83701
8.74236
8.75198
8.72908
8.73873
8.77696
8.70014
8.7552
8.74109
8.85533
8.76236
8.68341
8.83237
8.73998
8.74249
8.84962
8.76529
8.66737
8.77252
8.73882
8.73688
8.75974
8.77629
8.73537
8.80104
8.75084
8.72574
8.73315
8.70409
8.73849
8.6828
8.80182
8.76479
8.79286
8.73368
8.77423
8.77835
8.76678
8.75378
8.68831
8.75578
8.86608
8.68969
8.75086
8.79017
8.71968
8.76935
8.78498
8.77844
8.75591
8.75047
8.74784
8.72051
8.77701
8.74279
8.71297
8.7212
8.69357
8.73835
8.72958
8.73745
8.71361
8.68664
8.69737
8.73924
8.86941
8.70702
8.71817
8.68649
8.73099
8.68487
8.69259
8.7274
8.704
8.70296
8.76191
8.69387
8.70366
8.70245
8.69154
8.71661
8.74513
8.70837
8.69235
8.74822
8.66636
8.74079
8.66785
8.72136
8.74029
8.77021
