63.8664
63.0897
62.988
63.3341
63.0497
63.0844
63.1096
63.0765
63.3304
62.9823
63.0194
63.017
62.9977
63.0335
63.016
63.024
64.0195
62.9819
63.1106
63.0164
63.0604
63.0014
63.294
63.0477
63.0273
63.0386
63.0472
63.0496
63.0224
63.0399
62.9777
63.0096
63.3134
63.0169
62.9931
62.9717
63.0393
63.0005
63.1373
63.1252
63.0849
63.4834
63.1161
63.0846
63.0986
62.9933
63.0074
63.1331
63.013
63.0222
64.0518
63.0135
62.9978
63.0048
66.7882
63.1045
63.0385
63.0325
62.9958
63.0018
63.0043
63.0401
63.0755
63.7226
63.2371
63.0488
63.0236
63.0278
62.9945
62.9881
63.012
63.4943
63.7786
63.0174
63.0671
63.009
63.085
63.0937
63.0702
63.1078
63.1461
63.1167
63.0123
63.1068
63.0832
63.0852
63.3965
63.0903
63.0637
63.1101
63.122
63.4134
63.0845
62.9092
63.1812
63.1256
63.1073
63.102
63.0688
63.0711
