119.048
109.041
115.722
159.861
156.483
17.2407
118.967
16.2051
16.1728
17.0427
17.2372
17.1646
16.6068
16.0918
16.6615
16.5795
17.4597
17.027
16.62
16.1048
15.9909
16.1163
17.203
16.7292
17.1186
16.1888
17.0223
16.4455
17.378
16.852
16.5638
16.1119
16.7694
17.1725
17.445
17.2222
16.4701
16.1321
16.1721
16.1538
17.2042
17.0384
17.3344
16.5479
16.6465
17.1746
16.7715
17.2128
16.7266
17.1003
17.0299
17.1652
16.965
137.595
16.2105
16.7348
17.0666
17.0658
17.4295
16.6601
16.1437
16.0913
16.5334
16.2816
16.3593
16.1398
16.3385
16.9245
17.3486
16.088
16.3542
16.3559
16.4402
16.7103
16.6238
16.2612
16.1168
17.1569
16.8264
16.9388
16.5471
16.7029
16.8941
16.6252
16.9915
16.7274
16.6934
16.5902
16.8117
16.9856
17.4346
17.1401
16.3279
17.2285
17.1212
17.1458
16.3809
17.1943
16.3176
17.0024
