424.481
431.016
415.739
417.52
414.291
422.197
414.996
425.607
412.499
418.338
426.639
445.536
442.647
420.575
414.753
432.038
409.94
411.991
426.826
416.289
415.13
426.377
423.544
419.622
420.8
419.877
418.832
427.196
415.55
427.616
413.28
415.09
418.185
439.42
420.026
409.816
412.434
418.314
382.036
376.962
380.409
386.13
386.831
395.562
378.647
384.089
374.842
379.908
379.817
387.08
379.143
376.175
381.653
385.942
384.118
388.404
384.974
383.47
378.775
377.168
371.289
379.9
374.061
387.82
414.841
378.853
382.725
379.488
376.119
381.71
379.812
375.273
386.45
384.485
379.448
373.188
400.554
393.547
385.169
380.222
373.86
377.279
378.914
394.847
385.557
381.051
391.7
380.184
384.212
413.826
377.774
380.149
380.728
391.989
374.949
393.52
381.772
397.703
378.094
391.268
