1119.01
1041.29
1013.63
997.092
1031.4
998.056
1014.31
1010.26
980.254
999.5
1004.78
983.011
981.837
984.534
990.711
980.284
981.319
988.102
1003.87
1021.1
1016.87
1008.73
1024.98
1043.3
1055
1046.03
1031.95
1030.15
1042.16
1003.15
1018.61
1022.89
993.282
1009.99
978.449
973.529
978.807
986.86
978.353
974.104
982.24
1005.58
981.675
982.622
1579.05
971.138
973.35
978.491
968.777
967.653
988.275
972.031
978.9
966.456
1001.76
980.341
968.864
1835.17
959.396
974.471
962.353
962.537
957.735
969.716
963.967
963.607
964.842
966.839
960.248
957.865
968.495
972.916
967.371
978.378
1876.13
973.426
975.16
964.628
970.583
970.798
2196.77
978.766
978.824
966.785
965.669
972.735
2161.09
966.674
988.224
979.005
959.643
1017.57
2133.37
999.53
1014.53
983.516
982.237
968.052
2134.89
983.541
