692.701
332.091
324.735
322.867
323.677
331.68
339.895
324.771
311.383
327.672
325.219
313.416
317.446
350.68
332.865
311.673
314.533
315.08
319.394
312.929
322.052
326.792
321.922
341.538
317.952
318.308
318.575
313.884
335.525
315.272
323.247
319.838
314.012
331.356
328.922
313.605
324.612
318.533
336.88
337.962
306.473
318.718
328.934
309.056
312.572
325.588
319.117
521.905
310.111
313.515
315.872
308.938
334.259
376.191
330.64
326.629
316.236
339.967
311.966
307.176
320.832
322.586
332.23
395.238
313.997
320.907
329.626
312.095
326.223
318.415
318.431
323.602
317.985
310.494
315.32
312.553
311.387
320.829
332.947
321.364
314.587
307.737
327.808
310.291
318.304
332.356
330.282
660.1
311.169
321.596
305.612
309.652
321.42
1062.84
316.363
320.839
308.419
312.677
310.141
328.64
