695.735
665.88
665.419
666.73
668.023
668.227
670.454
669.56
667.254
667.991
668.555
666.413
664.418
666.735
672.126
665.742
666.264
667.655
668.029
667.657
669.088
663.937
672.663
667.521
666.376
665.929
670.342
667.647
674.309
669.238
670.332
669.601
668.198
663.028
666.798
674.491
667.432
666.636
671.83
670.215
680.478
668.438
669.887
671.508
666.358
666.482
668.918
667.604
671.187
670.71
669.392
666.655
667.561
671.225
673.214
667.257
668.149
667.737
667.127
666.83
669.765
675.044
666.473
669.895
667.131
660.246
666.886
681.954
668.168
663.157
670.049
684.084
670.147
662.078
673.78
671.791
666.259
662.1
667.734
669.124
667.28
666.65
670.036
668.822
669.871
660.771
671.724
667.412
665.794
669.61
667.196
673.53
667.621
669.845
666.541
667.255
667.012
667.561
664.628
668.097
