685.081
214.972
230.781
164.761
170.211
167.912
165.009
164.689
171.968
234.592
174.887
166.59
165.835
187.086
162.815
161.931
162.188
162.283
57.3073
160.747
162.86
160.917
57.7973
159.735
161.197
163.146
164.328
62.0703
56.2938
161.438
57.818
159.548
56.2712
55.718
160.877
161.132
174.241
56.2698
169.171
56.9476
61.1462
56.3419
55.9434
55.9884
56.5035
57.1684
161.073
55.595
161.761
56.0179
61.717
56.1568
56.0194
56.1543
56.4089
162.524
55.8748
56.3573
56.3935
56.5054
159.791
56.6739
60.9581
56.4603
56.3161
56.5678
56.1274
56.1607
57.2844
57.056
56.7278
56.9395
60.3491
57.4645
59.6253
62.426
56.8778
58.5801
60.215
56.7734
56.6565
56.8317
160.063
56.298
56.2167
162.71
56.0392
55.9417
162.092
56.4922
57.7416
56.5361
56.0627
56.1274
56.3097
56.3328
56.1158
56.2003
56.3901
56.6027
