1003.45
1001.14
1012.44
999.093
980.924
993.274
1001.19
999.807
993.716
1004.95
987.601
1000.57
986.01
1000.11
999.179
1000.26
1008.88
997.095
995.37
989.85
1011.55
1010.2
1010.87
994.609
974.073
966.63
971.645
997.646
993.078
1008.09
1005.44
980.108
970.619
1003.75
970.517
998.245
970.341
984.333
984.068
1009.59
971.843
1011.1
987.081
1011.09
989.947
1000.31
990.245
994.533
1007.57
994.788
997.167
999.81
994.708
970.405
988.392
984.656
1005.22
1000.94
1002.5
1005.03
990.481
980.522
973.917
999.899
998.694
971.356
1006.54
991.53
970.039
989.984
979.435
972.598
980.759
999.992
981.359
977.722
1008.46
978.261
972.416
983.034
984.971
1009.42
999.211
1000.33
992.428
991.864
998.634
1005.99
996.625
995.797
999.249
983.38
996.386
993.433
996.625
1010.65
1008.3
1013.85
1011.5
999.14
