54.0606
72.2157
72.2822
176.174
72.7923
75.1254
75.3998
75.4911
67.5915
111.068
47.7043
110.234
48.026
47.6201
47.3239
47.7034
47.8103
47.5903
110.652
47.7278
109.668
6.13603
47.6075
47.9679
110.41
47.962
110.456
110.073
47.8522
109.908
47.6954
47.8313
47.8021
47.8753
6.1608
47.7731
48.0128
47.9765
6.36335
6.15516
48.4242
6.18511
48.0756
111.695
48.0485
48.1647
47.5915
48.2255
6.2703
6.14289
47.9186
47.635
48.56
6.14771
48.4935
111.705
48.6159
48.1225
110.332
110.782
49.8224
48.523
48.5682
6.19144
48.6075
48.3367
48.7911
6.15538
48.5888
6.15296
6.27871
48.4798
112.681
48.7778
48.7595
6.17138
6.2616
111.332
48.1548
109.366
6.15127
6.07271
110.236
6.16939
109.481
6.36339
48.2184
48.1083
48.6473
75.4936
6.27071
6.31368
6.26782
6.31252
6.45455
6.41922
6.30746
6.15422
6.14937
6.18051
