19.3067
17.3905
18.6874
19.2743
17.5699
18.6298
17.3556
18.7093
17.4575
18.6619
18.1356
18.5724
18.7912
18.5733
18.6501
17.3702
18.5622
17.334
18.6436
18.6793
18.6417
18.616
18.5781
18.6215
18.7096
18.6133
18.6476
18.6418
18.6131
18.683
18.6162
18.0537
17.4265
18.6634
17.5514
18.6622
17.4879
18.6711
17.4207
18.6896
17.31
18.7448
17.5334
18.6359
17.9072
17.4243
20.0658
17.4703
18.659
17.4391
18.6387
18.6498
18.6738
18.6594
18.6625
18.6558
18.6297
17.4543
18.6132
17.4278
18.6504
17.4767
18.6219
17.8193
18.7236
18.4548
18.6505
18.7002
17.3993
18.7177
17.3857
18.5895
18.6411
18.6712
18.6643
18.6498
18.6285
17.388
18.6742
17.7133
18.6479
17.4284
18.664
17.4706
18.6868
17.3936
18.7777
18.6885
18.7005
18.7251
18.687
18.6421
18.6938
18.702
18.6943
17.7223
17.5112
18.7
17.4999
18.692
