17.1059
17.3189
17.8414
17.8703
17.9504
16.6819
17.8306
16.5914
17.8257
16.6102
17.8579
17.9295
16.542
17.8508
17.5676
17.8372
17.8541
17.9429
17.8565
17.8788
17.9903
17.846
17.9
16.9719
16.611
17.8467
16.5994
19.2116
16.6215
17.8375
18.0268
17.827
16.5963
19.2945
16.5172
17.8883
18.12
17.7897
17.8574
18.2589
17.819
17.8424
18.2511
17.9363
17.8284
18.2298
17.4392
16.5852
18.3362
16.6878
17.8167
17.1105
17.9332
16.8867
18.2848
17.845
16.7292
17.0594
17.8588
16.6939
18.2307
16.6106
17.9233
16.6658
17.8517
16.7919
17.8233
16.6449
17.9391
17.8198
17.8424
17.8341
17.6258
16.6352
17.825
16.7184
17.8728
17.8337
17.9142
17.8347
17.2869
16.7056
17.873
16.6778
17.9396
16.6478
17.853
16.6036
17.8532
16.6167
17.8301
18.8026
17.8266
17.826
20.0557
16.5941
17.838
18.8311
17.8465
16.6261
