638.01
265.455
268.071
260.925
251.238
263.197
274.846
252.037
280.158
250.126
273.538
244.07
273.888
248.716
276.77
245.301
280.227
243.035
277.314
243.113
281.15
245.343
282.479
243.561
285.165
243.553
279.073
256.992
271.317
250.035
272.873
247.58
279.666
241.077
276.797
247.28
279.207
249.649
276.711
245.391
287.894
241.451
276.602
244.218
278.172
243.548
286.209
239.816
284.438
241.471
276.466
243.244
279.269
248.106
278.146
239.124
278.7
241.648
278.4
245.869
281.352
241.194
283.937
248.21
283.003
239.684
276.988
240.878
276.448
238.558
276.92
237.929
278.263
240.758
282.638
245.37
278.84
244.567
277.281
237.981
276.07
247.588
274.981
238.457
276.936
237.613
279.391
239.14
274.08
236.852
274.512
245.823
281.823
238.774
278.02
240.578
275.948
236.865
277.679
240.778
