1003
924.411
922.476
922.493
937.239
925.296
922.213
925.597
930.364
921.196
924.952
931.807
932.658
925.195
922.599
922.201
935.859
922.838
930.911
924.199
928.563
921.903
944.703
974.923
941.542
932.538
925.148
922.805
932.707
927.097
921.99
923.84
933.819
926.178
923.372
922.477
928.893
923.381
922.637
925.169
925.112
922.89
922.223
923.208
922.412
922.979
923.902
924.566
922.631
928.092
925.733
923.047
922.479
934.328
921.858
921.305
924.2
935.743
922.458
923.047
924.243
932.427
929.784
921.592
932.181
931.285
921.933
921.841
922.573
928.317
923.619
930.392
922.364
925.593
925.364
923.752
924.057
929.713
924.499
923.666
924.949
934.018
929.557
924.979
922.584
926.304
927.879
925.47
924.361
934.568
930.237
922.17
923.45
923.609
930.359
923.358
930.919
921.259
934.968
922.519
