825.061
821.012
822.98
828.333
822.765
817.129
815.742
814.712
819.306
827.795
822.005
826.769
818.349
832.59
814.515
814.848
816.437
816.04
827.206
829.479
817.219
820.907
818.714
815.971
816.523
828.459
816.383
814.887
826.5
814.91
815.759
814.353
815.655
827.239
833.435
820.911
827.973
817.026
828.94
816.179
818.106
816.628
815.697
815.354
815.745
813.48
818.571
824.97
817.007
815.661
819.256
819.418
827.128
814.658
816.633
817.398
815.566
817.236
816.166
818.406
817.704
725.583
830.38
832.251
828.033
832.233
818.068
817.412
831.845
816.414
816.754
820.355
831.912
833.35
818.599
815.072
816.168
830.612
827.546
828.253
833.639
817.121
811.496
815.255
816.937
818.755
820.042
829.135
830.635
817.938
828.035
829.017
818.098
822.487
817.247
817.876
819.856
816.075
819.863
818.821
