538.573
124.828
109.653
113.723
115.538
117.453
104.754
123.702
136.155
103.739
135.209
102.353
102.293
102.982
136.743
104.22
106.765
101.239
103.579
102.977
116.022
109.266
112.462
107.667
102.92
104.89
106.344
106.781
120.749
105.787
103.88
109.387
102.79
102.279
106.799
107.183
103.429
102.451
107.371
103.531
103.093
103.392
114.176
108.036
110.682
102.734
108.763
103.346
147.396
169.273
102.949
102.403
102.363
102.082
105.831
129.117
103.762
103.65
106.56
103.294
102.162
112.007
121.999
147.821
101.978
102.133
102.667
102.684
105.336
127.446
101.787
101.829
102.143
102.802
107.094
123.079
118.661
109.309
103.29
107.729
102.211
101.75
105.25
124.762
108.153
101.782
102.325
101.768
104.957
114.598
104.404
102.252
106.481
101.553
101.543
104.115
119.633
118.622
104.071
103.926
