8.35609
7.86969
7.82857
7.89025
7.86956
7.82939
7.85131
7.81752
7.78421
7.84576
7.85456
7.85594
7.85679
7.92091
7.83277
7.88864
7.83677
7.90572
8.06448
7.81487
7.83057
7.85641
7.895
7.88232
7.80778
7.86177
7.82855
7.85253
7.82683
7.83605
7.85516
7.86461
7.83186
7.81443
7.84254
7.8299
7.89291
7.83804
7.87741
7.88209
7.84958
7.86532
7.84398
7.83859
7.88157
7.86153
7.81984
7.862
7.91769
7.84829
7.84556
7.79965
7.91916
7.84108
7.86382
7.83518
7.83938
7.76626
7.77442
7.83561
7.75042
7.81003
7.858
7.81763
7.86135
7.7957
7.84189
7.83707
7.78803
7.81309
7.77461
7.81707
7.83517
7.79946
7.8418
7.79909
7.81771
7.87631
7.80523
7.82386
7.81937
7.84118
7.86253
7.79116
7.80254
7.84334
7.83993
7.85665
7.826
7.76004
7.79225
7.82416
7.87845
7.8039
7.88565
7.81082
7.75946
7.76991
7.80724
7.83562
