326.939
34.6174
34.6514
35.8331
34.7131
34.7206
34.9136
34.8811
35.1614
34.8686
34.8529
35.1866
34.8217
34.8238
34.8193
34.8204
34.9038
34.8268
34.8497
34.7193
35.3948
35.4005
34.9773
35.5884
34.904
34.9696
34.9397
34.9935
34.7946
34.9481
35.5421
35.5224
35.2609
34.9525
35.1589
35.0212
34.8846
34.8752
34.8941
34.9005
34.8416
34.7949
34.7782
34.7403
34.9841
34.7707
34.7792
34.9212
34.7899
34.7917
34.9664
34.7907
34.765
34.7806
34.9074
34.9634
34.9684
34.7822
34.7957
36.1282
34.7509
35.056
34.8966
34.8922
34.811
34.9122
34.9046
35.771
34.9456
34.779
35.0948
35.8216
34.9506
35.1683
34.9334
34.8997
34.7901
34.691
34.7918
34.7409
34.7654
34.7945
34.7892
34.9897
34.794
34.8294
35.4619
35.3353
34.7747
35.4388
35.8552
34.8346
34.9173
34.9294
34.9272
34.9512
34.7894
34.7686
34.7491
35.2393
