9.61839
7.92233
7.84437
8.25796
7.83587
7.85634
7.93338
7.91716
8.18017
7.9118
7.89474
7.87192
7.93049
7.88939
7.89159
8.09653
7.92584
7.95355
7.91673
8.08153
7.94365
7.98623
8.33602
7.90583
7.89222
7.90678
7.92714
7.91164
7.95199
7.91512
7.90275
7.91016
8.14891
8.00854
7.89454
7.84193
7.88636
7.85973
7.86262
7.84584
7.826
7.8788
7.85799
7.88724
7.86089
8.21537
7.85986
7.87147
7.88234
7.87317
7.85976
7.85979
7.93288
7.87418
7.87448
7.88377
7.93795
8.01442
7.8729
7.93635
7.8736
7.87744
7.94107
7.92697
7.86931
7.8445
7.88441
7.87966
7.85327
7.88037
7.8817
7.86209
7.89347
7.8716
7.85401
7.93928
7.90677
7.96936
7.89248
7.84811
7.87062
7.93249
7.93653
7.87934
7.88899
7.9031
7.86056
7.89589
7.88039
7.86734
7.8729
7.91471
8.13144
7.89998
7.84964
7.92664
7.91216
7.90161
7.9337
7.93127
