229.157
6.61448
6.59831
6.88413
7.05756
7.59455
6.97401
6.79376
7.39691
6.96152
6.82123
6.74819
6.77016
6.69253
6.78489
6.75219
6.85897
6.75958
6.76062
6.71979
6.68728
6.74023
6.72556
6.75859
6.71503
6.75422
7.63442
7.40027
6.84286
6.80517
6.79552
6.77186
7.13736
6.73243
6.79087
7.00842
6.7574
6.75099
6.73323
6.78156
6.75331
6.62019
6.61902
6.76536
6.74736
6.7662
6.68529
6.77673
6.76302
6.79488
6.79964
6.73346
6.74358
6.77071
6.74185
7.01961
6.96284
6.93453
6.86224
6.87084
6.96945
6.88042
6.87158
6.87193
6.90219
6.83075
6.84276
6.75128
6.78688
6.79066
6.72192
6.75519
6.71129
6.89336
6.74899
6.76659
6.7671
6.80342
6.77134
6.73925
6.72078
6.72774
6.7061
6.71193
6.74262
6.75819
6.72462
6.73379
6.75569
6.74553
6.73829
6.7457
6.80187
6.73723
6.77593
6.75178
6.76903
6.70811
6.7072
6.74085
