11.5889
11.3871
11.2909
11.2005
11.1455
11.1768
10.4923
10.4999
10.4902
10.5015
10.4865
10.4977
10.4734
10.4813
10.4607
10.4725
10.4565
10.4646
10.4912
10.4682
10.4857
10.4722
10.2743
10.459
10.2703
10.0749
10.0887
9.93414
9.94858
9.93146
9.97645
10.4489
10.4911
10.4674
10.4828
10.4795
10.4874
10.2879
10.0334
9.95261
10.038
9.96128
9.94506
9.94774
9.9895
10.5559
10.4509
10.434
10.4169
10.4514
10.4627
10.4412
10.4486
10.4417
10.4644
10.4519
10.4212
10.4444
10.434
10.508
10.4528
10.442
10.4388
10.4339
10.4407
10.4545
10.4714
10.4616
10.4523
10.4328
10.461
10.4273
10.5195
10.4577
10.4478
10.4622
10.4289
10.4494
10.4796
10.4815
10.4605
10.4615
10.4584
10.4681
10.4142
10.4317
10.4154
10.4551
10.4572
10.4676
10.4328
10.4351
10.4594
10.4986
10.49
10.4562
10.4565
10.4615
10.4648
10.4334
