956.057
383.298
309.577
307.566
311.222
311.018
309.912
308.278
310.232
311.15
309.155
361.144
310.318
307.385
307.323
308.386
307.125
309.635
308.229
307.44
366.404
308.118
312.889
308.075
307.037
309.801
373.047
311.493
307.315
308.627
309.259
317.56
307.016
307.719
309.151
309.42
314.687
307.873
310.2
310.319
307.545
311.671
314.678
310.047
306.755
308.205
309.81
307.183
309.881
307.455
307.867
314.144
312.036
324.302
310.144
310.259
307.2
310.127
309.611
307.369
311.395
310.995
306.984
310.182
313.733
307.403
307.198
311.308
306.691
311.658
310.109
308.267
309.532
308.076
309.911
316.859
307.748
308.515
314.567
313.088
309.498
309.607
312.884
311.647
316.986
325.598
321.267
308.17
308.985
310.104
306.694
373.746
307.666
309.511
314.122
308.495
310.428
316.013
309.888
311.025
