1732.84
1725.79
1728.51
1726.6
1729.14
1728.75
1419.75
1398.86
1411.2
1398.9
1402.95
1406.55
1406.71
1408.4
1406.66
1407.99
1406.61
1408.66
1729.93
1735.51
1728.56
1728.59
1726.83
1728.38
1726.87
1727.48
1727.52
1725.68
1724.62
1398.22
1408.94
1399.09
1405.14
1408.6
1400.8
1400.38
1403.73
1402.75
1399.63
1401.74
1406.4
1731.57
1731.17
1729.68
1725.89
1727.72
1728.57
1727.25
1728.01
1730.64
1728.04
1670.03
1399.04
1405.18
1397.08
1401.96
1407.95
1405.94
1407.74
1406.13
1411.73
1409.86
1405.66
1409.44
1726.9
1729.16
1729.71
1729.32
1729.89
1727.08
1727.76
1728.92
1727.78
1727.81
1603.54
1408.61
1406.48
1406.04
1406.61
1405
1406.45
1405.98
1405.9
1404.51
1406.77
1404.18
1423.02
1725.87
1730.61
1728.81
1726.43
1725.23
1727.78
1727.38
1729
1727.44
1728.12
1526.12
1399.28
1405
