528.841
514.954
499.622
533.605
511.847
531.359
519.96
621.706
521.504
528.982
528.88
510.333
501.028
512.233
500.117
529.263
590.915
526.427
513.4
513.665
498.768
512.959
499.202
507.762
506.97
539.993
515.488
519.862
529.481
530.935
513.924
510.583
521.461
514.807
499.568
512.561
512.416
510.969
500.164
516.177
499.558
513.472
500.123
506.017
506.369
518.566
498.071
514.336
499.372
530.733
509.069
531.397
504.493
501.79
507.286
508.755
510.593
512.303
512.251
524.37
510.023
514.724
508.378
532.057
512.552
514.426
499.347
516.937
502.086
511.899
508.046
513.501
511.356
520.025
499.098
509.721
504.76
541.346
509.545
522.374
516.907
542.457
506.572
535.431
518.859
513.72
513.316
529.738
514.606
562.312
528.318
531.027
568.484
640.938
572.241
532.971
521.956
533.938
523.186
539.505
