11314
10413
11334
11424
10804
10318
9255
9039
9153
9477
9467
9081
8978
9406
9115
9047
9207
9277
9297
9025
8973
9062
8998
9297
9122
9036
9257
8991
9047
9150
9160
9364
9593
9078
9115
9091
9457
9186
9177
9178
9047
9244
9206
9313
9298
9079
9061
8991
9087
9298
9102
9077
9117
9640
9155
8936
9006
9130
9102
9231
9083
9111
9255
8975
9121
9108
8980
9346
9167
9115
9069
9096
9207
9044
9002
9154
9050
15926
9254
9105
9235
9092
9214
9213
9147
9217
9116
9214
9081
9181
9366
9129
9141
9193
9115
9968
9129
8998
9373
9045