134.85
14.6884
14.7851
14.984
15.1276
15.2534
15.7082
14.9167
14.8483
15.4082
15.3116
15.2253
14.948
14.8441
15.2247
15.2365
15.2243
15.2179
15.0554
15.321
15.1923
15.0814
15.0086
15.2131
14.8188
15.5762
14.719
14.9626
14.7548
14.8316
15.3006
15.2261
15.6735
14.7959
15.2327
15.3167
15.3107
14.9447
15.2173
15.1937
15.2176
14.9499
14.9443
14.844
14.704
15.267
15.3369
15.3167
15.2125
15.0508
15.0902
15.2758
14.962
15.2474
15.3876
15.4871
15.2514
15.2639
15.39
15.3934
15.2734
15.2782
15.2847
14.8738
15.2259
14.8148
14.9415
14.9162
15.2482
15.279
15.267
15.3614
15.2772
15.4749
15.3232
15.3767
14.9107
14.8601
15.3037
14.8597
15.2579
15.4154
15.27
14.9492
15.0071
15.3215
15.3104
14.8843
15.3101
15.2629
14.8652
15.3762
15.2804
15.2407
14.8381
14.8567
15.1498
15.3602
14.7218
15.307
