391.123
69.6241
59.0964
61.8035
59.1873
72.5232
60.9272
59.8724
58.867
58.6235
74.9875
60.1963
58.9687
60.5441
58.9332
59.7138
60.5429
61.2672
59.52
60.4426
59.7067
63.6219
59.15
61.0551
60.7532
60.2831
59.8442
59.3193
58.8307
59.7202
73.7482
60.5201
59.4226
59.9018
62.3075
60.2935
59.9829
58.5666
60.2288
72.9683
59.2127
60.1568
59.7734
59.0703
59.7634
59.9799
60.0974
60.244
59.6945
60.3295
59.2462
61.3896
61.0475
58.7672
60.5027
61.7493
61.4791
75.2526
60.1457
61.6198
61.0213
61.1238
61.8626
62.0265
65.9719
61.0671
57.8031
59.7281
59.2656
61.0068
59.1228
61.5145
60.6302
61.7713
64.3617
61.2465
59.3023
60.7635
59.461
60.4939
61.4279
59.2543
60.9013
65.6047
62.2405
60.5427
58.8007
60.105
60.7037
59.8594
72.1803
61.1305
60.2278
61.8601
59.8331
59.4505
58.9756
58.9676
65.37
59.1606
