197.923
191.695
241.187
195.681
189.158
195.044
189.587
192.686
191.944
192.263
189.568
203.015
195.802
191.058
196.209
192.852
196.216
192.983
191.625
189.02
241.811
198.815
200.004
194.559
191.519
199.335
198.095
190.233
190.036
211.357
198.931
192.197
201.147
191.375
194.592
192.145
197.426
188.71
199.988
193.547
190.795
192.387
192.415
190.945
190.814
193.093
197.184
220.35
192.148
196.677
189.287
198.616
193.563
196.304
189.787
195.597
246.365
195.072
191.115
220.284
193.277
191.241
195.012
193.502
192.336
228.476
196.089
195.445
191.134
189.357
192.618
189.083
189.13
194.754
242.652
192.962
191.282
188.87
197.831
190.162
191.741
190.087
190.056
254.099
196.257
190.416
196.005
191.237
190.315
188.83
198.256
195.914
229.605
196.326
192.371
189.682
187.693
190.072
195.853
191.042
