695.894
143.885
127.644
127.079
123.802
121.352
139.331
132.063
130.751
124.404
132.152
131.773
124.412
125.807
130.192
142.244
111.481
125.95
151.403
124.212
163.605
132.914
135.345
131.56
138.966
107.305
127.709
127.066
105.148
118.859
113.501
123.8
128.999
129.362
125.95
152.818
127.206
138.817
127.878
112.33
123.655
123.177
119.613
112.335
108.958
141.695
122.458
131.528
110.908
120.02
132.582
135.079
111.066
146.208
130.288
134.816
114.648
109.984
132.983
136.472
131.55
131.981
122.607
122.539
121.555
122.62
138.445
123.454
129.513
118.426
119.589
126.139
116.559
127.579
121.258
126.899
115.703
115.146
124.311
111.56
119.935
116.958
120.682
109.527
106.671
127.222
120.709
119.995
124.201
126.643
131.386
150.999
130.199
116.517
123.52
130.979
122.183
126.048
127.988
108.162
