196.414
59.2426
60.7491
60.1402
60.788
68.3746
76.1906
57.6241
63.5962
66.201
57.1551
59.6001
58.0727
61.448
62.2049
55.4993
60.5421
61.9844
62.5717
59.3245
59.8968
60.2178
61.5955
59.8879
59.7613
59.6335
58.2996
59.1387
60.4174
59.4219
57.7788
61.0659
60.7031
67.8196
59.9247
59.8186
56.811
59.0637
59.1997
55.6453
59.1288
56.4793
65.5465
58.6035
56.0591
58.1263
57.9761
56.7668
57.0051
66.3711
58.5187
61.8109
57.2837
62.2742
58.7444
67.2953
60.6926
64.4948
58.1554
60.0595
59.2395
55.3572
65.6386
59.6861
65.9821
59.7409
60.7563
56.365
61.7368
69.2642
60.3838
58.435
63.4627
62.9022
58.3204
60.0354
59.7322
60.8243
59.5979
73.3185
60.0444
56.6979
60.1308
68.3535
58.9661
67.2119
57.8898
61.9356
57.2552
64.5521
61.7811
61.0441
61.7741
59.5867
60.3605
59.3638
58.851
59.7534
59.3109
60.4339
