611.569
53.2582
47.2623
411.994
61.5461
46.986
46.7775
300.776
46.7018
46.622
46.2983
48.1424
47.9023
46.7851
46.6576
46.4829
46.6445
46.4543
47.7883
46.5899
47.0472
46.735
46.6398
47.1904
47.0422
46.5497
46.4076
46.3155
46.4091
47.6636
48.7273
46.4941
45.5607
46.4368
51.2135
47.5917
46.5037
46.0577
56.6326
45.4789
45.7209
45.9431
45.707
45.6723
46.2631
45.2456
45.569
45.4806
45.5185
46.151
45.6627
45.4883
46.9831
45.4261
45.6835
44.0397
44.1752
200.599
42.8075
43.6895
43.9239
44.6794
43.8948
43.4379
43.3191
43.5216
43.5265
43.522
45.2432
43.081
45.7318
43.3185
45.3128
43.5358
43.5679
46.3303
43.9846
43.5174
43.3323
44.4403
43.8899
44.3626
45.5407
44.131
44.3808
44.638
44.2081
44.0572
43.8987
44.0621
45.2351
43.9675
43.7138
44.2359
45.2528
44.0711
44.1864
45.1008
44.181
44.0554
