616.559
289.245
434.115
352.616
298.768
19.7248
263.783
303.136
277.045
261.187
376.13
336.831
13.63
373.593
13.8453
271.566
371.455
18.5006
19.4187
16.4679
20.738
12.9472
350.407
20.0842
26.9986
343.12
21.208
299.052
14.453
13.7795
13.5198
13.2022
313.637
12.9918
12.853
15.5812
13.0013
13.7562
20.2736
13.1853
15.2013
17.833
18.5817
17.7368
274.923
19.6539
19.7755
19.9582
19.6725
278.034
14.2104
12.9497
26.21
19.0293
18.4788
19.2243
15.9447
13.3452
20.5844
19.0309
18.0661
18.6096
18.8942
25.8652
14.7903
19.8407
18.4452
19.4273
48.482
21.726
19.318
18.9291
18.7918
19.6596
16.4535
23.978
18.1948
18.0025
17.105
14.2244
12.8213
12.9839
338.251
20.0734
13.4793
302.785
14.3107
14.2359
283.716
12.6402
12.5994
13.774
20.0813
13.1868
12.7093
12.8514
12.7666
12.7061
19.7228
43.4251
