246.438
243.902
251.461
249.516
243.907
251.639
243.92
244.39
248.388
252.286
262.097
252.691
243.675
256.281
245.869
245.453
244.536
252.503
252.52
252.045
251.737
251.508
242.23
243.861
246.393
248.144
242.377
246.28
243.293
241.641
248.26
251.528
249.047
261.298
260.442
246.28
246.402
244.837
259.29
249.61
243.158
253.117
258.652
245.536
250.269
252.944
244.243
249.748
254.472
248.903
252.784
243.709
242.25
241.615
242.938
245.006
247.405
255.147
247.588
248.732
254.65
261.354
258.53
252.739
241.941
245.132
242.535
245.565
242.677
243.638
242.198
241.966
251.962
250.466
250.148
243.765
251.387
258.147
241.895
255.09
241.615
259.99
247.977
241.873
254.316
259.609
252.648
246.09
242.233
245.734
242.223
242.363
244.299
245.892
244.027
249.204
243.168
248.513
252.159
251.016
