107.378
51.7998
53.7098
49.7795
50.9965
50.6509
51.7285
49.6892
53.0103
49.8812
11.5246
11.5247
11.5223
11.5222
11.5277
11.5246
11.5241
11.5196
11.5244
11.5238
11.5276
11.5272
11.5253
11.5274
11.5279
11.5268
11.5304
11.5314
11.5279
11.4881
11.5083
11.5132
11.5312
11.5302
11.5259
11.5287
11.5277
11.5314
11.5287
11.5285
11.5287
11.5329
11.5294
11.5235
11.5286
11.5265
11.5201
11.5271
11.5307
11.52
11.5292
11.5292
11.5254
11.5298
11.5331
11.5285
11.5255
11.5265
11.5305
11.5286
11.532
11.5274
11.529
11.5189
11.5299
11.5184
11.524
11.5318
11.5297
11.5319
11.5297
11.534
11.5293
11.534
11.5271
11.5309
11.5329
11.5306
11.4995
11.5172
11.5192
11.5256
11.5277
11.5317
11.5287
11.5307
11.5276
11.5287
11.5295
11.5308
11.5269
11.5322
11.5293
11.5302
11.5291
11.5281
11.5321
11.5296
11.5272
11.5325
