822.668
307.598
229.46
221.296
222.096
222.865
225.167
223.583
224.088
222.372
223.439
222.384
222.297
229.559
225.14
223.313
221.683
312.609
223.544
317.355
223.541
305.998
221.166
225.718
221.762
222.828
222.762
226.906
223.234
225.783
221.737
221.507
223.141
221.345
223.449
222.086
221.726
225.286
224.068
223.644
221.517
222.37
320.683
225.913
222.408
221.541
225.236
224.249
223.164
222.398
224.705
221.797
306.803
222.908
225.236
222.027
228.419
222.204
222.208
220.987
224.041
223.19
224.004
222.942
221.614
221.93
222.695
224.714
221.244
222.949
221.879
226.422
222.8
222.867
223.169
221.824
222.963
223.247
227.425
222.544
228.122
221.49
225.758
223.852
310.357
222.144
230.703
227.488
222.156
224.229
224.572
223.644
222.152
222.188
225.167
223.702
221.717
222.566
222.457
222.819
