1305.78
416.321
357.37
524.299
523.671
411.265
373.147
366.237
366.676
354.4
367.942
354.109
366.052
532.401
335.693
341.69
350.217
323.674
361.663
339.052
345.271
374.243
330.37
372.109
355.567
354.218
361.269
327.516
357.256
347.461
348.167
366.53
328.135
349.373
375.433
330.873
357.161
328.993
343.064
345.047
347.027
349.049
331.514
370.836
360.818
346.167
336.078
365.501
358.259
357.699
519.184
331.029
329.287
346.772
342.125
344.036
323.904
355.205
341.499
324.281
350.208
348.965
356.461
360.53
345.236
326.932
332.281
330.977
323.95
334.255
347.346
331.525
338.039
355.142
367.031
342.922
369.195
343.927
329.839
345.642
351.498
333.551
346.637
346.329
370.201
343.754
328.41
324.781
347.813
332.537
348.262
345.216
323.81
329.485
366.615
337.766
332.397
381.081
349.644
330.409
