605.94
252.144
222.327
220.367
212.238
220.876
234.054
241.265
218.711
236.596
245.127
231.648
233.641
226.755
215.087
225.277
222.186
216.636
214.826
237.482
237.183
219.143
223.468
216.457
218.347
243.948
218.263
232.247
223.245
227.907
247.61
232.069
244.692
220.55
219.567
224.188
248.357
249.793
231.686
232.564
228.342
233.184
239.268
260.711
223.166
238.497
219.485
246.882
248.355
236.27
233.285
220.609
248.239
243.63
223.676
239.938
224.285
224.391
229.601
221.549
242.237
236.218
222.077
236.205
223.094
217.23
237.31
256.423
225.463
232.028
209.514
211.494
235.883
236.589
230.177
229.143
226.09
219.021
226.282
225.33
227.226
241.01
234.598
238.24
217.047
246.019
226.116
214.769
251.312
230.929
219.413
238.967
255.102
234.822
222.476
216.656
223.863
239.42
218.682
234.499
