651.909
185.355
171.097
169.905
170.418
171.107
173.019
169.803
168.699
168.571
178.862
173.5
168.587
170.837
168.613
168.773
168.707
168.665
170.063
168.036
181.669
170.027
184.244
175.52
167.483
170.869
170.603
167.279
168.853
166.759
166.453
173.948
166.859
170.594
183.767
168.716
167.572
168.776
167.769
167.144
170.865
167.822
166.972
167.518
173.187
167.757
168.554
168.168
166.507
167.325
168.112
167.826
166.834
166.697
172.713
167.715
167.933
166.491
168.935
168.684
171.685
168.483
169.009
168.578
168.393
166.467
170.555
168.343
168.012
167.079
169.949
171.028
170.637
170.301
171.064
167.056
176.071
167.49
168.514
167.523
170.566
168.47
168.555
169.014
166.956
165.707
167.337
166.137
167.429
169.336
204.042
168.698
166.23
167.428
166.085
168.053
167.862
166.367
169.417
169.755
