11815.4
10954.7
11896.4
11989.4
11354.8
10851
9696.03
9530.2
9606.99
10095.5
10029.2
9735.74
9464.18
10102.2
9746.58
9645.28
9829.45
9906.96
9891.53
9630.97
9482.06
9724.46
9486.43
9803.33
9746.59
9698.78
9845.65
9629.7
9559.93
9749.89
9728.22
9993.6
10240.3
9704.15
9727.22
9692.08
10064.7
9818.81
9819.91
9779.42
9677.82
9850.09
9749.36
9938.14
9916.17
9681.18
9561.87
9526.42
9766.29
9889.28
9696.79
9685.27
9806.79
10253.2
9663.88
9416.03
9619.41
9726.34
9695.54
9829.14
9694.7
9719.9
9853.43
9489.71
9665.6
9728.88
9497.77
9979.24
9781.01
9708.98
9674.41
9699.26
9705.95
9657.97
9940.07
9773.42
9658.6
16526.2
9845.99
9725.7
9760.64
9756.04
9804.64
9806.11
9755.03
9715.25
9731.88
9798.68
9676.13
9798.59
9993.83
9740.7
9805.99
9836.38
9706.71
10598.1
9753.65
9517.15
9858.57
9529.17
