440.242
6.54432
10.3453
8.2974
6.97523
7.87492
7.42
7.50673
8.40697
7.81828
7.21158
7.33377
7.41612
6.69345
6.68896
6.70336
6.67827
6.66554
6.69576
6.95559
6.80945
6.63725
6.69849
6.64472
6.85705
6.7545
7.60514
7.68327
6.71394
6.69513
7.12429
6.67425
7.32217
7.87547
6.78987
6.81633
6.68681
6.75709
6.87891
7.34608
7.77618
7.74249
7.51856
7.25802
8.22988
7.28649
7.73678
6.66057
6.63314
6.6274
6.69278
6.66239
6.59539
6.72293
6.6377
7.65249
6.71998
6.75476
6.65861
6.64294
7.31984
7.54405
7.64788
6.64099
6.62406
7.83545
7.74871
7.73225
7.22744
7.73036
7.8377
7.64656
6.72239
7.27366
7.12941
7.50971
7.503
6.72011
7.44999
7.51342
7.41622
7.27646
6.73855
6.65126
6.6904
6.73314
6.80218
6.89225
8.01156
7.49769
7.87911
7.72006
7.16305
7.82183
7.66227
7.26559
7.97537
6.86624
7.79179
8.00058
