683.91
147.063
169.566
144.361
139.653
141.76
149.732
139.476
135.767
152.003
136.353
185.384
151.707
140.677
136.117
144.527
139.172
140.327
137.377
153.589
144.91
166.339
136.578
169.755
135.639
166.315
135.356
146.724
141.995
145.755
137.252
145.456
139.01
141.124
157.486
146.099
137.802
137.264
141.603
137.078
133.875
135.871
143.712
137.661
139.073
134.357
137.499
135.074
140.665
148.285
151.031
136.273
134.978
137.665
136.662
136.123
138.759
136.93
150.347
149.294
143.124
148.419
179.125
135.506
137.298
139.872
146.373
142.855
135.268
139.886
149.741
168.209
179.39
161.505
183.656
135.273
140.335
142.64
156.434
144.935
182.407
203.586
137.117
147.073
178.737
180.24
136.001
136.775
140.811
145.245
143.912
141.792
139.746
137.497
139.313
148.406
137.559
136.099
147.701
140.235
