11.6791
8.74653
9.05303
9.56594
8.71462
10.936
10.6078
8.68446
9.6108
8.68239
9.23449
8.6395
8.73108
25.7983
8.63544
11.1543
8.67907
8.68708
8.70423
8.67166
9.04499
8.65755
12.4395
8.62252
30.3816
8.61995
21.6472
22.9264
8.69182
8.67797
9.75303
8.61289
8.81806
10.7023
8.73833
8.7129
8.72055
8.66681
8.63349
10.8322
10.9001
8.57828
8.63201
8.71392
8.61701
8.60705
8.93707
8.71232
8.69621
8.69424
8.68299
8.67771
8.61823
9.18706
10.9979
9.32181
8.66027
8.66499
8.72603
8.93947
8.67273
10.9223
8.58949
8.6546
11.2569
11.1087
8.67001
9.15564
8.7339
8.66903
8.60832
8.78343
8.62398
8.74109
11.2596
9.57604
9.25071
8.68956
8.66063
8.60814
8.93964
8.66164
8.60444
8.61732
11.1816
8.62827
8.73507
8.65626
8.66928
8.83659
8.66667
8.60882
8.60226
8.92028
8.65736
9.17396
8.59784
8.675
9.33106
11.0926
