370.564
57.9386
56.22
58.6472
61.8654
57.8885
57.8067
60.4252
59.0212
72.6354
60.2375
60.7593
58.1375
61.1125
59.5894
58.063
58.333
61.8561
60.7176
52.4692
57.3398
54.3949
58.3686
60.6848
58.3276
58.6076
61.7334
51.5568
53.2922
57.1448
58.5204
57.1715
54.1049
58.8045
57.8362
61.6092
58.149
55.7132
59.1494
55.3246
62.6191
55.0582
56.984
54.6891
59.4932
59.9497
61.4548
58.8018
55.3062
60.9254
54.8113
52.0331
57.0651
55.4568
55.5726
53.9105
55.9805
55.0987
56.4026
56.0089
55.132
58.0658
52.3726
55.6271
54.7582
59.111
55.6093
57.0984
58.9964
57.3297
56.8378
57.3174
67.992
64.0512
56.2152
58.3228
56.6198
61.9404
59.9813
57.278
57.2913
56.1904
57.7965
57.1384
68.9407
55.084
56.9187
62.156
57.8151
54.5063
57.5912
57.3827
54.5358
53.6895
56.0729
65.5937
56.7719
54.7072
54.816
60.659
