18.5407
17.1519
18.2839
17.0617
18.3441
17.1041
18.273
17.0576
18.2436
18.3802
18.269
18.3904
18.3743
18.1759
18.2987
17.4088
16.966
18.3738
16.974
18.3374
18.3758
18.2642
18.3158
18.2818
18.3137
18.4168
18.295
19.6601
18.3758
18.2701
19.7169
17.288
18.3008
19.7724
17.0362
18.2793
19.0088
18.2468
18.2784
18.7162
18.3235
18.3923
18.731
18.3884
17.1442
18.7474
17.19
18.2788
17.594
18.4194
17.0638
18.807
17.1593
18.2826
18.5762
17.4578
17.0906
20.0112
17.0385
18.377
20.1167
17.1622
18.4409
17.0233
18.2822
18.5135
18.2361
17.1091
18.3789
17.4816
18.3064
17.0488
18.343
17.1925
18.3033
17.1807
18.4459
17.0769
18.4386
17.0598
18.3263
17.1601
18.3121
17.1124
18.4287
17.0482
18.324
18.2934
18.0433
17.1876
18.298
19.2944
18.365
17.031
20.6003
18.3213
19.0272
19.9382
17.077
18.3366
