169.905
111.271
12.7745
12.8242
13.6044
13.7081
13.2827
12.6832
12.7146
13.2978
12.6897
13.2811
196.23
12.7768
13.1318
12.7742
13.1478
13.056
13.1732
13.4213
12.8261
12.6686
13.1334
12.7325
12.9567
13.0937
13.1387
13.2015
13.1463
13.2123
13.2615
12.7614
13.58
13.1449
12.942
12.7777
12.849
12.7175
12.686
12.7937
12.8025
13.3569
13.2691
13.3701
13.0621
13.2474
13.2195
13.3904
12.791
12.8019
12.8356
13.3908
12.7658
12.6969
13.2665
13.3993
13.2693
13.372
13.2072
13.205
13.3072
12.9019
12.6753
13.2303
12.9351
12.864
13.364
12.768
13.0514
13.2947
12.9512
12.8403
12.9475
13.2991
13.2362
12.8233
12.9047
13.3379
13.3693
13.3647
12.8571
13.0158
13.2733
13.3407
13.2142
13.2799
12.8368
12.862
13.0368
13.4997
13.4189
13.3195
13.169
12.8754
13.3323
12.7802
12.8553
12.8374
12.857
13.3144
