663.287
288.301
258.612
272.146
255.039
269.723
293.45
279.512
286.741
293.748
262.085
271.24
274.717
274.148
254.135
271.367
274.08
253.357
274.86
271.571
302.285
266.446
255.421
264.62
269.549
300.52
274.778
274.599
252.955
289.509
269.198
270.645
254.335
257.253
269.816
256.463
252.307
270.761
267.66
252.118
275.953
292.697
281.175
293.37
258.646
292.411
260.814
289.151
274.629
253.109
283.319
281.633
256.354
257.21
262.753
281.871
279.386
271.777
283.867
254.08
256.865
256.067
259.929
273.608
264.578
273.372
266.375
277.255
268.146
281.749
271.753
272.375
269.777
275.586
257.564
256.02
285.726
278.357
255.335
257.292
261.329
294.593
289.444
263.709
269.225
253.491
284.535
269.211
276.106
252.565
288.824
256.484
276.29
276.542
282.851
271.87
275.301
293.838
282.865
259.675
