7.46058
7.01801
6.91478
7.33772
7.12505
7.0588
6.95206
7.01381
7.0478
6.93541
7.03643
6.93877
7.39407
6.91598
7.02285
7.0026
7.02298
7.0312
6.94107
6.95484
6.92384
6.93347
6.93628
6.95939
6.90527
7.01427
6.95768
6.91234
6.99696
7.01588
7.00579
7.01684
7.01088
6.91238
6.96694
7.01913
7.01221
7.05379
6.93618
6.92708
6.96156
6.89943
7.0415
6.97361
7.051
6.95035
6.91926
6.90639
6.92027
7.01412
7.01947
7.03039
7.07261
6.92252
6.95929
6.92067
7.0074
6.93394
6.93208
6.99247
7.08157
6.89918
6.94044
6.95673
6.91036
6.88878
6.98205
6.95359
7.03631
6.91194
6.93273
6.91866
6.90731
6.89541
6.98375
7.01228
6.93089
7.01483
6.97907
6.9306
7.00265
7.00906
6.91837
6.9806
6.924
6.90791
6.93919
7.03609
6.92873
6.94026
6.96175
7.11481
7.01288
6.92612
6.92909
6.9145
6.9531
6.97006
6.9456
6.99547
