748.059
353.124
332.225
1742.8
347.15
333.192
345.181
330.864
351.166
344.101
338.826
334.557
331.154
362.643
327.421
330.258
335.546
332.088
332.995
345.758
334.584
331.784
339.127
337.214
334.325
353.252
333.522
332.845
330.759
328.588
341.101
353.299
341.53
346.878
345.806
334.184
330.987
337.599
335.288
336.167
333.849
332.728
345.735
334.336
335.121
332.417
336.398
376.411
341.592
338.744
332.007
350.38
331.057
331.257
336.611
333.507
346.839
326.122
337.778
335.336
333.183
333.166
332.965
335.826
332.281
350.728
344.408
332.357
332.784
328.72
331.398
332.408
338.157
331.328
338.777
336.395
329.238
338.153
332.192
370.382
338.179
350.562
349.678
350.598
340.135
364.724
376.169
350.956
333.952
360.272
335.181
352.113
348.885
344.919
346.632
334.876
332.643
352.768
332.362
359.786
