1233.96
324.236
254.102
238.225
169.347
371.527
173.673
166.837
181.657
157.482
190.119
182.061
165.138
195.855
185.802
169.026
184.881
191.649
165.48
165.577
200.551
185.703
388.125
175.947
191.02
186.438
158.2
427.208
173.523
177.209
193.156
155.81
191.315
179.384
190.828
170.014
159.982
389.963
194.509
194.678
162.576
203.65
157.738
169.373
196.226
201.222
231.366
174.212
160.982
167.378
390.643
187.961
159.215
178.115
179.25
172.225
166.227
167.702
191.813
189.31
160.625
395.451
179.154
171.876
190.104
180.348
163.764
188.665
165.985
182.265
191.395
167.574
166.22
172.206
180.027
161.763
159.722
182.959
173.383
177.942
184.763
181.334
381.198
205.869
176.131
167.623
158.641
168.428
167.336
172.895
164.3
176.501
183.65
181.722
176.344
163.135
171.418
188.32
174.14
180.575
