537.017
517.707
523.291
517.233
513.245
516.642
513.945
518.252
513.468
516.893
514.93
515.515
513.369
516.786
516.014
517.309
513.991
519.354
513.537
521.528
514.303
520.3
517.601
528.978
516.869
529.624
523.938
515.633
526.3
515.709
517.784
521.26
515.467
516.47
518.36
515.525
518.834
518.979
524.522
517.054
515.899
515.617
518.294
514.672
516.541
514.884
516.294
516.497
516.588
519.719
515.256
520.368
515.057
516.279
514.698
517.532
515.183
516.916
515.558
515.596
517.638
516.084
516.252
519.621
513.845
521.26
515.903
522.98
515.143
524.45
514.687
516.582
513.573
515.954
514.93
517.086
516.162
520.641
516.577
523.431
515.279
518.552
514.946
519.24
514.165
515.235
515.843
515.848
515.064
514.099
516.624
513.974
517.918
513.778
518.043
514.246
516.142
514.374
518.973
514.121
