7.83723
7.07271
7.04003
7.27684
7.14073
7.11837
7.02369
7.04734
7.41489
7.00239
6.99226
6.98412
7.05058
7.00963
6.97658
7.07558
7.04942
7.10654
6.97305
7.01647
7.08819
7.05602
7.09736
7.09124
7.04837
7.08813
7.04894
7.11671
7.17237
7.06137
7.16338
8.01075
7.38288
7.12151
8.16324
7.68421
7.09697
7.08827
7.13025
7.0532
7.07612
7.09108
7.17279
7.03853
6.98366
7.08601
7.07846
6.96591
7.0295
7.82741
7.87434
6.99997
7.00009
7.13544
7.00617
7.07861
7.07165
7.11093
7.04358
7.13934
7.812
6.99717
7.08513
6.97641
7.14029
7.01167
7.00151
7.21143
7.05302
6.99775
6.97342
7.08842
7.09527
7.02937
6.96651
7.00969
7.10313
7.05028
7.13382
7.03049
7.06613
6.98838
7.10987
7.26422
7.30713
7.0614
6.9868
7.23061
7.10827
7.1706
7.05298
7.15348
7.09216
7.04239
7.10532
7.04266
6.99793
7.16942
7.18841
7.11269
