9640
11245
9628
10325
9845
9209
8752
7991
9853
8098
8032
8247
8182
8046
8066
8046
8002
8664
8154
8105
8052
8095
8031
8017
8052
8125
8056
8182
8029
8063
8083
8028
7974
8045
8002
8096
8081
8114
8370
8158
8139
8543
8016
7927
8252
8100
7998
8047
8039
8026
8250
8108
7966
7925
8067
8379
8219
8078
8043
8100
8122
8199
7980
8127
8132
8152
8015
7953
7934
8004
8053
7956
7939
7854
7879
8092
7940
7976
8010
7894
7907
7968
7896
7918
7966
8313
8030
7987
7886
7881
15362
8085
7935
7990
7908
7896
7990
7856
7820
8120