787.248
246.921
189.639
187.677
276.087
187.999
190.288
187.976
189.714
193.06
191.045
188.728
188.746
188.635
188.947
187.482
188.282
187.815
187.864
187.958
187.696
187.771
187.887
189.271
188.566
189.361
189.947
192.453
189.896
187.806
188.616
188.136
187.932
187.507
187.86
188.72
187.851
188.385
275.98
187.733
189.072
189.396
188.366
188.193
189.028
195.608
187.975
187.316
188.139
188.239
197.864
193.554
277.996
189.243
191.736
187.766
187.006
189.171
188.874
188.774
188.064
187.323
191.697
191.475
188.033
282.789
278.267
188.67
188.352
187.824
188.036
187.751
187.806
188.663
188.42
188.149
188.754
188.599
188.68
191.926
190.441
187.723
189.181
187.416
189.525
188.298
188.381
188.242
187.811
188.44
189.309
187.329
190.236
189.2
188.736
188.641
187.556
196.045
188.16
188.349
