332.291
268.436
28.0679
28.7943
28.2556
28.1541
28.1509
28.0464
28.8542
28.2279
28.1933
28.3368
28.3326
28.2412
28.1763
28.2382
28.1812
28.1756
28.2251
28.2676
28.4311
28.4833
28.2863
28.2694
29.329
28.4849
28.5451
28.2797
28.2913
36.387
28.2121
28.2227
28.7567
28.3932
317.575
28.1953
28.1608
28.0729
28.1765
28.1051
28.1637
28.0861
28.1558
28.0954
28.0852
28.1513
28.1683
28.0847
28.1768
28.0694
28.0653
28.094
28.1453
28.3523
28.2479
28.2672
28.2748
28.2436
28.1533
28.4011
28.452
28.3438
28.1832
34.7434
28.2458
28.2399
28.249
28.2448
28.1061
28.2745
28.1952
28.1683
28.1819
28.4865
28.4669
28.3158
28.2676
28.2478
28.4313
28.2918
28.2537
28.2703
28.578
28.1719
28.2573
28.1306
28.2208
28.2524
28.2307
28.5583
28.2438
28.2471
28.4524
28.274
28.2601
28.2634
28.4123
28.4393
28.3575
28.2612
