430.402
366.277
356.151
355.063
356.321
358.754
354.773
356.911
354.41
358.023
354.56
355.405
352.445
354.35
355.297
354.018
352.881
355.078
356.204
352.163
352.802
355.949
353.405
355.244
355.843
489.114
489.815
471.493
420.288
370.679
367.893
356.563
353.646
354.595
353.974
355.259
359.325
354.647
354.691
359.633
359.715
358.65
357.165
358.309
356.895
355.672
355.083
355.894
354.652
353.949
355.713
354.451
353.353
353.816
353.373
353.713
354.724
354.503
354.541
353.247
354.183
353.128
353.013
351.991
355.455
352.662
354.795
353.763
353.842
352.52
355.131
355.564
370.826
352.767
356.304
354.456
354.81
360.219
358.782
358.89
355.672
354.775
367.053
371.854
354.93
360.594
355.648
368.5
371.145
353.639
354.403
358.516
353.508
353.543
353.543
358.664
355.116
355.162
354.915
355.329
