165.775
76.1725
5.90881
191.16
184.352
5.90025
5.91051
5.78815
6.15422
5.92518
5.89305
5.88031
5.9051
5.92139
5.87288
5.89119
5.77022
5.88817
5.8927
5.87676
5.86394
5.86471
5.92329
5.94082
6.32671
6.24022
6.00611
6.01079
6.12324
6.16855
5.99041
6.56923
6.22325
6.14812
6.04098
6.06514
6.08079
6.04577
6.0285
6.25987
6.05202
6.09654
6.07341
6.04194
6.06267
6.07515
6.07367
6.05888
6.05642
6.06005
6.23259
6.24134
6.05827
6.11913
6.1076
6.10507
6.13716
6.03263
6.08969
6.07678
6.08566
6.25232
9.80036
5.94514
6.04627
6.08725
6.06257
6.05715
6.0491
6.08732
6.06788
6.05758
6.0755
6.04201
6.07159
5.97507
6.07027
6.02815
6.10804
6.06965
6.04052
6.06903
6.06292
6.05249
5.9623
6.0561
5.8404
6.05897
6.07681
6.05514
6.0858
6.05706
6.07177
6.07047
6.06871
6.07479
6.07126
6.07391
6.28995
6.14152
