766.102
446.216
432.567
437.377
417.069
422.378
427.411
419.474
460.77
420.974
424.719
432.468
419.848
421.91
441.988
419.788
423.995
418.714
412.841
436.174
420.812
429.526
415.898
414.648
418.924
418.613
418.444
419.712
422.857
460.706
426.54
423.65
417.952
419.707
414.55
420.4
419.049
420.392
423.099
421.708
421.257
417.985
423.14
416.997
426.952
416.609
435.006
419.31
423.965
417.547
419.171
419.09
420.729
415.188
447.562
421.43
417.839
415.964
418.034
419.842
416.788
415.91
435.867
416.623
420.488
416.118
415.787
425.993
426.672
419.845
419.405
419.574
415.145
427.169
417.596
415.511
424.744
423.971
424.07
417.707
465.623
417.382
414.16
418.042
419.065
416.918
419.829
416.061
424.267
429.681
426.198
414.516
418.018
412.383
418.227
420.604
431.042
420.008
418.504
423.104
