453.201
74.9774
77.2304
101.529
92.5289
85.1355
116.239
81.2133
78.1661
78.9036
73.8592
71.1994
72.4042
80.109
74.697
72.5135
70.5169
76.2789
72.4655
72.9157
76.613
81.0771
81.3326
75.0587
105.682
74.1374
79.8352
76.6372
73.8649
95.6653
76.4851
75.5895
76.9199
74.6964
71.5948
75.5056
79.1661
82.8477
75.6579
77.208
81.7873
76.6267
71.3669
71.0966
76.7745
74.8299
74.8067
79.3298
81.2283
78.0243
76.338
70.9476
72.4946
82.6946
81.963
76.4288
72.3406
73.3943
71.8352
70.9719
71.3435
71.3637
79.6832
107.158
71.6397
72.7341
73.4792
73.4852
70.946
71.1961
92.5001
79.9467
91.0151
74.0168
71.3436
71.4141
71.1226
75.3535
75.9626
91.6737
80.393
73.5264
71.5834
70.7516
70.7678
71.4531
92.8177
76.4859
76.2841
76.6289
71.7723
70.5682
71.2182
72.1002
73.3736
78.465
75.1272
73.6398
77.2702
71.308
