10182.9
11801
10196.2
10899.1
10379.2
9742.51
9214.11
8443.12
10312
8569.37
8660.03
8892.43
8750.42
8658.6
8560.18
8558.46
8620.41
9256.16
8759.27
8725.73
8663.19
8694.76
8685.05
8617.48
8568.97
8664.45
8687.02
8808.38
8647.85
8688.07
8729.53
8596.21
8493.4
8538.17
8608.17
8704.02
8693.36
8753.7
8978.97
8832.33
8760.63
9180.57
8510.66
8428.83
8805.82
8735.23
8607.02
8652.89
8695.31
8626.32
8843.06
8741.25
8470.77
8462.32
8699.05
9028.01
8837.01
8678.59
8645.51
8705.04
8719.77
8795.3
8581.05
8743.02
8756.57
8816.66
8600.14
8602.25
8521.88
8604.34
8666.31
8539.86
8470.64
8343.98
8362.42
8680.55
8546.09
8564.38
8612.3
8480.64
8399.82
8586.05
8484.42
8542.71
8556.15
8904.39
8633.19
8577.4
8534.88
8375.82
15848.5
8701.91
8595.8
8586.19
8526.37
8540.7
8611.61
8371.84
8316.53
8669.87
