7.57607
7.01114
7.10267
6.88818
6.93023
7.0559
6.86344
6.95365
7.00842
6.94616
6.97169
6.92158
6.87648
6.97051
6.81022
6.93247
6.93357
6.89513
6.8893
6.83455
6.88882
6.97135
6.85328
6.90245
6.85284
6.94465
6.9225
6.81084
6.98039
6.90985
6.92765
6.9361
6.83743
6.88787
6.86091
6.94633
6.93057
6.93445
6.88439
6.94801
6.85771
6.90091
6.84367
6.88962
6.82987
6.81249
6.86085
6.85093
6.93262
6.89394
6.83976
6.8455
6.78744
6.84831
6.81295
6.88824
6.91419
6.90174
6.83096
6.87456
6.9412
6.87106
6.86969
6.84243
6.92311
6.9334
6.85316
6.95928
6.80038
6.88423
6.8546
6.90506
6.90048
6.84365
6.87756
6.82593
6.91773
6.80231
6.91923
6.94184
6.93037
6.89135
6.82921
6.88258
6.8679
6.88129
6.94646
6.84417
6.85896
6.85887
6.93538
6.84363
6.86307
6.89007
6.89412
6.90464
6.84302
6.83293
6.93436
6.86709
