684.509
355.334
385.944
441.12
224.026
229.852
227.19
353.953
486.452
229.362
230.417
232.897
225.784
222.893
385.164
226.538
224.92
228.836
228.254
227.697
225.342
222.901
222.434
224.489
221.098
220.001
223.369
221.908
224.796
226.358
221.951
218.486
221.748
220.118
219.071
226.288
221.551
224.289
223.983
221.766
223.499
224.747
378.197
209.694
209.004
218.295
221.459
218.333
220.007
221.248
222.125
373.17
371.14
212.423
217.359
215.652
222
217.193
221.314
219.565
218.898
225.018
221.147
218.19
220.284
217.759
224.506
217.257
222.174
219.96
367.983
209.492
212.033
219.185
219.232
219.058
225.962
217.86
220.887
369.705
209.917
213.816
218.456
218.109
221.74
218.332
224.493
220.622
220.302
221.471
219.31
218.704
221.001
219.235
221.208
220.082
221.835
219.558
221.78
220.817
