137.626
138.491
158.763
141.761
139.533
141.7
139.934
139.707
138.841
140.726
140.293
139.722
140.918
139.824
140.195
157.535
139.782
139.083
139.887
139.604
137.842
137.165
138.146
138.487
142.547
139.262
139.491
140.618
160.763
139.946
141.874
139.302
139.606
139.696
141.071
140.036
143.162
140.671
144.024
139.139
219.767
141.478
142.074
138.99
140.897
138.902
138.702
137.554
140.802
140.466
140.224
139.046
139.653
195.731
142.116
140.161
141.728
142.414
138.928
141.483
137.093
139.868
141.291
139.466
140.146
141.095
141.535
143.964
142.094
140.724
140.045
139.059
143.165
140.421
140.57
139.636
141.047
138.731
204.819
142.26
143.109
139.407
140.984
142.026
147.9
138.781
140.356
138.934
140.824
142.603
137.952
215.542
140.639
137.884
141.599
138.855
141.318
140.535
141.419
140.194
