54.8842
5.76504
48.7038
48.8931
48.0331
116.736
5.81294
5.75766
47.9896
114.118
5.64671
111.625
48.113
48.0443
111.733
5.62985
5.62174
5.62874
5.62781
5.62806
112.39
5.69748
5.63455
5.60765
5.56983
5.69098
111.542
5.60817
5.76931
5.64079
5.78483
111.886
5.60395
48.4157
5.68664
5.71226
5.60206
5.66502
5.63142
5.64711
5.67299
5.67372
5.6541
5.71909
5.65242
113.12
5.62342
5.6449
5.63498
5.66169
5.72469
5.6376
5.61716
5.63243
5.63852
111.335
112.369
5.64684
5.69584
5.61596
5.80375
5.64456
5.44529
5.54863
5.69805
5.62012
5.76438
5.63216
111.206
110.665
5.63446
5.61241
5.67385
5.64311
5.60391
5.64263
5.64073
112.928
110.696
5.63908
5.61392
5.76389
5.61965
5.62171
5.72626
5.65845
5.63007
5.82042
5.79139
5.63358
5.64778
5.64664
5.91024
5.82475
5.82523
49.243
5.61352
5.71688
5.62423
5.81109
