248.877
252.072
247.52
249.025
246.335
249.764
249.153
248.594
247.823
248.353
244.369
246.163
245.123
247.777
244.242
245.492
244.787
245.847
245.036
245.273
244.423
246.288
244.88
248.238
246.248
248.814
247.588
247.808
246.686
248.396
246.595
246.833
249.497
250.226
246.883
248.711
247.095
248.972
248.194
247.445
246.887
248.355
245.725
250.235
248.599
248.367
246.204
247.706
247.142
249.453
246.769
248.253
247.102
250.141
247.979
249.179
247.998
247.041
247.677
250.115
246.811
249.084
246.839
247.594
250.472
249.718
248.747
249.157
246.353
249.053
248.387
248.583
246.455
248.192
248.036
250.065
249.66
249.532
247.173
249.196
247.954
251.081
247.04
248.352
247.104
251.733
248.18
250.316
248.303
248.356
247.953
248.699
247.863
248.438
246.925
248.269
248.003
251.906
249.019
248.361
