623.427
148.032
147.112
148.587
146.6
151.364
149.719
149.739
145.454
145.936
144.238
148.086
151.249
144.55
144.354
144.923
144.757
153.56
145.67
145.382
146.674
144.272
152.082
145.709
144.388
148.721
143.95
148.229
143.828
145.559
145.397
145.092
146.881
144.704
143.643
143.942
144.55
147.867
143.839
153.383
144.622
144.577
144.192
145.63
144.921
144.927
146.796
144.684
153.17
144.734
144.764
149.552
144.554
151.427
147.199
147.147
146.001
145.211
147.352
151.061
144.875
147.587
154.259
151.632
145.201
145.352
146.116
146.28
144.648
144.755
144.647
146.533
147.215
146.111
145.448
148.681
145.584
148.34
145.409
144.352
148.476
148.312
144.364
144.825
145.312
158.543
147.8
147.404
145.51
145.076
144.259
144.245
144.593
144.068
147.277
164.888
144.441
145.002
146.797
158.179
