687.418
356.919
347.802
352.452
345.775
330.945
350.929
350.939
332.221
349.122
357.838
326.926
355.075
330.692
391.336
334.723
357.336
357.134
341.978
356.867
360.705
358.584
358.84
357.664
361.827
361.578
333.394
328.917
358.19
357.145
366.649
362.801
358.272
360.911
359.242
358.898
358.026
349.658
348.67
360.771
359.784
358.698
337.97
359.576
359.089
330.785
357.046
356.273
359.664
357.465
350.094
359.418
357.973
364.637
360.624
331.101
358.959
372.037
356.233
353.551
357.947
359.738
331.281
360.107
363.702
362.152
358.154
357.587
357.536
359.878
360.581
356.71
359.698
331.445
358.646
364.545
360.404
359.644
358.991
356.528
357.956
362.104
357.305
358.458
357.69
360.237
363.533
358.247
370.277
353.751
330.692
359.325
336.277
363.33
355.17
332.143
360.067
331.716
359.606
330.349
