618.884
141.349
141.013
139.727
141.08
138.546
141.312
138.739
139.454
140.913
138.653
140.852
139.311
143.359
142.476
143.045
154.796
139.791
141.143
149.571
138.581
142.144
139.023
139.126
140.069
140.894
140.373
139.258
137.869
139.699
139.727
138.443
139.856
139.48
139.892
139.329
139.391
139.59
138.877
139.908
140.334
139.485
139.373
138.646
141.416
140.566
140.207
142.273
140.911
138.781
139.698
140.105
139.923
137.889
140.586
138.637
147.234
140.13
138.78
140.748
140.261
138.163
142.588
139.55
139.32
141.808
139.352
141.127
144.181
139.253
140.456
140.214
139.24
139.67
138.015
139.997
139.162
139.579
138.965
139.105
139.912
139.006
140.678
139.687
138.338
145.802
138.198
139.277
139.302
139.846
139.216
138.476
140.124
139.639
139.515
140.167
141.453
139.338
139.218
140.783
