643.878
618.692
648.71
651.312
627.888
647.309
649.755
638.389
632.111
615.216
620.765
649.463
624.584
650.707
628.551
620.135
624.907
620.463
629.189
626.134
617.542
619.116
638.968
630.891
637.254
647.52
620.789
619.491
619.483
634.606
634.768
652.379
615.59
638.035
633.39
650.319
622.681
622.586
638.163
633.846
655.973
645.164
625.379
634.28
636.149
640.477
622.737
650.868
641.644
642.228
628.359
616.629
619.763
636.682
639.151
634.365
630.694
652.084
626.436
627.892
633.731
635.374
641.466
617.043
650.643
626.91
655.731
631.125
628.302
619.99
624.455
635.737
632.367
642.782
621.929
636.865
621.279
619.395
618.923
616.985
618.611
616.893
620.882
631.163
624.088
647.314
615.346
629.612
653.471
652.958
637.131
619.707
655.724
645.435
612.644
639.993
633.256
634.524
621.404
631.898
