61.3372
60.0514
59.8748
60.287
60.0223
60.093
60.0783
59.8537
60.2909
60.1579
60.0058
59.9637
59.9205
60.0093
60.0893
60.1379
60.088
59.9961
60.0368
60.0117
60.0228
59.9798
59.9755
59.9718
59.9256
59.9943
59.9566
59.9259
59.936
59.9201
59.9892
59.9227
60.3
60.0692
59.9617
59.9319
59.9405
59.9957
59.9584
59.9446
59.9027
60.0323
61.0561
59.9509
60.0333
59.9461
59.9356
59.9547
59.9379
59.9442
59.9599
59.9241
59.9382
59.9286
59.9372
60.9534
59.9387
59.9703
60.8242
59.9487
60.2288
59.934
59.949
60.0391
59.8553
60.8738
59.9695
59.9429
59.9259
60.0257
60.043
60.0201
60.5449
59.9378
59.94
59.8891
60.3528
59.9158
59.9505
60.0271
59.9588
59.9459
59.9284
61.0437
59.9127
60.8972
59.9302
59.9753
59.8927
59.8759
59.9567
59.9598
60.4735
59.907
59.8993
59.9845
59.892
60.0126
59.9511
59.9972
