16.5781
15.0769
15.9022
15.0324
14.5315
15.9536
14.769
16.1039
15.4628
15.8464
15.9725
15.9064
14.5664
15.897
14.7963
17.1046
15.9466
16.4718
14.528
17.1859
15.6668
16.7738
14.5268
16.0698
14.6996
15.8555
17.2971
15.3572
15.2928
14.5412
17.4044
15.9642
15.991
15.8629
14.5458
16.1075
15.8939
16.0644
15.8383
15.2594
16.2627
14.545
15.943
16.876
15.8719
15.9638
15.7226
14.6809
17.5872
14.5243
16.3593
14.6505
15.8631
14.6149
15.8952
14.5589
16.0896
14.5812
15.9431
17.1984
15.8901
16.3141
16.0377
16.0062
16.011
14.8974
15.8952
14.7476
15.9208
14.6709
16.1885
14.5649
17.9555
14.5336
16.2716
14.6529
16.0192
14.5837
16.1354
16.5221
16.0315
16.2805
15.0777
16.7796
15.9086
14.6396
15.8424
15.6318
16.0665
15.9137
18.1459
14.6933
16.3536
14.4838
18.2654
16.619
15.984
15.8939
14.6233
16.1059
