714.488
283.846
189.197
187.728
203.906
192.389
180.967
157.178
162.594
206.664
190.49
141.523
199.968
137.434
188.577
135.336
162.723
198.104
183.711
138.286
179.049
183.678
155.779
177.023
179.343
140.878
158.844
209.994
158.88
139.4
137.633
185.937
138.508
157.785
138.545
213.421
147.509
167.974
142.369
145.402
143.334
136.989
134.063
138.412
134.497
133.496
133.849
133.807
131.665
136.793
133.844
133.477
138.6
140.648
163.856
163.617
158.161
134.26
141.988
136.741
143.752
137.007
172.228
133.917
145.509
158.868
160.905
137.291
134.688
136.454
133.462
133.934
143.348
133.802
136.21
133.856
136.1
136.92
140.796
153.126
133.975
135.394
135.097
134.433
134.542
136.427
138.837
137.28
133.775
134.149
140.408
134.431
150.484
136.774
133.402
145.519
133.906
134.165
138.986
134.992
