161.324
52.1133
43.6179
45.9743
51.5742
48.1262
50.409
40.2813
44.2831
42.4172
45.5829
47.8103
41.298
45.9675
52.174
43.5038
47.576
47.1583
40.2293
45.6634
42.2162
42.5331
48.0821
43.3641
46.7583
45.6115
48.2995
44.8858
47.423
42.7114
57.6545
48.7776
49.439
49.2532
52.4683
46.1245
48.0499
52.3183
47.0906
43.7956
45.1137
40.0771
39.7636
40.2248
40.901
42.4484
41.3809
45.9298
43.2608
42.5076
44.4012
40.9754
51.471
42.0617
45.2484
46.3779
46.4376
48.4536
47.6243
45.5019
46.1963
44.2019
41.6444
47.227
46.8204
46.9774
50.0242
47.2416
43.7344
71.1824
46.7363
44.4247
41.082
42.6569
46.7037
45.2587
41.769
43.9288
43.0579
50.0165
56.8991
43.9539
46.1285
43.288
54.2093
49.9468
48.2938
45.8556
40.5039
46.7322
43.8657
43.1612
40.4695
49.4908
63.6662
51.0909
39.4515
43.4138
47.0238
49.0358
