32.4111
31.6624
31.43
31.5954
31.9284
31.5079
34.1665
33.6781
33.4564
31.3798
31.8517
31.6263
32.6002
32.2744
31.418
31.9318
31.6177
31.9001
31.6116
31.3347
31.6464
32.0717
32.903
31.6726
32.1679
31.7691
32.0427
32.6064
31.4275
31.5647
31.7569
31.5453
32.3172
31.7846
31.7831
31.8391
33.5927
32.6203
32.0222
31.893
33.0008
31.5475
31.3181
31.7653
31.592
31.3308
31.3137
31.5244
31.6457
31.8737
31.7559
31.8572
31.8293
32.3122
31.4502
31.5155
31.4194
31.9873
32.8183
31.6967
32.155
32.9999
32.0055
32.0428
31.9015
31.4038
31.25
31.4933
31.3037
31.1569
31.0696
31.4666
32.2966
31.6195
32.9762
32.2877
31.465
31.4599
31.3888
31.4605
31.2633
31.4592
31.3393
31.5299
31.1256
31.3213
32.2868
31.7809
31.3733
31.6455
32.8193
32.053
31.1025
31.7807
31.5347
31.7979
33.9168
33.3371
32.9895
33.7199
