68.2902
83.9729
91.4877
83.1614
84.8031
90.4569
86.4334
83.4376
82.9713
81.6288
84.3181
84.1556
87.6371
84.8782
88.3526
81.6986
84.0744
85.8568
84.3253
80.2325
84.5179
87.4203
88.5831
85.3214
86.2638
86.3751
85.9708
86.4595
79.9507
84.5588
85.5944
85.4835
85.507
87.8794
85.8364
84.5516
86.2833
88.4658
87.3591
85.1965
88.0014
86.5779
84.843
86.1831
93.0125
87.172
84.8245
84.5078
84.088
86.3429
84.9347
84.0436
85.6877
86.9606
84.2776
84.0017
91.1477
85.1014
84.662
85.245
86.3343
82.2731
83.2696
86.2899
84.5935
86.2564
85.8452
84.2762
84.7305
86.9397
85.5244
86.3235
84.0449
86.8036
83.9895
87.5758
84.93
85.6715
83.8606
87.0194
85.5113
84.915
82.9956
83.493
84.3228
83.0922
84.4979
85.2508
84.6569
84.7676
84.7699
85.2612
86.1773
85.7058
86.4687
85.9812
83.9531
85.7731
84.2538
85.1927
