9.36086
8.0345
8.25891
7.96428
8.43909
7.79436
10.1222
10.0892
7.97763
10.0646
10.0824
7.77914
7.73365
7.88727
8.60313
7.86567
10.2288
10.1025
7.49577
7.95065
7.51117
7.72787
7.81323
10.5247
7.75829
7.91791
7.70603
7.86999
7.82532
7.94543
7.72446
7.67102
7.73621
7.60819
7.7471
7.78755
7.77289
7.72081
8.00389
7.71263
7.70738
7.75075
9.9504
9.22436
10.0328
7.68445
7.61427
7.54183
7.65983
7.70192
7.68982
7.83623
7.89015
7.60464
7.97483
7.86942
7.69786
7.76322
7.68438
7.63671
7.82321
7.86088
7.65579
7.65517
7.88007
7.65234
10.1727
7.6585
7.60856
7.54891
7.84762
7.74337
7.59225
30.1904
7.69971
7.7442
7.90971
7.78873
8.10198
10.7464
7.79195
7.73517
7.78009
7.80127
7.53539
7.99683
8.12618
7.78177
7.94465
7.66244
7.81083
7.72742
8.08649
7.74523
10.0515
7.92659
7.60331
8.0366
7.70275
7.6986
