241.206
230.791
234.537
242.555
231.547
230.022
235.785
229.783
236.374
243.628
236.177
254.066
245.756
238.404
233.356
237.787
241.197
235.494
229.386
231.007
229.447
238.762
240.138
229.839
235.633
239.739
236.645
232.085
237.696
239.359
229.75
233.958
234.709
236.892
230.262
233.23
238.524
233.649
254.864
238.291
231.061
233.698
230.469
232.82
229.136
229.764
240.59
233.546
234.688
230.565
229.707
234.053
229.961
233.572
231.2
232.028
238.899
230.079
235.739
233.756
237.618
235.646
238.547
256.33
239.892
230.503
233.692
231.259
238.854
233.994
240.159
232.749
230.016
230.419
240.115
231.772
236.583
233.764
238.077
230.942
230.004
236.169
233.47
232.37
244.12
235.291
229.718
236.262
235.1
259.328
231.52
235.458
236.44
230.845
234.871
237.426
240.022
234.946
235.168
238.219
