115.357
49.7336
52.7244
50.4261
49.0552
49.2017
48.6655
52.2605
49.3217
9.90826
9.92048
9.91333
9.91444
9.9173
9.91254
9.91155
9.92004
9.91437
9.91585
9.85714
9.90334
9.89699
9.91147
9.91589
9.91223
9.91376
9.91333
9.91421
9.91318
9.91587
9.91545
9.9181
9.91837
9.91381
9.91644
9.91574
9.91895
9.91984
9.91607
9.9131
9.91503
9.91182
12.0095
9.91517
9.91398
9.90895
9.91352
9.91273
9.91992
9.91185
9.91361
9.9202
9.91788
9.91736
9.92062
9.91869
9.91876
9.91877
9.90884
9.91914
9.91724
9.91001
9.91405
9.91716
9.84075
9.9148
9.91573
9.88006
9.90768
9.90934
9.90877
9.91587
9.91353
9.91781
12.0136
9.9156
9.91751
9.9151
9.91509
9.91738
9.91215
9.91566
9.91912
9.91191
9.92438
9.91525
9.91522
9.91403
9.91535
9.91494
9.92091
9.91539
9.91231
9.9184
9.91985
9.92036
9.91605
9.91562
9.9212
9.91814
