10.5168
10.5602
10.5358
10.518
10.4976
10.5173
10.4365
10.5221
10.5294
10.5572
10.51
10.5306
10.4954
10.4808
10.5099
10.5269
10.5584
10.5365
10.5691
10.3474
10.1424
10.0954
10.0996
10.1466
10.0067
10.0014
10.0079
10.1529
10.5538
10.5845
10.5788
10.5293
10.3758
10.1769
10.0636
10.0789
10.625
10.1737
10.0994
10.3875
10.2121
10.8139
11.2506
11.2556
10.5885
10.5927
10.5335
10.5649
10.4469
10.5651
10.5511
10.5308
10.5874
10.5234
10.5333
10.55
10.5342
10.5214
10.5325
10.5369
10.5389
10.5272
10.5359
10.564
10.5687
10.592
10.5745
10.5536
10.5468
10.6196
10.5948
10.5898
10.5681
10.5225
10.5482
10.5674
10.5772
10.5714
10.6064
10.5777
10.5743
10.5041
10.5339
10.5521
10.5657
10.6106
10.4854
10.5679
10.51
10.5321
10.5528
10.5464
10.5389
10.6194
10.5428
10.5091
10.6207
11.3529
10.8786
11.2034
