60.8471
60.3259
60.1653
60.7323
60.7409
60.1512
60.2144
60.1811
60.4051
60.1918
60.3398
60.1734
60.7272
60.2672
60.1951
60.3213
60.1891
60.1196
60.1434
60.2331
60.1525
60.1483
60.1522
60.1476
60.138
60.1191
60.2352
60.0422
60.1657
60.1683
60.1969
60.1371
60.1605
60.1315
60.1603
60.1906
60.1518
60.2099
60.1497
60.1814
60.1956
60.1744
60.2014
60.1643
60.1458
60.1324
60.1391
60.1506
60.3001
60.2703
60.154
60.1436
60.1639
60.1517
60.1276
60.157
60.1514
60.1494
60.1811
60.2498
60.1484
60.141
60.148
60.1443
60.1566
60.1554
60.1259
60.1445
60.153
60.1741
60.2522
60.152
60.1501
60.1468
60.158
60.1474
60.1355
60.145
60.1463
60.1452
60.1705
60.2365
60.1599
60.1522
60.1513
60.1501
60.1532
60.1529
60.1688
60.1712
60.1677
60.1455
60.2629
60.1686
60.1564
60.183
60.1853
60.1787
60.1614
60.1436
