902.555
444.726
290.604
281.92
279.069
279.873
279.063
280.421
280.761
279.893
279.39
278.913
279.646
281.543
287.23
279.695
279.239
280.073
279.056
280.628
333.259
279.676
280.785
282.825
334.286
279.051
283.636
277.523
280.78
280.61
279.59
280.141
279.033
282.279
279.413
282.384
279.137
278.386
284.721
277.977
279.625
279.818
279.407
286.687
280.895
279.64
281.3
282.31
283.33
280.314
285.577
288.73
280.168
284.23
281.49
280.871
284.457
282.676
279.338
279.799
280.529
280.091
278.204
286.187
282.349
280.389
283.758
278.399
281.069
283.464
279.492
280.049
281.487
283.487
279.019
287.569
283.346
279.238
280.679
278.947
280.204
283.838
279.621
280.473
279.583
288.241
279.261
285.706
286.903
278.441
277.68
280.598
279.137
282.984
278.906
282.62
279.498
282.488
283.743
279.09
