15.9513
17.1873
17.2498
17.4024
16.6152
17.1106
19.5672
18.4201
15.8369
18.2135
17.0959
19.5693
16.9704
17.1616
17.4793
18.4642
16.5455
18.3413
17.1728
17.0667
18.4379
15.7396
18.5871
17.3109
17.1284
18.4577
17.1389
17.3382
18.4128
15.8407
18.511
17.4546
17.1265
17.5791
17.1348
17.1089
18.5013
15.857
18.9487
18.7948
16.7401
17.45
17.1095
15.863
18.5884
17.1544
17.4177
18.9822
15.8597
18.9705
15.7341
17.1298
17.5864
17.18
17.6487
19.0518
17.1649
17.6672
17.1125
17.1465
19.0734
17.1955
17.9385
19.0509
17.1697
17.8114
17.1457
15.8414
19.1487
15.9227
19.2699
17.9645
17.1946
18.1888
19.8642
15.7832
19.2715
17.2843
19.8251
18.9035
19.0174
19.657
17.161
17.1565
17.8878
17.2177
19.4453
19.5875
15.8917
19.4633
17.205
17.1178
19.2826
17.2226
18.2294
19.7088
16.0488
19.6687
17.3937
17.2285
19.5924
17.2559
19.6921
19.8685
17.231
19.2198
16.041
17.3302
19.9388
17.2363
18.5278
19.9143
17.2103
19.9234
17.2304
15.9703
19.9317
15.9253
19.938
20.124
17.22
19.8781
17.1879
17.3016
19.8644
15.8527
20.0431
18.8846
17.2067
19.3795
17.2265
17.2098
20.1688
17.3324
20.1934
20.4293
17.2668
20.4969
15.9275
17.1909
18.933
17.2228
19.2821
20.3715
17.339
19.1511
17.3634
17.2131
19.5006
15.9386
20.4099
19.2537
17.3099
20.5672
17.2646
15.851
20.5263
16.0239
21.2503
20.6111
16.9074
19.2367
17.2828
16.0158
21.4889
17.2738
20.7918
19.5836
17.2477
19.4325
17.2953
17.2658
20.8083
16.1225
19.4906
20.9606
15.9867
20.8598
17.1917
17.233
19.5198
17.3029
19.6689
21.111
17.2962
21.0329
15.894
18.1434
19.7746
17.5178
21.0969
19.9755
17.2924
20.8195
17.2551
16.3844
19.8617
17.292
19.8625
21.3844
