643.781
259.205
279.606
258.644
256.996
258.271
282.743
258.627
272.147
289.789
264.371
265.607
267.859
250.451
252.243
254.562
254.152
260.516
269.216
266.367
279.867
250.941
257.198
254.018
261.253
257.028
257.938
257.929
254.573
256.434
263.511
258.063
255.627
255.406
250.375
250.708
264.146
257.533
261.248
252.383
256.598
252.509
256.682
256.967
259.551
257.76
249.297
249.387
252.183
252.514
704.407
249.551
250.288
252.294
250.418
249.1
267.126
910.939
245.344
251.808
251.546
247.838
240.707
252.816
257.863
250.147
249.338
252.955
399.589
245.603
243.523
255.223
250.016
241.298
246.591
247.59
258.044
250.7
277.087
279.615
248.14
251.966
247.346
245.766
250.976
249.952
1090.53
242.532
247.79
243.956
245.477
245.793
249.257
252.319
248.485
249.753
255.178
254.595
243.261
249.723
