665.752
346.435
351.07
338.692
329.999
330.311
343.357
342.735
332.835
336.154
332.362
328.974
235.796
343.238
332.053
349.777
232.15
339.91
332.812
332.482
333.798
236.253
241.061
341.52
233.433
338.526
231.13
242.012
242.716
241.793
241.528
243.353
236.425
242.848
340.572
228.511
236.348
339.331
232.908
236.6
238.704
240.834
242.044
239.609
243.9
241.893
344.019
230
361.959
227.443
238.397
244.297
241.337
240.721
242.742
239.31
239.415
241.652
242.339
240.23
234.463
238.453
242.925
239.965
237.621
240.807
237.544
242.753
237.598
241.092
242.698
242.348
253.446
240.277
240.516
240.844
243.282
240.723
242.492
239.128
246.498
243.952
243.278
244.627
241.197
240.437
239.571
236.446
240.732
241.297
230.579
232.168
242.01
242.113
241.825
240.699
232.215
234.636
243.339
240.252
