17.984
18.2303
18.2448
18.9844
17.6901
17.9658
17.4573
17.8104
17.6082
17.9399
18.3106
17.4544
17.5329
17.5983
17.8596
17.7238
18.0562
17.6533
17.7178
17.4925
17.517
17.5487
17.9576
17.4759
17.5929
17.5433
18.1124
17.7382
17.8359
17.6724
17.9623
17.9495
17.5459
18.3094
17.6677
17.9141
17.5417
17.8662
17.8565
17.7427
17.4768
17.6735
17.7507
17.5526
17.4778
17.3869
17.9004
18.0175
17.6817
17.7083
17.4201
17.8993
17.9727
18.0439
17.4915
17.4895
17.9413
17.8524
17.7105
17.6595
18.1294
17.6873
17.7332
17.4897
17.7017
17.4958
17.4641
17.4674
17.9088
17.9138
17.4784
17.5898
17.4251
17.9529
17.9544
17.5428
17.6759
18.1625
17.8046
17.6701
18.1103
18.6662
18.0708
17.555
17.3895
18.1114
18.0015
18.212
17.6343
18.399
17.6082
17.7019
17.6345
17.4499
17.705
17.4758
17.9306
17.6775
17.5934
17.6846
