490.006
149.166
206.381
145.944
206.015
147.427
147.386
40.1973
147.08
41.4059
143.571
41.475
40.7317
143.409
41.087
44.736
40.2658
147.391
157.281
145.981
43.7072
41.5587
143.942
148.458
146.249
153.519
146.008
42.9285
38.9739
142.729
47.4379
39.7411
38.8461
143.988
38.4182
141.135
38.3032
140.343
37.6736
44.1054
37.4781
37.8658
42.33
37.6582
147.431
41.011
38.9853
42.1448
39.9283
39.1065
37.8242
37.5402
45.3431
141.548
44.189
37.5884
37.7267
38.0564
141.307
37.798
37.8664
40.757
38.2337
163.507
37.7818
38.396
49.0705
37.839
38.0149
38.0939
38.4025
38.5069
38.4961
38.3346
38.2873
141.688
142.901
38.4993
38.1551
43.8037
42.1036
37.8429
37.5941
37.6913
38.0417
38.2719
143.29
37.844
37.9054
37.8239
38.0134
144.529
39.2878
37.6507
37.9915
37.8167
37.7269
37.9566
38.7102
143.929
