533.175
51.983
38.9222
44.0587
46.4612
39.1482
40.0954
39.5928
39.7693
42.2891
45.4288
41.9026
41.9218
41.6681
38.5893
41.1137
39.6241
39.6745
41.9343
45.7733
46.8348
38.1845
37.7881
37.3297
38.1065
39.3722
38.3195
39.4591
40.192
39.8969
41.164
37.7692
44.0813
39.9201
40.8916
42.8029
40.2139
41.2493
39.7908
42.2712
43.1085
43.7726
40.4776
40.7519
42.9112
41.6793
42.2629
37.7269
40.4114
40.4086
39.2773
38.2408
37.6877
36.633
38.5025
38.6236
37.1556
37.7406
38.604
44.5928
40.1326
45.8284
43.5998
37.6813
37.4586
37.5343
37.01
38.2668
36.9535
38.4114
38.1004
37.44
37.2196
38.9429
37.5478
36.7425
37.6965
44.1152
41.5853
37.9901
37.1914
38.2791
38.7267
37.1692
37.471
37.0267
37.707
37.1957
39.9579
37.536
52.6099
44.4935
40.6692
40.5942
37.5245
37.6799
44.1348
47.6105
41.8983
51.2097
