484.58
301.949
437.739
258.53
322.607
7.85195
269.743
261.222
258.259
9.1235
348.033
346.132
261.96
325.479
315.914
10.8718
8.49026
323.406
9.47062
8.98774
8.48793
8.36506
318.767
354.873
326.39
9.17918
9.24228
292.238
11.6774
6.31567
7.92622
6.14968
9.35736
7.39349
9.02852
8.45527
8.26641
8.22254
9.45336
9.38821
345.3
8.08174
9.89582
7.84355
341.69
320.19
259.569
8.1736
8.12786
9.06552
10.1372
278.841
7.77041
7.86381
7.95295
279.198
7.89768
7.65878
277.294
7.97097
7.89841
7.90661
7.96153
8.9928
9.50444
7.81244
277.278
8.05394
7.90039
7.83896
7.84434
324.992
6.86487
8.64908
9.64394
346.419
7.92643
7.43812
7.98125
8.10009
8.07049
7.95249
10.653
8.10039
8.02689
10.512
9.60326
7.8263
315.235
8.19286
8.1991
9.23644
369.383
307.035
7.99287
8.12549
7.68302
7.98942
8.99679
9.21437
