340.447
38.1419
39.1009
41.8056
37.8433
41.9556
37.3852
39.3583
42.4263
47.0683
38.6946
37.5314
40.9043
43.3148
43.274
43.2378
40.1184
38.8211
37.9701
39.1445
38.3529
46.2412
39.9294
44.0376
40.9441
43.506
37.8037
40.1962
39.3318
43.3438
38.8709
46.3052
39.8543
53.5951
44.0337
42.2826
38.2378
45.0886
45.4109
40.7287
40.4215
40.0581
51.6403
39.0214
41.1319
44.5367
41.1096
42.3854
45.3292
46.152
53.963
45.0861
38.8322
38.5314
40.1718
38.8025
45.7311
39.6787
38.5414
38.0609
38.4783
37.9536
38.7705
38.8801
41.2086
38.9312
39.2535
39.8401
40.5364
42.8249
40.3376
39.4326
46.5708
40.451
38.1261
220.811
39.6319
41.8628
42.1201
40.5141
40.5293
41.0284
53.5136
41.9756
39.4061
41.3542
43.7485
56.6577
44.9903
40.768
43.8704
41.8484
42.571
38.457
216.184
37.5045
40.7441
40.3916
39.1011
42.2563
