519.363
41.1536
31.0785
35.9181
32.4659
33.3309
30.7069
29.4728
27.1786
34.8795
32.0585
28.5098
29.4607
30.69
28.4778
31.7325
34.8957
38.2251
40.5348
35.231
30.3602
27.4747
32.3374
28.4717
29.2816
27.2218
30.6293
31.5162
31.3625
41.7926
36.7781
33.7522
32.0882
37.5013
35.5038
33.3998
39.383
32.1853
30.9399
34.47
27.0905
33.1427
31.6511
30.5205
33.0677
33.8947
37.3526
30.1892
29.7412
31.4596
28.4102
33.5629
35.0195
35.1609
35.9629
35.7393
34.7383
35.6626
33.1401
33.208
36.0495
28.3889
29.0828
28.8254
33.2141
31.1347
31.1315
30.9289
31.0119
41.6258
33.3836
32.8989
32.1447
31.5104
32.5547
30.2627
35.1627
30.5854
33.1578
32.0719
31.3413
30.0178
37.0069
35.8384
30.4166
28.1548
33.0454
29.0725
42.0348
32.6972
38.7855
30.6836
31.1729
38.8065
31.3428
30.7452
30.4891
33.3078
35.1321
29.5365
