609.352
156.383
97.2298
98.6017
127.602
90.0892
121.652
103.217
97.3508
91.9054
125.834
106.527
95.948
144.073
116.178
102.304
97.8357
134.247
119.069
121.16
90.9531
117.583
94.5416
97.154
98.9805
95.8514
81.2717
75.5888
143.258
131.354
99.2528
100.304
93.2555
122.3
88.6653
98.7974
97.6255
88.6943
100.454
87.5838
100.077
105.056
111.805
102.656
97.0733
95.6285
78.7106
116.04
120.888
84.2575
94.2889
87.0448
94.901
98.0206
83.2224
102.068
97.2279
111.936
101.436
126.692
129.855
114.392
99.3511
101.103
100.628
104.414
101.627
102.728
94.9762
111.692
95.4727
101.252
98.6697
84.2516
117.701
87.1667
93.899
93.5555
110.83
102.275
90.9506
94.4703
92.9699
107.319
73.2132
103.249
99.1069
97.4266
102.986
98.8449
103.551
88.8134
94.1117
101.467
76.6039
95.9556
95.7615
82.3092
98.0537
95.649
