496.169
111.559
92.9939
93.3532
114.802
111.61
101.899
91.7427
91.6943
92.6482
94.3831
107.525
100.339
92.697
103.58
98.5254
98.7075
105.783
95.1356
91.2318
91.0519
92.6302
91.1931
187.725
91.3839
91.6994
92.8453
91.7897
98.101
108.54
96.9616
91.6966
92.1401
92.9332
92.7271
106.346
98.1695
91.7838
91.2937
95.2919
92.5126
114.987
100.709
106.303
99.777
91.2082
94.639
98.95
94.5579
92.1789
92.691
92.4844
101.648
95.579
95.0174
92.4847
92.9616
92.1511
94.6597
102.658
91.9626
94.2707
91.747
94.1328
95.3703
93.6085
95.1067
91.7597
91.7691
95.3632
93.8257
99.9728
100.208
92.6777
92.0247
93.1689
95.612
97.1274
104.374
97.9148
93.8332
91.2724
91.2098
105.404
97.6433
96.5698
92.1418
91.7832
93.5061
91.4153
91.6986
102.641
92.5929
92.489
92.6881
92.7131
92.2411
104.18
91.0883
94.3883
