591.277
369.943
325.499
349.64
318.956
346.836
412.099
465.047
388.053
363.954
348.763
12.9413
285.43
11.7433
358.87
342.25
241.33
349.22
353.856
14.1608
295.099
355.276
14.639
13.5475
13.349
13.1773
14.4099
315.074
13.8837
13.3537
13.2255
326.837
13.4086
274.555
15.2916
13.9568
13.4984
311.466
14.3499
286.338
16.9346
14.3902
12.5685
12.372
15.0757
14.9942
14.4239
15.2629
321.348
13.2491
13.522
14.5744
14.1454
282.872
13.3226
272.156
12.839
296.16
14.2905
11.3944
11.3689
11.4653
14.3536
12.0341
11.6571
11.8938
11.4957
267.336
12.6917
11.7743
15.5772
11.4179
336.11
12.7696
14.5222
15.2242
13.6445
12.428
273.122
11.4634
11.7349
271.98
11.3712
11.4694
11.2851
329.23
11.5345
277.704
13.1076
14.4864
13.9455
275.081
14.5719
13.7101
13.4083
331.043
12.6061
12.7707
11.8033
12.5129
