156.362
214.271
213.492
213.836
216.396
188.312
194.397
10.8563
10.5738
11.4317
11.4324
216.664
226.437
11.3855
11.1736
185.228
191.054
10.7535
10.5222
182.799
180.1
11.1462
10.6084
188.958
11.1484
11.0746
186.434
215.163
11.167
186.981
11.2473
185.267
178.84
180.821
11.299
11.1759
10.6107
10.6817
10.7342
10.7421
11.3652
180.131
10.7743
11.1027
11.7341
189.105
184.753
185.837
10.7065
11.1354
11.4133
10.9099
203.234
185.641
198.591
11.9466
10.4942
10.7354
10.649
10.9128
11.227
180.565
205.262
11.185
11.2509
10.7342
185.681
198.222
184.085
11.6682
11.1723
10.915
11.2725
10.8488
10.6317
184.375
10.593
11.3739
11.1536
11.439
11.3217
181.159
10.6562
10.5924
10.7538
10.6034
11.0793
10.6019
210.589
10.8568
11.4732
10.6205
11.1862
11.557
210.705
11.1938
11.0822
193.974
11.1478
11.1197
