527.739
184.667
181.766
184.23
189.547
191.731
188.386
190.597
184.329
186.953
194.361
182.445
181.975
185.291
181.379
182.425
189.118
181.286
182.418
183.963
181.353
187.824
183.7
183.441
182.96
180.872
179.896
181.54
181.964
184.675
182.568
184.384
189.235
182.484
187.708
187.684
182.676
188.723
183.688
187.729
187.561
185.658
186.136
182.601
181.377
191.414
181.75
187.037
187.287
187.075
182.904
182.448
180.791
183.66
181.857
186.507
181.598
185.436
182.086
182.195
180.41
184.761
179.018
185.195
197.509
186.692
183.338
179.696
182.613
184.483
180.528
179.231
180.04
183.836
182.913
184.137
188.694
180.729
188.385
187.624
177.987
179.918
182.478
195.22
179.575
179.256
181.57
182.798
178.759
179.343
181.37
179.236
184.92
178.314
184.664
179.826
180.426
182.572
179.11
179.716
