1364.59
1358.89
1358.8
1359.02
1361.38
1360.1
1360.81
1358.58
1360.08
1358.28
1675
1677.94
1678.22
1676.44
1677.07
1674.61
1676.48
1677.78
1676.9
1678.44
1674.85
1367.28
1360.63
1360.13
1366.03
1551.9
1679.67
1675.7
1676.04
1675.72
1679
1675.66
1677.12
1678
1675.42
1677.08
1507.01
1359.77
1359.7
1370.76
1360.89
1365.29
1363.99
1365.91
1363.9
1367.17
1363.21
1365.42
1381.36
1677.5
1675.93
1675.59
1678.62
1677.97
1676.5
1678.34
1678.77
1679.16
1678.26
1643.76
1369.65
1360.72
1360.63
1366.93
1359.93
1358.99
1369.03
1360.16
1360.58
1366.07
1361.09
1362.37
1664.16
1679.4
1678.55
1675.54
1677.34
1679.06
1680.87
1677.87
1680.21
1679.48
1680.16
1369.34
1365.22
1366.22
1364.14
1363.82
1367.37
1363.8
1358.33
1365.35
1366.48
1362.39
1361.98
1367.22
1677.89
1679.79
1674.98
1681.2
