9.44941
7.85134
7.97633
8.03182
7.85782
8.03273
7.85888
7.943
7.85546
7.81783
7.84837
7.91684
7.86113
7.91155
7.91364
7.83833
7.87507
7.90973
7.84155
7.96225
7.85217
7.83151
7.82227
7.9024
7.76564
7.87424
7.99673
7.97962
7.88425
7.87094
7.86806
7.96692
8.00737
7.8487
7.89616
7.79674
7.90136
7.95206
7.86826
7.88306
7.89829
7.83028
7.98991
7.81425
7.99301
7.96679
8.016
7.88618
8.00249
7.91818
7.86624
7.90104
7.8546
7.90728
7.94003
7.98078
7.84
7.92903
7.74432
7.69741
7.95397
7.89929
7.82868
7.94906
7.90144
8.1153
7.91316
7.69967
7.88106
7.86333
7.97446
7.83429
7.8912
7.92384
7.90961
7.972
7.71569
7.68038
7.70496
7.72673
7.96786
7.84844
7.85119
7.95574
7.90444
7.87418
7.85806
7.83229
7.87857
8.04748
7.86246
7.83988
7.89545
7.90101
7.85062
7.83355
7.88204
7.8751
7.86677
7.82793
