16.9048
18.953
15.7197
15.5797
16.3274
17.4777
15.8309
18.6875
19.9668
16.8601
19.485
17.1613
17.2599
17.9324
16.9816
18.7657
18.2873
17.6382
17.6492
17.9169
18.3591
18.2933
18.2148
19.5292
18.5493
18.7356
18.8471
18.9231
20.0446
21.2453
22.3486
22.5873
19.1554
21.6535
19.8609
19.9931
19.8092
19.1112
18.7163
20.1744
19.3878
22.6203
19.4173
19.3507
20.0171
23.004
19.14
20.9818
21.8377
19.9061
21.4542
22.55
18.8437
18.945
18.7948
19.1763
19.944
19.2907
19.0979
19.1439
19.9916
19.3098
21.7267
19.4962
19.4052
21.3337
19.7842
19.0862
19.9786
19.6226
19.0891
19.4744
19.2067
22.8882
20.7606
21.5892
19.538
19.8996
19.7708
19.498
20.057
21.6468
19.5712
20.2217
22.0637
20.7337
23.0283
20.3697
19.6387
19.3754
20.3515
19.6444
18.7494
20.3504
19.807
18.8444
20.0954
18.8921
19.9559
18.998
