2115.35
627.974
601.73
589.93
590.597
606.702
606.662
584.468
589.061
612.747
1647.98
595.687
569.687
580.56
589.589
574.943
580.372
568.492
594.17
601.508
572.839
598.535
580.023
573.144
580.314
581.448
604.065
581.649
601.517
587.983
598.459
589.266
588.026
595.004
584.495
608.953
579.342
591.136
583.946
616.539
635.919
1142.09
627.454
585.893
571.666
566.408
578.459
577.504
573.737
566.309
567.129
582.807
1558.02
572.273
565.51
590.026
575.839
1329.81
569.742
562.165
577.161
572.409
1285.82
561.9
563.005
571.303
571.93
1183.75
559.95
554.036
571.892
564.585
1414.79
557.369
554.797
551.363
553.546
553.42
1204.49
588.731
546.809
576.427
553.302
551.758
1049.18
549.929
545.7
548.338
553.977
556.758
948.812
544.202
551.896
548.55
556.58
595.408
560.329
875.831
566.907
560.656
