492.803
50.5249
298.406
207.012
49.5557
45.85
185.375
46.4533
45.0599
293.042
46.0517
45.5354
45.3976
46.1567
42.6215
46.5254
43.8913
43.409
48.2286
45.6601
44.7022
43.9517
44.9116
45.1132
44.3244
43.6841
44.8542
43.7656
45.9039
45.1049
45.2575
44.0931
44.9596
46.227
44.1636
44.0399
202.955
197.628
45.3227
43.9034
46.5989
199.564
43.9196
44.5428
45.0353
47.808
43.9542
46.3462
290.85
50.0883
44.2921
43.8613
44.6705
44.0966
47.5432
46.7111
48.8652
45.501
47.771
47.1394
44.1991
48.747
48.6681
48.5357
46.0403
52.3443
52.5665
45.6772
47.6296
48.6372
52.8896
46.0343
50.1877
49.7216
46.0876
47.1786
44.8791
45.2359
44.8921
45.64
47.0102
48.6726
46.7728
43.2679
44.005
42.1712
43.6757
42.9175
42.9805
42.4327
42.0914
42.6305
42.7759
43.1703
42.577
53.7437
42.7218
45.0836
41.8779
41.9989
