1772.86
1562.61
1543.83
1549.36
1437.46
1447.98
1563.81
1552.71
1443.41
1538.54
1443.16
1557.23
1438.2
1475.82
1543.33
1560
1555.13
1556.42
1544.31
1448.6
1550.56
1564.49
1554.98
1439.39
1553.78
1543.15
1560.23
1531.43
1544.1
1543.6
1548.93
1562.64
1547.72
1549.26
1439.23
1457
1453.77
1548.93
1437.64
1554.2
1554.93
1564.66
1442.44
1550.52
1442.72
1440.03
1542.56
1549.58
1555.83
1542.06
1447.05
1551.39
1547.24
1546.77
1448.01
1545.2
1559.74
1490.98
1544.78
1446.99
1551.28
1563.88
1520.07
1551.11
1498.16
1546.1
1555.28
1432.31
1556.28
1546.63
1557.67
1561.54
1543.13
1547.55
1538.91
1460.17
1562.74
1552.24
1552.11
1443.63
1547.48
1544.72
1553.64
1518.77
1479.93
1548.13
1588.81
1460.19
1541.88
1546.07
1559.52
1454.64
1436.18
1543.76
1439.86
1442.11
1562.35
1555.47
1542.41
1550.55
