503.471
505.882
493.317
496.575
496.801
494.324
493.235
495.595
507.032
507.796
507.277
507.887
510.012
492.982
492.524
493.153
491.918
493.198
506.594
492.925
504.443
506.256
493.407
496.217
492.211
492.579
491.949
495.078
505.959
492.747
489.695
509.475
505.432
492.201
502.68
503.957
492.861
494.448
492.953
493.667
492.626
493.695
493.004
504.67
503.569
500.472
503.664
504.649
503.195
492.046
491.904
493.274
491.782
491.531
491.089
506.517
491.207
495.288
494.314
495.796
495.062
495.934
505.208
493.292
506.237
492.659
363.139
502.561
493.864
507.278
494.612
494.37
503.858
502.25
493.435
490.342
501.506
503.487
493.455
492.409
492.155
491.763
504.855
503.604
492.881
503.048
490.758
492.118
494.206
491.653
506.43
504.855
493.425
495.37
491.168
491.884
490.345
493.362
491.443
494.006
