150.396
145.685
140.885
165.939
140.74
141.322
35.6109
139.434
35.6027
142.873
35.6029
141.768
35.6022
141.957
140.808
35.6022
140.517
142.026
139.665
141.256
35.5922
35.5795
142.39
35.5946
210.337
35.7883
36.2194
36.9034
35.9299
35.8952
36.0257
35.899
35.9163
35.8908
35.9118
36.2233
36.1954
35.8694
35.9031
35.91
35.8961
35.9115
35.9048
35.9525
35.9008
35.8817
35.9158
36.3439
35.902
35.865
35.7691
35.9429
36.0125
36.0003
35.9901
35.8469
36.002
35.9487
35.8935
35.9178
35.9406
35.8398
35.9833
35.9979
35.9983
35.9442
35.9743
35.9636
35.9676
36.2216
35.9482
35.8715
35.9122
35.8537
35.8772
35.8991
35.945
35.9004
35.852
35.8472
35.8229
35.8825
35.8591
35.8864
35.9901
146.392
35.7038
35.8905
145.282
35.7275
35.9003
35.8798
35.8758
35.9237
145.519
141.862
35.6098
35.9053
35.895
35.8858
