17.4043
19.2534
16.3731
14.8738
17.1426
14.834
17.1955
16.3004
16.3178
15.7894
16.3454
14.9147
17.5453
14.8931
17.4843
16.1115
16.5868
17.1366
16.4027
16.3038
17.1626
14.9122
17.6896
14.9578
16.3487
17.496
16.4199
15.069
17.7891
14.9616
17.8282
16.333
16.3783
17.9622
15.121
16.2889
16.5801
16.2277
16.5814
16.3672
15.3979
17.5189
16.3266
15.0185
17.9394
14.9737
18.025
15.017
16.4139
16.5419
16.45
14.8987
18.1544
15.1764
18.2459
15.064
16.4944
17.5086
15.0229
16.2231
17.8562
16.311
17.033
16.3529
15.5895
18.2689
15.1922
16.3273
17.0859
16.2836
17.2963
16.3413
15.0844
18.3513
15.1506
16.2857
17.1925
16.3604
18.4682
16.3309
14.9765
18.4294
15.0606
17.7157
17.2886
16.3207
17.3241
16.3585
15.1726
18.6213
15.5183
16.3559
17.4256
16.2976
17.5359
16.3534
15.0429
18.8994
16.0638
16.2915
