794.657
713.529
714.137
733.635
715.558
710.982
710.94
718.681
713.215
712.889
714.306
715.975
712.584
713.623
712.164
710.83
712.598
710.456
713.229
711.652
717.498
713.498
715.325
714.822
716.817
712.946
710.911
711.577
719.325
712.677
712.932
713.973
723.647
711.317
710.943
715.68
718.449
722.194
721.989
714.258
718.513
713.724
713.431
711.998
714.933
712.009
712.961
712.585
715.138
717.25
715.199
713.396
711.365
714.917
710.146
711.967
715.845
717.205
713.993
712.673
714.564
715.777
710.732
714.264
711.815
718.781
714.439
714.913
714.496
722.069
714.685
712.131
711.092
720.794
712.993
712.928
716.206
720.55
712.783
712.891
712.912
712.579
711.596
711.966
714.8
712.726
715.508
712.605
714.298
712.066
715.508
712.861
710.614
713.007
719.041
713.693
712.183
712.606
720.769
710.345
