467.539
136.649
192.694
189.106
188.226
29.0141
203.445
129.62
134.271
26.7145
148.444
189.541
130.848
131.486
143.881
136.446
27.3267
129.564
145.791
143.869
201.5
196.242
191.149
30.19
27.9939
129.498
131.343
29.0245
26.8262
141.374
132.847
131.6
26.7137
130.065
26.8673
26.8689
27.1908
27.9629
129.346
137.823
25.9798
26.6583
26.8542
29.0009
26.4023
131.648
26.2517
29.6425
26.3127
134.523
27.4638
28.2601
24.4864
24.7224
24.8289
24.4577
24.4314
24.4535
24.5546
24.2846
24.3043
132.745
27.8716
24.489
25.2189
24.1869
24.3483
129.312
22.8746
24.3805
24.2922
24.7003
24.189
24.4735
24.3695
24.336
24.1574
129.694
40.527
25.5583
25.8529
24.3455
128.484
24.4747
24.7713
24.634
24.443
26.3638
24.4503
24.2605
26.3243
28.3187
35.6631
24.4529
24.469
24.9365
24.4138
24.324
24.6593
24.7399
