488.004
44.6712
39.6809
288.548
42.6006
289.242
38.4629
36.2208
425.554
39.9481
289.275
37.2263
35.8927
36.1474
279.94
37.5618
36.2271
36.2973
36.0369
35.8436
35.1775
37.5925
36.0366
36.2163
35.6391
36.7502
35.2962
37.682
37.3056
35.7996
37.2681
37.3148
36.0527
36.7772
35.8605
37.0529
36.8993
35.4668
35.9821
35.264
36.5234
173.984
35.8109
35.4861
37.5381
37.6324
35.421
38.3968
36.9461
36.3747
38.4321
42.0748
36.8037
35.931
36.7034
35.9816
36.4731
36.707
36.8357
37.1007
36.3421
38.8138
37.5614
39.0452
281.079
35.4972
35.6846
36.3921
35.8078
35.6219
35.9767
35.9858
37.6667
310.724
35.5575
35.4248
278.706
36.5132
295.188
38.8282
35.858
36.2352
35.726
37.8474
36.75
36.6388
36.6073
36.496
35.63
36.9454
37.2033
285.184
39.4108
36.4585
36.1215
36.1328
37.3979
35.9551
35.7103
36.8897
