8.20285
7.09826
7.13905
6.97059
7.06257
6.95083
7.10741
7.05979
6.88506
6.86561
6.86653
6.93673
6.96719
6.94595
6.9262
6.89031
6.83722
6.89438
6.95178
6.94487
6.91748
6.95116
6.89606
6.96302
6.97871
6.94373
6.92776
6.88036
6.91855
6.93721
6.96394
6.83318
6.90067
6.94479
6.90325
6.99007
6.92006
6.8957
6.88698
6.95988
6.91843
6.87474
6.95415
6.92161
7.02821
6.92432
6.92628
6.86176
6.95966
6.88423
6.90227
6.90451
6.85489
6.89437
6.89776
6.92063
6.89858
6.94383
6.88417
6.90011
6.98927
7.0193
6.92941
6.90857
6.93845
6.93314
6.94615
6.92811
7.00225
6.93557
6.92767
6.97386
6.97856
6.92937
6.98958
6.89943
6.97414
6.95975
6.88799
6.93328
6.94395
7.52683
6.95439
6.95344
7.13931
6.88048
6.86532
6.90641
6.90941
7.06284
6.95355
6.97407
6.94332
7.0193
7.0127
6.96712
6.88081
6.95891
6.89284
6.8998
