500.427
157.573
161.005
163.177
166.251
165.441
161.715
166.104
161.318
159.598
165.354
159.014
157.733
166.176
157.022
155.276
158.098
162.072
162.959
158.582
156.762
154.826
160.576
157.821
155.843
156.87
156.414
154.965
155.386
155.827
155.529
162.599
156.652
156.008
156.397
156.481
154.282
156.414
156.187
155.704
158.816
160.067
159.774
155.769
155.059
156.853
154.262
155.783
157.687
158.111
159.853
155.69
155.025
154.557
155.489
154.959
154.173
155.521
154.875
163.121
156.183
171.33
153.422
156.384
154.403
160.406
155.84
159.864
158.441
166.212
157.84
154.548
158.599
171.165
155.712
154.639
153.368
159.359
156.635
162.698
164.308
165.312
157.47
164.871
155.524
157.486
161.536
158.183
157.208
160.593
155.863
154.411
155.282
154.73
152.316
152.994
154.762
157.248
154.933
154.908
