141.026
40.5557
120.805
10.3834
11.6144
11.253
11.4212
10.9894
10.9489
10.5734
78.8842
10.6726
10.9077
10.5569
10.3577
10.5525
10.9654
10.9476
10.5254
10.9252
11.0404
10.4536
10.9539
10.9382
10.5982
10.5066
10.9122
195.708
10.6121
10.5714
10.5715
10.6226
10.7573
10.6568
10.4206
10.8413
10.961
10.6511
10.8153
10.8693
10.3719
10.407
10.8479
10.8274
10.8092
10.3762
10.6123
10.3718
10.4753
10.386
10.497
10.874
11.073
11.0737
10.519
10.4125
205.8
10.4533
10.841
10.6817
10.9529
10.4199
10.4435
10.4501
10.657
10.8116
10.5498
10.3765
10.6405
10.3391
10.8477
10.9438
10.7944
10.3813
10.5725
10.8286
10.8064
10.4198
10.8492
10.8135
10.5797
10.3986
10.5039
10.5202
10.4816
10.3861
10.9263
10.8704
11.0722
10.9058
10.4605
10.3545
10.5116
10.7572
11.105
10.8973
10.7203
10.8947
10.661
10.4824
