120.344
122.762
122.224
121.243
122.223
138.561
123.55
121.653
125.188
122.532
124.748
122.413
123.693
117.933
121.994
117.298
120.142
118.926
119.923
142.064
125.518
126.358
126.142
115.421
129.032
123.882
121.702
122.528
124.922
122.44
124.048
122.391
170.41
133.312
118.809
124.611
120.757
114.305
123.771
130.45
129.378
130.07
119.823
135.33
127.92
130.665
146.15
137.108
131.827
130.533
132.47
127.655
127.745
131.099
130.932
122.469
131.816
131.862
131.383
148.007
136.921
131.931
132.345
128.712
126.67
129.839
128.55
129.558
137.196
136.39
132.026
171.114
139.878
131.987
134.084
131.85
136.59
129.022
127.447
127.547
133.128
129.957
136.22
133.529
135.231
153.266
142.132
138.058
135.787
129.692
119.607
120.867
123.359
122.088
125.045
124.566
116.778
121.747
146.955
127.238
