617.166
143.593
95.4668
120.7
102.843
114.467
142.595
133.177
114.553
145.254
97.2355
99.8751
106.144
103.844
100.925
94.4048
102.45
76.4016
98.5721
117.778
116.079
127.141
104.177
86.4154
142.325
88.1619
112.522
102.041
106.746
86.3298
114.147
115.439
114.261
92.4124
94.1251
130.045
83.448
70.0296
122.555
91.6571
133.428
107.234
115.732
104.23
93.2071
99.8389
103.039
101.056
71.773
67.3224
72.7049
110.044
83.6999
102.655
102.946
115.401
93.8495
104.721
101
84.3423
106.293
86.2884
90.798
91.109
87.0847
79.859
78.9625
87.2644
103.61
103.516
73.8468
111.253
105.269
78.9158
90.6503
88.472
104.908
102.608
115.387
122.004
70.1794
68.2892
93.8628
91.6736
98.4088
106.249
112.087
82.0561
108.907
119.777
117.816
130.314
95.771
74.0786
104.097
80.965
86.2036
96.6138
94.2446
91.4276
