14.8359
15.0093
12.9382
12.9533
15.162
12.951
15.2251
14.2369
13.0281
15.4584
13.1048
14.3443
14.1478
14.3215
14.2777
12.9658
14.46
14.1128
13.8274
13.0444
14.3346
13.0284
14.6893
12.968
13.1046
14.2945
13.0542
14.3508
14.457
13.3205
14.565
12.8643
14.4616
14.4355
13.1073
14.3772
14.6374
14.3624
14.5087
14.3699
13.1472
15.8623
13.1607
14.3892
14.7999
14.3992
14.8801
12.985
14.4492
14.7767
14.4963
12.9745
15.2599
13.0893
15.0483
14.2027
13.1324
16.2786
13.161
13.3684
15.6624
13.0475
16.3887
13.047
13.6535
15.3763
13.3624
13.3022
16.7043
13.1433
15.2481
14.3733
13.2783
16.3002
13.2395
14.4387
15.3791
13.8415
15.3339
13.0449
13.8146
15.2826
13.2641
13.8302
15.4218
14.4788
15.54
14.6038
13.147
16.8296
13.25
13.2756
17.1936
13.1176
15.7525
13.157
14.5094
15.5115
14.5846
13.0745
