347.013
338.965
339.206
341.073
337.973
339.849
340.684
338.084
338.98
337.813
356.644
352.466
339.394
341.71
356.548
353.213
342.202
308.604
299.922
356.711
351.903
339.421
339.342
302.695
303.355
299.059
298.606
355.882
356.648
340.019
338.526
342.685
355.392
355.67
336.667
355.91
339.311
339.807
336.35
338.111
337.833
339.696
337.983
342.191
339.919
357.551
340.082
339.358
338.448
340.125
354.22
355.868
354.759
339.656
337.105
358.399
355.326
341.328
344.878
342.58
340.828
354.344
356.778
340.952
357.408
336.856
338.836
335.496
299.903
302.008
353.922
352.721
334.784
353.161
339.48
338.363
338.693
353.683
339.036
339.679
339.498
354.709
356.556
338.151
338.916
354.162
358.314
340.267
355.737
337.653
338.587
346.845
338.467
354.63
349.872
338.818
339.301
340.96
338.672
339.062
