775.333
326.135
172.319
170.841
170.092
174.84
177.753
170.591
170.196
172.04
172.376
175.097
170.894
173.972
170.664
171.451
170.495
170.708
171.922
170.85
170.362
170.644
173.499
171.725
172.549
178.159
172.578
174.181
170.804
266.303
268.627
170.68
274.89
173.711
171.807
170.269
172.537
170.559
170.682
170.74
170.428
172.32
175.631
173.359
170.875
171.761
174.62
171.225
171.205
171.63
170.517
170.406
171.513
170.576
171.456
171.652
172.44
176.755
171.042
264.194
170.902
173.957
175.063
170.486
170.24
171.406
173.449
172.327
170.707
179.399
171.132
170.824
170.645
170.771
170.271
170.012
171.744
175.337
171.339
170.737
172.15
177.913
171.657
171.627
169.669
170.12
170.693
171.948
171.044
170.376
171.361
170.741
170.872
170.593
172.461
170.215
170.306
170.133
170.722
174.288
