456.422
87.0639
86.0391
85.5721
89.4306
120.265
91.2547
88.4722
83.5296
82.137
82.3692
100.09
82.3093
88.8514
86.1116
83.875
85.7838
89.3332
85.7728
83.6926
83.6986
82.592
82.5729
81.4267
97.7037
83.5381
84.2214
83.4974
82.553
82.2838
81.592
96.9115
81.1872
82.4352
82.1876
83.0761
82.2671
101.429
82.212
82.0336
83.9759
84.8283
85.0869
82.2987
113.596
82.6247
82.8566
87.4086
82.2538
84.3174
100.225
82.3879
88.3484
90.5681
83.6301
83.3155
88.6943
82.7558
85.0991
85.5566
84.7084
83.291
83.3507
97.4423
85.5759
83.4114
86.6124
88.175
91.9656
108.265
83.3093
86.327
82.9773
86.1459
82.2604
83.9775
92.4588
87.1907
85.6048
83.3709
83.7093
83.0459
94.3552
86.0998
82.77
82.9114
83.9178
85.6554
82.6151
90.8831
84.7142
82.2486
82.2903
82.9379
85.7168
84.6416
89.6594
84.0776
89.6218
98.5018
