60.9355
60.1809
60.1564
60.4531
60.1368
60.1413
60.5337
60.3242
60.7091
60.2204
60.2655
60.2178
60.2214
60.1895
60.1474
60.157
60.2041
60.2168
60.2339
60.2119
60.2042
60.2128
60.5203
60.2566
60.5633
60.5374
60.1794
60.1835
60.1676
60.6383
60.1728
60.2639
60.4211
60.2261
60.24
60.2087
60.1874
60.2574
60.2182
61.0542
60.2138
60.1692
60.1295
60.1725
60.1577
60.1639
60.1512
60.5647
60.1571
60.1152
60.219
60.1652
60.1623
60.2126
60.0737
60.1819
60.5166
60.1694
60.1953
60.1525
60.516
60.2503
60.115
60.1265
60.1499
60.18
60.3015
60.1406
60.1812
60.1677
60.2927
60.271
60.1871
60.4947
60.158
60.2727
60.2002
60.1961
60.4239
60.3933
60.1767
60.1583
60.1685
60.1546
60.1504
60.1727
60.1713
60.1618
60.1163
60.1932
60.1686
60.2941
60.2761
60.1686
60.3614
60.2001
60.2192
60.2945
60.141
60.4614
