956.296
953.698
954.07
954.142
953.025
956.031
953.375
953.591
952.144
956.208
951.887
952.761
759.833
759.044
770.905
760.119
760.088
762.165
761.258
760.73
760.554
759.689
766.42
759.895
760.864
766.657
759.013
760.232
760.94
759.949
760.461
761.469
759.936
768.339
953.317
956.839
952.377
953.641
953.554
954.435
954.391
954.207
954.324
952.973
956.886
957.75
956.488
954.031
955.802
952.834
952.375
953.592
954.049
768.567
758.967
762.894
759.725
761.112
761.617
760.451
760.435
772.173
759.828
764.892
758.522
761.002
760.925
759.469
762.038
759.33
761.622
763.473
761.778
760.118
955.182
953.321
953.202
954.561
954.42
953.345
953.023
951.85
952.442
950.777
954.545
952.417
953.36
951.95
954.328
953.575
956.558
955.11
953.168
789.959
760.617
760.116
765.995
758.266
762.068
763.688
