60.7888
60.3035
60.1555
61.267
60.1341
60.1592
60.1361
60.199
60.2539
60.1244
60.2851
60.1522
60.9277
60.118
60.2242
60.1379
60.1153
60.1323
60.1412
60.1287
60.2381
60.1134
60.1623
60.3688
60.1552
60.2146
60.1267
60.1364
60.1239
60.1131
60.1059
60.0533
60.1486
60.1489
60.1551
60.1661
60.2104
60.1742
60.132
60.1369
60.138
60.1427
60.1482
60.1138
60.1496
60.1099
60.1639
60.2314
60.1284
60.1254
60.1413
60.1409
60.1376
60.1379
60.1364
60.1462
60.1722
60.1254
60.229
60.1416
60.1411
60.1753
60.1326
60.141
60.1664
60.1135
60.1615
60.1343
60.1116
60.2182
60.1501
60.1252
60.1267
60.1337
60.1387
60.2439
60.2413
60.0905
60.1434
60.0566
60.2935
60.1324
60.1301
60.1311
60.1441
60.1414
60.1217
60.1674
60.1422
60.1572
60.1747
60.2588
60.1358
60.1425
60.1377
60.1386
60.1405
60.1358
60.1288
60.1339
