552.172
223.979
230.276
233.636
224.667
220.718
223.35
229.647
232.784
230.142
567.45
220.573
222.92
226.474
232.214
229.616
237.726
222.528
232.764
228.587
231.131
226.419
225.898
222.262
219.233
237.023
223.14
227.196
225.559
240.596
230.202
237.218
254.569
233.821
242.212
228.676
225.278
222.974
217.622
224.393
224.128
255.075
231.252
254.829
240.019
223.926
329.84
216.58
218.087
225.229
220.27
226.8
225.621
224.905
220.484
815.52
219.468
217.269
239.085
226.666
223.086
222.023
225.249
1065.74
212.446
222.571
224.553
224.47
218.901
225.001
223.105
221.472
220.298
247.335
225.314
382.778
220.357
216.268
221.262
215.976
213.122
217.013
220.067
217.577
233.858
236.163
595.446
223.747
215.948
227.16
215.121
213.899
213.924
222.532
240.764
221.851
227.446
227.633
224.229
217.813
