1214.04
424.625
185.076
325.855
323.724
152.122
151.664
149.91
159.09
350.223
149.125
142.841
147.244
165.943
350.842
172.938
136.611
163.093
135.372
150.983
150.92
156.972
134.402
135.623
144.976
138.401
145.663
146.285
144.437
320.819
140.028
137.399
141.497
147.13
143.361
140.254
142.344
160.891
165.093
157.761
158.892
151.786
148.904
143.706
156.577
151.179
163.172
168.606
154.324
150.662
142.712
137.841
135.264
138.257
137.842
154.032
139.89
139.796
139.795
137.439
148.181
177.065
156.771
141.019
137.335
136.979
139.873
136.361
136.728
152.748
138.375
145.168
159.037
155.045
137.472
134.535
152.334
153.798
155.106
147.64
148.61
148.197
157.787
150.44
150.329
189.179
168.94
148.866
151.874
163.061
153.891
151.994
153.42
149.973
142.361
145.202
149.541
147.269
166.82
150.647
