9477
9118
10162
10507
10396
9522
8921
8225
8024
8056
7943
7996
7870
7955
7999
7889
8053
7985
8011
7936
8153
7947
8038
8051
7853
7968
8102
8025
7990
8207
8113
7923
8093
8009
8012
8047
7870
7885
8076
7901
7888
8115
7946
7857
8078
7986
7854
8030
7854
7945
8091
7889
7846
8085
7852
7834
8054
8253
7844
8031
7939
7831
8011
7954
7949
7981
7801
7843
8074
7810
7842
7940
7868
7788
7901
7813
7878
8006
7981
7896
7994
7919
7764
7970
7780
7783
8002
7915
7811
7907
7837
7850
7885
7830
7761
7896
7807
7896
7877
7929