5.964
5.22323
5.20697
5.25842
5.26314
5.21624
5.20188
5.18551
5.20567
5.18558
5.20842
5.23139
5.18105
5.21493
5.19834
5.20389
5.19754
5.22975
5.16042
5.17604
5.03261
5.03195
5.02027
4.96403
5.03509
5.03666
5.1968
5.21387
5.19998
5.0141
5.02722
5.0093
5.00651
5.03109
5.00412
5.01538
5.01363
5.00343
5.19401
5.21852
5.20782
5.2111
5.17202
5.18258
5.1886
5.18532
5.22889
5.17873
5.17952
5.15105
5.18548
5.1911
5.15562
5.18229
5.13927
5.12015
5.16367
5.18247
5.12904
5.20189
5.19284
5.17338
5.12505
5.14789
5.14359
5.20122
5.12469
5.16698
5.18346
5.1575
5.17114
5.1592
5.12465
5.11235
5.11509
5.17342
5.13572
5.1522
5.17915
5.1389
5.21065
5.14462
5.13964
5.12887
5.20996
5.14597
5.08422
5.17656
5.14162
5.13976
5.23707
5.16152
5.18544
5.1834
5.16268
5.19178
5.18307
5.16039
5.13633
5.17801
