10073.5
9533.06
10636.3
11036
10979.6
10052.4
9482.18
8812.14
8594.38
8619.75
8540.68
8477.75
8371.85
8634.49
8581.1
8494.4
8642.23
8568.97
8631.15
8528.8
8737.46
8435.32
8514.95
8666.16
8427.62
8549.19
8750.8
8614.34
8587.24
8819.23
8704.05
8435.21
8565.72
8559.07
8628.35
8642.78
8527.14
8505.28
8651.98
8489.09
8494.98
8722.79
8592.15
8354.65
8580.19
8577.67
8473.36
8641.09
8484.43
8601.29
8690.98
8539.31
8432.98
8664.19
8505.93
8320.68
8562.25
8784.24
8442.82
8653.5
8527.2
8440.24
8591.46
8561.3
8562.79
8602.21
8282.27
8375.46
8652.4
8416.93
8432.89
8589.78
8457.09
8421.54
8382.86
8320.98
8463.83
8591.95
8601.49
8482.14
8599.35
8459
8256.73
8457.02
8260.55
8264.06
8608.78
8516.95
8385.96
8521.06
8412.55
8466.96
8360.26
8401.13
8348.49
8477.62
8402.05
8485.27
8444.13
8410.48
