294.596
299
292.82
292.514
292.885
298.604
299.167
296.337
292.392
293.324
295.364
294.81
294.518
296.952
292.057
292.378
290.975
298.255
288.912
293.974
290.14
299.52
291.559
292.603
295.343
292.903
291.035
293.87
290.107
292.904
289.451
292.558
292.359
295.415
290.715
294.49
290.896
294.157
293.591
294.672
290.096
292.315
292.315
297.633
291.889
297.355
292.032
293.156
289.813
295.965
289.475
293.81
289.327
297.927
289.354
294.274
294.266
293.588
289.358
297.926
289.423
294.852
289.082
293.473
293.634
298.068
292.368
292.308
290.72
295.613
291.904
293.127
292.715
293.888
293.017
296.084
295.227
297.748
292.963
295.286
291.631
302.885
288.55
294.038
288.652
299.563
288.822
297.932
293.525
295.34
289.02
295.66
288.834
295.611
288.732
294.509
289.332
304.606
287.566
294.752
