53.1476
47.3504
46.0974
48.6072
46.4099
46.6842
115.178
46.2631
4.26672
4.47815
46.3454
46.5648
46.2547
46.3922
111.493
46.8812
46.8
111.633
47.1208
46.9704
4.21869
47.0424
112.027
109.583
4.26577
46.845
47.0194
109.837
47.1877
4.25705
108.173
108.118
46.5403
46.6898
4.2409
110.397
46.8331
4.38559
109.747
4.23315
109.201
4.22267
4.23102
109.561
109.313
4.25718
4.25557
47.0418
4.2554
110.236
4.23753
4.26834
47.5008
4.25315
4.27614
47.2309
4.31497
4.23808
47.1401
4.25819
111.481
4.29763
4.16923
4.31977
4.25585
4.24769
4.24002
4.2508
4.25878
4.24665
4.21713
4.30875
4.21858
4.34065
110.483
4.25712
109.798
108.867
109.996
4.23567
111.803
4.2629
110.867
4.34085
109.995
4.27406
4.14686
4.27342
4.24502
4.29713
110.751
111.371
4.26805
4.25586
111.101
4.27098
110.975
4.2965
47.7626
4.22152
