418.599
361.876
8.13277
5.78566
4.78202
4.38725
5.36407
10.5511
6.1313
5.28647
5.30755
4.40056
5.09329
4.32389
5.77398
5.47256
336.469
466.568
4.88698
4.65381
25.4666
5.03785
4.47454
4.23618
4.2103
6.53409
6.03223
4.31548
11.6045
5.66266
4.37
4.25207
4.29713
4.5048
4.19278
4.23776
4.15975
4.17293
4.45196
4.15758
4.20542
4.1683
4.21625
4.99244
4.52195
4.35307
4.20015
4.43199
4.31441
5.02761
5.28907
4.18145
4.62753
4.18727
4.18889
4.17646
4.18546
4.19257
4.79417
4.26559
8.75082
4.37186
5.10388
4.80509
9.93096
5.9529
8.33775
4.26855
126.404
4.21547
4.21852
4.2723
4.18351
4.23242
5.84967
4.31499
4.20996
4.47636
4.16686
4.2757
5.72917
5.84794
4.21451
4.29962
4.14802
4.21973
4.17747
4.18714
4.6764
4.33723
4.23625
5.14619
10.6589
6.67944
5.72703
5.48735
5.8714
5.76885
4.2445
8.69146
