631.886
292.207
292.611
291.878
182.451
278.069
279.488
279.526
283.182
312.22
281.827
279.764
311.783
283.876
284.732
308.676
282.251
288.912
284.958
285.037
181.24
288.512
281.185
181.955
289.292
281.532
179.966
293.069
287.156
280.692
180.188
186.772
194.838
189.743
290.12
176.452
184.51
191.097
190.383
188.854
186.601
190.71
190.556
186.176
189.217
188.489
186.255
291.048
177.504
188.973
293.8
281.212
180.796
288.58
177.814
183.97
189.857
188.87
189.062
193.254
189.37
188.053
189.33
186.908
187.778
187.648
189.441
188.106
189.173
187.284
187.857
187.158
187.509
291.818
180.565
190.341
188.044
187.743
189.566
188.823
187.721
190.916
189.575
188.719
186.266
190.168
188.455
190.674
188.99
188.778
293.11
287.972
179.836
187.689
187.226
191.07
186.341
196.235
189.315
188.236
