14.6009
15.1576
15.1516
15.1813
15.1509
15.1153
15.0291
14.9956
17.3823
15.1617
15.1324
15.0673
15.1122
15.1717
15.0904
15.214
15.1189
15.164
14.8774
14.9775
15.117
15.1529
15.1196
15.1058
15.0489
15.1157
15.0309
15.133
15.1361
15.1239
15.1842
15.136
15.1329
15.1219
15.0532
15.3252
15.1293
15.0553
15.1137
15.1151
15.111
15.131
15.0895
15.1223
15.0635
15.0411
15.139
15.1684
15.1547
15.219
15.137
15.1275
15.1397
15.1216
15.0602
15.131
15.2576
15.1598
15.1563
15.1188
15.1635
15.1647
15.1135
15.0904
15.1615
15.144
15.1361
15.0769
15.1864
15.1841
14.9918
15.0769
15.0998
15.1384
14.9336
15.1645
15.1515
15.1728
15.137
15.0985
15.1468
15.1554
14.9993
14.9688
15.2653
15.1235
15.1412
15.1239
15.1608
15.1676
15.2238
15.0421
15.1183
15.0503
15.0711
15.0454
14.937
15.0844
15.1197
15.1334
