304.124
299.209
299.596
299.936
299.158
299.094
299.117
299.706
300.243
300.274
300.431
300.287
300.712
300.565
299.229
299.731
299.603
300.117
299.166
299.032
299.054
299.429
299.575
299.085
299.103
299.645
299.289
299.126
299.379
299.458
299.088
299.137
299.354
299.478
299.243
299.119
300.182
299.145
299.696
299.216
299.181
299.423
299.144
299.621
299.433
299.185
299.933
299.331
299.513
299.337
299.164
299.097
299.129
299.251
299.14
299.609
299.192
299.45
299.209
299.169
299.236
299.627
299.558
299.176
299.242
299.584
299.724
299.074
299.128
299.185
299.64
311.064
311.198
300.063
299.834
300.245
299.316
299.031
299.691
299.226
299.13
299.237
299.247
299.835
299.233
299.257
299.172
299.162
299.668
299.686
299.142
299.523
299.464
299.606
299.385
299.47
299.916
299.404
299.308
299.3
