14.4099
12.5654
13.9036
13.9504
12.5203
12.6521
12.6864
13.4352
15.0145
13.0338
12.645
12.5584
12.9603
14.1689
12.4672
15.1483
12.6097
12.9313
13.1522
13.8004
12.4769
12.7156
12.5905
12.4602
14.0334
13.9275
14.3015
12.6591
12.9593
13.9208
15.3812
12.6285
12.6325
12.5107
13.8488
13.52
12.5131
15.4177
13.9293
12.8885
12.5789
13.8931
12.6976
14.1748
12.5639
13.895
12.5657
12.6379
15.693
12.5016
12.965
14.0399
13.7919
12.6325
14.2115
12.533
12.5947
13.9554
12.6304
14.8898
13.3752
13.0448
14.0224
12.6913
12.6545
13.9505
12.6118
12.5374
12.551
14.025
12.901
12.5222
15.3522
14.543
12.6546
12.6848
13.8843
13.9682
12.5601
14.5907
14.0746
12.9814
12.5469
16.1805
12.901
12.7167
12.5448
13.9154
13.7531
12.5507
16.0404
13.7294
13.6475
13.8926
14.805
12.6954
12.6728
13.984
12.5959
12.9972
