1946.65
629.528
573.135
594.401
565.973
587.786
591.295
582.021
575.896
579.628
591.931
555.938
1438.12
549.351
539.13
544.631
549.716
544.086
544.836
546.711
537.092
543.642
543.237
553.879
549.185
549.452
552.288
563.016
565.848
554.3
566.351
574.083
554.379
561.44
559.218
576.058
547.344
541.659
545.529
544.515
554.569
1355.65
545.064
541.003
568.084
569.423
562.649
549.161
545.349
587.644
542.473
533.438
555.576
1934.77
556.605
558.405
583.671
1580.13
586.095
575.982
591.797
576.985
1631.06
591.761
573.197
588.856
590.588
1415.44
553.139
538.977
552.149
551.649
554.506
1061.71
550.688
545.966
556.812
553.742
554.03
1007.03
549.92
543.251
541.002
545.626
553.721
1394.86
560.188
561.247
568.509
563.44
549.758
553.938
538.819
546.028
537.967
549.269
553.22
555.513
1098.76
558.935
