330.115
261.08
21.6379
21.7115
312.284
21.4689
22.5291
21.332
21.4053
22.144
22.353
22.9452
23.2368
23.0441
20.9077
22.5728
22.3806
21.2741
22.47
21.5057
23.0982
21.0589
21.2623
23.0198
22.1062
22.4286
21.1823
23.0251
23.1362
21.4746
22.7095
21.3961
31.6801
23.4996
21.2306
21.9716
21.0835
22.9384
22.3338
21.757
23.3221
23.0526
22.3735
21.0086
21.243
21.2936
22.6973
23.1406
23.0052
23.2069
22.2515
23.2283
23.0282
23.0389
23.3854
22.6264
23.2571
21.9856
22.7139
22.9706
22.9311
23.1476
23.3126
23.082
21.5471
21.3689
21.3078
22.7621
23.3032
23.2068
20.9739
22.9823
23.5722
23.6398
26.9524
23.4557
21.3087
21.3627
23.3345
23.4625
23.735
21.3318
21.5094
22.24
23.3118
23.3179
22.8044
21.9568
23.5939
23.4486
23.5206
21.2724
23.5821
23.6522
23.586
23.4753
20.8928
20.8837
22.5397
427.192
