345.773
34.29
49.607
35.7189
28.309
31.8544
34.4409
38.2004
36.9283
31.547
31.3472
30.4477
33.2921
29.898
30.3465
33.0343
31.2159
33.6856
30.2013
30.264
32.0518
34.5672
28.0373
30.5111
26.2382
25.4193
27.9696
27.8173
29.4007
37.9832
33.9846
28.7458
28.624
26.2675
44.9848
25.7669
26.1635
28.4396
26.0097
26.1535
27.0203
29.1111
28.6806
29.8695
25.8475
25.6368
31.4974
29.9291
26.6066
41.8166
33.9906
30.9311
31.4255
31.4462
30.9099
27.2452
26.6372
29.3163
28.1184
28.9725
27.1725
29.7322
28.9132
23.4947
30.5626
24.3596
29.4623
24.1236
32.0212
30.5134
30.5277
31.9502
28.7509
33.3255
32.1244
27.8936
24.9964
28.8144
33.0765
27.1415
25.4363
28.2697
29.4271
28.1757
28.579
27.5065
28.288
25.9137
25.7409
27.7079
26.7417
29.1655
36.3806
31.3011
28.6079
29.3517
31.6602
29.6112
36.4059
37.2109
