401.55
40.041
38.5921
34.4289
39.1246
46.0337
35.7973
32.5008
36.9065
37.1968
46.7543
41.6373
47.6014
40.2129
37.5414
41.9051
34.6543
36.8718
39.1639
40.391
38.3554
36.2497
35.6593
43.2711
36.2311
37.3982
37.6882
33.7323
35.8823
38.4188
42.1643
38.7731
36.89
32.6271
34.5342
36.0503
39.6916
37.9479
37.8557
41.1337
35.6435
36.334
34.1322
42.4572
36.3611
35.1344
35.8458
33.9824
37.014
32.4777
35.5528
32.645
35.9971
33.1282
35.9707
37.8472
37.4389
37.0351
38.3311
38.5151
38.5012
35.7777
33.2351
40.1019
35.4254
35.8296
39.7221
39.3729
35.6396
38.1914
37.5134
35.2487
34.0515
39.4161
35.3418
41.3009
40.8698
38.036
37.8809
39.1644
38.413
39.3236
33.1051
39.2499
36.7422
37.0136
35.3251
41.7581
34.8862
38.5273
42.12
44.6639
35.3053
38.8284
41.2081
39.7218
39.3304
39.076
31.9989
41.6377
