697.434
156.081
148.049
134.399
133.694
150.47
132.235
131.579
130.36
127.384
141.046
131.452
145.939
151.354
127.895
138.663
128.409
131.622
134.179
160.897
131.381
140.058
154.85
132.32
138.359
163.22
154.399
135.313
130.949
129.935
128.149
128.757
130.782
146.916
163.383
132.624
154.467
159.352
130.818
133.154
146.359
150.238
151.081
199.227
216.885
145.44
174.564
130.622
137.04
130.599
149.263
129.652
131.87
128.791
128.356
128.153
131.844
129.353
139.544
135.999
125.951
126.3
136.548
130.933
152.837
135.225
140.853
176.26
129.249
133.417
129.587
138.901
130.671
137.579
128.178
134.358
129.574
128.38
128.721
140.459
129.663
127.601
130.505
130.541
130.177
128.358
128.668
135.908
129.981
128.964
128.277
138.509
130.031
155.734
140.655
158.928
162.012
133.205
162.102
130.331
