571.008
80.9244
74.986
73.4443
105.275
72.3418
74.3885
70.3165
71.5152
72.2751
73.8679
90.1765
85.7452
89.8053
70.3668
79.0786
68.7575
70.3614
72.0241
74.8559
86.6527
84.9587
70.7927
71.9993
76.0757
72.0663
71.5994
69.4208
115.245
88.2826
71.2036
69.3011
68.4911
73.3727
68.4029
68.4661
70.0357
85.7423
88.3947
72.2156
80.4136
73.8156
72.4594
69.3484
68.6552
85.6775
85.1565
116.419
84.426
69.4722
68.9433
72.4585
72.3944
72.3284
87.2771
72.4483
68.8102
70.0218
69.6378
69.3493
100.354
88.6539
90.5944
170.438
72.502
73.2804
69.9886
76.4228
74.0612
70.5665
77.1719
85.7703
70.7511
72.203
70.9164
69.8904
69.4176
83.0554
75.7615
76.9133
75.0764
69.4449
76.9427
72.7266
69.6036
69.1985
74.0529
73.4996
72.527
70.973
99.6441
68.8366
79.892
75.3128
72.6103
84.5198
76.2931
74.1524
72.0305
69.0846
