331.029
205.332
41.4114
42.1075
42.0827
43.2515
44.2561
42.5621
40.1889
41.185
42.752
40.8297
40.8438
44.6662
41.4024
45.1029
39.8845
40.9812
53.766
45.1512
41.8639
42.9753
45.0732
45.5061
43.1624
41.9026
42.0467
43.5717
50.4384
41.3647
42.2578
40.0542
42.4161
44.4198
42.679
42.0213
45.4112
43.479
43.8096
41.4571
41.0509
41.6814
40.4542
43.5059
42.3722
54.6065
40.6174
42.8818
44.7539
42.3571
42.7121
42.0433
40.4325
42.2805
42.8481
41.5527
42.8528
43.4101
44.9748
43.7199
41.9583
45.0019
49.8452
41.9791
41.2581
45.249
50.0902
43.6546
41.0722
41.3496
40.9079
42.0968
42.1267
40.8464
53.4142
41.8667
41.5715
58.9699
44.2029
44.1792
44.2429
39.5441
40.2289
39.7339
49.1449
41.2059
42.5769
41.7496
42.6039
40.9764
39.8468
214.307
39.3326
40.5281
39.8867
48.3036
43.3862
40.0529
41.8332
42.949
