744.415
141.106
134.173
129.087
131.589
121.126
126.12
129.913
123.824
122.697
150.886
124.378
125.469
133.387
123.646
131.76
134.015
123.181
122.659
127.667
126.387
124.28
133.541
131.961
123.548
132.721
127.464
124.909
134.158
123.65
130.5
130.77
124.177
125.011
132.642
128.066
123.149
133.116
123.338
124.667
139.268
134.688
126.042
141.243
124.786
126.639
130.743
124.767
123.132
128.884
127.656
122.974
130.561
126.787
135.78
139.276
130.251
124.252
130.366
124.646
125.442
129.919
123.374
126.98
137.165
128.532
123.81
128.677
124.226
123.195
131.055
127.388
123.708
123.162
123.036
125.22
127.899
122.677
123.609
125.912
128.673
123.755
130.929
123.659
123
130.515
123.999
121.636
123.915
122.703
129.935
128.057
121.295
120.604
128.997
124.475
121.313
129.827
122.393
121.86
