484.277
488.705
498.347
482.186
486.289
485.174
487.872
486.341
489.038
486.38
482.331
486.288
485.2
484.064
501.986
486.739
485.928
487.058
486.175
483.274
481.486
484.867
484.99
480.789
486.646
476.441
484.029
491.479
487.541
480.883
487.474
497.127
502.017
496.495
486.713
484.085
476.542
476.602
475.508
473.855
476.872
478.598
479.117
475.836
469.112
476.573
478.432
475.559
474.75
476.214
478.788
476.244
502.132
497.834
482.938
480.412
483.406
485.536
484.964
487.71
488.626
485.18
482.59
485.176
482.652
482.542
483.789
485.369
483.722
485.222
497.863
482.654
484.179
486.594
499.347
488.531
485.188
486.614
483.562
488.479
480.415
477.824
472.176
477.47
475.526
479.768
477.067
472.669
471.386
475.723
470.375
481.654
476.035
475.572
476.539
475.068
475.582
477.583
474.283
480.706
