36.0628
40.8689
43.8229
46.5363
45.6986
49.8741
50.3584
50.3754
51.5688
53.1249
51.3939
49.0855
52.7036
52.1269
51.7844
52.8325
54.8534
55.5168
53.7192
55.7887
52.1234
56.3704
55.4779
49.2743
49.8345
52.3731
50.7026
53.7115
54.4103
53.2333
53.424
53.4988
51.0709
51.7289
50.9155
53.1156
51.2854
53.1993
54.3548
49.7268
51.1228
46.526
52.972
53.0305
52.3092
54.0404
54.03
51.9624
53.8474
51.4873
52.8487
51.351
53.4983
52.4653
53.4393
56.2661
55.1593
48.2449
54.9719
52.5238
51.164
52.2914
48.9206
52.6562
51.6784
54.2528
51.7575
53.713
52.7329
53.4351
54.0069
53.4697
54.162
52.6345
55.1033
54.1394
55.2116
55.6305
54.5808
54.4773
54.9334
56.0639
54.4009
55.803
53.6093
55.491
54.8537
55.6694
56.0614
55.0353
54.712
56.0324
56.162
56.7659
48.9561
53.6992
53.4452
54.9818
54.0297
56.681
