428.347
430.533
427.854
431.959
427.538
428.68
432.98
424.827
427.273
427.607
428.39
428.221
424.885
423.949
425.877
438.965
421.678
427.55
422.105
426.994
424.376
425.568
420.843
425.14
421.229
432.829
424.231
424.314
433.04
429.402
421.133
434.64
440.27
426.966
425.888
432.332
430.756
424.524
429.714
424.568
424.411
435.34
426.059
424.773
429.1
424.831
426.209
433.59
447.423
431.72
422.1
430.407
425.535
424.548
439.041
429.86
430.412
424.537
432.151
425.58
427.681
423.393
427.995
424.294
426.889
430.646
428.609
431.034
427.957
429
434.727
433.892
424.178
430.771
430.367
422.102
441.898
433.708
427.476
436.213
464.485
430.531
430.74
433.298
429.537
431.334
433.579
426.256
423.821
436.739
443.255
428.891
436.578
427.162
430.035
426.031
422.767
435.872
424.338
427.408
438.73
427.295
425.998
428.489
427.622
466.623
429.281
440.154
449.324
422.354
437.833
426.744
428.462
442.291
426.685
430.139
428.17
428.5
431.325
426.904
428.576
430.079
427.319
432.004
424.858
431.806
437.119
432.792
430.1
439.909
423.95
425.671
436.346
461.847
437.26
433.563
430.607
426.227
439.633
433.999
430.289
429.426
428.503
423.313
426.089
429.717
432.598
433.392
433.374
425.573
427.585
432.604
428.934
432.779
427.238
433.842
432.596
424.49
430.878
444.855
430.117
441.391
430.175
428.399
430.436
424.845
431.638
433.819
429.076
454.96
426.789
423.132
437.539
429.289
426.054
428.783
438.795
426.8
432.829
442.645
428.951
424.604
434.848
427.013
426.035
443.162
425.295
432.426
440.552
437.093
431.526
439.326
428.754
430.893
433.936
427.569
435.712
484.644
429.797
433.321
