142.325
138.607
140.101
138.217
139.856
142.38
145.762
138.203
138.481
139.014
139.376
143.173
139.563
145.129
139.423
139.195
138.708
138.349
140.342
138.96
147.761
148.311
140.303
138.397
141.232
138.41
142.221
139.503
139.789
138.177
139.564
138.409
139.229
138.123
140.639
140.976
145.356
137.762
145.01
139.457
138.528
138.612
138.72
139.136
147.667
138.097
138.335
143.004
143.204
137.98
144.918
137.922
143.943
137.81
147.432
137.992
152.828
147.182
139.408
138.256
142.539
138.174
138.31
139.687
145.335
139.006
138.446
145.447
138.566
140.723
138.379
138.487
149.018
144.125
138.7
139.857
141.735
141.741
138.276
140.288
139.023
141.047
138.894
142.177
137.799
138.48
148.647
139.575
147.225
138.534
137.839
148.194
138.547
139.4
153.515
138.204
142.181
141.025
141.903
138.714
