141.49
135.82
131.671
132.07
132.441
131.937
131.048
131.041
26.8396
133.184
132.001
131.618
131.026
132.204
135.685
131.619
26.8563
133.647
132.827
133.425
26.9129
27.2306
135.063
26.8533
27.4717
137.719
134.22
26.8679
27.1742
137.452
133.561
135.98
136.307
26.9641
136.544
26.9298
137.491
26.9802
136.12
137.096
134.17
26.9454
27.2968
27.2415
139.911
26.8666
136.042
26.8511
137.316
135.108
134.029
26.8309
138.854
26.8513
142.983
26.9177
137.229
26.917
139.101
26.9516
26.9092
27.2984
27.1986
27.196
27.166
27.1403
27.2097
27.2278
27.1833
27.1095
27.2016
27.2272
27.1474
143.009
26.8445
139.288
133.247
134.551
26.852
132.156
26.8102
135.677
26.8447
138.974
26.87
133.971
134.627
26.7844
131.496
26.7965
136.046
26.8559
26.802
27.1588
27.1576
27.1449
27.1073
27.3925
27.1248
27.1405
