585.362
287.286
281.808
271.752
282.934
286.348
263.169
261.551
282.294
261.92
284.821
258.696
262.069
259.254
267.196
287.182
287.806
283.532
287.431
282.158
265.44
283.016
285.27
283.668
263.732
286.99
290.789
285.786
268.78
287.353
282.809
283.718
268.59
285.176
282.996
263.386
259.035
270.119
272.746
283.349
284.236
288.857
285.937
274.808
269.457
284.906
283.321
286.116
286.599
284.49
287.582
284.412
288.054
282.922
286.247
288.719
289.415
291.794
284.186
260.424
274.114
284.976
288.235
287.15
284.959
259.561
284.86
284.704
277.049
285.541
285.064
287.404
261.54
271.54
288.857
285.433
287.546
282.259
286.606
285.469
290.316
285.357
285.992
287.65
273.647
283.557
287.471
260.512
283.934
263.23
288.014
283.48
296.795
286.663
285.892
284.866
285.934
285.647
286.53
285.201
