60.8435
43.5552
43.4902
42.8011
42.6072
42.6568
42.6734
42.7155
3.87002
4.0979
3.90801
3.87952
3.9246
3.93549
3.88904
3.90669
3.88424
3.90949
3.9158
3.89201
3.86781
3.87874
3.90119
3.90793
3.92748
3.88342
3.96742
3.89927
4.07847
3.90005
3.87522
3.91125
3.89274
3.92135
3.91367
3.87653
3.88036
3.87538
3.90185
3.88289
3.90382
3.8846
3.87085
3.87452
3.87222
3.87303
3.86128
3.89931
3.91115
3.9108
3.8873
3.92808
3.87342
3.86429
3.91115
3.91061
3.88151
3.86725
3.90632
3.88953
3.8779
3.87384
3.87975
3.91304
3.8878
4.03806
3.93129
3.89051
3.89289
3.87879
3.94614
3.91588
3.88115
3.89916
3.88883
3.91157
3.87181
3.87688
3.8803
3.87672
3.88436
3.90686
3.9085
3.91249
3.87814
3.88552
3.88558
3.92583
3.88643
3.91395
3.90097
3.90574
3.86727
3.91591
3.86881
3.86934
3.89813
3.92678
3.93376
3.87654
