712.337
695.637
697.079
696.049
694.305
695.08
693.147
697.69
696.818
696.396
694.182
695.659
693.334
697.645
695.147
694.684
702.56
700.08
694.814
696.99
694.094
696.199
692.784
706.635
694.683
703.892
699.861
709.137
702.694
696.935
696.056
697.467
694.116
696.276
694.496
695.274
694.169
698.664
701.961
704.335
694.61
695.394
693.434
695.652
693.995
697.228
694.88
695.471
694.141
696.013
695.955
698
693.142
695.946
693.912
700.498
694.596
697.429
693.122
697.833
693.832
697.981
694.99
696.611
693.408
699.644
694.072
694.226
693.634
697.051
694.059
698.241
694.469
696.364
693.863
707.226
694.133
711.116
694.061
695.171
695.323
695.96
694.134
697.454
694.067
695.203
693.231
700.42
694.007
697.294
692.546
696.206
692.754
697.674
696.034
696.843
693.984
695.841
694.943
695.698
