19.7704
20.2749
19.6905
18.9736
18.383
19.7717
20.6387
19.3952
18.5557
18.3896
18.281
19.0821
18.5324
18.0876
17.7168
17.8463
18.7612
19.0049
20.7471
19.7732
17.7382
19.7783
20.7192
20.938
19.9357
19.5
19.7995
18.6058
19.0203
22.1569
19.6302
18.8586
19.2044
20.3253
23.1722
21.2124
18.4941
18.031
19.618
18.9242
18.9531
18.2812
19.2882
19.2561
19.1079
18.6477
18.5114
19.3902
19.1399
18.9073
19.5367
18.1698
19.2891
18.0368
18.7112
20.2166
17.7447
18.9744
18.7851
18.0361
18.7078
21.4946
21.1176
19.4638
18.8092
19.2207
19.1363
18.7793
18.9873
18.6267
19.2991
20.0289
18.7979
19.3133
19.0321
19.0946
18.578
18.6963
19.5612
19.3538
20.7784
21.2559
19.757
18.5202
20.8532
20.0721
19.2214
20.1192
20.9958
19.8809
18.5173
18.5636
20.0025
19.4767
22.514
23.4478
21.3817
19.7119
20.1068
22.004
