698.998
449.997
202.399
344.894
440.249
441.71
204.846
202.365
423.914
205.302
201.762
382.638
204.165
202.899
202.997
204.306
201.482
207.842
203.769
204.121
200.103
200.332
202.532
202.755
199.249
201.062
203.822
210.762
202.052
204.758
194.261
198.727
199.304
199.295
199.284
199.629
199.926
196.369
200.333
198.366
197.286
201.405
200.355
200.952
198.102
199.65
206.247
198.115
201.337
200.223
198.745
198.437
459.126
194.509
192.867
194.113
201.508
198.333
203.18
198.715
201.275
196.549
201.43
197.58
197.329
200.464
199.421
199.307
199.463
202.13
200.581
202.723
198.347
198.183
214.339
197.896
195.592
197.771
198.026
200.226
197.471
201.667
200.617
201.87
199.117
198.501
198.824
351.533
342.458
193.381
191.07
192.784
199.231
200.597
199.661
198.837
198.255
197.143
204.642
202.09
