174.499
221.886
246.409
179.639
188.54
182.367
188.445
9.03908
8.34569
202.488
8.54255
205.33
8.89748
8.96074
8.39399
8.41597
182.021
8.45256
228.891
186.659
8.89654
8.9651
183.802
203.896
220.054
9.02579
8.70297
179.909
8.45586
8.28561
9.00151
195.84
178.477
8.3478
8.42324
8.44678
8.95871
180.831
203.752
8.93358
8.95607
185.551
8.45389
8.53494
8.32001
184.721
195.245
184.315
186.424
8.49401
8.62806
8.68175
9.05587
8.44965
8.50698
9.02336
9.22164
196.468
8.94412
217.296
8.92471
207.277
9.10959
187.842
213.544
186.397
228.273
191.833
184.239
209.175
9.05475
186.527
194.559
8.59394
189.152
182.973
9.01946
213.485
8.93506
9.01068
8.65445
8.50361
9.09513
8.31577
194.742
8.3838
8.68632
183.528
8.43056
8.79516
182.169
8.97763
8.89278
222.271
194.931
9.1011
8.88086
8.44576
9.10268
8.94503
