959.661
377.015
401.779
393.791
370.368
390.79
373.14
358.647
362.015
364.367
384.434
441.839
394.759
385.41
378.082
393.229
388.189
391.831
375.54
364.92
388.034
364.186
373.964
381.218
435.654
365.768
383.801
361.074
395.285
372.253
360.684
364.821
362.915
383.456
367.381
419.739
406.329
385.482
405.63
444.575
390.314
373.841
382.53
393.499
383.521
393.924
369.776
376.571
361.689
366.977
421.138
361.16
392.663
395.398
397.726
418.363
432.729
371.67
403.056
432.061
469.152
397.169
406.902
383.285
391.876
371.598
396.977
376.939
390.886
390.561
376.566
394.963
373.896
376.893
374.694
372.339
384.067
365.678
382.362
431.713
402.161
390.892
435.852
441.248
413.452
427.988
426.281
397.011
443.741
583.156
433.958
393.257
423.071
428.045
419.993
429.268
437.703
387.447
428.97
436.362
