768.826
251.858
266.465
207.543
208.941
290.794
208.201
212.819
212.147
278.225
206.272
211.281
207.051
208.793
208.888
207.327
207.496
206.753
212.847
209.56
207.824
260.028
217.407
214.654
222.631
230.15
219.198
206.644
207.131
208.148
207.951
207.735
206.551
208.926
208.519
213.68
207.142
206.574
206.997
214.242
209.581
208.103
211.998
208.75
218.906
207.612
208.233
210.238
211.128
213.039
207.993
207.643
208.616
206.317
209.333
207.997
212.825
209.569
212.441
277.028
205.742
207.463
207.054
207.719
207.012
210.122
210.469
207.456
210.876
209.334
212.327
210.478
209.194
205.291
207.043
207.21
208.515
206.081
206.095
208.912
209.602
210.493
208.926
207.563
215.377
209.608
215.351
215.208
211.314
209.118
210.647
208.503
208.372
210.405
206.911
207.81
207.816
210.31
209.3
210.204
