1565.53
1234.89
1229.08
1232.16
1229.29
1257.45
1251.18
1246.23
1238.67
1222.91
1262.41
1257.39
1222.88
1233.61
1222.59
1224.63
1237.06
1227.18
1230.94
1272.2
1251.43
1240.24
1255.82
1224.2
1298.78
1250.59
1233.06
1231.4
1254.04
1232.3
1229.04
1229.06
1258.73
1225.04
1228.88
1232.02
1227.47
1232.57
1228.75
1225.3
1262.57
1223.34
1228.42
1248.59
1227.13
1226.01
1259.6
1235.77
1242.71
1256.22
1225.75
1241.53
1225.74
1225.65
1240.59
1238.86
1230.36
1227.45
1225.65
1241.42
1331.19
1254.26
1266.16
1225.54
1233.22
1254.12
1231.17
1241.81
1249.33
1226.1
1342.9
1226.73
1225.65
1261.86
1228.43
1227.91
1251.06
1228.94
1242.17
1252.75
1224.94
1270.96
1233.33
1225.55
1279.43
1232.29
1227.39
1227.09
1249.29
1242.92
1228.55
1283.2
1239.03
1225.41
1228.05
1277.95
1223.91
1234.56
1223.82
1226.07
