47.4985
48.0153
46.358
47.4516
46.4804
47.2975
47.6172
46.5518
48.4039
49.0207
46.1603
47.1733
47.6266
46.3554
46.5577
46.7777
47.1015
46.3715
45.7853
48.1518
46.3813
46.6351
46.0163
47.9946
47.3087
46.8678
49.2363
47.4954
46.3236
47.6274
46.5453
45.7932
46.2614
46.8519
45.4061
46.319
46.5498
46.7708
46.2529
49.1811
50.7319
46.7932
46.1993
48.9704
47.0519
46.4089
46.9504
46.7285
47.4608
49.2902
46.9175
45.9325
46.8608
46.5406
46.5309
45.9783
47.3597
47.207
47.594
46.0267
46.2074
46.6644
46.1871
45.1728
46.5928
46.0388
50.7351
47.24
45.9014
47.0735
46.591
46.3002
45.5559
46.3385
46.8164
46.6511
46.3758
45.7996
47.3928
46.8186
46.5054
45.8582
46.0611
46.3317
46.1598
47.0047
46.9065
46.2436
47.5349
46.0149
47.0305
46.057
46.1051
46.3908
45.6499
45.2646
47.0529
45.5121
45.7545
46.451
