744.041
392.376
265.907
381.988
272.512
17.55
351.918
16.8789
291.841
260.544
336.165
18.4599
296.813
264.697
384.028
14.8292
16.8915
17.7996
382.213
266.948
14.8586
16.4448
17.6853
16.6389
25.1578
322.206
15.6682
11.0988
14.7654
17.1513
15.6119
15.2643
16.1256
276.951
23.532
15.7634
14.287
378.671
18.583
350.214
17.8674
20.0058
16.6404
11.2738
274.945
15.388
18.5339
289.542
18.1825
16.3836
16.7124
15.7442
15.7165
13.2347
16.0707
366.001
18.5113
16.6221
16.0983
15.2875
14.7561
15.5198
15.0893
22.9007
14.5042
12.4549
9.50083
20.2615
10.6462
15.0262
7.36281
15.447
11.3948
14.5865
9.99773
15.6411
14.7971
13.7615
14.996
22.3714
12.1346
17.5929
16.8424
11.9371
16.9508
7.14454
16.9051
17.1699
19.7407
17.5777
19.6013
14.2539
17.2506
423.577
17.4596
10.4859
18.4859
9.71667
20.8949
355.99
