23.0078
20.978
20.7673
21.2499
19.6744
19.5101
19.5975
20.2416
20.7684
21.6701
22.3842
20.7381
19.5355
20.3698
21.6211
20.469
20.2142
20.1151
21.4675
19.7305
19.8776
19.733
19.0887
18.9757
19.827
19.116
19.0305
19.1859
17.8604
18.8528
18.2378
18.8
19.1107
18.8109
18.411
18.9494
18.4725
18.6796
19.2862
19.4236
19.1469
18.6043
20.6144
19.2677
19.0103
19.6958
19.0023
19.1077
18.587
20.9065
20.3377
18.9818
19.7414
19.4098
19.8428
19.8012
20.1996
18.9833
19.8219
20.9358
20.0288
19.8478
20.022
26.4274
22.9822
21.0239
20.7518
20.8473
20.1781
20.3627
20.7051
20.7973
20.5727
21.2366
20.5343
20.5164
20.7713
20.4704
20.8838
20.6738
22.3983
20.0922
21.28
20.5151
20.7858
20.9146
20.83
20.5612
21.9583
21.5035
22.9821
21.2538
20.7168
20.2858
20.4748
20.7076
20.6242
21.6543
20.7125
20.5521
