206.971
75.1239
4.79248
5.01736
4.7507
4.90829
302.008
5.30794
5.15947
4.98857
4.94197
4.88207
4.8049
4.82821
4.86191
5.37115
4.90026
5.01631
5.02826
5.0796
5.04934
291.698
411.135
4.81929
4.82474
4.82768
4.79883
4.76593
4.92353
4.94508
4.88726
4.87557
5.07006
5.25873
4.92868
4.90172
5.2875
4.94209
5.87701
4.77099
4.81226
4.82929
4.87143
4.91378
4.88101
4.82109
4.78825
4.85847
4.90296
4.94137
4.91374
4.88918
6.312
4.84838
5.03999
5.12068
4.81097
4.93329
4.89273
4.9246
4.88418
4.9397
4.81403
4.84462
4.9386
4.82726
4.81622
4.90395
5.98783
5.25776
4.90876
4.79553
4.82311
4.8223
6.09052
5.0367
4.97647
5.03241
5.03957
5.10686
4.96825
4.97925
4.96125
4.96708
5.00268
132.709
4.82551
4.80667
4.8942
4.93805
4.88828
4.9498
4.93236
4.90565
4.93007
4.91419
4.78347
4.84132
4.82382
4.91213
