173.499
39.0312
39.962
38.1193
37.3482
37.5879
41.5759
38.3486
38.2813
37.333
46.4843
46.9036
37.5797
47.3161
45.9248
43.4711
44.9763
41.3157
49.8002
58.9478
41.6457
42.1628
43.231
46.3519
40.3022
48.9454
45.2582
48.6924
42.9777
44.9375
42.6263
59.2792
53.8656
40.7225
49.3977
43.9299
44.285
42.9636
37.6178
46.5457
43.8038
41.8182
41.5996
40.3046
42.5182
43.9323
48.2243
38.7647
55.5386
42.702
40.1369
37.3947
46.5806
39.1446
41.1832
37.5361
38.1352
36.9026
54.5841
42.6564
39.6383
41.5305
47.8075
44.7708
40.6824
41.5225
40.9344
38.7388
38.5208
40.8226
50.6023
39.9468
42.3064
45.0454
37.5913
37.9674
37.8662
45.5611
42.0496
41.703
41.6002
48.4299
39.4646
40.0607
40.8214
40.2097
40.1696
41.2025
37.6055
52.3108
40.17
48.7899
43.9844
60.7421
46.2074
44.8658
40.3023
49.8552
39.6657
40.9269
