12.3628
5.45016
5.20199
9.978
4.9549
9.28407
4.86886
5.15725
5.8292
9.21615
5.23172
5.24297
5.21083
5.31469
6.58077
5.18671
5.10305
5.1697
9.07951
5.43839
5.25528
4.96004
7.77914
5.20507
9.17562
5.22677
5.20704
5.24638
5.20591
5.24595
4.96043
5.18556
5.17867
9.32627
4.91897
4.94158
5.25031
5.09335
5.18705
5.2231
4.85461
5.07423
5.2285
5.11992
4.98435
5.27687
5.22415
5.17952
5.1369
5.23902
9.26915
5.38177
4.88909
5.22025
5.11948
5.20198
5.19262
5.21219
5.12794
9.24239
9.21569
5.16513
5.1603
5.21602
5.18917
5.18054
5.31393
5.1994
8.8995
5.1201
5.23891
5.13531
5.11667
5.16701
5.20325
5.23347
5.19638
5.14765
5.1781
5.11995
5.31613
9.6349
5.21286
5.22614
5.21047
5.20403
5.18693
5.25701
5.02573
5.20248
5.21478
5.27369
4.98519
5.21539
5.22336
4.98024
9.23354
9.22327
5.17303
5.16723
