573.155
116.433
115.27
115.239
115.364
115.089
117.391
114.366
114.798
115.592
115.293
115.283
115.615
118.1
116.163
115.932
117.169
117.095
115.105
116.176
115.525
116.488
119.232
115.619
115.805
117.887
116.058
114.757
116.115
115.238
115.331
117.299
115.046
114.994
117.936
115.695
115.075
116.445
115.191
114.819
116.845
118.124
115.001
121.816
115.79
115.767
117.368
115.752
116.614
118.008
115.454
115.032
116.712
117.826
114.845
115.845
116.685
116.356
118.173
114.332
114.899
116.524
115.634
114.949
116.053
116.016
114.719
118.933
114.913
114.941
117.298
114.849
115.179
118.504
115.322
114.247
116.174
114.511
114.281
114.907
114.881
114.371
116.275
114.858
115.193
115.026
114.373
114.776
115.364
114.537
116.624
115.192
116.408
114.692
116.466
114.82
114.597
114.901
114.621
114.601
