602.818
258.11
249.344
249.152
277.404
251.541
289.105
279.054
247.135
295.756
248.402
261.064
250.335
250.44
274.654
272.645
249.822
277.149
256.262
247.27
259.06
278.034
275.95
252.783
275.801
278.098
292.474
256.781
288.183
266.466
275.304
266.352
284.338
256.691
256.255
299.616
275.784
256.738
265.698
290.404
266.554
275.733
272.377
252.304
269.916
270.036
254.18
246.648
255.032
277.946
285.188
266.071
274.06
274.414
258.013
275.634
272.229
275.477
248.912
258.002
267.305
267.248
289.892
263.71
249.955
261.879
247.413
265.793
281.733
292.822
293.275
261.867
264.1
249.227
260.17
284.957
273.817
271.873
277.191
281.143
285.279
271.015
277.202
248.36
264.198
265.986
270.139
250.105
250.051
260.828
243.221
261.813
247.026
277.325
267.006
281.606
245.69
246.199
247.349
272.724
