5.746
4.95351
4.91185
5.22518
4.9951
4.97307
4.97994
4.96233
5.199
4.93803
4.95593
4.91121
4.8763
4.94031
5.02139
4.95671
4.97627
4.92266
4.98395
4.94012
4.88809
4.93366
4.96499
4.93763
4.94673
4.96005
4.92183
4.94444
4.93362
4.9433
4.93135
4.93655
5.50294
4.92672
4.93849
4.90152
5.05767
4.92648
4.90985
4.92219
4.97229
4.98373
4.88033
4.87646
4.96021
4.92203
4.96149
5.01264
4.97862
4.94861
4.95629
4.9603
4.9162
4.94374
4.8841
4.94912
4.94942
4.94275
4.94296
4.9002
4.92006
4.9388
4.97206
4.95944
4.8515
4.93325
4.90526
4.9609
4.90936
4.92458
4.97564
4.93289
4.95864
4.94385
4.88414
4.91547
4.91146
4.93455
4.91894
4.93687
4.93023
4.96736
4.94967
4.92486
4.96508
4.95774
4.93106
4.95842
4.91331
4.88432
4.95458
4.88986
4.91525
4.89701
4.95127
4.90348
4.9348
4.93466
4.94655
4.92742
