5.54675
5.12776
4.98558
5.37853
5.08884
4.97073
4.98021
4.99174
5.16321
5.01203
5.09665
5.01283
5.49362
5.00016
5.0638
5.02757
5.00945
4.98359
4.92283
5.03097
5.06969
4.97715
4.99317
5.0163
4.98899
4.98204
4.9861
4.99006
5.07564
4.96332
4.98013
5.01808
4.98847
5.00205
5.0429
4.99635
5.07199
4.98251
4.98654
4.99019
4.98723
4.98255
4.98941
5.02482
5.07048
4.99219
5.02584
5.02149
5.00913
4.98617
5.00577
4.98148
4.97917
5.16096
5.03243
4.96843
4.99117
4.99401
4.95831
4.99035
5.08713
4.98679
4.97247
4.98807
5.02202
5.01099
4.98505
4.99456
5.07104
5.02384
4.99157
4.99507
4.98529
5.0466
4.99193
5.06777
5.03084
4.98555
4.99088
4.98153
5.00431
4.98751
4.98665
5.07116
4.9933
4.98623
4.9824
5.02318
4.95506
4.98805
4.96029
5.04794
4.98103
5.04124
4.98578
4.96926
4.98482
4.96428
4.97996
5.08012
